[ 2016-05-19T17:50:34+08:00 ] 127.0.0.1 /jyflapi/index.php/Games/Games/gameList.html
INFO: [ app_begin ] --START--
INFO: Run Behavior\ReadHtmlCache [ RunTime:0.000853s ]
INFO: [ app_begin ] --END-- [ RunTime:0.001608s ]
SQL: SHOW COLUMNS FROM `ecs_games` [ RunTime:0.005035s ]
SQL: SHOW COLUMNS FROM `ecs_grade` [ RunTime:0.003037s ]
SQL: SELECT COUNT(*) AS tp_count FROM `ecs_games` LIMIT 1   [ RunTime:0.000228s ]
SQL: SELECT * FROM `ecs_games` LIMIT 0,10   [ RunTime:0.000275s ]
SQL: SELECT `grade_name` FROM `ecs_grade` WHERE ( `id` = 2 ) LIMIT 1   [ RunTime:0.000252s ]
SQL: SELECT `grade_name` FROM `ecs_grade` WHERE ( `id` = 3 ) LIMIT 1   [ RunTime:0.001036s ]
SQL: SELECT `grade_name` FROM `ecs_grade` WHERE ( `id` = 2 ) LIMIT 1   [ RunTime:0.000716s ]
SQL: SELECT `grade_name` FROM `ecs_grade` WHERE ( `id` = 4 ) LIMIT 1   [ RunTime:0.000389s ]
SQL: SELECT `grade_name` FROM `ecs_grade` WHERE ( `id` = 1 ) LIMIT 1   [ RunTime:0.000360s ]
INFO: [ view_parse ] --START--
INFO: [ template_filter ] --START--
INFO: Run Behavior\ContentReplace [ RunTime:0.000208s ]
INFO: [ template_filter ] --END-- [ RunTime:0.000559s ]
NOTIC: [8] Undefined variable: page E:\wamp\www\hy\jyfl\jyflapi\Application\Runtime\Cache\Games\43aab50a8f3b17ce4b8f4bd431d6dbd4.php 第 187 行.
INFO: Run Behavior\ParseTemplate [ RunTime:0.017601s ]
INFO: [ view_parse ] --END-- [ RunTime:0.017732s ]
INFO: [ view_filter ] --START--
INFO: Run Behavior\WriteHtmlCache [ RunTime:0.000719s ]
INFO: [ view_filter ] --END-- [ RunTime:0.000832s ]
INFO: [ app_end ] --START--
INFO: Run Behavior\ShowPageTrace [ RunTime:0.000825s ]
INFO: [ app_end ] --END-- [ RunTime:0.000943s ]

[ 2016-05-19T17:50:47+08:00 ] 127.0.0.1 /jyflapi/index.php/Games/Games/gameEdit/id/4.html
INFO: [ app_begin ] --START--
INFO: Run Behavior\ReadHtmlCache [ RunTime:0.001128s ]
INFO: [ app_begin ] --END-- [ RunTime:0.001707s ]
SQL: SHOW COLUMNS FROM `ecs_games` [ RunTime:0.006077s ]
SQL: SHOW COLUMNS FROM `ecs_grade` [ RunTime:0.005389s ]
SQL: SELECT `id`,`grade_name` FROM `ecs_grade`  [ RunTime:0.000333s ]
SQL: SELECT * FROM `ecs_games` WHERE ( `id` = 4 ) LIMIT 1   [ RunTime:0.000334s ]
INFO: [ view_parse ] --START--
INFO: [ template_filter ] --START--
INFO: Run Behavior\ContentReplace [ RunTime:0.000104s ]
INFO: [ template_filter ] --END-- [ RunTime:0.000235s ]
NOTIC: [8] Undefined variable: page E:\wamp\www\hy\jyfl\jyflapi\Application\Runtime\Cache\Games\ee014967f3e0f179ede4d86d993a978c.php 第 199 行.
INFO: Run Behavior\ParseTemplate [ RunTime:0.013009s ]
INFO: [ view_parse ] --END-- [ RunTime:0.013175s ]
INFO: [ view_filter ] --START--
INFO: Run Behavior\WriteHtmlCache [ RunTime:0.000469s ]
INFO: [ view_filter ] --END-- [ RunTime:0.000582s ]
INFO: [ app_end ] --START--
INFO: Run Behavior\ShowPageTrace [ RunTime:0.000624s ]
INFO: [ app_end ] --END-- [ RunTime:0.000738s ]

[ 2016-05-19T17:50:53+08:00 ] 127.0.0.1 /jyflapi/index.php/Games/Games/gameEdit/id/2.html
INFO: [ app_begin ] --START--
INFO: Run Behavior\ReadHtmlCache [ RunTime:0.000564s ]
INFO: [ app_begin ] --END-- [ RunTime:0.000983s ]
SQL: SHOW COLUMNS FROM `ecs_games` [ RunTime:0.002436s ]
SQL: SHOW COLUMNS FROM `ecs_grade` [ RunTime:0.002213s ]
SQL: SELECT `id`,`grade_name` FROM `ecs_grade`  [ RunTime:0.000204s ]
SQL: SELECT * FROM `ecs_games` WHERE ( `id` = 2 ) LIMIT 1   [ RunTime:0.000182s ]
INFO: [ view_parse ] --START--
INFO: [ template_filter ] --START--
INFO: Run Behavior\ContentReplace [ RunTime:0.000108s ]
INFO: [ template_filter ] --END-- [ RunTime:0.000242s ]
NOTIC: [8] Undefined variable: page E:\wamp\www\hy\jyfl\jyflapi\Application\Runtime\Cache\Games\ee014967f3e0f179ede4d86d993a978c.php 第 199 行.
INFO: Run Behavior\ParseTemplate [ RunTime:0.013638s ]
INFO: [ view_parse ] --END-- [ RunTime:0.013776s ]
INFO: [ view_filter ] --START--
INFO: Run Behavior\WriteHtmlCache [ RunTime:0.000378s ]
INFO: [ view_filter ] --END-- [ RunTime:0.000486s ]
INFO: [ app_end ] --START--
INFO: Run Behavior\ShowPageTrace [ RunTime:0.000682s ]
INFO: [ app_end ] --END-- [ RunTime:0.000795s ]

[ 2016-05-19T17:51:03+08:00 ] 127.0.0.1 /jyflapi/index.php/Games/Games/gameEdit.html
INFO: [ app_begin ] --START--
INFO: Run Behavior\ReadHtmlCache [ RunTime:0.000531s ]
INFO: [ app_begin ] --END-- [ RunTime:0.000922s ]
SQL: SHOW COLUMNS FROM `ecs_games` [ RunTime:0.006777s ]
INFO: [ view_parse ] --START--
INFO: [ template_filter ] --START--
INFO: Run Behavior\ContentReplace [ RunTime:0.000061s ]
INFO: [ template_filter ] --END-- [ RunTime:0.000194s ]
INFO: Run Behavior\ParseTemplate [ RunTime:0.014077s ]
INFO: [ view_parse ] --END-- [ RunTime:0.014227s ]
INFO: [ view_filter ] --START--
INFO: Run Behavior\WriteHtmlCache [ RunTime:0.000384s ]
INFO: [ view_filter ] --END-- [ RunTime:0.000516s ]

[ 2016-05-19T17:51:34+08:00 ] 127.0.0.1 /jyflapi/index.php/Games/Games/gameEdit.html
INFO: [ app_begin ] --START--
INFO: Run Behavior\ReadHtmlCache [ RunTime:0.000535s ]
INFO: [ app_begin ] --END-- [ RunTime:0.000976s ]
SQL: SHOW COLUMNS FROM `ecs_games` [ RunTime:0.005592s ]
NOTIC: [2] call_user_func() expects parameter 1 to be a valid callback, no array or string given E:\wamp\www\hy\jyfl\jyflapi\ThinkPHP\Library\Think\Upload.class.php 第 167 行.
SQL: UPDATE `ecs_games` SET `game_name`='玩游戏',`value`=20,`grade_id`=3,`rules`=' 这就是游戏',`create_time`='2016-05-19 17:51:34',`thumbnail`='573d8ca6234bc.jpg' WHERE ( `id` = 2 ) [ RunTime:0.105696s ]

[ 2016-05-19T17:51:34+08:00 ] 127.0.0.1 /jyflapi/index.php/Games/Games/gameList.html
INFO: [ app_begin ] --START--
INFO: Run Behavior\ReadHtmlCache [ RunTime:0.000901s ]
INFO: [ app_begin ] --END-- [ RunTime:0.001564s ]
SQL: SHOW COLUMNS FROM `ecs_games` [ RunTime:0.002265s ]
SQL: SHOW COLUMNS FROM `ecs_grade` [ RunTime:0.002343s ]
SQL: SELECT COUNT(*) AS tp_count FROM `ecs_games` LIMIT 1   [ RunTime:0.000259s ]
SQL: SELECT * FROM `ecs_games` LIMIT 0,10   [ RunTime:0.000213s ]
SQL: SELECT `grade_name` FROM `ecs_grade` WHERE ( `id` = 2 ) LIMIT 1   [ RunTime:0.000151s ]
SQL: SELECT `grade_name` FROM `ecs_grade` WHERE ( `id` = 3 ) LIMIT 1   [ RunTime:0.000133s ]
SQL: SELECT `grade_name` FROM `ecs_grade` WHERE ( `id` = 2 ) LIMIT 1   [ RunTime:0.000131s ]
SQL: SELECT `grade_name` FROM `ecs_grade` WHERE ( `id` = 4 ) LIMIT 1   [ RunTime:0.000131s ]
SQL: SELECT `grade_name` FROM `ecs_grade` WHERE ( `id` = 1 ) LIMIT 1   [ RunTime:0.000122s ]
INFO: [ view_parse ] --START--
INFO: [ template_filter ] --START--
INFO: Run Behavior\ContentReplace [ RunTime:0.000106s ]
INFO: [ template_filter ] --END-- [ RunTime:0.000246s ]
NOTIC: [8] Undefined variable: page E:\wamp\www\hy\jyfl\jyflapi\Application\Runtime\Cache\Games\43aab50a8f3b17ce4b8f4bd431d6dbd4.php 第 187 行.
INFO: Run Behavior\ParseTemplate [ RunTime:0.014177s ]
INFO: [ view_parse ] --END-- [ RunTime:0.014312s ]
INFO: [ view_filter ] --START--
INFO: Run Behavior\WriteHtmlCache [ RunTime:0.000431s ]
INFO: [ view_filter ] --END-- [ RunTime:0.000546s ]
INFO: [ app_end ] --START--
INFO: Run Behavior\ShowPageTrace [ RunTime:0.000600s ]
INFO: [ app_end ] --END-- [ RunTime:0.000733s ]

[ 2016-05-19T17:51:37+08:00 ] 127.0.0.1 /jyflapi/index.php/Games/Games/gameEdit/id/2.html
INFO: [ app_begin ] --START--
INFO: Run Behavior\ReadHtmlCache [ RunTime:0.000682s ]
INFO: [ app_begin ] --END-- [ RunTime:0.001574s ]
SQL: SHOW COLUMNS FROM `ecs_games` [ RunTime:0.002389s ]
SQL: SHOW COLUMNS FROM `ecs_grade` [ RunTime:0.003523s ]
SQL: SELECT `id`,`grade_name` FROM `ecs_grade`  [ RunTime:0.000793s ]
SQL: SELECT * FROM `ecs_games` WHERE ( `id` = 2 ) LIMIT 1   [ RunTime:0.000397s ]
INFO: [ view_parse ] --START--
INFO: [ template_filter ] --START--
INFO: Run Behavior\ContentReplace [ RunTime:0.000135s ]
INFO: [ template_filter ] --END-- [ RunTime:0.000445s ]
NOTIC: [8] Undefined variable: page E:\wamp\www\hy\jyfl\jyflapi\Application\Runtime\Cache\Games\ee014967f3e0f179ede4d86d993a978c.php 第 199 行.
INFO: Run Behavior\ParseTemplate [ RunTime:0.014737s ]
INFO: [ view_parse ] --END-- [ RunTime:0.015116s ]
INFO: [ view_filter ] --START--
INFO: Run Behavior\WriteHtmlCache [ RunTime:0.000647s ]
INFO: [ view_filter ] --END-- [ RunTime:0.000834s ]
INFO: [ app_end ] --START--
INFO: Run Behavior\ShowPageTrace [ RunTime:0.000937s ]
INFO: [ app_end ] --END-- [ RunTime:0.001102s ]

[ 2016-05-19T17:51:40+08:00 ] 127.0.0.1 /jyflapi/index.php/Games/Games/gameEdit/id/3.html
INFO: [ app_begin ] --START--
INFO: Run Behavior\ReadHtmlCache [ RunTime:0.000751s ]
INFO: [ app_begin ] --END-- [ RunTime:0.001367s ]
SQL: SHOW COLUMNS FROM `ecs_games` [ RunTime:0.002489s ]
SQL: SHOW COLUMNS FROM `ecs_grade` [ RunTime:0.002172s ]
SQL: SELECT `id`,`grade_name` FROM `ecs_grade`  [ RunTime:0.001908s ]
SQL: SELECT * FROM `ecs_games` WHERE ( `id` = 3 ) LIMIT 1   [ RunTime:0.000427s ]
INFO: [ view_parse ] --START--
INFO: [ template_filter ] --START--
INFO: Run Behavior\ContentReplace [ RunTime:0.000175s ]
INFO: [ template_filter ] --END-- [ RunTime:0.000445s ]
NOTIC: [8] Undefined variable: page E:\wamp\www\hy\jyfl\jyflapi\Application\Runtime\Cache\Games\ee014967f3e0f179ede4d86d993a978c.php 第 199 行.
INFO: Run Behavior\ParseTemplate [ RunTime:0.015975s ]
INFO: [ view_parse ] --END-- [ RunTime:0.016295s ]
INFO: [ view_filter ] --START--
INFO: Run Behavior\WriteHtmlCache [ RunTime:0.000363s ]
INFO: [ view_filter ] --END-- [ RunTime:0.000474s ]
INFO: [ app_end ] --START--
INFO: Run Behavior\ShowPageTrace [ RunTime:0.000620s ]
INFO: [ app_end ] --END-- [ RunTime:0.000735s ]

[ 2016-05-19T17:51:48+08:00 ] 127.0.0.1 /jyflapi/index.php/Games/Games/gameEdit.html
INFO: [ app_begin ] --START--
INFO: Run Behavior\ReadHtmlCache [ RunTime:0.000681s ]
INFO: [ app_begin ] --END-- [ RunTime:0.001569s ]
SQL: SHOW COLUMNS FROM `ecs_games` [ RunTime:0.004584s ]
NOTIC: [2] call_user_func() expects parameter 1 to be a valid callback, no array or string given E:\wamp\www\hy\jyfl\jyflapi\ThinkPHP\Library\Think\Upload.class.php 第 167 行.
SQL: UPDATE `ecs_games` SET `game_name`='在',`value`=1111,`grade_id`=2,`rules`=' 123',`create_time`='2016-05-19 17:51:48',`thumbnail`='573d8cb4b0348.jpg' WHERE ( `id` = 3 ) [ RunTime:0.063621s ]

[ 2016-05-19T17:51:48+08:00 ] 127.0.0.1 /jyflapi/index.php/Games/Games/gameList.html
INFO: [ app_begin ] --START--
INFO: Run Behavior\ReadHtmlCache [ RunTime:0.000586s ]
INFO: [ app_begin ] --END-- [ RunTime:0.001172s ]
SQL: SHOW COLUMNS FROM `ecs_games` [ RunTime:0.002388s ]
SQL: SHOW COLUMNS FROM `ecs_grade` [ RunTime:0.002296s ]
SQL: SELECT COUNT(*) AS tp_count FROM `ecs_games` LIMIT 1   [ RunTime:0.000546s ]
SQL: SELECT * FROM `ecs_games` LIMIT 0,10   [ RunTime:0.000217s ]
SQL: SELECT `grade_name` FROM `ecs_grade` WHERE ( `id` = 2 ) LIMIT 1   [ RunTime:0.000127s ]
SQL: SELECT `grade_name` FROM `ecs_grade` WHERE ( `id` = 3 ) LIMIT 1   [ RunTime:0.000119s ]
SQL: SELECT `grade_name` FROM `ecs_grade` WHERE ( `id` = 2 ) LIMIT 1   [ RunTime:0.000104s ]
SQL: SELECT `grade_name` FROM `ecs_grade` WHERE ( `id` = 4 ) LIMIT 1   [ RunTime:0.000104s ]
SQL: SELECT `grade_name` FROM `ecs_grade` WHERE ( `id` = 1 ) LIMIT 1   [ RunTime:0.000096s ]
INFO: [ view_parse ] --START--
INFO: [ template_filter ] --START--
INFO: Run Behavior\ContentReplace [ RunTime:0.000098s ]
INFO: [ template_filter ] --END-- [ RunTime:0.000228s ]
NOTIC: [8] Undefined variable: page E:\wamp\www\hy\jyfl\jyflapi\Application\Runtime\Cache\Games\43aab50a8f3b17ce4b8f4bd431d6dbd4.php 第 187 行.
INFO: Run Behavior\ParseTemplate [ RunTime:0.014477s ]
INFO: [ view_parse ] --END-- [ RunTime:0.014608s ]
INFO: [ view_filter ] --START--
INFO: Run Behavior\WriteHtmlCache [ RunTime:0.000645s ]
INFO: [ view_filter ] --END-- [ RunTime:0.000854s ]
INFO: [ app_end ] --START--
INFO: Run Behavior\ShowPageTrace [ RunTime:0.000876s ]
INFO: [ app_end ] --END-- [ RunTime:0.001000s ]

[ 2016-05-19T17:51:51+08:00 ] 127.0.0.1 /jyflapi/index.php/Games/Games/gameEdit/id/3.html
INFO: [ app_begin ] --START--
INFO: Run Behavior\ReadHtmlCache [ RunTime:0.000553s ]
INFO: [ app_begin ] --END-- [ RunTime:0.000987s ]
SQL: SHOW COLUMNS FROM `ecs_games` [ RunTime:0.002970s ]
SQL: SHOW COLUMNS FROM `ecs_grade` [ RunTime:0.002080s ]
SQL: SELECT `id`,`grade_name` FROM `ecs_grade`  [ RunTime:0.000198s ]
SQL: SELECT * FROM `ecs_games` WHERE ( `id` = 3 ) LIMIT 1   [ RunTime:0.000163s ]
INFO: [ view_parse ] --START--
INFO: [ template_filter ] --START--
INFO: Run Behavior\ContentReplace [ RunTime:0.000135s ]
INFO: [ template_filter ] --END-- [ RunTime:0.000297s ]
NOTIC: [8] Undefined variable: page E:\wamp\www\hy\jyfl\jyflapi\Application\Runtime\Cache\Games\ee014967f3e0f179ede4d86d993a978c.php 第 199 行.
INFO: Run Behavior\ParseTemplate [ RunTime:0.012631s ]
INFO: [ view_parse ] --END-- [ RunTime:0.012775s ]
INFO: [ view_filter ] --START--
INFO: Run Behavior\WriteHtmlCache [ RunTime:0.000358s ]
INFO: [ view_filter ] --END-- [ RunTime:0.000468s ]
INFO: [ app_end ] --START--
INFO: Run Behavior\ShowPageTrace [ RunTime:0.000600s ]
INFO: [ app_end ] --END-- [ RunTime:0.000716s ]

[ 2016-05-19T17:52:07+08:00 ] 127.0.0.1 /jyflapi/index.php/Games/Grade/gradeList.html
INFO: [ app_begin ] --START--
INFO: Run Behavior\ReadHtmlCache [ RunTime:0.000660s ]
INFO: [ app_begin ] --END-- [ RunTime:0.001105s ]
SQL: SHOW COLUMNS FROM `ecs_grade` [ RunTime:0.006472s ]
SQL: SELECT COUNT(*) AS tp_count FROM `ecs_grade` LIMIT 1   [ RunTime:0.000269s ]
SQL: SELECT * FROM `ecs_grade` LIMIT 0,10   [ RunTime:0.010495s ]
INFO: [ view_parse ] --START--
INFO: [ template_filter ] --START--
INFO: Run Behavior\ContentReplace [ RunTime:0.000180s ]
INFO: [ template_filter ] --END-- [ RunTime:0.000550s ]
NOTIC: [8] Undefined variable: page E:\wamp\www\hy\jyfl\jyflapi\Application\Runtime\Cache\Games\259b2a3d5976faeaad949abf9238cea4.php 第 183 行.
INFO: Run Behavior\ParseTemplate [ RunTime:0.018638s ]
INFO: [ view_parse ] --END-- [ RunTime:0.018836s ]
INFO: [ view_filter ] --START--
INFO: Run Behavior\WriteHtmlCache [ RunTime:0.000476s ]
INFO: [ view_filter ] --END-- [ RunTime:0.000592s ]
INFO: [ app_end ] --START--
INFO: Run Behavior\ShowPageTrace [ RunTime:0.000645s ]
INFO: [ app_end ] --END-- [ RunTime:0.000763s ]

[ 2016-05-19T17:52:11+08:00 ] 127.0.0.1 /jyflapi/index.php/Games/Company/companyList.html
INFO: [ app_begin ] --START--
INFO: Run Behavior\ReadHtmlCache [ RunTime:0.000969s ]
INFO: [ app_begin ] --END-- [ RunTime:0.001774s ]
SQL: SHOW COLUMNS FROM `ecs_company` [ RunTime:0.002494s ]
SQL: SHOW COLUMNS FROM `ecs_grade` [ RunTime:0.006801s ]
SQL: SELECT COUNT(*) AS tp_count FROM `ecs_company` LIMIT 1   [ RunTime:0.000858s ]
SQL: SELECT * FROM `ecs_company` ORDER BY id desc LIMIT 0,10   [ RunTime:0.000323s ]
SQL: SELECT `grade_name` FROM `ecs_grade` WHERE ( `id` = 2 ) LIMIT 1   [ RunTime:0.000148s ]
SQL: SELECT `grade_name` FROM `ecs_grade` WHERE ( `id` = 1 ) LIMIT 1   [ RunTime:0.000103s ]
INFO: [ view_parse ] --START--
INFO: [ template_filter ] --START--
INFO: Run Behavior\ContentReplace [ RunTime:0.000145s ]
INFO: [ template_filter ] --END-- [ RunTime:0.000374s ]
NOTIC: [8] Undefined variable: page E:\wamp\www\hy\jyfl\jyflapi\Application\Runtime\Cache\Games\9afdd57afedb2bfb7fb7727e85dd1522.php 第 185 行.
INFO: Run Behavior\ParseTemplate [ RunTime:0.017237s ]
INFO: [ view_parse ] --END-- [ RunTime:0.017365s ]
INFO: [ view_filter ] --START--
INFO: Run Behavior\WriteHtmlCache [ RunTime:0.000450s ]
INFO: [ view_filter ] --END-- [ RunTime:0.000584s ]
INFO: [ app_end ] --START--
INFO: Run Behavior\ShowPageTrace [ RunTime:0.003205s ]
INFO: [ app_end ] --END-- [ RunTime:0.003446s ]

[ 2016-05-19T17:52:15+08:00 ] 127.0.0.1 /jyflapi/index.php/Games/Grade/gradeList.html
INFO: [ app_begin ] --START--
INFO: Run Behavior\ReadHtmlCache [ RunTime:0.000577s ]
INFO: [ app_begin ] --END-- [ RunTime:0.001092s ]
SQL: SHOW COLUMNS FROM `ecs_grade` [ RunTime:0.005137s ]
SQL: SELECT COUNT(*) AS tp_count FROM `ecs_grade` LIMIT 1   [ RunTime:0.000266s ]
SQL: SELECT * FROM `ecs_grade` LIMIT 0,10   [ RunTime:0.000797s ]
INFO: [ view_parse ] --START--
INFO: [ template_filter ] --START--
INFO: Run Behavior\ContentReplace [ RunTime:0.000102s ]
INFO: [ template_filter ] --END-- [ RunTime:0.000257s ]
NOTIC: [8] Undefined variable: page E:\wamp\www\hy\jyfl\jyflapi\Application\Runtime\Cache\Games\259b2a3d5976faeaad949abf9238cea4.php 第 183 行.
INFO: Run Behavior\ParseTemplate [ RunTime:0.023522s ]
INFO: [ view_parse ] --END-- [ RunTime:0.023835s ]
INFO: [ view_filter ] --START--
INFO: Run Behavior\WriteHtmlCache [ RunTime:0.000560s ]
INFO: [ view_filter ] --END-- [ RunTime:0.000738s ]
INFO: [ app_end ] --START--
INFO: Run Behavior\ShowPageTrace [ RunTime:0.001096s ]
INFO: [ app_end ] --END-- [ RunTime:0.001276s ]

[ 2016-05-19T17:52:17+08:00 ] 127.0.0.1 /jyflapi/index.php/Games/Company/companyList.html
INFO: [ app_begin ] --START--
INFO: Run Behavior\ReadHtmlCache [ RunTime:0.001445s ]
INFO: [ app_begin ] --END-- [ RunTime:0.002529s ]
SQL: SHOW COLUMNS FROM `ecs_company` [ RunTime:0.002326s ]
SQL: SHOW COLUMNS FROM `ecs_grade` [ RunTime:0.007307s ]
SQL: SELECT COUNT(*) AS tp_count FROM `ecs_company` LIMIT 1   [ RunTime:0.001277s ]
SQL: SELECT * FROM `ecs_company` ORDER BY id desc LIMIT 0,10   [ RunTime:0.000886s ]
SQL: SELECT `grade_name` FROM `ecs_grade` WHERE ( `id` = 2 ) LIMIT 1   [ RunTime:0.000255s ]
SQL: SELECT `grade_name` FROM `ecs_grade` WHERE ( `id` = 1 ) LIMIT 1   [ RunTime:0.000268s ]
INFO: [ view_parse ] --START--
INFO: [ template_filter ] --START--
INFO: Run Behavior\ContentReplace [ RunTime:0.000141s ]
INFO: [ template_filter ] --END-- [ RunTime:0.000548s ]
NOTIC: [8] Undefined variable: page E:\wamp\www\hy\jyfl\jyflapi\Application\Runtime\Cache\Games\9afdd57afedb2bfb7fb7727e85dd1522.php 第 185 行.
INFO: Run Behavior\ParseTemplate [ RunTime:0.025540s ]
INFO: [ view_parse ] --END-- [ RunTime:0.025899s ]
INFO: [ view_filter ] --START--
INFO: Run Behavior\WriteHtmlCache [ RunTime:0.001360s ]
INFO: [ view_filter ] --END-- [ RunTime:0.001744s ]
INFO: [ app_end ] --START--
INFO: Run Behavior\ShowPageTrace [ RunTime:0.001597s ]
INFO: [ app_end ] --END-- [ RunTime:0.002837s ]

[ 2016-05-19T17:52:21+08:00 ] 127.0.0.1 /jyflapi/index.php/Games/Games/gameList.html
INFO: [ app_begin ] --START--
INFO: Run Behavior\ReadHtmlCache [ RunTime:0.000560s ]
INFO: [ app_begin ] --END-- [ RunTime:0.001056s ]
SQL: SHOW COLUMNS FROM `ecs_games` [ RunTime:0.005930s ]
SQL: SHOW COLUMNS FROM `ecs_grade` [ RunTime:0.006316s ]
SQL: SELECT COUNT(*) AS tp_count FROM `ecs_games` LIMIT 1   [ RunTime:0.000246s ]
SQL: SELECT * FROM `ecs_games` LIMIT 0,10   [ RunTime:0.000375s ]
SQL: SELECT `grade_name` FROM `ecs_grade` WHERE ( `id` = 2 ) LIMIT 1   [ RunTime:0.000188s ]
SQL: SELECT `grade_name` FROM `ecs_grade` WHERE ( `id` = 3 ) LIMIT 1   [ RunTime:0.000130s ]
SQL: SELECT `grade_name` FROM `ecs_grade` WHERE ( `id` = 2 ) LIMIT 1   [ RunTime:0.000115s ]
SQL: SELECT `grade_name` FROM `ecs_grade` WHERE ( `id` = 4 ) LIMIT 1   [ RunTime:0.000120s ]
SQL: SELECT `grade_name` FROM `ecs_grade` WHERE ( `id` = 1 ) LIMIT 1   [ RunTime:0.000159s ]
INFO: [ view_parse ] --START--
INFO: [ template_filter ] --START--
INFO: Run Behavior\ContentReplace [ RunTime:0.000109s ]
INFO: [ template_filter ] --END-- [ RunTime:0.000264s ]
NOTIC: [8] Undefined variable: page E:\wamp\www\hy\jyfl\jyflapi\Application\Runtime\Cache\Games\43aab50a8f3b17ce4b8f4bd431d6dbd4.php 第 187 行.
INFO: Run Behavior\ParseTemplate [ RunTime:0.040351s ]
INFO: [ view_parse ] --END-- [ RunTime:0.040519s ]
INFO: [ view_filter ] --START--
INFO: Run Behavior\WriteHtmlCache [ RunTime:0.001006s ]
INFO: [ view_filter ] --END-- [ RunTime:0.001133s ]
INFO: [ app_end ] --START--
INFO: Run Behavior\ShowPageTrace [ RunTime:0.001584s ]
INFO: [ app_end ] --END-- [ RunTime:0.001858s ]

[ 2016-05-19T17:52:25+08:00 ] 127.0.0.1 /jyflapi/index.php/Games/Grade/gradeList.html
INFO: [ app_begin ] --START--
INFO: Run Behavior\ReadHtmlCache [ RunTime:0.000551s ]
INFO: [ app_begin ] --END-- [ RunTime:0.000976s ]
SQL: SHOW COLUMNS FROM `ecs_grade` [ RunTime:0.002671s ]
SQL: SELECT COUNT(*) AS tp_count FROM `ecs_grade` LIMIT 1   [ RunTime:0.000409s ]
SQL: SELECT * FROM `ecs_grade` LIMIT 0,10   [ RunTime:0.000339s ]
INFO: [ view_parse ] --START--
INFO: [ template_filter ] --START--
INFO: Run Behavior\ContentReplace [ RunTime:0.000135s ]
INFO: [ template_filter ] --END-- [ RunTime:0.000378s ]
NOTIC: [8] Undefined variable: page E:\wamp\www\hy\jyfl\jyflapi\Application\Runtime\Cache\Games\259b2a3d5976faeaad949abf9238cea4.php 第 183 行.
INFO: Run Behavior\ParseTemplate [ RunTime:0.030617s ]
INFO: [ view_parse ] --END-- [ RunTime:0.030908s ]
INFO: [ view_filter ] --START--
INFO: Run Behavior\WriteHtmlCache [ RunTime:0.000370s ]
INFO: [ view_filter ] --END-- [ RunTime:0.000482s ]
INFO: [ app_end ] --START--
INFO: Run Behavior\ShowPageTrace [ RunTime:0.002765s ]
INFO: [ app_end ] --END-- [ RunTime:0.002917s ]

