[ 2016-06-07T09:11:11+08:00 ] 127.0.0.1 /jyflapi/index.php/Games/GamesApi/gameList
INFO: [ app_begin ] --START--
INFO: Run Behavior\ReadHtmlCache [ RunTime:0.003799s ]
INFO: [ app_begin ] --END-- [ RunTime:0.005903s ]
SQL: SHOW COLUMNS FROM `ecs_games` [ RunTime:0.006356s ]
SQL: SHOW COLUMNS FROM `ecs_company` [ RunTime:0.005707s ]
SQL: SHOW COLUMNS FROM `ecs_users` [ RunTime:0.007310s ]
SQL: SHOW COLUMNS FROM `ecs_grade` [ RunTime:0.005745s ]
SQL: SHOW COLUMNS FROM `ecs_participation` [ RunTime:0.007306s ]
SQL: SELECT `company_id` FROM `ecs_users` WHERE ( `user_id` = 1 ) LIMIT 1   [ RunTime:0.004868s ]
SQL: SELECT * FROM `ecs_company` WHERE ( `card_company_id` = 1509010002 ) LIMIT 1   [ RunTime:0.005223s ]
SQL: SELECT `grade_name` FROM `ecs_grade` WHERE ( `id` = 2 ) LIMIT 1   [ RunTime:0.005217s ]
SQL: SELECT * FROM `ecs_games` WHERE ( `grade_id` = 1 ) AND ( `status` = 1 ) ORDER BY create_time DESC LIMIT 2   [ RunTime:0.004341s ]
SQL: SELECT * FROM `ecs_games` WHERE ( `grade_id` = 2 ) AND ( `status` = 1 ) ORDER BY create_time DESC LIMIT 5   [ RunTime:0.004712s ]
SQL: SELECT COUNT(*) AS tp_count FROM `ecs_participation` WHERE ( `game_id` = 36 ) LIMIT 1   [ RunTime:0.005013s ]
SQL: SELECT COUNT(*) AS tp_count FROM `ecs_participation` WHERE ( `game_id` = 34 ) LIMIT 1   [ RunTime:0.005001s ]
SQL: SELECT COUNT(*) AS tp_count FROM `ecs_participation` WHERE ( `company_id` = 1509010002 ) AND ( `game_id` = 30 ) LIMIT 1   [ RunTime:0.004362s ]
SQL: SELECT COUNT(*) AS tp_count FROM `ecs_participation` WHERE ( `company_id` = 1509010002 ) AND ( `game_id` = 29 ) LIMIT 1   [ RunTime:0.005057s ]
SQL: SELECT COUNT(*) AS tp_count FROM `ecs_participation` WHERE ( `company_id` = 1509010002 ) AND ( `game_id` = 28 ) LIMIT 1   [ RunTime:0.004295s ]

[ 2016-06-07T09:12:10+08:00 ] 127.0.0.1 /jyflapi/index.php/Games/GamesApi/gameList
INFO: [ app_begin ] --START--
INFO: Run Behavior\ReadHtmlCache [ RunTime:0.000531s ]
INFO: [ app_begin ] --END-- [ RunTime:0.000961s ]
SQL: SHOW COLUMNS FROM `ecs_games` [ RunTime:0.007516s ]
SQL: SHOW COLUMNS FROM `ecs_company` [ RunTime:0.006958s ]
SQL: SHOW COLUMNS FROM `ecs_users` [ RunTime:0.007630s ]
SQL: SHOW COLUMNS FROM `ecs_grade` [ RunTime:0.005832s ]
SQL: SHOW COLUMNS FROM `ecs_participation` [ RunTime:0.005700s ]
SQL: SELECT `company_id` FROM `ecs_users` WHERE ( `user_id` = 1 ) LIMIT 1   [ RunTime:0.003840s ]
SQL: SELECT * FROM `ecs_company` WHERE ( `card_company_id` = 1509010002 ) LIMIT 1   [ RunTime:0.005939s ]
SQL: SELECT `grade_name` FROM `ecs_grade` WHERE ( `id` = 2 ) LIMIT 1   [ RunTime:0.003561s ]
SQL: SELECT * FROM `ecs_games` WHERE ( `grade_id` = 1 ) AND ( `status` = 1 ) ORDER BY create_time DESC LIMIT 2   [ RunTime:0.004113s ]
SQL: SELECT * FROM `ecs_games` WHERE ( `grade_id` = 2 ) AND ( `status` = 1 ) ORDER BY create_time DESC LIMIT 5   [ RunTime:0.004522s ]
SQL: SELECT COUNT(*) AS tp_count FROM `ecs_participation` WHERE ( `game_id` = 36 ) LIMIT 1   [ RunTime:0.004021s ]
SQL: SELECT COUNT(*) AS tp_count FROM `ecs_participation` WHERE ( `game_id` = 34 ) LIMIT 1   [ RunTime:0.004214s ]
SQL: SELECT COUNT(*) AS tp_count FROM `ecs_participation` WHERE ( `company_id` = 1509010002 ) AND ( `game_id` = 30 ) LIMIT 1   [ RunTime:0.005249s ]
SQL: SELECT COUNT(*) AS tp_count FROM `ecs_participation` WHERE ( `company_id` = 1509010002 ) AND ( `game_id` = 29 ) LIMIT 1   [ RunTime:0.003608s ]
SQL: SELECT COUNT(*) AS tp_count FROM `ecs_participation` WHERE ( `company_id` = 1509010002 ) AND ( `game_id` = 28 ) LIMIT 1   [ RunTime:0.004252s ]

[ 2016-06-07T09:12:50+08:00 ] 127.0.0.1 /jyflapi/index.php/Games/GamesApi/gameList
INFO: [ app_begin ] --START--
INFO: Run Behavior\ReadHtmlCache [ RunTime:0.000490s ]
INFO: [ app_begin ] --END-- [ RunTime:0.000881s ]
SQL: SHOW COLUMNS FROM `ecs_games` [ RunTime:0.008647s ]
SQL: SHOW COLUMNS FROM `ecs_company` [ RunTime:0.008373s ]
SQL: SHOW COLUMNS FROM `ecs_users` [ RunTime:0.011082s ]
SQL: SHOW COLUMNS FROM `ecs_grade` [ RunTime:0.005760s ]
SQL: SHOW COLUMNS FROM `ecs_participation` [ RunTime:0.005712s ]
SQL: SELECT `company_id` FROM `ecs_users` WHERE ( `user_id` = 1 ) LIMIT 1   [ RunTime:0.003833s ]
SQL: SELECT * FROM `ecs_company` WHERE ( `card_company_id` = 1509010002 ) LIMIT 1   [ RunTime:0.004464s ]
SQL: SELECT `grade_name` FROM `ecs_grade` WHERE ( `id` = 2 ) LIMIT 1   [ RunTime:0.005102s ]
SQL: SELECT * FROM `ecs_games` WHERE ( `grade_id` = 1 ) AND ( `status` = 1 ) ORDER BY create_time DESC LIMIT 2   [ RunTime:0.004287s ]
SQL: SELECT * FROM `ecs_games` WHERE ( `grade_id` = 2 ) AND ( `status` = 1 ) ORDER BY create_time DESC LIMIT 5   [ RunTime:0.004560s ]
SQL: SELECT COUNT(*) AS tp_count FROM `ecs_participation` WHERE ( `game_id` = 36 ) LIMIT 1   [ RunTime:0.003829s ]
SQL: SELECT COUNT(*) AS tp_count FROM `ecs_participation` WHERE ( `game_id` = 34 ) LIMIT 1   [ RunTime:0.003921s ]
SQL: SELECT COUNT(*) AS tp_count FROM `ecs_participation` WHERE ( `company_id` = 1509010002 ) AND ( `game_id` = 30 ) LIMIT 1   [ RunTime:0.004482s ]
SQL: SELECT COUNT(*) AS tp_count FROM `ecs_participation` WHERE ( `company_id` = 1509010002 ) AND ( `game_id` = 29 ) LIMIT 1   [ RunTime:0.004433s ]
SQL: SELECT COUNT(*) AS tp_count FROM `ecs_participation` WHERE ( `company_id` = 1509010002 ) AND ( `game_id` = 28 ) LIMIT 1   [ RunTime:0.004481s ]

[ 2016-06-07T09:34:27+08:00 ] 127.0.0.1 /jyflapi/index.php/Games/GamesApi/gameList
INFO: [ app_begin ] --START--
INFO: Run Behavior\ReadHtmlCache [ RunTime:0.000582s ]
INFO: [ app_begin ] --END-- [ RunTime:0.001038s ]
SQL: SHOW COLUMNS FROM `ecs_games` [ RunTime:0.006568s ]
SQL: SHOW COLUMNS FROM `ecs_company` [ RunTime:0.006579s ]
SQL: SHOW COLUMNS FROM `ecs_users` [ RunTime:0.007659s ]
SQL: SHOW COLUMNS FROM `ecs_grade` [ RunTime:0.006929s ]
SQL: SHOW COLUMNS FROM `ecs_participation` [ RunTime:0.006423s ]
SQL: SELECT `company_id` FROM `ecs_users` WHERE ( `user_id` = 1 ) LIMIT 1   [ RunTime:0.003884s ]
SQL: SELECT * FROM `ecs_company` WHERE ( `card_company_id` = 1509010002 ) LIMIT 1   [ RunTime:0.004406s ]
SQL: SELECT `grade_name` FROM `ecs_grade` WHERE ( `id` = 2 ) LIMIT 1   [ RunTime:0.005474s ]
SQL: SELECT * FROM `ecs_games` WHERE ( `grade_id` = 1 ) AND ( `status` = 1 ) ORDER BY create_time DESC LIMIT 2   [ RunTime:0.004965s ]
SQL: SELECT * FROM `ecs_games` WHERE ( `grade_id` = 2 ) AND ( `status` = 1 ) ORDER BY create_time DESC LIMIT 5   [ RunTime:0.004992s ]
SQL: SELECT COUNT(*) AS tp_count FROM `ecs_participation` WHERE ( `game_id` = 36 ) LIMIT 1   [ RunTime:0.003950s ]
SQL: SELECT COUNT(*) AS tp_count FROM `ecs_participation` WHERE ( `game_id` = 34 ) LIMIT 1   [ RunTime:0.004380s ]
SQL: SELECT COUNT(*) AS tp_count FROM `ecs_participation` WHERE ( `company_id` = 1509010002 ) AND ( `game_id` = 30 ) LIMIT 1   [ RunTime:0.004164s ]
SQL: SELECT COUNT(*) AS tp_count FROM `ecs_participation` WHERE ( `company_id` = 1509010002 ) AND ( `game_id` = 29 ) LIMIT 1   [ RunTime:0.003903s ]
SQL: SELECT COUNT(*) AS tp_count FROM `ecs_participation` WHERE ( `company_id` = 1509010002 ) AND ( `game_id` = 28 ) LIMIT 1   [ RunTime:0.003886s ]

[ 2016-06-07T10:26:18+08:00 ] 127.0.0.1 /jyflapi/index.php/Games/GamesApi/gameList
INFO: [ app_begin ] --START--
INFO: Run Behavior\ReadHtmlCache [ RunTime:0.000527s ]
INFO: [ app_begin ] --END-- [ RunTime:0.000926s ]
SQL: SHOW COLUMNS FROM `ecs_games` [ RunTime:0.006196s ]
SQL: SHOW COLUMNS FROM `ecs_company` [ RunTime:0.005430s ]
SQL: SHOW COLUMNS FROM `ecs_users` [ RunTime:0.008039s ]
SQL: SHOW COLUMNS FROM `ecs_grade` [ RunTime:0.005442s ]
SQL: SHOW COLUMNS FROM `ecs_participation` [ RunTime:0.005798s ]
SQL: SELECT `company_id` FROM `ecs_users` WHERE ( `user_id` = 1 ) LIMIT 1   [ RunTime:0.004366s ]
SQL: SELECT * FROM `ecs_company` WHERE ( `card_company_id` = 1509010002 ) LIMIT 1   [ RunTime:0.003896s ]
SQL: SELECT `grade_name` FROM `ecs_grade` WHERE ( `id` = 2 ) LIMIT 1   [ RunTime:0.004649s ]
SQL: SELECT * FROM `ecs_games` WHERE ( `grade_id` = 1 ) AND ( `status` = 1 ) ORDER BY create_time DESC LIMIT 2   [ RunTime:0.004809s ]
SQL: SELECT * FROM `ecs_games` WHERE ( `grade_id` = 2 ) AND ( `status` = 1 ) ORDER BY create_time DESC LIMIT 5   [ RunTime:0.004003s ]
SQL: SELECT COUNT(*) AS tp_count FROM `ecs_participation` WHERE ( `game_id` = 36 ) LIMIT 1   [ RunTime:0.004520s ]
SQL: SELECT COUNT(*) AS tp_count FROM `ecs_participation` WHERE ( `game_id` = 34 ) LIMIT 1   [ RunTime:0.005319s ]
SQL: SELECT COUNT(*) AS tp_count FROM `ecs_participation` WHERE ( `company_id` = 1509010002 ) AND ( `game_id` = 30 ) LIMIT 1   [ RunTime:0.003888s ]
SQL: SELECT COUNT(*) AS tp_count FROM `ecs_participation` WHERE ( `company_id` = 1509010002 ) AND ( `game_id` = 29 ) LIMIT 1   [ RunTime:0.004258s ]
SQL: SELECT COUNT(*) AS tp_count FROM `ecs_participation` WHERE ( `company_id` = 1509010002 ) AND ( `game_id` = 28 ) LIMIT 1   [ RunTime:0.003784s ]

[ 2016-06-07T10:28:12+08:00 ] 127.0.0.1 /jyflapi/index.php/Games/GamesApi/gameList
INFO: [ app_begin ] --START--
INFO: Run Behavior\ReadHtmlCache [ RunTime:0.000413s ]
INFO: [ app_begin ] --END-- [ RunTime:0.000775s ]
SQL: SHOW COLUMNS FROM `ecs_games` [ RunTime:0.007248s ]
SQL: SHOW COLUMNS FROM `ecs_company` [ RunTime:0.007033s ]
SQL: SHOW COLUMNS FROM `ecs_users` [ RunTime:0.007788s ]
SQL: SHOW COLUMNS FROM `ecs_grade` [ RunTime:0.005665s ]
SQL: SHOW COLUMNS FROM `ecs_participation` [ RunTime:0.006135s ]
SQL: SELECT `company_id` FROM `ecs_users` WHERE ( `user_id` = 1 ) LIMIT 1   [ RunTime:0.004550s ]
SQL: SELECT * FROM `ecs_company` WHERE ( `card_company_id` = 1509010002 ) LIMIT 1   [ RunTime:0.004999s ]
SQL: SELECT `grade_name` FROM `ecs_grade` WHERE ( `id` = 2 ) LIMIT 1   [ RunTime:0.007251s ]
SQL: SELECT * FROM `ecs_games` WHERE ( `grade_id` = 1 ) AND ( `status` = 1 ) ORDER BY create_time DESC LIMIT 2   [ RunTime:0.009249s ]
SQL: SELECT * FROM `ecs_games` WHERE ( `grade_id` = 2 ) AND ( `status` = 1 ) ORDER BY create_time DESC LIMIT 5   [ RunTime:0.005534s ]
SQL: SELECT COUNT(*) AS tp_count FROM `ecs_participation` WHERE ( `game_id` = 36 ) LIMIT 1   [ RunTime:0.003936s ]
SQL: SELECT COUNT(*) AS tp_count FROM `ecs_participation` WHERE ( `game_id` = 34 ) LIMIT 1   [ RunTime:0.003953s ]
SQL: SELECT COUNT(*) AS tp_count FROM `ecs_participation` WHERE ( `company_id` = 1509010002 ) AND ( `game_id` = 30 ) LIMIT 1   [ RunTime:0.004220s ]
SQL: SELECT COUNT(*) AS tp_count FROM `ecs_participation` WHERE ( `company_id` = 1509010002 ) AND ( `game_id` = 29 ) LIMIT 1   [ RunTime:0.005316s ]
SQL: SELECT COUNT(*) AS tp_count FROM `ecs_participation` WHERE ( `company_id` = 1509010002 ) AND ( `game_id` = 28 ) LIMIT 1   [ RunTime:0.004277s ]

[ 2016-06-07T10:32:01+08:00 ] 127.0.0.1 /jyflapi/index.php/Games/GamesApi/gameList
INFO: [ app_begin ] --START--
INFO: Run Behavior\ReadHtmlCache [ RunTime:0.000524s ]
INFO: [ app_begin ] --END-- [ RunTime:0.000957s ]
SQL: SHOW COLUMNS FROM `ecs_games` [ RunTime:0.006344s ]
SQL: SHOW COLUMNS FROM `ecs_company` [ RunTime:0.005629s ]
SQL: SHOW COLUMNS FROM `ecs_users` [ RunTime:0.007046s ]
SQL: SHOW COLUMNS FROM `ecs_grade` [ RunTime:0.005429s ]
SQL: SHOW COLUMNS FROM `ecs_participation` [ RunTime:0.005943s ]
SQL: SELECT `company_id` FROM `ecs_users` WHERE ( `user_id` = 1 ) LIMIT 1   [ RunTime:0.003586s ]
SQL: SELECT * FROM `ecs_company` WHERE ( `card_company_id` = 1509010002 ) LIMIT 1   [ RunTime:0.004186s ]
SQL: SELECT `grade_name` FROM `ecs_grade` WHERE ( `id` = 2 ) LIMIT 1   [ RunTime:0.003794s ]
SQL: SELECT * FROM `ecs_games` WHERE ( `grade_id` = 1 ) AND ( `status` = 1 ) ORDER BY create_time DESC LIMIT 2   [ RunTime:0.004322s ]
SQL: SELECT * FROM `ecs_games` WHERE ( `grade_id` = 2 ) AND ( `status` = 1 ) ORDER BY create_time DESC LIMIT 5   [ RunTime:0.004802s ]
SQL: SELECT COUNT(*) AS tp_count FROM `ecs_participation` WHERE ( `game_id` = 36 ) LIMIT 1   [ RunTime:0.004042s ]
SQL: SELECT COUNT(*) AS tp_count FROM `ecs_participation` WHERE ( `game_id` = 34 ) LIMIT 1   [ RunTime:0.004988s ]
SQL: SELECT COUNT(*) AS tp_count FROM `ecs_participation` WHERE ( `company_id` = 1509010002 ) AND ( `game_id` = 30 ) LIMIT 1   [ RunTime:0.005110s ]
SQL: SELECT COUNT(*) AS tp_count FROM `ecs_participation` WHERE ( `company_id` = 1509010002 ) AND ( `game_id` = 29 ) LIMIT 1   [ RunTime:0.003824s ]
SQL: SELECT COUNT(*) AS tp_count FROM `ecs_participation` WHERE ( `company_id` = 1509010002 ) AND ( `game_id` = 28 ) LIMIT 1   [ RunTime:0.005337s ]

[ 2016-06-07T10:33:15+08:00 ] 127.0.0.1 /jyflapi/index.php/Games/GamesApi/gameList
INFO: [ app_begin ] --START--
INFO: Run Behavior\ReadHtmlCache [ RunTime:0.000552s ]
INFO: [ app_begin ] --END-- [ RunTime:0.000982s ]
SQL: SHOW COLUMNS FROM `ecs_games` [ RunTime:0.008479s ]
SQL: SHOW COLUMNS FROM `ecs_company` [ RunTime:0.005699s ]
SQL: SHOW COLUMNS FROM `ecs_users` [ RunTime:0.007908s ]
SQL: SHOW COLUMNS FROM `ecs_grade` [ RunTime:0.006406s ]
SQL: SHOW COLUMNS FROM `ecs_participation` [ RunTime:0.006620s ]
SQL: SELECT `company_id` FROM `ecs_users` WHERE ( `user_id` = 1 ) LIMIT 1   [ RunTime:0.004714s ]
SQL: SELECT * FROM `ecs_company` WHERE ( `card_company_id` = 1509010002 ) LIMIT 1   [ RunTime:0.004619s ]
SQL: SELECT `grade_name` FROM `ecs_grade` WHERE ( `id` = 2 ) LIMIT 1   [ RunTime:0.004142s ]
SQL: SELECT * FROM `ecs_games` WHERE ( `grade_id` = 1 ) AND ( `status` = 1 ) ORDER BY create_time DESC LIMIT 2   [ RunTime:0.010320s ]
SQL: SELECT * FROM `ecs_games` WHERE ( `grade_id` = 2 ) AND ( `status` = 1 ) ORDER BY create_time DESC LIMIT 5   [ RunTime:0.004635s ]
SQL: SELECT COUNT(*) AS tp_count FROM `ecs_participation` WHERE ( `game_id` = 36 ) LIMIT 1   [ RunTime:0.004122s ]
SQL: SELECT COUNT(*) AS tp_count FROM `ecs_participation` WHERE ( `game_id` = 34 ) LIMIT 1   [ RunTime:0.004844s ]
SQL: SELECT COUNT(*) AS tp_count FROM `ecs_participation` WHERE ( `company_id` = 1509010002 ) AND ( `game_id` = 30 ) LIMIT 1   [ RunTime:0.003798s ]
SQL: SELECT COUNT(*) AS tp_count FROM `ecs_participation` WHERE ( `company_id` = 1509010002 ) AND ( `game_id` = 29 ) LIMIT 1   [ RunTime:0.004736s ]
SQL: SELECT COUNT(*) AS tp_count FROM `ecs_participation` WHERE ( `company_id` = 1509010002 ) AND ( `game_id` = 28 ) LIMIT 1   [ RunTime:0.004269s ]

[ 2016-06-07T10:35:34+08:00 ] 127.0.0.1 /jyflapi/index.php/Games/GamesApi/gameList
INFO: [ app_begin ] --START--
INFO: Run Behavior\ReadHtmlCache [ RunTime:0.000516s ]
INFO: [ app_begin ] --END-- [ RunTime:0.000916s ]
SQL: SHOW COLUMNS FROM `ecs_games` [ RunTime:0.006905s ]
SQL: SHOW COLUMNS FROM `ecs_company` [ RunTime:0.006391s ]
SQL: SHOW COLUMNS FROM `ecs_users` [ RunTime:0.008447s ]
SQL: SHOW COLUMNS FROM `ecs_grade` [ RunTime:0.005916s ]
SQL: SHOW COLUMNS FROM `ecs_participation` [ RunTime:0.006485s ]
SQL: SELECT `company_id` FROM `ecs_users` WHERE ( `user_id` = 1 ) LIMIT 1   [ RunTime:0.003983s ]
SQL: SELECT * FROM `ecs_company` WHERE ( `card_company_id` = 1509010002 ) LIMIT 1   [ RunTime:0.004335s ]
SQL: SELECT `grade_name` FROM `ecs_grade` WHERE ( `id` = 2 ) LIMIT 1   [ RunTime:0.004575s ]
SQL: SELECT * FROM `ecs_games` WHERE ( `grade_id` = 1 ) AND ( `status` = 1 ) ORDER BY create_time DESC LIMIT 2   [ RunTime:0.004220s ]
SQL: SELECT * FROM `ecs_games` WHERE ( `grade_id` = 2 ) AND ( `status` = 1 ) ORDER BY create_time DESC LIMIT 5   [ RunTime:0.004407s ]
SQL: SELECT COUNT(*) AS tp_count FROM `ecs_participation` WHERE ( `game_id` = 36 ) LIMIT 1   [ RunTime:0.004409s ]
SQL: SELECT COUNT(*) AS tp_count FROM `ecs_participation` WHERE ( `game_id` = 34 ) LIMIT 1   [ RunTime:0.004464s ]
SQL: SELECT COUNT(*) AS tp_count FROM `ecs_participation` WHERE ( `company_id` = 1509010002 ) AND ( `game_id` = 30 ) LIMIT 1   [ RunTime:0.006959s ]
SQL: SELECT COUNT(*) AS tp_count FROM `ecs_participation` WHERE ( `company_id` = 1509010002 ) AND ( `game_id` = 29 ) LIMIT 1   [ RunTime:0.003836s ]
SQL: SELECT COUNT(*) AS tp_count FROM `ecs_participation` WHERE ( `company_id` = 1509010002 ) AND ( `game_id` = 28 ) LIMIT 1   [ RunTime:0.004546s ]

[ 2016-06-07T10:39:20+08:00 ] 127.0.0.1 /jyflapi/index.php/Games/GamesApi/gameList
INFO: [ app_begin ] --START--
INFO: Run Behavior\ReadHtmlCache [ RunTime:0.000513s ]
INFO: [ app_begin ] --END-- [ RunTime:0.000905s ]
SQL: SHOW COLUMNS FROM `ecs_games` [ RunTime:0.007235s ]
SQL: SHOW COLUMNS FROM `ecs_company` [ RunTime:0.005729s ]
SQL: SHOW COLUMNS FROM `ecs_users` [ RunTime:0.008516s ]
SQL: SHOW COLUMNS FROM `ecs_grade` [ RunTime:0.005717s ]
SQL: SHOW COLUMNS FROM `ecs_participation` [ RunTime:0.005771s ]
SQL: SELECT `company_id` FROM `ecs_users` WHERE ( `user_id` = 1 ) LIMIT 1   [ RunTime:0.003901s ]
SQL: SELECT * FROM `ecs_company` WHERE ( `card_company_id` = 1509010002 ) LIMIT 1   [ RunTime:0.004419s ]
SQL: SELECT `grade_name` FROM `ecs_grade` WHERE ( `id` = 2 ) LIMIT 1   [ RunTime:0.003839s ]
SQL: SELECT * FROM `ecs_games` WHERE ( `grade_id` = 1 ) AND ( `status` = 1 ) ORDER BY create_time DESC LIMIT 2   [ RunTime:0.004988s ]
SQL: SELECT * FROM `ecs_games` WHERE ( `grade_id` = 2 ) AND ( `status` = 1 ) ORDER BY create_time DESC LIMIT 5   [ RunTime:0.004649s ]
SQL: SELECT COUNT(*) AS tp_count FROM `ecs_participation` WHERE ( `game_id` = 36 ) LIMIT 1   [ RunTime:0.004328s ]
SQL: SELECT COUNT(*) AS tp_count FROM `ecs_participation` WHERE ( `game_id` = 34 ) LIMIT 1   [ RunTime:0.004020s ]
SQL: SELECT COUNT(*) AS tp_count FROM `ecs_participation` WHERE ( `company_id` = 1509010002 ) AND ( `game_id` = 30 ) LIMIT 1   [ RunTime:0.004254s ]
SQL: SELECT COUNT(*) AS tp_count FROM `ecs_participation` WHERE ( `company_id` = 1509010002 ) AND ( `game_id` = 29 ) LIMIT 1   [ RunTime:0.004060s ]
SQL: SELECT COUNT(*) AS tp_count FROM `ecs_participation` WHERE ( `company_id` = 1509010002 ) AND ( `game_id` = 28 ) LIMIT 1   [ RunTime:0.004682s ]

[ 2016-06-07T10:39:48+08:00 ] 127.0.0.1 /jyflapi/index.php/Games/GamesApi/gameList
INFO: [ app_begin ] --START--
INFO: Run Behavior\ReadHtmlCache [ RunTime:0.000506s ]
INFO: [ app_begin ] --END-- [ RunTime:0.000959s ]
SQL: SHOW COLUMNS FROM `ecs_games` [ RunTime:0.006618s ]
SQL: SHOW COLUMNS FROM `ecs_company` [ RunTime:0.006123s ]
SQL: SHOW COLUMNS FROM `ecs_users` [ RunTime:0.007995s ]
SQL: SHOW COLUMNS FROM `ecs_grade` [ RunTime:0.005874s ]
SQL: SHOW COLUMNS FROM `ecs_participation` [ RunTime:0.006121s ]
SQL: SELECT `company_id` FROM `ecs_users` WHERE ( `user_id` = 1 ) LIMIT 1   [ RunTime:0.004285s ]
SQL: SELECT * FROM `ecs_company` WHERE ( `card_company_id` = 1509010002 ) LIMIT 1   [ RunTime:0.004335s ]
SQL: SELECT `grade_name` FROM `ecs_grade` WHERE ( `id` = 2 ) LIMIT 1   [ RunTime:0.004418s ]
SQL: SELECT * FROM `ecs_games` WHERE ( `grade_id` = 1 ) AND ( `status` = 1 ) ORDER BY create_time DESC LIMIT 2   [ RunTime:0.004793s ]
SQL: SELECT * FROM `ecs_games` WHERE ( `grade_id` = 2 ) AND ( `status` = 1 ) ORDER BY create_time DESC LIMIT 5   [ RunTime:0.004499s ]
SQL: SELECT COUNT(*) AS tp_count FROM `ecs_participation` WHERE ( `game_id` = 36 ) LIMIT 1   [ RunTime:0.004279s ]
SQL: SELECT COUNT(*) AS tp_count FROM `ecs_participation` WHERE ( `game_id` = 34 ) LIMIT 1   [ RunTime:0.003811s ]
SQL: SELECT COUNT(*) AS tp_count FROM `ecs_participation` WHERE ( `company_id` = 1509010002 ) AND ( `game_id` = 30 ) LIMIT 1   [ RunTime:0.004544s ]
SQL: SELECT COUNT(*) AS tp_count FROM `ecs_participation` WHERE ( `company_id` = 1509010002 ) AND ( `game_id` = 29 ) LIMIT 1   [ RunTime:0.003968s ]
SQL: SELECT COUNT(*) AS tp_count FROM `ecs_participation` WHERE ( `company_id` = 1509010002 ) AND ( `game_id` = 28 ) LIMIT 1   [ RunTime:0.004156s ]

[ 2016-06-07T10:40:48+08:00 ] 127.0.0.1 /jyflapi/index.php/Games/GamesApi/gameList
INFO: [ app_begin ] --START--
INFO: Run Behavior\ReadHtmlCache [ RunTime:0.000467s ]
INFO: [ app_begin ] --END-- [ RunTime:0.000840s ]
SQL: SHOW COLUMNS FROM `ecs_games` [ RunTime:0.006474s ]
SQL: SHOW COLUMNS FROM `ecs_company` [ RunTime:0.005687s ]
SQL: SHOW COLUMNS FROM `ecs_users` [ RunTime:0.007673s ]
SQL: SHOW COLUMNS FROM `ecs_grade` [ RunTime:0.006032s ]
SQL: SHOW COLUMNS FROM `ecs_participation` [ RunTime:0.005813s ]
SQL: SELECT `company_id` FROM `ecs_users` WHERE ( `user_id` = 1 ) LIMIT 1   [ RunTime:0.003882s ]
SQL: SELECT * FROM `ecs_company` WHERE ( `card_company_id` = 1509010002 ) LIMIT 1   [ RunTime:0.004032s ]
SQL: SELECT `grade_name` FROM `ecs_grade` WHERE ( `id` = 2 ) LIMIT 1   [ RunTime:0.004290s ]
SQL: SELECT * FROM `ecs_games` WHERE ( `grade_id` = 1 ) AND ( `status` = 1 ) ORDER BY create_time DESC LIMIT 2   [ RunTime:0.004538s ]
SQL: SELECT * FROM `ecs_games` WHERE ( `grade_id` = 2 ) AND ( `status` = 1 ) ORDER BY create_time DESC LIMIT 5   [ RunTime:0.004463s ]
SQL: SELECT COUNT(*) AS tp_count FROM `ecs_participation` WHERE ( `game_id` = 36 ) LIMIT 1   [ RunTime:0.004499s ]
SQL: SELECT COUNT(*) AS tp_count FROM `ecs_participation` WHERE ( `game_id` = 34 ) LIMIT 1   [ RunTime:0.005519s ]
SQL: SELECT COUNT(*) AS tp_count FROM `ecs_participation` WHERE ( `company_id` = 1509010002 ) AND ( `game_id` = 30 ) LIMIT 1   [ RunTime:0.009384s ]
SQL: SELECT COUNT(*) AS tp_count FROM `ecs_participation` WHERE ( `company_id` = 1509010002 ) AND ( `game_id` = 29 ) LIMIT 1   [ RunTime:0.004337s ]
SQL: SELECT COUNT(*) AS tp_count FROM `ecs_participation` WHERE ( `company_id` = 1509010002 ) AND ( `game_id` = 28 ) LIMIT 1   [ RunTime:0.003766s ]

[ 2016-06-07T10:41:28+08:00 ] 127.0.0.1 /jyflapi/index.php/Games/GamesApi/gameList
INFO: [ app_begin ] --START--
INFO: Run Behavior\ReadHtmlCache [ RunTime:0.000508s ]
INFO: [ app_begin ] --END-- [ RunTime:0.000902s ]
SQL: SHOW COLUMNS FROM `ecs_games` [ RunTime:0.006194s ]
SQL: SHOW COLUMNS FROM `ecs_company` [ RunTime:0.005610s ]
SQL: SHOW COLUMNS FROM `ecs_users` [ RunTime:0.008347s ]
SQL: SHOW COLUMNS FROM `ecs_grade` [ RunTime:0.005810s ]
SQL: SHOW COLUMNS FROM `ecs_participation` [ RunTime:0.005820s ]
SQL: SELECT `company_id` FROM `ecs_users` WHERE ( `user_id` = 1 ) LIMIT 1   [ RunTime:0.004190s ]
SQL: SELECT * FROM `ecs_company` WHERE ( `card_company_id` = 1509010002 ) LIMIT 1   [ RunTime:0.004521s ]
SQL: SELECT `grade_name` FROM `ecs_grade` WHERE ( `id` = 2 ) LIMIT 1   [ RunTime:0.003967s ]
SQL: SELECT * FROM `ecs_games` WHERE ( `grade_id` = 1 ) AND ( `status` = 1 ) ORDER BY create_time DESC LIMIT 2   [ RunTime:0.011745s ]
SQL: SELECT * FROM `ecs_games` WHERE ( `grade_id` = 2 ) AND ( `status` = 1 ) ORDER BY create_time DESC LIMIT 5   [ RunTime:0.006335s ]
SQL: SELECT COUNT(*) AS tp_count FROM `ecs_participation` WHERE ( `game_id` = 36 ) LIMIT 1   [ RunTime:0.003980s ]
SQL: SELECT COUNT(*) AS tp_count FROM `ecs_participation` WHERE ( `game_id` = 34 ) LIMIT 1   [ RunTime:0.004083s ]
SQL: SELECT COUNT(*) AS tp_count FROM `ecs_participation` WHERE ( `company_id` = 1509010002 ) AND ( `game_id` = 30 ) LIMIT 1   [ RunTime:0.003958s ]
SQL: SELECT COUNT(*) AS tp_count FROM `ecs_participation` WHERE ( `company_id` = 1509010002 ) AND ( `game_id` = 29 ) LIMIT 1   [ RunTime:0.003837s ]
SQL: SELECT COUNT(*) AS tp_count FROM `ecs_participation` WHERE ( `company_id` = 1509010002 ) AND ( `game_id` = 28 ) LIMIT 1   [ RunTime:0.003936s ]

[ 2016-06-07T10:42:06+08:00 ] 127.0.0.1 /jyflapi/index.php/Games/GamesApi/gameList
INFO: [ app_begin ] --START--
INFO: Run Behavior\ReadHtmlCache [ RunTime:0.000515s ]
INFO: [ app_begin ] --END-- [ RunTime:0.000928s ]
SQL: SHOW COLUMNS FROM `ecs_games` [ RunTime:0.006503s ]
SQL: SHOW COLUMNS FROM `ecs_company` [ RunTime:0.005687s ]
SQL: SHOW COLUMNS FROM `ecs_users` [ RunTime:0.024748s ]
SQL: SHOW COLUMNS FROM `ecs_grade` [ RunTime:0.005741s ]
SQL: SHOW COLUMNS FROM `ecs_participation` [ RunTime:0.006011s ]
SQL: SELECT `company_id` FROM `ecs_users` WHERE ( `user_id` = 1 ) LIMIT 1   [ RunTime:0.004149s ]
SQL: SELECT * FROM `ecs_company` WHERE ( `card_company_id` = 1509010002 ) LIMIT 1   [ RunTime:0.005830s ]
SQL: SELECT `grade_name` FROM `ecs_grade` WHERE ( `id` = 2 ) LIMIT 1   [ RunTime:0.003892s ]
SQL: SELECT * FROM `ecs_games` WHERE ( `grade_id` = 1 ) AND ( `status` = 1 ) ORDER BY create_time DESC LIMIT 2   [ RunTime:0.004695s ]
SQL: SELECT * FROM `ecs_games` WHERE ( `grade_id` = 2 ) AND ( `status` = 1 ) ORDER BY create_time DESC LIMIT 5   [ RunTime:0.004338s ]
SQL: SELECT COUNT(*) AS tp_count FROM `ecs_participation` WHERE ( `game_id` = 36 ) LIMIT 1   [ RunTime:0.005528s ]
SQL: SELECT COUNT(*) AS tp_count FROM `ecs_participation` WHERE ( `game_id` = 34 ) LIMIT 1   [ RunTime:0.004450s ]
SQL: SELECT COUNT(*) AS tp_count FROM `ecs_participation` WHERE ( `company_id` = 1509010002 ) AND ( `game_id` = 30 ) LIMIT 1   [ RunTime:0.004136s ]
SQL: SELECT COUNT(*) AS tp_count FROM `ecs_participation` WHERE ( `company_id` = 1509010002 ) AND ( `game_id` = 29 ) LIMIT 1   [ RunTime:0.003642s ]
SQL: SELECT COUNT(*) AS tp_count FROM `ecs_participation` WHERE ( `company_id` = 1509010002 ) AND ( `game_id` = 28 ) LIMIT 1   [ RunTime:0.004651s ]

[ 2016-06-07T10:44:26+08:00 ] 127.0.0.1 /jyflapi/index.php/Games/GamesApi/gameList
INFO: [ app_begin ] --START--
INFO: Run Behavior\ReadHtmlCache [ RunTime:0.000529s ]
INFO: [ app_begin ] --END-- [ RunTime:0.000920s ]
SQL: SHOW COLUMNS FROM `ecs_games` [ RunTime:0.007626s ]
SQL: SHOW COLUMNS FROM `ecs_company` [ RunTime:0.006184s ]
SQL: SHOW COLUMNS FROM `ecs_users` [ RunTime:0.008210s ]
SQL: SHOW COLUMNS FROM `ecs_grade` [ RunTime:0.006850s ]
SQL: SHOW COLUMNS FROM `ecs_participation` [ RunTime:0.006730s ]
SQL: SELECT `company_id` FROM `ecs_users` WHERE ( `user_id` = 1 ) LIMIT 1   [ RunTime:0.004373s ]
SQL: SELECT * FROM `ecs_company` WHERE ( `card_company_id` = 1509010002 ) LIMIT 1   [ RunTime:0.004234s ]
SQL: SELECT `grade_name` FROM `ecs_grade` WHERE ( `id` = 2 ) LIMIT 1   [ RunTime:0.004299s ]
SQL: SELECT * FROM `ecs_games` WHERE ( `grade_id` = 1 ) AND ( `status` = 1 ) ORDER BY create_time DESC LIMIT 2   [ RunTime:0.004813s ]
SQL: SELECT * FROM `ecs_games` WHERE ( `grade_id` = 2 ) AND ( `status` = 1 ) ORDER BY create_time DESC LIMIT 5   [ RunTime:0.004739s ]
SQL: SELECT COUNT(*) AS tp_count FROM `ecs_participation` WHERE ( `game_id` = 36 ) LIMIT 1   [ RunTime:0.004282s ]
SQL: SELECT COUNT(*) AS tp_count FROM `ecs_participation` WHERE ( `game_id` = 34 ) LIMIT 1   [ RunTime:0.003978s ]
SQL: SELECT COUNT(*) AS tp_count FROM `ecs_participation` WHERE ( `company_id` = 1509010002 ) AND ( `game_id` = 30 ) LIMIT 1   [ RunTime:0.004596s ]
SQL: SELECT COUNT(*) AS tp_count FROM `ecs_participation` WHERE ( `company_id` = 1509010002 ) AND ( `game_id` = 29 ) LIMIT 1   [ RunTime:0.003920s ]
SQL: SELECT COUNT(*) AS tp_count FROM `ecs_participation` WHERE ( `company_id` = 1509010002 ) AND ( `game_id` = 28 ) LIMIT 1   [ RunTime:0.005290s ]

[ 2016-06-07T10:46:42+08:00 ] 127.0.0.1 /jyflapi/index.php/Games/GamesApi/gameList
INFO: [ app_begin ] --START--
INFO: Run Behavior\ReadHtmlCache [ RunTime:0.000522s ]
INFO: [ app_begin ] --END-- [ RunTime:0.000920s ]
SQL: SHOW COLUMNS FROM `ecs_games` [ RunTime:0.006113s ]
SQL: SHOW COLUMNS FROM `ecs_company` [ RunTime:0.005394s ]
SQL: SHOW COLUMNS FROM `ecs_users` [ RunTime:0.008037s ]
SQL: SHOW COLUMNS FROM `ecs_grade` [ RunTime:0.005449s ]
SQL: SHOW COLUMNS FROM `ecs_participation` [ RunTime:0.006208s ]
SQL: SELECT `company_id` FROM `ecs_users` WHERE ( `user_id` = 1 ) LIMIT 1   [ RunTime:0.003732s ]
SQL: SELECT * FROM `ecs_company` WHERE ( `card_company_id` = 1509010002 ) LIMIT 1   [ RunTime:0.003967s ]
SQL: SELECT `grade_name` FROM `ecs_grade` WHERE ( `id` = 2 ) LIMIT 1   [ RunTime:0.004443s ]
SQL: SELECT * FROM `ecs_games` WHERE ( `grade_id` = 1 ) AND ( `status` = 1 ) ORDER BY create_time DESC LIMIT 2   [ RunTime:0.004363s ]
SQL: SELECT * FROM `ecs_games` WHERE ( `grade_id` = 2 ) AND ( `status` = 1 ) ORDER BY create_time DESC LIMIT 5   [ RunTime:0.010636s ]
SQL: SELECT COUNT(*) AS tp_count FROM `ecs_participation` WHERE ( `game_id` = 36 ) LIMIT 1   [ RunTime:0.004964s ]
SQL: SELECT COUNT(*) AS tp_count FROM `ecs_participation` WHERE ( `game_id` = 34 ) LIMIT 1   [ RunTime:0.008295s ]
SQL: SELECT COUNT(*) AS tp_count FROM `ecs_participation` WHERE ( `company_id` = 1509010002 ) AND ( `game_id` = 30 ) LIMIT 1   [ RunTime:0.004245s ]
SQL: SELECT COUNT(*) AS tp_count FROM `ecs_participation` WHERE ( `company_id` = 1509010002 ) AND ( `game_id` = 29 ) LIMIT 1   [ RunTime:0.004449s ]
SQL: SELECT COUNT(*) AS tp_count FROM `ecs_participation` WHERE ( `company_id` = 1509010002 ) AND ( `game_id` = 28 ) LIMIT 1   [ RunTime:0.004130s ]

[ 2016-06-07T10:47:20+08:00 ] 127.0.0.1 /jyflapi/index.php/Games/GamesApi/gameList
INFO: [ app_begin ] --START--
INFO: Run Behavior\ReadHtmlCache [ RunTime:0.000546s ]
INFO: [ app_begin ] --END-- [ RunTime:0.000942s ]
SQL: SHOW COLUMNS FROM `ecs_games` [ RunTime:0.006867s ]
SQL: SHOW COLUMNS FROM `ecs_company` [ RunTime:0.005589s ]
SQL: SHOW COLUMNS FROM `ecs_users` [ RunTime:0.008348s ]
SQL: SHOW COLUMNS FROM `ecs_grade` [ RunTime:0.005495s ]
SQL: SHOW COLUMNS FROM `ecs_participation` [ RunTime:0.006102s ]
SQL: SELECT `company_id` FROM `ecs_users` WHERE ( `user_id` = 1 ) LIMIT 1   [ RunTime:0.004298s ]
SQL: SELECT * FROM `ecs_company` WHERE ( `card_company_id` = 1509010002 ) LIMIT 1   [ RunTime:0.005395s ]
SQL: SELECT `grade_name` FROM `ecs_grade` WHERE ( `id` = 2 ) LIMIT 1   [ RunTime:0.003935s ]
SQL: SELECT * FROM `ecs_games` WHERE ( `grade_id` = 1 ) AND ( `status` = 1 ) ORDER BY create_time DESC LIMIT 2   [ RunTime:0.004971s ]
SQL: SELECT * FROM `ecs_games` WHERE ( `grade_id` = 2 ) AND ( `status` = 1 ) ORDER BY create_time DESC LIMIT 5   [ RunTime:0.004581s ]
SQL: SELECT COUNT(*) AS tp_count FROM `ecs_participation` WHERE ( `game_id` = 36 ) LIMIT 1   [ RunTime:0.004585s ]
SQL: SELECT COUNT(*) AS tp_count FROM `ecs_participation` WHERE ( `game_id` = 34 ) LIMIT 1   [ RunTime:0.004889s ]
SQL: SELECT COUNT(*) AS tp_count FROM `ecs_participation` WHERE ( `company_id` = 1509010002 ) AND ( `game_id` = 30 ) LIMIT 1   [ RunTime:0.006139s ]
SQL: SELECT COUNT(*) AS tp_count FROM `ecs_participation` WHERE ( `company_id` = 1509010002 ) AND ( `game_id` = 29 ) LIMIT 1   [ RunTime:0.007061s ]
SQL: SELECT COUNT(*) AS tp_count FROM `ecs_participation` WHERE ( `company_id` = 1509010002 ) AND ( `game_id` = 28 ) LIMIT 1   [ RunTime:0.003989s ]

[ 2016-06-07T10:47:49+08:00 ] 127.0.0.1 /jyflapi/index.php/Games/GamesApi/gameList
INFO: [ app_begin ] --START--
INFO: Run Behavior\ReadHtmlCache [ RunTime:0.000566s ]
INFO: [ app_begin ] --END-- [ RunTime:0.001007s ]
SQL: SHOW COLUMNS FROM `ecs_games` [ RunTime:0.006253s ]
SQL: SHOW COLUMNS FROM `ecs_company` [ RunTime:0.006551s ]
SQL: SHOW COLUMNS FROM `ecs_users` [ RunTime:0.007924s ]
SQL: SHOW COLUMNS FROM `ecs_grade` [ RunTime:0.006876s ]
SQL: SHOW COLUMNS FROM `ecs_participation` [ RunTime:0.007555s ]
SQL: SELECT `company_id` FROM `ecs_users` WHERE ( `user_id` = 1 ) LIMIT 1   [ RunTime:0.003881s ]
SQL: SELECT * FROM `ecs_company` WHERE ( `card_company_id` = 1509010002 ) LIMIT 1   [ RunTime:0.003913s ]
SQL: SELECT `grade_name` FROM `ecs_grade` WHERE ( `id` = 2 ) LIMIT 1   [ RunTime:0.004349s ]
SQL: SELECT * FROM `ecs_games` WHERE ( `grade_id` = 1 ) AND ( `status` = 1 ) ORDER BY create_time DESC LIMIT 2   [ RunTime:0.004236s ]
SQL: SELECT * FROM `ecs_games` WHERE ( `grade_id` = 2 ) AND ( `status` = 1 ) ORDER BY create_time DESC LIMIT 5   [ RunTime:0.005177s ]
SQL: SELECT COUNT(*) AS tp_count FROM `ecs_participation` WHERE ( `game_id` = 36 ) LIMIT 1   [ RunTime:0.003960s ]
SQL: SELECT COUNT(*) AS tp_count FROM `ecs_participation` WHERE ( `game_id` = 34 ) LIMIT 1   [ RunTime:0.004165s ]
SQL: SELECT COUNT(*) AS tp_count FROM `ecs_participation` WHERE ( `company_id` = 1509010002 ) AND ( `game_id` = 30 ) LIMIT 1   [ RunTime:0.004565s ]
SQL: SELECT COUNT(*) AS tp_count FROM `ecs_participation` WHERE ( `company_id` = 1509010002 ) AND ( `game_id` = 29 ) LIMIT 1   [ RunTime:0.004104s ]
SQL: SELECT COUNT(*) AS tp_count FROM `ecs_participation` WHERE ( `company_id` = 1509010002 ) AND ( `game_id` = 28 ) LIMIT 1   [ RunTime:0.003918s ]

[ 2016-06-07T10:51:21+08:00 ] 127.0.0.1 /jyflapi/index.php/Games/GamesApi/gameList
INFO: [ app_begin ] --START--
INFO: Run Behavior\ReadHtmlCache [ RunTime:0.000525s ]
INFO: [ app_begin ] --END-- [ RunTime:0.001062s ]
SQL: SHOW COLUMNS FROM `ecs_games` [ RunTime:0.007139s ]
SQL: SHOW COLUMNS FROM `ecs_company` [ RunTime:0.006142s ]
SQL: SHOW COLUMNS FROM `ecs_users` [ RunTime:0.008251s ]
SQL: SHOW COLUMNS FROM `ecs_grade` [ RunTime:0.006459s ]
SQL: SHOW COLUMNS FROM `ecs_participation` [ RunTime:0.006739s ]
SQL: SELECT `company_id` FROM `ecs_users` WHERE ( `user_id` = 1 ) LIMIT 1   [ RunTime:0.004028s ]
SQL: SELECT * FROM `ecs_company` WHERE ( `card_company_id` = 1509010002 ) LIMIT 1   [ RunTime:0.004377s ]
SQL: SELECT `grade_name` FROM `ecs_grade` WHERE ( `id` = 2 ) LIMIT 1   [ RunTime:0.004205s ]
SQL: SELECT * FROM `ecs_games` WHERE ( `grade_id` = 1 ) AND ( `status` = 1 ) ORDER BY create_time DESC LIMIT 2   [ RunTime:0.004780s ]
SQL: SELECT * FROM `ecs_games` WHERE ( `grade_id` = 2 ) AND ( `status` = 1 ) ORDER BY create_time DESC LIMIT 5   [ RunTime:0.004572s ]
SQL: SELECT COUNT(*) AS tp_count FROM `ecs_participation` WHERE ( `game_id` = 36 ) LIMIT 1   [ RunTime:0.006777s ]
SQL: SELECT COUNT(*) AS tp_count FROM `ecs_participation` WHERE ( `game_id` = 34 ) LIMIT 1   [ RunTime:0.004353s ]
SQL: SELECT COUNT(*) AS tp_count FROM `ecs_participation` WHERE ( `company_id` = 1509010002 ) AND ( `game_id` = 30 ) LIMIT 1   [ RunTime:0.004625s ]
SQL: SELECT COUNT(*) AS tp_count FROM `ecs_participation` WHERE ( `company_id` = 1509010002 ) AND ( `game_id` = 29 ) LIMIT 1   [ RunTime:0.005058s ]
SQL: SELECT COUNT(*) AS tp_count FROM `ecs_participation` WHERE ( `company_id` = 1509010002 ) AND ( `game_id` = 28 ) LIMIT 1   [ RunTime:0.004328s ]

[ 2016-06-07T10:52:52+08:00 ] 127.0.0.1 /jyflapi/index.php/Games/GamesApi/gameList
INFO: [ app_begin ] --START--
INFO: Run Behavior\ReadHtmlCache [ RunTime:0.000410s ]
INFO: [ app_begin ] --END-- [ RunTime:0.000765s ]
SQL: SHOW COLUMNS FROM `ecs_games` [ RunTime:0.007783s ]
SQL: SHOW COLUMNS FROM `ecs_company` [ RunTime:0.007129s ]
SQL: SHOW COLUMNS FROM `ecs_users` [ RunTime:0.008957s ]
SQL: SHOW COLUMNS FROM `ecs_grade` [ RunTime:0.007853s ]
SQL: SHOW COLUMNS FROM `ecs_participation` [ RunTime:0.006334s ]
SQL: SELECT `company_id` FROM `ecs_users` WHERE ( `user_id` = 1 ) LIMIT 1   [ RunTime:0.003800s ]
SQL: SELECT * FROM `ecs_company` WHERE ( `card_company_id` = 1509010002 ) LIMIT 1   [ RunTime:0.004659s ]
SQL: SELECT `grade_name` FROM `ecs_grade` WHERE ( `id` = 2 ) LIMIT 1   [ RunTime:0.003640s ]
SQL: SELECT * FROM `ecs_games` WHERE ( `grade_id` = 1 ) AND ( `status` = 1 ) ORDER BY create_time DESC LIMIT 2   [ RunTime:0.007371s ]
SQL: SELECT * FROM `ecs_games` WHERE ( `grade_id` = 2 ) AND ( `status` = 1 ) ORDER BY create_time DESC LIMIT 5   [ RunTime:0.006717s ]
SQL: SELECT COUNT(*) AS tp_count FROM `ecs_participation` WHERE ( `game_id` = 36 ) LIMIT 1   [ RunTime:0.003716s ]
SQL: SELECT COUNT(*) AS tp_count FROM `ecs_participation` WHERE ( `game_id` = 34 ) LIMIT 1   [ RunTime:0.003978s ]
SQL: SELECT COUNT(*) AS tp_count FROM `ecs_participation` WHERE ( `company_id` = 1509010002 ) AND ( `game_id` = 30 ) LIMIT 1   [ RunTime:0.007085s ]
SQL: SELECT COUNT(*) AS tp_count FROM `ecs_participation` WHERE ( `company_id` = 1509010002 ) AND ( `game_id` = 29 ) LIMIT 1   [ RunTime:0.009626s ]
SQL: SELECT COUNT(*) AS tp_count FROM `ecs_participation` WHERE ( `company_id` = 1509010002 ) AND ( `game_id` = 28 ) LIMIT 1   [ RunTime:0.008236s ]

[ 2016-06-07T10:54:39+08:00 ] 127.0.0.1 /jyflapi/index.php/Games/GamesApi/gameList
INFO: [ app_begin ] --START--
INFO: Run Behavior\ReadHtmlCache [ RunTime:0.000640s ]
INFO: [ app_begin ] --END-- [ RunTime:0.001029s ]
SQL: SHOW COLUMNS FROM `ecs_games` [ RunTime:0.006404s ]
SQL: SHOW COLUMNS FROM `ecs_company` [ RunTime:0.005755s ]
SQL: SHOW COLUMNS FROM `ecs_users` [ RunTime:0.009505s ]
SQL: SHOW COLUMNS FROM `ecs_grade` [ RunTime:0.005957s ]
SQL: SHOW COLUMNS FROM `ecs_participation` [ RunTime:0.007075s ]
SQL: SELECT `company_id` FROM `ecs_users` WHERE ( `user_id` = 1 ) LIMIT 1   [ RunTime:0.003749s ]
SQL: SELECT * FROM `ecs_company` WHERE ( `card_company_id` = 1509010002 ) LIMIT 1   [ RunTime:0.004277s ]
SQL: SELECT `grade_name` FROM `ecs_grade` WHERE ( `id` = 2 ) LIMIT 1   [ RunTime:0.005965s ]
SQL: SELECT * FROM `ecs_games` WHERE ( `grade_id` = 1 ) AND ( `status` = 1 ) ORDER BY create_time DESC LIMIT 2   [ RunTime:0.004512s ]
SQL: SELECT * FROM `ecs_games` WHERE ( `grade_id` = 2 ) AND ( `status` = 1 ) ORDER BY create_time DESC LIMIT 5   [ RunTime:0.004188s ]
SQL: SELECT COUNT(*) AS tp_count FROM `ecs_participation` WHERE ( `game_id` = 36 ) LIMIT 1   [ RunTime:0.004583s ]
SQL: SELECT COUNT(*) AS tp_count FROM `ecs_participation` WHERE ( `game_id` = 34 ) LIMIT 1   [ RunTime:0.003977s ]
SQL: SELECT COUNT(*) AS tp_count FROM `ecs_participation` WHERE ( `company_id` = 1509010002 ) AND ( `game_id` = 30 ) LIMIT 1   [ RunTime:0.004484s ]
SQL: SELECT COUNT(*) AS tp_count FROM `ecs_participation` WHERE ( `company_id` = 1509010002 ) AND ( `game_id` = 29 ) LIMIT 1   [ RunTime:0.004130s ]
SQL: SELECT COUNT(*) AS tp_count FROM `ecs_participation` WHERE ( `company_id` = 1509010002 ) AND ( `game_id` = 28 ) LIMIT 1   [ RunTime:0.004169s ]

[ 2016-06-07T10:56:03+08:00 ] 127.0.0.1 /jyflapi/index.php/Games/GamesApi/gameList
INFO: [ app_begin ] --START--
INFO: Run Behavior\ReadHtmlCache [ RunTime:0.000515s ]
INFO: [ app_begin ] --END-- [ RunTime:0.000906s ]
SQL: SHOW COLUMNS FROM `ecs_games` [ RunTime:0.006714s ]
SQL: SHOW COLUMNS FROM `ecs_company` [ RunTime:0.006685s ]
SQL: SHOW COLUMNS FROM `ecs_users` [ RunTime:0.008917s ]
SQL: SHOW COLUMNS FROM `ecs_grade` [ RunTime:0.006168s ]
SQL: SHOW COLUMNS FROM `ecs_participation` [ RunTime:0.007808s ]
SQL: SELECT `company_id` FROM `ecs_users` WHERE ( `user_id` = 1 ) LIMIT 1   [ RunTime:0.004343s ]
SQL: SELECT * FROM `ecs_company` WHERE ( `card_company_id` = 1509010002 ) LIMIT 1   [ RunTime:0.004387s ]
SQL: SELECT `grade_name` FROM `ecs_grade` WHERE ( `id` = 2 ) LIMIT 1   [ RunTime:0.005656s ]
SQL: SELECT * FROM `ecs_games` WHERE ( `grade_id` = 1 ) AND ( `status` = 1 ) ORDER BY create_time DESC LIMIT 2   [ RunTime:0.025666s ]
SQL: SELECT * FROM `ecs_games` WHERE ( `grade_id` = 2 ) AND ( `status` = 1 ) ORDER BY create_time DESC LIMIT 5   [ RunTime:0.004381s ]
SQL: SELECT COUNT(*) AS tp_count FROM `ecs_participation` WHERE ( `game_id` = 36 ) LIMIT 1   [ RunTime:0.004526s ]
SQL: SELECT COUNT(*) AS tp_count FROM `ecs_participation` WHERE ( `game_id` = 34 ) LIMIT 1   [ RunTime:0.004133s ]
SQL: SELECT COUNT(*) AS tp_count FROM `ecs_participation` WHERE ( `company_id` = 1509010002 ) AND ( `game_id` = 30 ) LIMIT 1   [ RunTime:0.004650s ]
SQL: SELECT COUNT(*) AS tp_count FROM `ecs_participation` WHERE ( `company_id` = 1509010002 ) AND ( `game_id` = 29 ) LIMIT 1   [ RunTime:0.004179s ]
SQL: SELECT COUNT(*) AS tp_count FROM `ecs_participation` WHERE ( `company_id` = 1509010002 ) AND ( `game_id` = 28 ) LIMIT 1   [ RunTime:0.005424s ]

[ 2016-06-07T10:56:46+08:00 ] 127.0.0.1 /jyflapi/index.php/Games/GamesApi/gameList
INFO: [ app_begin ] --START--
INFO: Run Behavior\ReadHtmlCache [ RunTime:0.000526s ]
INFO: [ app_begin ] --END-- [ RunTime:0.000951s ]
SQL: SHOW COLUMNS FROM `ecs_games` [ RunTime:0.006260s ]
SQL: SHOW COLUMNS FROM `ecs_company` [ RunTime:0.005772s ]
SQL: SHOW COLUMNS FROM `ecs_users` [ RunTime:0.008347s ]
SQL: SHOW COLUMNS FROM `ecs_grade` [ RunTime:0.036979s ]
SQL: SHOW COLUMNS FROM `ecs_participation` [ RunTime:0.006477s ]
SQL: SELECT `company_id` FROM `ecs_users` WHERE ( `user_id` = 1 ) LIMIT 1   [ RunTime:0.003958s ]
SQL: SELECT * FROM `ecs_company` WHERE ( `card_company_id` = 1509010002 ) LIMIT 1   [ RunTime:0.004105s ]
SQL: SELECT `grade_name` FROM `ecs_grade` WHERE ( `id` = 2 ) LIMIT 1   [ RunTime:0.004133s ]
SQL: SELECT * FROM `ecs_games` WHERE ( `grade_id` = 1 ) AND ( `status` = 1 ) ORDER BY create_time DESC LIMIT 2   [ RunTime:0.006716s ]
SQL: SELECT * FROM `ecs_games` WHERE ( `grade_id` = 2 ) AND ( `status` = 1 ) ORDER BY create_time DESC LIMIT 5   [ RunTime:0.004258s ]
SQL: SELECT COUNT(*) AS tp_count FROM `ecs_participation` WHERE ( `game_id` = 36 ) LIMIT 1   [ RunTime:0.004454s ]
SQL: SELECT COUNT(*) AS tp_count FROM `ecs_participation` WHERE ( `game_id` = 34 ) LIMIT 1   [ RunTime:0.003942s ]
SQL: SELECT COUNT(*) AS tp_count FROM `ecs_participation` WHERE ( `company_id` = 1509010002 ) AND ( `game_id` = 30 ) LIMIT 1   [ RunTime:0.008009s ]
SQL: SELECT COUNT(*) AS tp_count FROM `ecs_participation` WHERE ( `company_id` = 1509010002 ) AND ( `game_id` = 29 ) LIMIT 1   [ RunTime:0.003973s ]
SQL: SELECT COUNT(*) AS tp_count FROM `ecs_participation` WHERE ( `company_id` = 1509010002 ) AND ( `game_id` = 28 ) LIMIT 1   [ RunTime:0.003981s ]

[ 2016-06-07T11:00:38+08:00 ] 127.0.0.1 /jyflapi/index.php/Games/GamesApi/gameList
INFO: [ app_begin ] --START--
INFO: Run Behavior\ReadHtmlCache [ RunTime:0.000511s ]
INFO: [ app_begin ] --END-- [ RunTime:0.000905s ]
SQL: SHOW COLUMNS FROM `ecs_games` [ RunTime:0.006487s ]
SQL: SHOW COLUMNS FROM `ecs_company` [ RunTime:0.007184s ]
SQL: SHOW COLUMNS FROM `ecs_users` [ RunTime:0.007872s ]
SQL: SHOW COLUMNS FROM `ecs_grade` [ RunTime:0.006026s ]
SQL: SHOW COLUMNS FROM `ecs_participation` [ RunTime:0.006181s ]
SQL: SELECT `company_id` FROM `ecs_users` WHERE ( `user_id` = 1 ) LIMIT 1   [ RunTime:0.003900s ]
SQL: SELECT * FROM `ecs_company` WHERE ( `card_company_id` = 1509010002 ) LIMIT 1   [ RunTime:0.004301s ]
SQL: SELECT `grade_name` FROM `ecs_grade` WHERE ( `id` = 2 ) LIMIT 1   [ RunTime:0.003927s ]
SQL: SELECT * FROM `ecs_games` WHERE ( `grade_id` = 1 ) AND ( `status` = 1 ) ORDER BY create_time DESC LIMIT 2   [ RunTime:0.005523s ]
SQL: SELECT * FROM `ecs_games` WHERE ( `grade_id` = 2 ) AND ( `status` = 1 ) ORDER BY create_time DESC LIMIT 5   [ RunTime:0.005196s ]
SQL: SELECT COUNT(*) AS tp_count FROM `ecs_participation` WHERE ( `game_id` = 36 ) LIMIT 1   [ RunTime:0.003889s ]
SQL: SELECT COUNT(*) AS tp_count FROM `ecs_participation` WHERE ( `game_id` = 34 ) LIMIT 1   [ RunTime:0.004207s ]
SQL: SELECT COUNT(*) AS tp_count FROM `ecs_participation` WHERE ( `company_id` = 1509010002 ) AND ( `game_id` = 30 ) LIMIT 1   [ RunTime:0.005703s ]
SQL: SELECT COUNT(*) AS tp_count FROM `ecs_participation` WHERE ( `company_id` = 1509010002 ) AND ( `game_id` = 29 ) LIMIT 1   [ RunTime:0.004255s ]
SQL: SELECT COUNT(*) AS tp_count FROM `ecs_participation` WHERE ( `company_id` = 1509010002 ) AND ( `game_id` = 28 ) LIMIT 1   [ RunTime:0.004317s ]

[ 2016-06-07T11:02:36+08:00 ] 127.0.0.1 /jyflapi/index.php/Games/GamesApi/gameList
INFO: [ app_begin ] --START--
INFO: Run Behavior\ReadHtmlCache [ RunTime:0.000527s ]
INFO: [ app_begin ] --END-- [ RunTime:0.000969s ]
SQL: SHOW COLUMNS FROM `ecs_games` [ RunTime:0.006121s ]
SQL: SHOW COLUMNS FROM `ecs_company` [ RunTime:0.006180s ]
SQL: SHOW COLUMNS FROM `ecs_users` [ RunTime:0.008544s ]
SQL: SHOW COLUMNS FROM `ecs_grade` [ RunTime:0.005922s ]
SQL: SHOW COLUMNS FROM `ecs_participation` [ RunTime:0.005820s ]
SQL: SELECT `company_id` FROM `ecs_users` WHERE ( `user_id` = 1 ) LIMIT 1   [ RunTime:0.003988s ]
SQL: SELECT * FROM `ecs_company` WHERE ( `card_company_id` = 1509010002 ) LIMIT 1   [ RunTime:0.004240s ]
SQL: SELECT `grade_name` FROM `ecs_grade` WHERE ( `id` = 2 ) LIMIT 1   [ RunTime:0.003780s ]
SQL: SELECT * FROM `ecs_games` WHERE ( `grade_id` = 1 ) AND ( `status` = 1 ) ORDER BY create_time DESC LIMIT 2   [ RunTime:0.005013s ]
SQL: SELECT * FROM `ecs_games` WHERE ( `grade_id` = 2 ) AND ( `status` = 1 ) ORDER BY create_time DESC LIMIT 5   [ RunTime:0.004585s ]
SQL: SELECT COUNT(*) AS tp_count FROM `ecs_participation` WHERE ( `game_id` = 36 ) LIMIT 1   [ RunTime:0.003925s ]
SQL: SELECT COUNT(*) AS tp_count FROM `ecs_participation` WHERE ( `game_id` = 34 ) LIMIT 1   [ RunTime:0.003892s ]
SQL: SELECT COUNT(*) AS tp_count FROM `ecs_participation` WHERE ( `company_id` = 1509010002 ) AND ( `game_id` = 30 ) LIMIT 1   [ RunTime:0.003892s ]
SQL: SELECT COUNT(*) AS tp_count FROM `ecs_participation` WHERE ( `company_id` = 1509010002 ) AND ( `game_id` = 29 ) LIMIT 1   [ RunTime:0.003870s ]
SQL: SELECT COUNT(*) AS tp_count FROM `ecs_participation` WHERE ( `company_id` = 1509010002 ) AND ( `game_id` = 28 ) LIMIT 1   [ RunTime:0.008852s ]

[ 2016-06-07T11:03:05+08:00 ] 127.0.0.1 /jyflapi/index.php/Games/GamesApi/gameList
INFO: [ app_begin ] --START--
INFO: Run Behavior\ReadHtmlCache [ RunTime:0.000520s ]
INFO: [ app_begin ] --END-- [ RunTime:0.000965s ]
SQL: SHOW COLUMNS FROM `ecs_games` [ RunTime:0.006708s ]
SQL: SHOW COLUMNS FROM `ecs_company` [ RunTime:0.005946s ]
SQL: SHOW COLUMNS FROM `ecs_users` [ RunTime:0.007871s ]
SQL: SHOW COLUMNS FROM `ecs_grade` [ RunTime:0.007226s ]
SQL: SHOW COLUMNS FROM `ecs_participation` [ RunTime:0.005657s ]
SQL: SELECT `company_id` FROM `ecs_users` WHERE ( `user_id` = 1 ) LIMIT 1   [ RunTime:0.003641s ]
SQL: SELECT * FROM `ecs_company` WHERE ( `card_company_id` = 1509010002 ) LIMIT 1   [ RunTime:0.004854s ]
SQL: SELECT `grade_name` FROM `ecs_grade` WHERE ( `id` = 2 ) LIMIT 1   [ RunTime:0.003722s ]
SQL: SELECT * FROM `ecs_games` WHERE ( `grade_id` = 1 ) AND ( `status` = 1 ) ORDER BY create_time DESC LIMIT 2   [ RunTime:0.004422s ]
SQL: SELECT * FROM `ecs_games` WHERE ( `grade_id` = 2 ) AND ( `status` = 1 ) ORDER BY create_time DESC LIMIT 5   [ RunTime:0.004801s ]
SQL: SELECT COUNT(*) AS tp_count FROM `ecs_participation` WHERE ( `game_id` = 36 ) LIMIT 1   [ RunTime:0.003572s ]
SQL: SELECT COUNT(*) AS tp_count FROM `ecs_participation` WHERE ( `game_id` = 34 ) LIMIT 1   [ RunTime:0.004023s ]
SQL: SELECT COUNT(*) AS tp_count FROM `ecs_participation` WHERE ( `company_id` = 1509010002 ) AND ( `game_id` = 30 ) LIMIT 1   [ RunTime:0.005896s ]
SQL: SELECT COUNT(*) AS tp_count FROM `ecs_participation` WHERE ( `company_id` = 1509010002 ) AND ( `game_id` = 29 ) LIMIT 1   [ RunTime:0.004481s ]
SQL: SELECT COUNT(*) AS tp_count FROM `ecs_participation` WHERE ( `company_id` = 1509010002 ) AND ( `game_id` = 28 ) LIMIT 1   [ RunTime:0.004905s ]

[ 2016-06-07T11:04:53+08:00 ] 127.0.0.1 /jyflapi/index.php/Games/GamesApi/gameList
INFO: [ app_begin ] --START--
INFO: Run Behavior\ReadHtmlCache [ RunTime:0.000535s ]
INFO: [ app_begin ] --END-- [ RunTime:0.001021s ]
SQL: SHOW COLUMNS FROM `ecs_games` [ RunTime:0.006590s ]
SQL: SHOW COLUMNS FROM `ecs_company` [ RunTime:0.005630s ]
SQL: SHOW COLUMNS FROM `ecs_users` [ RunTime:0.008039s ]
SQL: SHOW COLUMNS FROM `ecs_grade` [ RunTime:0.013133s ]
SQL: SHOW COLUMNS FROM `ecs_participation` [ RunTime:0.006213s ]
SQL: SELECT `company_id` FROM `ecs_users` WHERE ( `user_id` = 1 ) LIMIT 1   [ RunTime:0.004581s ]
SQL: SELECT * FROM `ecs_company` WHERE ( `card_company_id` = 1509010002 ) LIMIT 1   [ RunTime:0.004049s ]
SQL: SELECT `grade_name` FROM `ecs_grade` WHERE ( `id` = 2 ) LIMIT 1   [ RunTime:0.003772s ]
SQL: SELECT * FROM `ecs_games` WHERE ( `grade_id` = 1 ) AND ( `status` = 1 ) ORDER BY create_time DESC LIMIT 2   [ RunTime:0.004928s ]
SQL: SELECT * FROM `ecs_games` WHERE ( `grade_id` = 2 ) AND ( `status` = 1 ) ORDER BY create_time DESC LIMIT 5   [ RunTime:0.004452s ]
SQL: SELECT COUNT(*) AS tp_count FROM `ecs_participation` WHERE ( `game_id` = 36 ) LIMIT 1   [ RunTime:0.004042s ]
SQL: SELECT COUNT(*) AS tp_count FROM `ecs_participation` WHERE ( `game_id` = 34 ) LIMIT 1   [ RunTime:0.003879s ]
SQL: SELECT COUNT(*) AS tp_count FROM `ecs_participation` WHERE ( `company_id` = 1509010002 ) AND ( `game_id` = 30 ) LIMIT 1   [ RunTime:0.005264s ]
SQL: SELECT COUNT(*) AS tp_count FROM `ecs_participation` WHERE ( `company_id` = 1509010002 ) AND ( `game_id` = 29 ) LIMIT 1   [ RunTime:0.004066s ]
SQL: SELECT COUNT(*) AS tp_count FROM `ecs_participation` WHERE ( `company_id` = 1509010002 ) AND ( `game_id` = 28 ) LIMIT 1   [ RunTime:0.004579s ]

[ 2016-06-07T11:09:05+08:00 ] 127.0.0.1 /jyflapi/index.php/Games/GamesApi/gameList
INFO: [ app_begin ] --START--
INFO: Run Behavior\ReadHtmlCache [ RunTime:0.000534s ]
INFO: [ app_begin ] --END-- [ RunTime:0.000961s ]
SQL: SHOW COLUMNS FROM `ecs_games` [ RunTime:0.006070s ]
SQL: SHOW COLUMNS FROM `ecs_company` [ RunTime:0.005344s ]
SQL: SHOW COLUMNS FROM `ecs_users` [ RunTime:0.006846s ]
SQL: SHOW COLUMNS FROM `ecs_grade` [ RunTime:0.005845s ]
SQL: SHOW COLUMNS FROM `ecs_participation` [ RunTime:0.005594s ]
SQL: SELECT `company_id` FROM `ecs_users` WHERE ( `user_id` = 1 ) LIMIT 1   [ RunTime:0.003498s ]
SQL: SELECT * FROM `ecs_company` WHERE ( `card_company_id` = 1509010002 ) LIMIT 1   [ RunTime:0.003651s ]
SQL: SELECT `grade_name` FROM `ecs_grade` WHERE ( `id` = 2 ) LIMIT 1   [ RunTime:0.003471s ]
SQL: SELECT * FROM `ecs_games` WHERE ( `grade_id` = 1 ) AND ( `status` = 1 ) ORDER BY create_time DESC LIMIT 2   [ RunTime:0.004084s ]
SQL: SELECT * FROM `ecs_games` WHERE ( `grade_id` = 2 ) AND ( `status` = 1 ) ORDER BY create_time DESC LIMIT 5   [ RunTime:0.004198s ]
SQL: SELECT COUNT(*) AS tp_count FROM `ecs_participation` WHERE ( `game_id` = 36 ) LIMIT 1   [ RunTime:0.004132s ]
SQL: SELECT COUNT(*) AS tp_count FROM `ecs_participation` WHERE ( `game_id` = 34 ) LIMIT 1   [ RunTime:0.003700s ]
SQL: SELECT COUNT(*) AS tp_count FROM `ecs_participation` WHERE ( `company_id` = 1509010002 ) AND ( `game_id` = 30 ) LIMIT 1   [ RunTime:0.003942s ]
SQL: SELECT COUNT(*) AS tp_count FROM `ecs_participation` WHERE ( `company_id` = 1509010002 ) AND ( `game_id` = 29 ) LIMIT 1   [ RunTime:0.003948s ]
SQL: SELECT COUNT(*) AS tp_count FROM `ecs_participation` WHERE ( `company_id` = 1509010002 ) AND ( `game_id` = 28 ) LIMIT 1   [ RunTime:0.003666s ]

[ 2016-06-07T12:10:51+08:00 ] 127.0.0.1 /jyflapi/index.php/Games/GamesApi/gameList
INFO: [ app_begin ] --START--
INFO: Run Behavior\ReadHtmlCache [ RunTime:0.000517s ]
INFO: [ app_begin ] --END-- [ RunTime:0.000930s ]
SQL: SHOW COLUMNS FROM `ecs_games` [ RunTime:0.006689s ]
SQL: SHOW COLUMNS FROM `ecs_company` [ RunTime:0.005968s ]
SQL: SHOW COLUMNS FROM `ecs_users` [ RunTime:0.007942s ]
SQL: SHOW COLUMNS FROM `ecs_grade` [ RunTime:0.005838s ]
SQL: SHOW COLUMNS FROM `ecs_participation` [ RunTime:0.005698s ]
SQL: SELECT `company_id` FROM `ecs_users` WHERE ( `user_id` = 1 ) LIMIT 1   [ RunTime:0.004145s ]
SQL: SELECT * FROM `ecs_company` WHERE ( `card_company_id` = 1509010002 ) LIMIT 1   [ RunTime:0.004204s ]
SQL: SELECT `grade_name` FROM `ecs_grade` WHERE ( `id` = 2 ) LIMIT 1   [ RunTime:0.004023s ]
SQL: SELECT * FROM `ecs_games` WHERE ( `grade_id` = 1 ) AND ( `status` = 1 ) ORDER BY create_time DESC LIMIT 2   [ RunTime:0.005506s ]
SQL: SELECT * FROM `ecs_games` WHERE ( `grade_id` = 2 ) AND ( `status` = 1 ) ORDER BY create_time DESC LIMIT 5   [ RunTime:0.005610s ]
SQL: SELECT COUNT(*) AS tp_count FROM `ecs_participation` WHERE ( `game_id` = 36 ) LIMIT 1   [ RunTime:0.003909s ]
SQL: SELECT COUNT(*) AS tp_count FROM `ecs_participation` WHERE ( `game_id` = 34 ) LIMIT 1   [ RunTime:0.004280s ]
SQL: SELECT COUNT(*) AS tp_count FROM `ecs_participation` WHERE ( `company_id` = 1509010002 ) AND ( `game_id` = 30 ) LIMIT 1   [ RunTime:0.004143s ]
SQL: SELECT COUNT(*) AS tp_count FROM `ecs_participation` WHERE ( `company_id` = 1509010002 ) AND ( `game_id` = 29 ) LIMIT 1   [ RunTime:0.004040s ]
SQL: SELECT COUNT(*) AS tp_count FROM `ecs_participation` WHERE ( `company_id` = 1509010002 ) AND ( `game_id` = 28 ) LIMIT 1   [ RunTime:0.004266s ]

[ 2016-06-07T12:11:50+08:00 ] 127.0.0.1 /jyflapi/index.php/Games/GamesApi/gameList
INFO: [ app_begin ] --START--
INFO: Run Behavior\ReadHtmlCache [ RunTime:0.000524s ]
INFO: [ app_begin ] --END-- [ RunTime:0.000992s ]
SQL: SHOW COLUMNS FROM `ecs_games` [ RunTime:0.005868s ]
SQL: SHOW COLUMNS FROM `ecs_company` [ RunTime:0.005810s ]
SQL: SHOW COLUMNS FROM `ecs_users` [ RunTime:0.008172s ]
SQL: SHOW COLUMNS FROM `ecs_grade` [ RunTime:0.006088s ]
SQL: SHOW COLUMNS FROM `ecs_participation` [ RunTime:0.005983s ]
SQL: SELECT `company_id` FROM `ecs_users` WHERE ( `user_id` = 1 ) LIMIT 1   [ RunTime:0.004261s ]
SQL: SELECT * FROM `ecs_company` WHERE ( `card_company_id` = 1509010002 ) LIMIT 1   [ RunTime:0.008085s ]
SQL: SELECT `grade_name` FROM `ecs_grade` WHERE ( `id` = 2 ) LIMIT 1   [ RunTime:0.003767s ]
SQL: SELECT * FROM `ecs_games` WHERE ( `grade_id` = 1 ) AND ( `status` = 1 ) ORDER BY create_time DESC LIMIT 2   [ RunTime:0.005726s ]
SQL: SELECT * FROM `ecs_games` WHERE ( `grade_id` = 2 ) AND ( `status` = 1 ) ORDER BY create_time DESC LIMIT 5   [ RunTime:0.004590s ]
SQL: SELECT COUNT(*) AS tp_count FROM `ecs_participation` WHERE ( `game_id` = 36 ) LIMIT 1   [ RunTime:0.004353s ]
SQL: SELECT COUNT(*) AS tp_count FROM `ecs_participation` WHERE ( `game_id` = 34 ) LIMIT 1   [ RunTime:0.004564s ]
SQL: SELECT COUNT(*) AS tp_count FROM `ecs_participation` WHERE ( `company_id` = 1509010002 ) AND ( `game_id` = 30 ) LIMIT 1   [ RunTime:0.004701s ]
SQL: SELECT COUNT(*) AS tp_count FROM `ecs_participation` WHERE ( `company_id` = 1509010002 ) AND ( `game_id` = 29 ) LIMIT 1   [ RunTime:0.004085s ]
SQL: SELECT COUNT(*) AS tp_count FROM `ecs_participation` WHERE ( `company_id` = 1509010002 ) AND ( `game_id` = 28 ) LIMIT 1   [ RunTime:0.004070s ]

