[ 2016-06-01T09:02:32+08:00 ] 127.0.0.1 /jyflapi/index.php/Games/GamesApi/gameList
INFO: [ app_begin ] --START--
INFO: Run Behavior\ReadHtmlCache [ RunTime:0.000567s ]
INFO: [ app_begin ] --END-- [ RunTime:0.001039s ]
SQL: SHOW COLUMNS FROM `ecs_games` [ RunTime:0.012356s ]
SQL: SHOW COLUMNS FROM `ecs_company` [ RunTime:0.009913s ]
SQL: SHOW COLUMNS FROM `ecs_users` [ RunTime:0.028166s ]
SQL: SHOW COLUMNS FROM `ecs_grade` [ RunTime:0.013074s ]
SQL: SHOW COLUMNS FROM `ecs_participation` [ RunTime:0.008338s ]
SQL: SELECT `company_id` FROM `ecs_users` WHERE ( `user_id` = 1 ) LIMIT 1   [ RunTime:0.001668s ]
SQL: SELECT * FROM `ecs_company` WHERE ( `card_company_id` = 1509010002 ) LIMIT 1   [ RunTime:0.002728s ]
SQL: SELECT `grade_name` FROM `ecs_grade` WHERE ( `id` = 2 ) LIMIT 1   [ RunTime:0.004398s ]
SQL: SELECT * FROM `ecs_games` WHERE ( `grade_id` = 1 ) AND ( `status` = 1 ) ORDER BY create_time DESC LIMIT 2   [ RunTime:0.002883s ]
SQL: SELECT * FROM `ecs_games` WHERE ( `grade_id` = 2 ) AND ( `status` = 1 ) ORDER BY create_time DESC LIMIT 5   [ RunTime:0.001305s ]
SQL: SELECT COUNT(*) AS tp_count FROM `ecs_participation` WHERE ( `game_id` = 20 ) LIMIT 1   [ RunTime:0.001667s ]
SQL: SELECT COUNT(*) AS tp_count FROM `ecs_participation` WHERE ( `game_id` = 13 ) LIMIT 1   [ RunTime:0.001497s ]
SQL: SELECT COUNT(*) AS tp_count FROM `ecs_participation` WHERE ( `company_id` = 1509010002 ) AND ( `game_id` = 17 ) LIMIT 1   [ RunTime:0.001021s ]
SQL: SELECT COUNT(*) AS tp_count FROM `ecs_participation` WHERE ( `company_id` = 1509010002 ) AND ( `game_id` = 15 ) LIMIT 1   [ RunTime:0.001220s ]
SQL: SELECT COUNT(*) AS tp_count FROM `ecs_participation` WHERE ( `company_id` = 1509010002 ) AND ( `game_id` = 14 ) LIMIT 1   [ RunTime:0.001162s ]

[ 2016-06-01T09:02:41+08:00 ] 127.0.0.1 /jyflapi/index.php/Games/GamesApi/gameList
INFO: [ app_begin ] --START--
INFO: Run Behavior\ReadHtmlCache [ RunTime:0.000515s ]
INFO: [ app_begin ] --END-- [ RunTime:0.000912s ]
SQL: SHOW COLUMNS FROM `ecs_games` [ RunTime:0.006047s ]
SQL: SHOW COLUMNS FROM `ecs_company` [ RunTime:0.005504s ]
SQL: SHOW COLUMNS FROM `ecs_users` [ RunTime:0.007929s ]
SQL: SHOW COLUMNS FROM `ecs_grade` [ RunTime:0.005330s ]
SQL: SHOW COLUMNS FROM `ecs_participation` [ RunTime:0.006114s ]
SQL: SELECT `company_id` FROM `ecs_users` WHERE ( `user_id` = 1 ) LIMIT 1   [ RunTime:0.001151s ]
SQL: SELECT * FROM `ecs_company` WHERE ( `card_company_id` = 1509010002 ) LIMIT 1   [ RunTime:0.001235s ]
SQL: SELECT `grade_name` FROM `ecs_grade` WHERE ( `id` = 2 ) LIMIT 1   [ RunTime:0.001127s ]
SQL: SELECT * FROM `ecs_games` WHERE ( `grade_id` = 1 ) AND ( `status` = 1 ) ORDER BY create_time DESC LIMIT 2   [ RunTime:0.001119s ]
SQL: SELECT * FROM `ecs_games` WHERE ( `grade_id` = 2 ) AND ( `status` = 1 ) ORDER BY create_time DESC LIMIT 5   [ RunTime:0.001095s ]
SQL: SELECT COUNT(*) AS tp_count FROM `ecs_participation` WHERE ( `game_id` = 20 ) LIMIT 1   [ RunTime:0.001199s ]
SQL: SELECT COUNT(*) AS tp_count FROM `ecs_participation` WHERE ( `game_id` = 13 ) LIMIT 1   [ RunTime:0.001234s ]
SQL: SELECT COUNT(*) AS tp_count FROM `ecs_participation` WHERE ( `company_id` = 1509010002 ) AND ( `game_id` = 17 ) LIMIT 1   [ RunTime:0.001201s ]
SQL: SELECT COUNT(*) AS tp_count FROM `ecs_participation` WHERE ( `company_id` = 1509010002 ) AND ( `game_id` = 15 ) LIMIT 1   [ RunTime:0.001131s ]
SQL: SELECT COUNT(*) AS tp_count FROM `ecs_participation` WHERE ( `company_id` = 1509010002 ) AND ( `game_id` = 14 ) LIMIT 1   [ RunTime:0.001075s ]

