[ 2016-06-05T14:41:51+08:00 ] 192.168.1.109 /jyflapi/index.php/Games/GamesApi/gameList
INFO: [ app_begin ] --START--
INFO: Run Behavior\ReadHtmlCache [ RunTime:0.000628s ]
INFO: [ app_begin ] --END-- [ RunTime:0.001074s ]
SQL: SHOW COLUMNS FROM `ecs_games` [ RunTime:0.004688s ]
SQL: SHOW COLUMNS FROM `ecs_company` [ RunTime:0.003744s ]
SQL: SHOW COLUMNS FROM `ecs_users` [ RunTime:0.004290s ]
SQL: SHOW COLUMNS FROM `ecs_grade` [ RunTime:0.004370s ]
SQL: SHOW COLUMNS FROM `ecs_participation` [ RunTime:0.003868s ]
SQL: SELECT `company_id` FROM `ecs_users` WHERE ( `user_id` = 9 ) LIMIT 1   [ RunTime:0.000308s ]
SQL: SELECT * FROM `ecs_company` WHERE ( `card_company_id` = 1509070007 ) LIMIT 1   [ RunTime:0.000517s ]
SQL: SELECT `grade_name` FROM `ecs_grade` WHERE ( `id` = 2 ) LIMIT 1   [ RunTime:0.000607s ]
SQL: SELECT * FROM `ecs_games` WHERE ( `grade_id` = 1 ) AND ( `status` = 1 ) ORDER BY create_time DESC LIMIT 2   [ RunTime:0.000403s ]
SQL: SELECT * FROM `ecs_games` WHERE ( `grade_id` = 2 ) AND ( `status` = 1 ) ORDER BY create_time DESC LIMIT 5   [ RunTime:0.000327s ]
SQL: SELECT COUNT(*) AS tp_count FROM `ecs_participation` WHERE ( `game_id` = 36 ) LIMIT 1   [ RunTime:0.000263s ]
SQL: SELECT COUNT(*) AS tp_count FROM `ecs_participation` WHERE ( `game_id` = 34 ) LIMIT 1   [ RunTime:0.000235s ]
SQL: SELECT COUNT(*) AS tp_count FROM `ecs_participation` WHERE ( `company_id` = 1509070007 ) AND ( `game_id` = 30 ) LIMIT 1   [ RunTime:0.000243s ]
SQL: SELECT COUNT(*) AS tp_count FROM `ecs_participation` WHERE ( `company_id` = 1509070007 ) AND ( `game_id` = 29 ) LIMIT 1   [ RunTime:0.000235s ]
SQL: SELECT COUNT(*) AS tp_count FROM `ecs_participation` WHERE ( `company_id` = 1509070007 ) AND ( `game_id` = 28 ) LIMIT 1   [ RunTime:0.000244s ]

[ 2016-06-05T14:42:37+08:00 ] 192.168.1.161 /jyflapi/index.php/Games/GamesApi/gameList
INFO: [ app_begin ] --START--
INFO: Run Behavior\ReadHtmlCache [ RunTime:0.021323s ]
INFO: [ app_begin ] --END-- [ RunTime:0.033481s ]
SQL: SHOW COLUMNS FROM `ecs_games` [ RunTime:0.055975s ]
SQL: SHOW COLUMNS FROM `ecs_company` [ RunTime:0.043632s ]
SQL: SHOW COLUMNS FROM `ecs_users` [ RunTime:0.033419s ]
SQL: SHOW COLUMNS FROM `ecs_grade` [ RunTime:0.008848s ]
SQL: SHOW COLUMNS FROM `ecs_participation` [ RunTime:0.016839s ]
SQL: SELECT `company_id` FROM `ecs_users` WHERE ( `user_id` = 1 ) LIMIT 1   [ RunTime:0.001356s ]
SQL: SELECT * FROM `ecs_company` WHERE ( `card_company_id` = 1509010002 ) LIMIT 1   [ RunTime:0.002018s ]
SQL: SELECT `grade_name` FROM `ecs_grade` WHERE ( `id` = 2 ) LIMIT 1   [ RunTime:0.000422s ]
SQL: SELECT * FROM `ecs_games` WHERE ( `grade_id` = 1 ) AND ( `status` = 1 ) ORDER BY create_time DESC LIMIT 2   [ RunTime:0.001995s ]
SQL: SELECT * FROM `ecs_games` WHERE ( `grade_id` = 2 ) AND ( `status` = 1 ) ORDER BY create_time DESC LIMIT 5   [ RunTime:0.000569s ]
SQL: SELECT COUNT(*) AS tp_count FROM `ecs_participation` WHERE ( `game_id` = 36 ) LIMIT 1   [ RunTime:0.000332s ]
SQL: SELECT COUNT(*) AS tp_count FROM `ecs_participation` WHERE ( `game_id` = 34 ) LIMIT 1   [ RunTime:0.000375s ]
SQL: SELECT COUNT(*) AS tp_count FROM `ecs_participation` WHERE ( `company_id` = 1509010002 ) AND ( `game_id` = 30 ) LIMIT 1   [ RunTime:0.000342s ]
SQL: SELECT COUNT(*) AS tp_count FROM `ecs_participation` WHERE ( `company_id` = 1509010002 ) AND ( `game_id` = 29 ) LIMIT 1   [ RunTime:0.000272s ]
SQL: SELECT COUNT(*) AS tp_count FROM `ecs_participation` WHERE ( `company_id` = 1509010002 ) AND ( `game_id` = 28 ) LIMIT 1   [ RunTime:0.000283s ]

[ 2016-06-05T14:43:00+08:00 ] 192.168.1.161 /jyflapi/index.php?s=Peisong/Peisong/showmap
INFO: [ app_begin ] --START--
INFO: Run Behavior\ReadHtmlCache [ RunTime:0.000702s ]
INFO: [ app_begin ] --END-- [ RunTime:0.001188s ]
SQL: SHOW COLUMNS FROM `ecs_peisongmap` [ RunTime:0.058362s ]
SQL: SHOW COLUMNS FROM `ecs_peisongmapzuobiao` [ RunTime:0.005324s ]
SQL: SELECT * FROM `ecs_peisongmap` WHERE ( `gongyingshang_id` = '15' ) AND ( `isTime` = 1 )  [ RunTime:0.000757s ]
SQL: SELECT COUNT(*) AS tp_count FROM `ecs_peisongmap` WHERE ( `gongyingshang_id` = '15' ) AND ( `isTime` = 1 ) LIMIT 1   [ RunTime:0.000565s ]
INFO: [ app_end ] --START--
INFO: Run Behavior\ShowPageTrace [ RunTime:0.036587s ]
INFO: [ app_end ] --END-- [ RunTime:0.036867s ]

[ 2016-06-05T14:43:28+08:00 ] 192.168.1.148 /jyflapi/index.php?s=Peisong/Peisong/showmap
INFO: [ app_begin ] --START--
INFO: Run Behavior\ReadHtmlCache [ RunTime:0.001220s ]
INFO: [ app_begin ] --END-- [ RunTime:0.002159s ]
SQL: SHOW COLUMNS FROM `ecs_peisongmap` [ RunTime:0.005815s ]
SQL: SHOW COLUMNS FROM `ecs_peisongmapzuobiao` [ RunTime:0.005505s ]
SQL: SELECT * FROM `ecs_peisongmap` WHERE ( `gongyingshang_id` = '15' ) AND ( `isTime` = 1 )  [ RunTime:0.000800s ]
SQL: SELECT COUNT(*) AS tp_count FROM `ecs_peisongmap` WHERE ( `gongyingshang_id` = '15' ) AND ( `isTime` = 1 ) LIMIT 1   [ RunTime:0.000484s ]
INFO: [ app_end ] --START--
INFO: Run Behavior\ShowPageTrace [ RunTime:0.001546s ]
INFO: [ app_end ] --END-- [ RunTime:0.001750s ]

[ 2016-06-05T14:43:36+08:00 ] 192.168.1.148 /jyflapi/index.php?s=Peisong/Peisong/showmap
INFO: [ app_begin ] --START--
INFO: Run Behavior\ReadHtmlCache [ RunTime:0.000887s ]
INFO: [ app_begin ] --END-- [ RunTime:0.001635s ]
SQL: SHOW COLUMNS FROM `ecs_peisongmap` [ RunTime:0.005045s ]
SQL: SHOW COLUMNS FROM `ecs_peisongmapzuobiao` [ RunTime:0.004702s ]
SQL: SELECT * FROM `ecs_peisongmap` WHERE ( `gongyingshang_id` = '15' ) AND ( `isTime` = 2 )  [ RunTime:0.000482s ]
SQL: SELECT COUNT(*) AS tp_count FROM `ecs_peisongmap` WHERE ( `gongyingshang_id` = '15' ) AND ( `isTime` = 2 ) LIMIT 1   [ RunTime:0.000377s ]
INFO: [ app_end ] --START--
INFO: Run Behavior\ShowPageTrace [ RunTime:0.001317s ]
INFO: [ app_end ] --END-- [ RunTime:0.001490s ]

[ 2016-06-05T14:43:44+08:00 ] 192.168.1.127 /jyflapi/index.php/Games/GamesApi/gameList
INFO: [ app_begin ] --START--
INFO: Run Behavior\ReadHtmlCache [ RunTime:0.001119s ]
INFO: [ app_begin ] --END-- [ RunTime:0.001851s ]
SQL: SHOW COLUMNS FROM `ecs_games` [ RunTime:0.004587s ]
SQL: SHOW COLUMNS FROM `ecs_company` [ RunTime:0.019210s ]
SQL: SHOW COLUMNS FROM `ecs_users` [ RunTime:0.005888s ]
SQL: SHOW COLUMNS FROM `ecs_grade` [ RunTime:0.004121s ]
SQL: SHOW COLUMNS FROM `ecs_participation` [ RunTime:0.004762s ]
SQL: SELECT `company_id` FROM `ecs_users` WHERE ( `user_id` = 1 ) LIMIT 1   [ RunTime:0.000375s ]
SQL: SELECT * FROM `ecs_company` WHERE ( `card_company_id` = 1509010002 ) LIMIT 1   [ RunTime:0.000392s ]
SQL: SELECT `grade_name` FROM `ecs_grade` WHERE ( `id` = 2 ) LIMIT 1   [ RunTime:0.000302s ]
SQL: SELECT * FROM `ecs_games` WHERE ( `grade_id` = 1 ) AND ( `status` = 1 ) ORDER BY create_time DESC LIMIT 2   [ RunTime:0.000395s ]
SQL: SELECT * FROM `ecs_games` WHERE ( `grade_id` = 2 ) AND ( `status` = 1 ) ORDER BY create_time DESC LIMIT 5   [ RunTime:0.000384s ]
SQL: SELECT COUNT(*) AS tp_count FROM `ecs_participation` WHERE ( `game_id` = 36 ) LIMIT 1   [ RunTime:0.000296s ]
SQL: SELECT COUNT(*) AS tp_count FROM `ecs_participation` WHERE ( `game_id` = 34 ) LIMIT 1   [ RunTime:0.000326s ]
SQL: SELECT COUNT(*) AS tp_count FROM `ecs_participation` WHERE ( `company_id` = 1509010002 ) AND ( `game_id` = 30 ) LIMIT 1   [ RunTime:0.000293s ]
SQL: SELECT COUNT(*) AS tp_count FROM `ecs_participation` WHERE ( `company_id` = 1509010002 ) AND ( `game_id` = 29 ) LIMIT 1   [ RunTime:0.000289s ]
SQL: SELECT COUNT(*) AS tp_count FROM `ecs_participation` WHERE ( `company_id` = 1509010002 ) AND ( `game_id` = 28 ) LIMIT 1   [ RunTime:0.000278s ]

[ 2016-06-05T14:45:25+08:00 ] 192.168.1.148 /jyflapi/index.php?s=Peisong/Peisong/showmap
INFO: [ app_begin ] --START--
INFO: Run Behavior\ReadHtmlCache [ RunTime:0.001186s ]
INFO: [ app_begin ] --END-- [ RunTime:0.002117s ]
SQL: SHOW COLUMNS FROM `ecs_peisongmap` [ RunTime:0.024789s ]
SQL: SHOW COLUMNS FROM `ecs_peisongmapzuobiao` [ RunTime:0.005252s ]
SQL: SELECT * FROM `ecs_peisongmap` WHERE ( `gongyingshang_id` = '24' ) AND ( `isTime` = 1 )  [ RunTime:0.000598s ]
SQL: SELECT COUNT(*) AS tp_count FROM `ecs_peisongmap` WHERE ( `gongyingshang_id` = '24' ) AND ( `isTime` = 1 ) LIMIT 1   [ RunTime:0.000419s ]
INFO: [ app_end ] --START--
INFO: Run Behavior\ShowPageTrace [ RunTime:0.001394s ]
INFO: [ app_end ] --END-- [ RunTime:0.001592s ]

[ 2016-06-05T14:45:29+08:00 ] 192.168.1.109 /jyflapi/index.php/Games/GamesApi/gameList
INFO: [ app_begin ] --START--
INFO: Run Behavior\ReadHtmlCache [ RunTime:0.000851s ]
INFO: [ app_begin ] --END-- [ RunTime:0.001481s ]
SQL: SHOW COLUMNS FROM `ecs_games` [ RunTime:0.003609s ]
SQL: SHOW COLUMNS FROM `ecs_company` [ RunTime:0.003596s ]
SQL: SHOW COLUMNS FROM `ecs_users` [ RunTime:0.004250s ]
SQL: SHOW COLUMNS FROM `ecs_grade` [ RunTime:0.003661s ]
SQL: SHOW COLUMNS FROM `ecs_participation` [ RunTime:0.003434s ]
SQL: SELECT `company_id` FROM `ecs_users` WHERE ( `user_id` = 9 ) LIMIT 1   [ RunTime:0.000331s ]
SQL: SELECT * FROM `ecs_company` WHERE ( `card_company_id` = 1509070007 ) LIMIT 1   [ RunTime:0.000325s ]
SQL: SELECT `grade_name` FROM `ecs_grade` WHERE ( `id` = 2 ) LIMIT 1   [ RunTime:0.000221s ]
SQL: SELECT * FROM `ecs_games` WHERE ( `grade_id` = 1 ) AND ( `status` = 1 ) ORDER BY create_time DESC LIMIT 2   [ RunTime:0.000308s ]
SQL: SELECT * FROM `ecs_games` WHERE ( `grade_id` = 2 ) AND ( `status` = 1 ) ORDER BY create_time DESC LIMIT 5   [ RunTime:0.000294s ]
SQL: SELECT COUNT(*) AS tp_count FROM `ecs_participation` WHERE ( `game_id` = 36 ) LIMIT 1   [ RunTime:0.000236s ]
SQL: SELECT COUNT(*) AS tp_count FROM `ecs_participation` WHERE ( `game_id` = 34 ) LIMIT 1   [ RunTime:0.000229s ]
SQL: SELECT COUNT(*) AS tp_count FROM `ecs_participation` WHERE ( `company_id` = 1509070007 ) AND ( `game_id` = 30 ) LIMIT 1   [ RunTime:0.000234s ]
SQL: SELECT COUNT(*) AS tp_count FROM `ecs_participation` WHERE ( `company_id` = 1509070007 ) AND ( `game_id` = 29 ) LIMIT 1   [ RunTime:0.000231s ]
SQL: SELECT COUNT(*) AS tp_count FROM `ecs_participation` WHERE ( `company_id` = 1509070007 ) AND ( `game_id` = 28 ) LIMIT 1   [ RunTime:0.000235s ]

[ 2016-06-05T14:45:30+08:00 ] 192.168.1.148 /jyflapi/index.php?s=Peisong/Peisong/showmap
INFO: [ app_begin ] --START--
INFO: Run Behavior\ReadHtmlCache [ RunTime:0.000853s ]
INFO: [ app_begin ] --END-- [ RunTime:0.002747s ]
SQL: SHOW COLUMNS FROM `ecs_peisongmap` [ RunTime:0.004943s ]
SQL: SHOW COLUMNS FROM `ecs_peisongmapzuobiao` [ RunTime:0.004497s ]
SQL: SELECT * FROM `ecs_peisongmap` WHERE ( `gongyingshang_id` = '24' ) AND ( `isTime` = 2 )  [ RunTime:0.000464s ]
SQL: SELECT COUNT(*) AS tp_count FROM `ecs_peisongmap` WHERE ( `gongyingshang_id` = '24' ) AND ( `isTime` = 2 ) LIMIT 1   [ RunTime:0.000360s ]
INFO: [ app_end ] --START--
INFO: Run Behavior\ShowPageTrace [ RunTime:0.001052s ]
INFO: [ app_end ] --END-- [ RunTime:0.001229s ]

[ 2016-06-05T14:45:36+08:00 ] 192.168.1.109 /jyflapi/index.php/Games/GamesApi/gameList
INFO: [ app_begin ] --START--
INFO: Run Behavior\ReadHtmlCache [ RunTime:0.000871s ]
INFO: [ app_begin ] --END-- [ RunTime:0.001484s ]
SQL: SHOW COLUMNS FROM `ecs_games` [ RunTime:0.003296s ]
SQL: SHOW COLUMNS FROM `ecs_company` [ RunTime:0.003260s ]
SQL: SHOW COLUMNS FROM `ecs_users` [ RunTime:0.003762s ]
SQL: SHOW COLUMNS FROM `ecs_grade` [ RunTime:0.003426s ]
SQL: SHOW COLUMNS FROM `ecs_participation` [ RunTime:0.003315s ]
SQL: SELECT `company_id` FROM `ecs_users` WHERE ( `user_id` = 9 ) LIMIT 1   [ RunTime:0.000263s ]
SQL: SELECT * FROM `ecs_company` WHERE ( `card_company_id` = 1509070007 ) LIMIT 1   [ RunTime:0.000257s ]
SQL: SELECT `grade_name` FROM `ecs_grade` WHERE ( `id` = 2 ) LIMIT 1   [ RunTime:0.000185s ]
SQL: SELECT * FROM `ecs_games` WHERE ( `grade_id` = 1 ) AND ( `status` = 1 ) ORDER BY create_time DESC LIMIT 2   [ RunTime:0.000260s ]
SQL: SELECT * FROM `ecs_games` WHERE ( `grade_id` = 2 ) AND ( `status` = 1 ) ORDER BY create_time DESC LIMIT 5   [ RunTime:0.000249s ]
SQL: SELECT COUNT(*) AS tp_count FROM `ecs_participation` WHERE ( `game_id` = 36 ) LIMIT 1   [ RunTime:0.000202s ]
SQL: SELECT COUNT(*) AS tp_count FROM `ecs_participation` WHERE ( `game_id` = 34 ) LIMIT 1   [ RunTime:0.000199s ]
SQL: SELECT COUNT(*) AS tp_count FROM `ecs_participation` WHERE ( `company_id` = 1509070007 ) AND ( `game_id` = 30 ) LIMIT 1   [ RunTime:0.000199s ]
SQL: SELECT COUNT(*) AS tp_count FROM `ecs_participation` WHERE ( `company_id` = 1509070007 ) AND ( `game_id` = 29 ) LIMIT 1   [ RunTime:0.000195s ]
SQL: SELECT COUNT(*) AS tp_count FROM `ecs_participation` WHERE ( `company_id` = 1509070007 ) AND ( `game_id` = 28 ) LIMIT 1   [ RunTime:0.000199s ]

[ 2016-06-05T14:45:45+08:00 ] 192.168.1.109 /jyflapi/index.php/Games/GamesApi/gameList
INFO: [ app_begin ] --START--
INFO: Run Behavior\ReadHtmlCache [ RunTime:0.001079s ]
INFO: [ app_begin ] --END-- [ RunTime:0.001809s ]
SQL: SHOW COLUMNS FROM `ecs_games` [ RunTime:0.003546s ]
SQL: SHOW COLUMNS FROM `ecs_company` [ RunTime:0.003187s ]
SQL: SHOW COLUMNS FROM `ecs_users` [ RunTime:0.003917s ]
SQL: SHOW COLUMNS FROM `ecs_grade` [ RunTime:0.003108s ]
SQL: SHOW COLUMNS FROM `ecs_participation` [ RunTime:0.003430s ]
SQL: SELECT `company_id` FROM `ecs_users` WHERE ( `user_id` = 9 ) LIMIT 1   [ RunTime:0.000287s ]
SQL: SELECT * FROM `ecs_company` WHERE ( `card_company_id` = 1509070007 ) LIMIT 1   [ RunTime:0.000284s ]
SQL: SELECT `grade_name` FROM `ecs_grade` WHERE ( `id` = 2 ) LIMIT 1   [ RunTime:0.000214s ]
SQL: SELECT * FROM `ecs_games` WHERE ( `grade_id` = 1 ) AND ( `status` = 1 ) ORDER BY create_time DESC LIMIT 2   [ RunTime:0.000285s ]
SQL: SELECT * FROM `ecs_games` WHERE ( `grade_id` = 2 ) AND ( `status` = 1 ) ORDER BY create_time DESC LIMIT 5   [ RunTime:0.000281s ]
SQL: SELECT COUNT(*) AS tp_count FROM `ecs_participation` WHERE ( `game_id` = 36 ) LIMIT 1   [ RunTime:0.000200s ]
SQL: SELECT COUNT(*) AS tp_count FROM `ecs_participation` WHERE ( `game_id` = 34 ) LIMIT 1   [ RunTime:0.000190s ]
SQL: SELECT COUNT(*) AS tp_count FROM `ecs_participation` WHERE ( `company_id` = 1509070007 ) AND ( `game_id` = 30 ) LIMIT 1   [ RunTime:0.000178s ]
SQL: SELECT COUNT(*) AS tp_count FROM `ecs_participation` WHERE ( `company_id` = 1509070007 ) AND ( `game_id` = 29 ) LIMIT 1   [ RunTime:0.000185s ]
SQL: SELECT COUNT(*) AS tp_count FROM `ecs_participation` WHERE ( `company_id` = 1509070007 ) AND ( `game_id` = 28 ) LIMIT 1   [ RunTime:0.000187s ]

