[ 2016-05-10T11:34:59+08:00 ] 192.168.1.138 /jyflapi/
INFO: [ app_begin ] --START--
INFO: Run Behavior\ReadHtmlCache [ RunTime:0.006665s ]
INFO: [ app_begin ] --END-- [ RunTime:0.015452s ]
INFO: [ view_parse ] --START--
NOTIC: [2] ucfirst() expects parameter 1 to be string, array given C:\wamp\www\jyflapi\ThinkPHP\Library\Think\Storage.class.php 第 36 行.
INFO: Run Behavior\ParseTemplate [ RunTime:0.002619s ]
INFO: [ view_parse ] --END-- [ RunTime:0.003071s ]
INFO: [ view_filter ] --START--
INFO: Run Behavior\WriteHtmlCache [ RunTime:0.018336s ]
INFO: [ view_filter ] --END-- [ RunTime:0.018724s ]
INFO: [ app_end ] --START--
INFO: Run Behavior\ShowPageTrace [ RunTime:0.008223s ]
INFO: [ app_end ] --END-- [ RunTime:0.008614s ]

[ 2016-05-10T13:50:13+08:00 ] 192.168.1.138 /jyflapi/index.php?s=Users/User/userShow
INFO: [ app_begin ] --START--
INFO: Run Behavior\ReadHtmlCache [ RunTime:0.001719s ]
INFO: [ app_begin ] --END-- [ RunTime:0.002903s ]
ERR: Unknown database 'sql_huayingtest160114'

[ 2016-05-10T13:50:30+08:00 ] 192.168.1.138 /jyflapi/index.php?s=Users/User/userShow
INFO: [ app_begin ] --START--
INFO: Run Behavior\ReadHtmlCache [ RunTime:0.001170s ]
INFO: [ app_begin ] --END-- [ RunTime:0.002109s ]
ERR: Unknown database 'sql_huayingtest160114'

[ 2016-05-10T13:52:37+08:00 ] 192.168.1.138 /jyflapi/index.php?s=Users/User/userShow
INFO: [ app_begin ] --START--
INFO: Run Behavior\ReadHtmlCache [ RunTime:0.001082s ]
INFO: [ app_begin ] --END-- [ RunTime:0.001855s ]
SQL: SHOW COLUMNS FROM `ecs_users` [ RunTime:0.021100s ]
SQL: SELECT * FROM `ecs_users` WHERE ( user_id = 1 ) LIMIT 1   [ RunTime:0.000434s ]
INFO: [ app_end ] --START--
INFO: Run Behavior\ShowPageTrace [ RunTime:0.000923s ]
INFO: [ app_end ] --END-- [ RunTime:0.001039s ]

[ 2016-05-10T14:17:01+08:00 ] 192.168.1.138 /jyflapi/index.php?s=Users/User/userShow
INFO: [ app_begin ] --START--
INFO: Run Behavior\ReadHtmlCache [ RunTime:0.001427s ]
INFO: [ app_begin ] --END-- [ RunTime:0.002356s ]
SQL: SHOW COLUMNS FROM `ecs_users` [ RunTime:0.003943s ]
SQL: SELECT * FROM `ecs_users` WHERE ( user_id = 1 ) LIMIT 1   [ RunTime:0.000440s ]
INFO: [ app_end ] --START--
INFO: Run Behavior\ShowPageTrace [ RunTime:0.000863s ]
INFO: [ app_end ] --END-- [ RunTime:0.000972s ]

[ 2016-05-10T14:29:40+08:00 ] 192.168.1.138 /jyflapi/index.php?s=Users/User/userShow
INFO: [ app_begin ] --START--
INFO: Run Behavior\ReadHtmlCache [ RunTime:0.002072s ]
INFO: [ app_begin ] --END-- [ RunTime:0.003265s ]
SQL: SHOW COLUMNS FROM `ecs_users` [ RunTime:0.004117s ]
SQL: SELECT * FROM `ecs_users` WHERE ( user_id = 1 ) LIMIT 1   [ RunTime:0.000478s ]
INFO: [ app_end ] --START--
INFO: Run Behavior\ShowPageTrace [ RunTime:0.001011s ]
INFO: [ app_end ] --END-- [ RunTime:0.001126s ]

[ 2016-05-10T14:30:00+08:00 ] 192.168.1.138 /jyflapi/index.php?s=Users/User/userUpdate
INFO: [ app_begin ] --START--
INFO: Run Behavior\ReadHtmlCache [ RunTime:0.000815s ]
INFO: [ app_begin ] --END-- [ RunTime:0.003763s ]
SQL: SHOW COLUMNS FROM `ecs_users` [ RunTime:0.004457s ]
SQL: UPDATE `ecs_users` SET `nickname`='小不点',`sex`=2,`birthday`='2016-12-10',`basic`='单身',`xingqu`='酒店',`pic`='http://1.93.129.196:8055/jyflapi/Uploads/2016-05-03/5728088292553.png' WHERE ( user_id=1 ) [ RunTime:0.000796s ]
INFO: [ app_end ] --START--
INFO: Run Behavior\ShowPageTrace [ RunTime:0.000924s ]
INFO: [ app_end ] --END-- [ RunTime:0.001034s ]

[ 2016-05-10T14:30:02+08:00 ] 192.168.1.138 /jyflapi/index.php?s=Users/User/userUpdate
INFO: [ app_begin ] --START--
INFO: Run Behavior\ReadHtmlCache [ RunTime:0.001483s ]
INFO: [ app_begin ] --END-- [ RunTime:0.002400s ]
SQL: SHOW COLUMNS FROM `ecs_users` [ RunTime:0.003636s ]
SQL: UPDATE `ecs_users` SET `nickname`='小不点',`sex`=2,`birthday`='2016-12-10',`basic`='单身',`xingqu`='酒店',`pic`='http://1.93.129.196:8055/jyflapi/Uploads/2016-05-03/5728088292553.png' WHERE ( user_id=1 ) [ RunTime:0.000284s ]
INFO: [ app_end ] --START--
INFO: Run Behavior\ShowPageTrace [ RunTime:0.000891s ]
INFO: [ app_end ] --END-- [ RunTime:0.000993s ]

[ 2016-05-10T14:30:05+08:00 ] 192.168.1.138 /jyflapi/index.php?s=Users/User/userShow
INFO: [ app_begin ] --START--
INFO: Run Behavior\ReadHtmlCache [ RunTime:0.001112s ]
INFO: [ app_begin ] --END-- [ RunTime:0.001857s ]
SQL: SHOW COLUMNS FROM `ecs_users` [ RunTime:0.005187s ]
SQL: SELECT * FROM `ecs_users` WHERE ( user_id = 1 ) LIMIT 1   [ RunTime:0.000567s ]
INFO: [ app_end ] --START--
INFO: Run Behavior\ShowPageTrace [ RunTime:0.001236s ]
INFO: [ app_end ] --END-- [ RunTime:0.001386s ]

[ 2016-05-10T14:30:10+08:00 ] 192.168.1.138 /jyflapi/index.php?s=Users/User/userShow
INFO: [ app_begin ] --START--
INFO: Run Behavior\ReadHtmlCache [ RunTime:0.001181s ]
INFO: [ app_begin ] --END-- [ RunTime:0.001934s ]
SQL: SHOW COLUMNS FROM `ecs_users` [ RunTime:0.005091s ]
SQL: SELECT * FROM `ecs_users` WHERE ( user_id = 1 ) LIMIT 1   [ RunTime:0.000615s ]
INFO: [ app_end ] --START--
INFO: Run Behavior\ShowPageTrace [ RunTime:0.001364s ]
INFO: [ app_end ] --END-- [ RunTime:0.001520s ]

[ 2016-05-10T14:30:18+08:00 ] 192.168.1.138 /jyflapi/index.php?s=Users/User/userUpdate
INFO: [ app_begin ] --START--
INFO: Run Behavior\ReadHtmlCache [ RunTime:0.001196s ]
INFO: [ app_begin ] --END-- [ RunTime:0.001939s ]
SQL: SHOW COLUMNS FROM `ecs_users` [ RunTime:0.003620s ]
SQL: UPDATE `ecs_users` SET `nickname`='小不点',`sex`=2,`birthday`='2016-12-10',`basic`='单身',`xingqu`='休闲娱乐',`pic`='http://1.93.129.196:8055/jyflapi/Uploads/2016-05-03/5728088292553.png' WHERE ( user_id=1 ) [ RunTime:0.000365s ]
INFO: [ app_end ] --START--
INFO: Run Behavior\ShowPageTrace [ RunTime:0.000949s ]
INFO: [ app_end ] --END-- [ RunTime:0.001055s ]

[ 2016-05-10T14:30:22+08:00 ] 192.168.1.138 /jyflapi/index.php?s=Users/User/userUpdate
INFO: [ app_begin ] --START--
INFO: Run Behavior\ReadHtmlCache [ RunTime:0.001244s ]
INFO: [ app_begin ] --END-- [ RunTime:0.002030s ]
SQL: SHOW COLUMNS FROM `ecs_users` [ RunTime:0.005625s ]
SQL: UPDATE `ecs_users` SET `nickname`='小不点',`sex`=2,`birthday`='2016-12-10',`basic`='保密',`xingqu`='休闲娱乐',`pic`='http://1.93.129.196:8055/jyflapi/Uploads/2016-05-03/5728088292553.png' WHERE ( user_id=1 ) [ RunTime:0.000346s ]
INFO: [ app_end ] --START--
INFO: Run Behavior\ShowPageTrace [ RunTime:0.000960s ]
INFO: [ app_end ] --END-- [ RunTime:0.001066s ]

[ 2016-05-10T14:30:23+08:00 ] 192.168.1.138 /jyflapi/index.php?s=Users/User/userUpdate
INFO: [ app_begin ] --START--
INFO: Run Behavior\ReadHtmlCache [ RunTime:0.001391s ]
INFO: [ app_begin ] --END-- [ RunTime:0.002267s ]
SQL: SHOW COLUMNS FROM `ecs_users` [ RunTime:0.003675s ]
SQL: UPDATE `ecs_users` SET `nickname`='小不点',`sex`=2,`birthday`='2016-12-10',`basic`='保密',`xingqu`='休闲娱乐',`pic`='http://1.93.129.196:8055/jyflapi/Uploads/2016-05-03/5728088292553.png' WHERE ( user_id=1 ) [ RunTime:0.000281s ]
INFO: [ app_end ] --START--
INFO: Run Behavior\ShowPageTrace [ RunTime:0.000940s ]
INFO: [ app_end ] --END-- [ RunTime:0.001037s ]

[ 2016-05-10T14:30:29+08:00 ] 192.168.1.138 /jyflapi/index.php?s=Users/User/userShow
INFO: [ app_begin ] --START--
INFO: Run Behavior\ReadHtmlCache [ RunTime:0.001151s ]
INFO: [ app_begin ] --END-- [ RunTime:0.001965s ]
SQL: SHOW COLUMNS FROM `ecs_users` [ RunTime:0.003762s ]
SQL: SELECT * FROM `ecs_users` WHERE ( user_id = 1 ) LIMIT 1   [ RunTime:0.000428s ]
INFO: [ app_end ] --START--
INFO: Run Behavior\ShowPageTrace [ RunTime:0.000845s ]
INFO: [ app_end ] --END-- [ RunTime:0.000945s ]

[ 2016-05-10T14:30:49+08:00 ] 192.168.1.138 /jyflapi/index.php?s=Users/User/userUpdate
INFO: [ app_begin ] --START--
INFO: Run Behavior\ReadHtmlCache [ RunTime:0.000916s ]
INFO: [ app_begin ] --END-- [ RunTime:0.001607s ]
SQL: SHOW COLUMNS FROM `ecs_users` [ RunTime:0.004714s ]
SQL: UPDATE `ecs_users` SET `nickname`='小不点',`sex`=2,`birthday`='2016-12-10',`basic`='保密',`xingqu`='休闲娱乐',`pic`='http://1.93.129.196:8055/jyflapi/Uploads/2016-05-03/5728088292553.png' WHERE ( user_id=1 ) [ RunTime:0.000337s ]
INFO: [ app_end ] --START--
INFO: Run Behavior\ShowPageTrace [ RunTime:0.001052s ]
INFO: [ app_end ] --END-- [ RunTime:0.001188s ]

[ 2016-05-10T14:30:50+08:00 ] 192.168.1.138 /jyflapi/index.php?s=Users/User/userUpdate
INFO: [ app_begin ] --START--
INFO: Run Behavior\ReadHtmlCache [ RunTime:0.001547s ]
INFO: [ app_begin ] --END-- [ RunTime:0.002710s ]
SQL: SHOW COLUMNS FROM `ecs_users` [ RunTime:0.003722s ]
SQL: UPDATE `ecs_users` SET `nickname`='小不点',`sex`=2,`birthday`='2016-12-10',`basic`='保密',`xingqu`='休闲娱乐',`pic`='http://1.93.129.196:8055/jyflapi/Uploads/2016-05-03/5728088292553.png' WHERE ( user_id=1 ) [ RunTime:0.000319s ]
INFO: [ app_end ] --START--
INFO: Run Behavior\ShowPageTrace [ RunTime:0.000858s ]
INFO: [ app_end ] --END-- [ RunTime:0.000961s ]

[ 2016-05-10T14:30:50+08:00 ] 192.168.1.138 /jyflapi/index.php?s=Users/User/userUpdate
INFO: [ app_begin ] --START--
INFO: Run Behavior\ReadHtmlCache [ RunTime:0.001003s ]
INFO: [ app_begin ] --END-- [ RunTime:0.001753s ]
SQL: SHOW COLUMNS FROM `ecs_users` [ RunTime:0.005077s ]
SQL: UPDATE `ecs_users` SET `nickname`='小不点',`sex`=2,`birthday`='2016-12-10',`basic`='保密',`xingqu`='休闲娱乐',`pic`='http://1.93.129.196:8055/jyflapi/Uploads/2016-05-03/5728088292553.png' WHERE ( user_id=1 ) [ RunTime:0.000379s ]
INFO: [ app_end ] --START--
INFO: Run Behavior\ShowPageTrace [ RunTime:0.001195s ]
INFO: [ app_end ] --END-- [ RunTime:0.001345s ]

[ 2016-05-10T14:30:50+08:00 ] 192.168.1.138 /jyflapi/index.php?s=Users/User/userUpdate
INFO: [ app_begin ] --START--
INFO: Run Behavior\ReadHtmlCache [ RunTime:0.001269s ]
INFO: [ app_begin ] --END-- [ RunTime:0.002143s ]
SQL: SHOW COLUMNS FROM `ecs_users` [ RunTime:0.004230s ]
SQL: UPDATE `ecs_users` SET `nickname`='小不点',`sex`=2,`birthday`='2016-12-10',`basic`='保密',`xingqu`='休闲娱乐',`pic`='http://1.93.129.196:8055/jyflapi/Uploads/2016-05-03/5728088292553.png' WHERE ( user_id=1 ) [ RunTime:0.000279s ]
INFO: [ app_end ] --START--
INFO: Run Behavior\ShowPageTrace [ RunTime:0.000839s ]
INFO: [ app_end ] --END-- [ RunTime:0.000937s ]

[ 2016-05-10T14:30:50+08:00 ] 192.168.1.138 /jyflapi/index.php?s=Users/User/userUpdate
INFO: [ app_begin ] --START--
INFO: Run Behavior\ReadHtmlCache [ RunTime:0.001233s ]
INFO: [ app_begin ] --END-- [ RunTime:0.002146s ]
SQL: SHOW COLUMNS FROM `ecs_users` [ RunTime:0.003566s ]
SQL: UPDATE `ecs_users` SET `nickname`='小不点',`sex`=2,`birthday`='2016-12-10',`basic`='保密',`xingqu`='休闲娱乐',`pic`='http://1.93.129.196:8055/jyflapi/Uploads/2016-05-03/5728088292553.png' WHERE ( user_id=1 ) [ RunTime:0.000274s ]
INFO: [ app_end ] --START--
INFO: Run Behavior\ShowPageTrace [ RunTime:0.000895s ]
INFO: [ app_end ] --END-- [ RunTime:0.000999s ]

[ 2016-05-10T14:30:52+08:00 ] 192.168.1.138 /jyflapi/index.php?s=Users/User/userShow
INFO: [ app_begin ] --START--
INFO: Run Behavior\ReadHtmlCache [ RunTime:0.001062s ]
INFO: [ app_begin ] --END-- [ RunTime:0.001899s ]
SQL: SHOW COLUMNS FROM `ecs_users` [ RunTime:0.004461s ]
SQL: SELECT * FROM `ecs_users` WHERE ( user_id = 1 ) LIMIT 1   [ RunTime:0.000433s ]
INFO: [ app_end ] --START--
INFO: Run Behavior\ShowPageTrace [ RunTime:0.000852s ]
INFO: [ app_end ] --END-- [ RunTime:0.000958s ]

[ 2016-05-10T14:32:55+08:00 ] 192.168.1.138 /jyflapi/index.php?s=Upload/Upload/upload
INFO: [ app_begin ] --START--
INFO: Run Behavior\ReadHtmlCache [ RunTime:0.000733s ]
INFO: [ app_begin ] --END-- [ RunTime:0.001253s ]
NOTIC: [2] call_user_func() expects parameter 1 to be a valid callback, no array or string given C:\wamp\www\jyflapi\ThinkPHP\Library\Think\Upload.class.php 第 167 行.
INFO: [ app_end ] --START--
INFO: Run Behavior\ShowPageTrace [ RunTime:0.003891s ]
INFO: [ app_end ] --END-- [ RunTime:0.004326s ]

[ 2016-05-10T14:32:56+08:00 ] 192.168.1.138 /jyflapi/index.php?s=Upload/Upload/upload
INFO: [ app_begin ] --START--
INFO: Run Behavior\ReadHtmlCache [ RunTime:0.001257s ]
INFO: [ app_begin ] --END-- [ RunTime:0.002017s ]
NOTIC: [2] call_user_func() expects parameter 1 to be a valid callback, no array or string given C:\wamp\www\jyflapi\ThinkPHP\Library\Think\Upload.class.php 第 167 行.
INFO: [ app_end ] --START--
INFO: Run Behavior\ShowPageTrace [ RunTime:0.001346s ]
INFO: [ app_end ] --END-- [ RunTime:0.001507s ]

[ 2016-05-10T14:32:56+08:00 ] 192.168.1.138 /jyflapi/index.php?s=Upload/Upload/upload
INFO: [ app_begin ] --START--
INFO: Run Behavior\ReadHtmlCache [ RunTime:0.001608s ]
INFO: [ app_begin ] --END-- [ RunTime:0.002577s ]
NOTIC: [2] call_user_func() expects parameter 1 to be a valid callback, no array or string given C:\wamp\www\jyflapi\ThinkPHP\Library\Think\Upload.class.php 第 167 行.
INFO: [ app_end ] --START--
INFO: Run Behavior\ShowPageTrace [ RunTime:0.001490s ]
INFO: [ app_end ] --END-- [ RunTime:0.001657s ]

[ 2016-05-10T14:32:57+08:00 ] 192.168.1.138 /jyflapi/index.php?s=Users/User/userUpdate
INFO: [ app_begin ] --START--
INFO: Run Behavior\ReadHtmlCache [ RunTime:0.001970s ]
INFO: [ app_begin ] --END-- [ RunTime:0.003131s ]
SQL: SHOW COLUMNS FROM `ecs_users` [ RunTime:0.003776s ]
SQL: UPDATE `ecs_users` SET `nickname`='小不点',`sex`=2,`birthday`='2016-12-10',`basic`='保密',`xingqu`='休闲娱乐',`pic`='blob:http%3A//192.168.1.161/aaff193b-75b6-49eb-bef3-0a175a213fe8' WHERE ( user_id=1 ) [ RunTime:0.000334s ]
INFO: [ app_end ] --START--
INFO: Run Behavior\ShowPageTrace [ RunTime:0.000900s ]
INFO: [ app_end ] --END-- [ RunTime:0.000997s ]

[ 2016-05-10T14:33:00+08:00 ] 192.168.1.138 /jyflapi/index.php?s=Users/User/userUpdate
INFO: [ app_begin ] --START--
INFO: Run Behavior\ReadHtmlCache [ RunTime:0.001127s ]
INFO: [ app_begin ] --END-- [ RunTime:0.001879s ]
SQL: SHOW COLUMNS FROM `ecs_users` [ RunTime:0.004787s ]
SQL: UPDATE `ecs_users` SET `nickname`='小不点',`sex`=2,`birthday`='2016-12-10',`basic`='保密',`xingqu`='休闲娱乐',`pic`='blob:http%3A//192.168.1.161/aaff193b-75b6-49eb-bef3-0a175a213fe8' WHERE ( user_id=1 ) [ RunTime:0.000378s ]
INFO: [ app_end ] --START--
INFO: Run Behavior\ShowPageTrace [ RunTime:0.000986s ]
INFO: [ app_end ] --END-- [ RunTime:0.001085s ]

[ 2016-05-10T14:33:02+08:00 ] 192.168.1.138 /jyflapi/index.php?s=Users/User/userShow
INFO: [ app_begin ] --START--
INFO: Run Behavior\ReadHtmlCache [ RunTime:0.001313s ]
INFO: [ app_begin ] --END-- [ RunTime:0.002147s ]
SQL: SHOW COLUMNS FROM `ecs_users` [ RunTime:0.004355s ]
SQL: SELECT * FROM `ecs_users` WHERE ( user_id = 1 ) LIMIT 1   [ RunTime:0.000428s ]
INFO: [ app_end ] --START--
INFO: Run Behavior\ShowPageTrace [ RunTime:0.000968s ]
INFO: [ app_end ] --END-- [ RunTime:0.001075s ]

[ 2016-05-10T14:33:06+08:00 ] 192.168.1.138 /jyflapi/index.php?s=Users/User/userShow
INFO: [ app_begin ] --START--
INFO: Run Behavior\ReadHtmlCache [ RunTime:0.001214s ]
INFO: [ app_begin ] --END-- [ RunTime:0.001999s ]
SQL: SHOW COLUMNS FROM `ecs_users` [ RunTime:0.020976s ]
SQL: SELECT * FROM `ecs_users` WHERE ( user_id = 1 ) LIMIT 1   [ RunTime:0.000440s ]
INFO: [ app_end ] --START--
INFO: Run Behavior\ShowPageTrace [ RunTime:0.000975s ]
INFO: [ app_end ] --END-- [ RunTime:0.001084s ]

[ 2016-05-10T14:33:45+08:00 ] 192.168.1.138 /jyflapi/index.php?s=Users/User/userShow
INFO: [ app_begin ] --START--
INFO: Run Behavior\ReadHtmlCache [ RunTime:0.001833s ]
INFO: [ app_begin ] --END-- [ RunTime:0.002960s ]
SQL: SHOW COLUMNS FROM `ecs_users` [ RunTime:0.003821s ]
SQL: SELECT * FROM `ecs_users` WHERE ( user_id = 1 ) LIMIT 1   [ RunTime:0.000432s ]
INFO: [ app_end ] --START--
INFO: Run Behavior\ShowPageTrace [ RunTime:0.000946s ]
INFO: [ app_end ] --END-- [ RunTime:0.001052s ]

[ 2016-05-10T14:37:37+08:00 ] 192.168.1.138 /jyflapi/index.php?s=Users/User/userShow
INFO: [ app_begin ] --START--
INFO: Run Behavior\ReadHtmlCache [ RunTime:0.001834s ]
INFO: [ app_begin ] --END-- [ RunTime:0.002994s ]
SQL: SHOW COLUMNS FROM `ecs_users` [ RunTime:0.003779s ]
SQL: SELECT * FROM `ecs_users` WHERE ( user_id = 1 ) LIMIT 1   [ RunTime:0.000425s ]
INFO: [ app_end ] --START--
INFO: Run Behavior\ShowPageTrace [ RunTime:0.000953s ]
INFO: [ app_end ] --END-- [ RunTime:0.001057s ]

[ 2016-05-10T14:37:42+08:00 ] 192.168.1.138 /jyflapi/index.php?s=Upload/Upload/upload
INFO: [ app_begin ] --START--
INFO: Run Behavior\ReadHtmlCache [ RunTime:0.001120s ]
INFO: [ app_begin ] --END-- [ RunTime:0.001864s ]
NOTIC: [2] call_user_func() expects parameter 1 to be a valid callback, no array or string given C:\wamp\www\jyflapi\ThinkPHP\Library\Think\Upload.class.php 第 167 行.
INFO: [ app_end ] --START--
INFO: Run Behavior\ShowPageTrace [ RunTime:0.001735s ]
INFO: [ app_end ] --END-- [ RunTime:0.001916s ]

[ 2016-05-10T14:38:02+08:00 ] 192.168.1.138 /jyflapi/index.php?s=Users/User/userShow
INFO: [ app_begin ] --START--
INFO: Run Behavior\ReadHtmlCache [ RunTime:0.001917s ]
INFO: [ app_begin ] --END-- [ RunTime:0.003076s ]
SQL: SHOW COLUMNS FROM `ecs_users` [ RunTime:0.003617s ]
SQL: SELECT * FROM `ecs_users` WHERE ( user_id = 1 ) LIMIT 1   [ RunTime:0.000414s ]
INFO: [ app_end ] --START--
INFO: Run Behavior\ShowPageTrace [ RunTime:0.000960s ]
INFO: [ app_end ] --END-- [ RunTime:0.001058s ]

[ 2016-05-10T14:38:23+08:00 ] 192.168.1.138 /jyflapi/index.php?s=Users/User/userShow
INFO: [ app_begin ] --START--
INFO: Run Behavior\ReadHtmlCache [ RunTime:0.001250s ]
INFO: [ app_begin ] --END-- [ RunTime:0.002181s ]
SQL: SHOW COLUMNS FROM `ecs_users` [ RunTime:0.003745s ]
SQL: SELECT * FROM `ecs_users` WHERE ( user_id = 1 ) LIMIT 1   [ RunTime:0.000445s ]
INFO: [ app_end ] --START--
INFO: Run Behavior\ShowPageTrace [ RunTime:0.000923s ]
INFO: [ app_end ] --END-- [ RunTime:0.001036s ]

[ 2016-05-10T14:39:01+08:00 ] 192.168.1.138 /jyflapi/index.php?s=Upload/Upload/upload
INFO: [ app_begin ] --START--
INFO: Run Behavior\ReadHtmlCache [ RunTime:0.000787s ]
INFO: [ app_begin ] --END-- [ RunTime:0.001435s ]
NOTIC: [2] call_user_func() expects parameter 1 to be a valid callback, no array or string given C:\wamp\www\jyflapi\ThinkPHP\Library\Think\Upload.class.php 第 167 行.
INFO: [ app_end ] --START--
INFO: Run Behavior\ShowPageTrace [ RunTime:0.001614s ]
INFO: [ app_end ] --END-- [ RunTime:0.001788s ]

[ 2016-05-10T14:39:01+08:00 ] 192.168.1.138 /jyflapi/index.php?s=Upload/Upload/upload
INFO: [ app_begin ] --START--
INFO: Run Behavior\ReadHtmlCache [ RunTime:0.001264s ]
INFO: [ app_begin ] --END-- [ RunTime:0.002005s ]
NOTIC: [2] call_user_func() expects parameter 1 to be a valid callback, no array or string given C:\wamp\www\jyflapi\ThinkPHP\Library\Think\Upload.class.php 第 167 行.
INFO: [ app_end ] --START--
INFO: Run Behavior\ShowPageTrace [ RunTime:0.001258s ]
INFO: [ app_end ] --END-- [ RunTime:0.001436s ]

[ 2016-05-10T14:39:01+08:00 ] 192.168.1.138 /jyflapi/index.php?s=Upload/Upload/upload
INFO: [ app_begin ] --START--
INFO: Run Behavior\ReadHtmlCache [ RunTime:0.001535s ]
INFO: [ app_begin ] --END-- [ RunTime:0.002508s ]
NOTIC: [2] call_user_func() expects parameter 1 to be a valid callback, no array or string given C:\wamp\www\jyflapi\ThinkPHP\Library\Think\Upload.class.php 第 167 行.
INFO: [ app_end ] --START--
INFO: Run Behavior\ShowPageTrace [ RunTime:0.000901s ]
INFO: [ app_end ] --END-- [ RunTime:0.001026s ]

[ 2016-05-10T14:39:01+08:00 ] 192.168.1.138 /jyflapi/index.php?s=Upload/Upload/upload
INFO: [ app_begin ] --START--
INFO: Run Behavior\ReadHtmlCache [ RunTime:0.001100s ]
INFO: [ app_begin ] --END-- [ RunTime:0.001822s ]
NOTIC: [2] call_user_func() expects parameter 1 to be a valid callback, no array or string given C:\wamp\www\jyflapi\ThinkPHP\Library\Think\Upload.class.php 第 167 行.
INFO: [ app_end ] --START--
INFO: Run Behavior\ShowPageTrace [ RunTime:0.001225s ]
INFO: [ app_end ] --END-- [ RunTime:0.001399s ]

[ 2016-05-10T14:39:01+08:00 ] 192.168.1.138 /jyflapi/index.php?s=Upload/Upload/upload
INFO: [ app_begin ] --START--
INFO: Run Behavior\ReadHtmlCache [ RunTime:0.001225s ]
INFO: [ app_begin ] --END-- [ RunTime:0.002029s ]
NOTIC: [2] call_user_func() expects parameter 1 to be a valid callback, no array or string given C:\wamp\www\jyflapi\ThinkPHP\Library\Think\Upload.class.php 第 167 行.
INFO: [ app_end ] --START--
INFO: Run Behavior\ShowPageTrace [ RunTime:0.001315s ]
INFO: [ app_end ] --END-- [ RunTime:0.001516s ]

[ 2016-05-10T14:39:02+08:00 ] 192.168.1.138 /jyflapi/index.php?s=Upload/Upload/upload
INFO: [ app_begin ] --START--
INFO: Run Behavior\ReadHtmlCache [ RunTime:0.000810s ]
INFO: [ app_begin ] --END-- [ RunTime:0.001347s ]
NOTIC: [2] call_user_func() expects parameter 1 to be a valid callback, no array or string given C:\wamp\www\jyflapi\ThinkPHP\Library\Think\Upload.class.php 第 167 行.
INFO: [ app_end ] --START--
INFO: Run Behavior\ShowPageTrace [ RunTime:0.000884s ]
INFO: [ app_end ] --END-- [ RunTime:0.001006s ]

[ 2016-05-10T14:39:02+08:00 ] 192.168.1.138 /jyflapi/index.php?s=Upload/Upload/upload
INFO: [ app_begin ] --START--
INFO: Run Behavior\ReadHtmlCache [ RunTime:0.001114s ]
INFO: [ app_begin ] --END-- [ RunTime:0.001837s ]
NOTIC: [2] call_user_func() expects parameter 1 to be a valid callback, no array or string given C:\wamp\www\jyflapi\ThinkPHP\Library\Think\Upload.class.php 第 167 行.
INFO: [ app_end ] --START--
INFO: Run Behavior\ShowPageTrace [ RunTime:0.001322s ]
INFO: [ app_end ] --END-- [ RunTime:0.001500s ]

[ 2016-05-10T14:39:02+08:00 ] 192.168.1.138 /jyflapi/index.php?s=Upload/Upload/upload
INFO: [ app_begin ] --START--
INFO: Run Behavior\ReadHtmlCache [ RunTime:0.001273s ]
INFO: [ app_begin ] --END-- [ RunTime:0.002105s ]
NOTIC: [2] call_user_func() expects parameter 1 to be a valid callback, no array or string given C:\wamp\www\jyflapi\ThinkPHP\Library\Think\Upload.class.php 第 167 行.
INFO: [ app_end ] --START--
INFO: Run Behavior\ShowPageTrace [ RunTime:0.001364s ]
INFO: [ app_end ] --END-- [ RunTime:0.001551s ]

[ 2016-05-10T14:39:02+08:00 ] 192.168.1.138 /jyflapi/index.php?s=Upload/Upload/upload
INFO: [ app_begin ] --START--
INFO: Run Behavior\ReadHtmlCache [ RunTime:0.001210s ]
INFO: [ app_begin ] --END-- [ RunTime:0.001999s ]
NOTIC: [2] call_user_func() expects parameter 1 to be a valid callback, no array or string given C:\wamp\www\jyflapi\ThinkPHP\Library\Think\Upload.class.php 第 167 行.
INFO: [ app_end ] --START--
INFO: Run Behavior\ShowPageTrace [ RunTime:0.001311s ]
INFO: [ app_end ] --END-- [ RunTime:0.001487s ]

[ 2016-05-10T14:39:02+08:00 ] 192.168.1.138 /jyflapi/index.php?s=Upload/Upload/upload
INFO: [ app_begin ] --START--
INFO: Run Behavior\ReadHtmlCache [ RunTime:0.001439s ]
INFO: [ app_begin ] --END-- [ RunTime:0.002320s ]
NOTIC: [2] call_user_func() expects parameter 1 to be a valid callback, no array or string given C:\wamp\www\jyflapi\ThinkPHP\Library\Think\Upload.class.php 第 167 行.
INFO: [ app_end ] --START--
INFO: Run Behavior\ShowPageTrace [ RunTime:0.001557s ]
INFO: [ app_end ] --END-- [ RunTime:0.001786s ]

[ 2016-05-10T14:39:02+08:00 ] 192.168.1.138 /jyflapi/index.php?s=Upload/Upload/upload
INFO: [ app_begin ] --START--
INFO: Run Behavior\ReadHtmlCache [ RunTime:0.001291s ]
INFO: [ app_begin ] --END-- [ RunTime:0.002136s ]
NOTIC: [2] call_user_func() expects parameter 1 to be a valid callback, no array or string given C:\wamp\www\jyflapi\ThinkPHP\Library\Think\Upload.class.php 第 167 行.
INFO: [ app_end ] --START--
INFO: Run Behavior\ShowPageTrace [ RunTime:0.001474s ]
INFO: [ app_end ] --END-- [ RunTime:0.001670s ]

[ 2016-05-10T14:39:03+08:00 ] 192.168.1.138 /jyflapi/index.php?s=Upload/Upload/upload
INFO: [ app_begin ] --START--
INFO: Run Behavior\ReadHtmlCache [ RunTime:0.001226s ]
INFO: [ app_begin ] --END-- [ RunTime:0.002020s ]
NOTIC: [2] call_user_func() expects parameter 1 to be a valid callback, no array or string given C:\wamp\www\jyflapi\ThinkPHP\Library\Think\Upload.class.php 第 167 行.
INFO: [ app_end ] --START--
INFO: Run Behavior\ShowPageTrace [ RunTime:0.001366s ]
INFO: [ app_end ] --END-- [ RunTime:0.001563s ]

[ 2016-05-10T14:39:03+08:00 ] 192.168.1.138 /jyflapi/index.php?s=Upload/Upload/upload
INFO: [ app_begin ] --START--
INFO: Run Behavior\ReadHtmlCache [ RunTime:0.001310s ]
INFO: [ app_begin ] --END-- [ RunTime:0.002136s ]
NOTIC: [2] call_user_func() expects parameter 1 to be a valid callback, no array or string given C:\wamp\www\jyflapi\ThinkPHP\Library\Think\Upload.class.php 第 167 行.
INFO: [ app_end ] --START--
INFO: Run Behavior\ShowPageTrace [ RunTime:0.001377s ]
INFO: [ app_end ] --END-- [ RunTime:0.001563s ]

[ 2016-05-10T14:39:03+08:00 ] 192.168.1.138 /jyflapi/index.php?s=Upload/Upload/upload
INFO: [ app_begin ] --START--
INFO: Run Behavior\ReadHtmlCache [ RunTime:0.001209s ]
INFO: [ app_begin ] --END-- [ RunTime:0.001995s ]
NOTIC: [2] call_user_func() expects parameter 1 to be a valid callback, no array or string given C:\wamp\www\jyflapi\ThinkPHP\Library\Think\Upload.class.php 第 167 行.
INFO: [ app_end ] --START--
INFO: Run Behavior\ShowPageTrace [ RunTime:0.001247s ]
INFO: [ app_end ] --END-- [ RunTime:0.001427s ]

[ 2016-05-10T14:39:03+08:00 ] 192.168.1.138 /jyflapi/index.php?s=Upload/Upload/upload
INFO: [ app_begin ] --START--
INFO: Run Behavior\ReadHtmlCache [ RunTime:0.001286s ]
INFO: [ app_begin ] --END-- [ RunTime:0.002193s ]
NOTIC: [2] call_user_func() expects parameter 1 to be a valid callback, no array or string given C:\wamp\www\jyflapi\ThinkPHP\Library\Think\Upload.class.php 第 167 行.
INFO: [ app_end ] --START--
INFO: Run Behavior\ShowPageTrace [ RunTime:0.001375s ]
INFO: [ app_end ] --END-- [ RunTime:0.001580s ]

[ 2016-05-10T14:39:03+08:00 ] 192.168.1.138 /jyflapi/index.php?s=Upload/Upload/upload
INFO: [ app_begin ] --START--
INFO: Run Behavior\ReadHtmlCache [ RunTime:0.001007s ]
INFO: [ app_begin ] --END-- [ RunTime:0.001734s ]
NOTIC: [2] call_user_func() expects parameter 1 to be a valid callback, no array or string given C:\wamp\www\jyflapi\ThinkPHP\Library\Think\Upload.class.php 第 167 行.
INFO: [ app_end ] --START--
INFO: Run Behavior\ShowPageTrace [ RunTime:0.001121s ]
INFO: [ app_end ] --END-- [ RunTime:0.001296s ]

[ 2016-05-10T14:39:04+08:00 ] 192.168.1.138 /jyflapi/index.php?s=Upload/Upload/upload
INFO: [ app_begin ] --START--
INFO: Run Behavior\ReadHtmlCache [ RunTime:0.001157s ]
INFO: [ app_begin ] --END-- [ RunTime:0.002016s ]
NOTIC: [2] call_user_func() expects parameter 1 to be a valid callback, no array or string given C:\wamp\www\jyflapi\ThinkPHP\Library\Think\Upload.class.php 第 167 行.
INFO: [ app_end ] --START--
INFO: Run Behavior\ShowPageTrace [ RunTime:0.001242s ]
INFO: [ app_end ] --END-- [ RunTime:0.001423s ]

[ 2016-05-10T14:39:04+08:00 ] 192.168.1.138 /jyflapi/index.php?s=Upload/Upload/upload
INFO: [ app_begin ] --START--
INFO: Run Behavior\ReadHtmlCache [ RunTime:0.002608s ]
INFO: [ app_begin ] --END-- [ RunTime:0.004427s ]
NOTIC: [2] call_user_func() expects parameter 1 to be a valid callback, no array or string given C:\wamp\www\jyflapi\ThinkPHP\Library\Think\Upload.class.php 第 167 行.
INFO: [ app_end ] --START--
INFO: Run Behavior\ShowPageTrace [ RunTime:0.001200s ]
INFO: [ app_end ] --END-- [ RunTime:0.001377s ]

[ 2016-05-10T14:39:10+08:00 ] 192.168.1.138 /jyflapi/index.php?s=Users/User/userShow
INFO: [ app_begin ] --START--
INFO: Run Behavior\ReadHtmlCache [ RunTime:0.001155s ]
INFO: [ app_begin ] --END-- [ RunTime:0.002016s ]
SQL: SHOW COLUMNS FROM `ecs_users` [ RunTime:0.004319s ]
SQL: SELECT * FROM `ecs_users` WHERE ( user_id = 1 ) LIMIT 1   [ RunTime:0.000429s ]
INFO: [ app_end ] --START--
INFO: Run Behavior\ShowPageTrace [ RunTime:0.000893s ]
INFO: [ app_end ] --END-- [ RunTime:0.000999s ]

[ 2016-05-10T15:02:30+08:00 ] 192.168.1.138 /jyflapi/index.php?s=Users/User/userShow
INFO: [ app_begin ] --START--
INFO: Run Behavior\ReadHtmlCache [ RunTime:0.002805s ]
INFO: [ app_begin ] --END-- [ RunTime:0.004620s ]
SQL: SHOW COLUMNS FROM `ecs_users` [ RunTime:0.005669s ]
SQL: SELECT * FROM `ecs_users` WHERE ( user_id = 1 ) LIMIT 1   [ RunTime:0.000664s ]
INFO: [ app_end ] --START--
INFO: Run Behavior\ShowPageTrace [ RunTime:0.001281s ]
INFO: [ app_end ] --END-- [ RunTime:0.001446s ]

[ 2016-05-10T15:02:36+08:00 ] 192.168.1.138 /jyflapi/index.php?s=Users/User/userShow
INFO: [ app_begin ] --START--
INFO: Run Behavior\ReadHtmlCache [ RunTime:0.001006s ]
INFO: [ app_begin ] --END-- [ RunTime:0.001756s ]
SQL: SHOW COLUMNS FROM `ecs_users` [ RunTime:0.005428s ]
SQL: SELECT * FROM `ecs_users` WHERE ( user_id = 1 ) LIMIT 1   [ RunTime:0.000582s ]
INFO: [ app_end ] --START--
INFO: Run Behavior\ShowPageTrace [ RunTime:0.001119s ]
INFO: [ app_end ] --END-- [ RunTime:0.001275s ]

[ 2016-05-10T15:02:43+08:00 ] 192.168.1.138 /jyflapi/index.php?s=Users/User/userShow
INFO: [ app_begin ] --START--
INFO: Run Behavior\ReadHtmlCache [ RunTime:0.000997s ]
INFO: [ app_begin ] --END-- [ RunTime:0.001751s ]
SQL: SHOW COLUMNS FROM `ecs_users` [ RunTime:0.005074s ]
SQL: SELECT * FROM `ecs_users` WHERE ( user_id = 1 ) LIMIT 1   [ RunTime:0.000615s ]
INFO: [ app_end ] --START--
INFO: Run Behavior\ShowPageTrace [ RunTime:0.001176s ]
INFO: [ app_end ] --END-- [ RunTime:0.001331s ]

[ 2016-05-10T15:02:50+08:00 ] 192.168.1.138 /jyflapi/index.php?s=Users/User/userShow
INFO: [ app_begin ] --START--
INFO: Run Behavior\ReadHtmlCache [ RunTime:0.001098s ]
INFO: [ app_begin ] --END-- [ RunTime:0.001901s ]
SQL: SHOW COLUMNS FROM `ecs_users` [ RunTime:0.005227s ]
SQL: SELECT * FROM `ecs_users` WHERE ( user_id = 1 ) LIMIT 1   [ RunTime:0.000442s ]
INFO: [ app_end ] --START--
INFO: Run Behavior\ShowPageTrace [ RunTime:0.000905s ]
INFO: [ app_end ] --END-- [ RunTime:0.001013s ]

[ 2016-05-10T15:17:28+08:00 ] 192.168.1.138 /jyflapi/index.php/Users/User/showCity
INFO: [ app_begin ] --START--
INFO: Run Behavior\ReadHtmlCache [ RunTime:0.001262s ]
INFO: [ app_begin ] --END-- [ RunTime:0.002088s ]
SQL: SHOW COLUMNS FROM `ecs_region` [ RunTime:0.005101s ]
SQL: SELECT `region_id`,`region_name` FROM `ecs_region` WHERE ( parent_id=0 )  [ RunTime:0.002109s ]
INFO: [ app_end ] --START--
INFO: Run Behavior\ShowPageTrace [ RunTime:0.000983s ]
INFO: [ app_end ] --END-- [ RunTime:0.001123s ]

[ 2016-05-10T15:25:59+08:00 ] 192.168.1.138 /jyflapi/index.php?s=Users/User/userShow
INFO: [ app_begin ] --START--
INFO: Run Behavior\ReadHtmlCache [ RunTime:0.001354s ]
INFO: [ app_begin ] --END-- [ RunTime:0.002296s ]
NOTIC: [8] Undefined index: user_id C:\wamp\www\jyflapi\Application\Users\Controller\UserController.class.php 第 25 行.
SQL: SHOW COLUMNS FROM `ecs_users` [ RunTime:0.006426s ]
SQL: SELECT * FROM `ecs_users` WHERE ( user_id = %d ) LIMIT 1   [ RunTime:0.000294s ]
ERR: 1064:You have an error in your SQL syntax; check the manual that corresponds to your MySQL server version for the right syntax to use near '%d ) LIMIT 1' at line 1
 [ SQL语句 ] : SELECT * FROM `ecs_users` WHERE ( user_id = %d ) LIMIT 1  
INFO: [ app_end ] --START--
INFO: Run Behavior\ShowPageTrace [ RunTime:0.001479s ]
INFO: [ app_end ] --END-- [ RunTime:0.001666s ]

[ 2016-05-10T15:26:06+08:00 ] 192.168.1.138 /jyflapi/index.php?s=Users/User/userShow
INFO: [ app_begin ] --START--
INFO: Run Behavior\ReadHtmlCache [ RunTime:0.001009s ]
INFO: [ app_begin ] --END-- [ RunTime:0.001719s ]
NOTIC: [8] Undefined index: user_id C:\wamp\www\jyflapi\Application\Users\Controller\UserController.class.php 第 25 行.
SQL: SHOW COLUMNS FROM `ecs_users` [ RunTime:0.005291s ]
SQL: SELECT * FROM `ecs_users` WHERE ( user_id = %d ) LIMIT 1   [ RunTime:0.000241s ]
ERR: 1064:You have an error in your SQL syntax; check the manual that corresponds to your MySQL server version for the right syntax to use near '%d ) LIMIT 1' at line 1
 [ SQL语句 ] : SELECT * FROM `ecs_users` WHERE ( user_id = %d ) LIMIT 1  
INFO: [ app_end ] --START--
INFO: Run Behavior\ShowPageTrace [ RunTime:0.001160s ]
INFO: [ app_end ] --END-- [ RunTime:0.001310s ]

[ 2016-05-10T16:33:53+08:00 ] 192.168.1.138 /jyflapi/index.php?s=Users/User/userShow
INFO: [ app_begin ] --START--
INFO: Run Behavior\ReadHtmlCache [ RunTime:0.001092s ]
INFO: [ app_begin ] --END-- [ RunTime:0.001798s ]
SQL: SHOW COLUMNS FROM `ecs_users` [ RunTime:0.021030s ]
SQL: SELECT * FROM `ecs_users` WHERE ( user_id = 1 ) LIMIT 1   [ RunTime:0.000573s ]
INFO: [ app_end ] --START--
INFO: Run Behavior\ShowPageTrace [ RunTime:0.001266s ]
INFO: [ app_end ] --END-- [ RunTime:0.001412s ]

[ 2016-05-10T16:34:04+08:00 ] 192.168.1.138 /jyflapi/index.php?s=Upload/Upload/upload
INFO: [ app_begin ] --START--
INFO: Run Behavior\ReadHtmlCache [ RunTime:0.001226s ]
INFO: [ app_begin ] --END-- [ RunTime:0.002014s ]
NOTIC: [2] call_user_func() expects parameter 1 to be a valid callback, no array or string given C:\wamp\www\jyflapi\ThinkPHP\Library\Think\Upload.class.php 第 167 行.
INFO: [ app_end ] --START--
INFO: Run Behavior\ShowPageTrace [ RunTime:0.001222s ]
INFO: [ app_end ] --END-- [ RunTime:0.001375s ]

[ 2016-05-10T16:34:14+08:00 ] 192.168.1.138 /jyflapi/index.php?s=Users/User/userShow
INFO: [ app_begin ] --START--
INFO: Run Behavior\ReadHtmlCache [ RunTime:0.001222s ]
INFO: [ app_begin ] --END-- [ RunTime:0.002005s ]
SQL: SHOW COLUMNS FROM `ecs_users` [ RunTime:0.005776s ]
SQL: SELECT * FROM `ecs_users` WHERE ( user_id = 1 ) LIMIT 1   [ RunTime:0.000469s ]
INFO: [ app_end ] --START--
INFO: Run Behavior\ShowPageTrace [ RunTime:0.000860s ]
INFO: [ app_end ] --END-- [ RunTime:0.000971s ]

[ 2016-05-10T16:37:39+08:00 ] 192.168.1.138 /jyflapi/index.php?s=Users/User/userShow
INFO: [ app_begin ] --START--
INFO: Run Behavior\ReadHtmlCache [ RunTime:0.000772s ]
INFO: [ app_begin ] --END-- [ RunTime:0.001361s ]
SQL: SHOW COLUMNS FROM `ecs_users` [ RunTime:0.004031s ]
SQL: SELECT * FROM `ecs_users` WHERE ( user_id = 1 ) LIMIT 1   [ RunTime:0.000449s ]
INFO: [ app_end ] --START--
INFO: Run Behavior\ShowPageTrace [ RunTime:0.000864s ]
INFO: [ app_end ] --END-- [ RunTime:0.000972s ]

[ 2016-05-10T16:37:49+08:00 ] 192.168.1.138 /jyflapi/index.php?s=Upload/Upload/upload
INFO: [ app_begin ] --START--
INFO: Run Behavior\ReadHtmlCache [ RunTime:0.001138s ]
INFO: [ app_begin ] --END-- [ RunTime:0.002041s ]
NOTIC: [2] call_user_func() expects parameter 1 to be a valid callback, no array or string given C:\wamp\www\jyflapi\ThinkPHP\Library\Think\Upload.class.php 第 167 行.
INFO: [ app_end ] --START--
INFO: Run Behavior\ShowPageTrace [ RunTime:0.001598s ]
INFO: [ app_end ] --END-- [ RunTime:0.001792s ]

[ 2016-05-10T16:38:13+08:00 ] 192.168.1.138 /jyflapi/index.php?s=Users/User/userShow
INFO: [ app_begin ] --START--
INFO: Run Behavior\ReadHtmlCache [ RunTime:0.001515s ]
INFO: [ app_begin ] --END-- [ RunTime:0.002635s ]
SQL: SHOW COLUMNS FROM `ecs_users` [ RunTime:0.003753s ]
SQL: SELECT * FROM `ecs_users` WHERE ( user_id = 1 ) LIMIT 1   [ RunTime:0.000426s ]
INFO: [ app_end ] --START--
INFO: Run Behavior\ShowPageTrace [ RunTime:0.000849s ]
INFO: [ app_end ] --END-- [ RunTime:0.000955s ]

[ 2016-05-10T16:40:38+08:00 ] 192.168.1.138 /jyflapi/index.php?s=Users/User/userShow
INFO: [ app_begin ] --START--
INFO: Run Behavior\ReadHtmlCache [ RunTime:0.001833s ]
INFO: [ app_begin ] --END-- [ RunTime:0.002990s ]
SQL: SHOW COLUMNS FROM `ecs_users` [ RunTime:0.003764s ]
SQL: SELECT * FROM `ecs_users` WHERE ( user_id = 1 ) LIMIT 1   [ RunTime:0.000432s ]
INFO: [ app_end ] --START--
INFO: Run Behavior\ShowPageTrace [ RunTime:0.000972s ]
INFO: [ app_end ] --END-- [ RunTime:0.001076s ]

[ 2016-05-10T16:40:55+08:00 ] 192.168.1.138 /jyflapi/index.php?s=Upload/Upload/upload
INFO: [ app_begin ] --START--
INFO: Run Behavior\ReadHtmlCache [ RunTime:0.002338s ]
INFO: [ app_begin ] --END-- [ RunTime:0.003941s ]
NOTIC: [2] call_user_func() expects parameter 1 to be a valid callback, no array or string given C:\wamp\www\jyflapi\ThinkPHP\Library\Think\Upload.class.php 第 167 行.
INFO: [ app_end ] --START--
INFO: Run Behavior\ShowPageTrace [ RunTime:0.002430s ]
INFO: [ app_end ] --END-- [ RunTime:0.002637s ]

[ 2016-05-10T16:42:27+08:00 ] 192.168.1.138 /jyflapi/index.php?s=Users/User/userShow
INFO: [ app_begin ] --START--
INFO: Run Behavior\ReadHtmlCache [ RunTime:0.002844s ]
INFO: [ app_begin ] --END-- [ RunTime:0.004602s ]
SQL: SHOW COLUMNS FROM `ecs_users` [ RunTime:0.007483s ]
SQL: SELECT * FROM `ecs_users` WHERE ( user_id = 1 ) LIMIT 1   [ RunTime:0.000731s ]
INFO: [ app_end ] --START--
INFO: Run Behavior\ShowPageTrace [ RunTime:0.001671s ]
INFO: [ app_end ] --END-- [ RunTime:0.001862s ]

[ 2016-05-10T16:42:31+08:00 ] 192.168.1.138 /jyflapi/index.php?s=Upload/Upload/upload
INFO: [ app_begin ] --START--
INFO: Run Behavior\ReadHtmlCache [ RunTime:0.001288s ]
INFO: [ app_begin ] --END-- [ RunTime:0.002094s ]
NOTIC: [2] call_user_func() expects parameter 1 to be a valid callback, no array or string given C:\wamp\www\jyflapi\ThinkPHP\Library\Think\Upload.class.php 第 167 行.
INFO: [ app_end ] --START--
INFO: Run Behavior\ShowPageTrace [ RunTime:0.002225s ]
INFO: [ app_end ] --END-- [ RunTime:0.002412s ]

[ 2016-05-10T16:42:57+08:00 ] 192.168.1.138 /jyflapi/index.php?s=Users/User/userShow
INFO: [ app_begin ] --START--
INFO: Run Behavior\ReadHtmlCache [ RunTime:0.001516s ]
INFO: [ app_begin ] --END-- [ RunTime:0.002496s ]
SQL: SHOW COLUMNS FROM `ecs_users` [ RunTime:0.003997s ]
SQL: SELECT * FROM `ecs_users` WHERE ( user_id = 1 ) LIMIT 1   [ RunTime:0.000418s ]
INFO: [ app_end ] --START--
INFO: Run Behavior\ShowPageTrace [ RunTime:0.000954s ]
INFO: [ app_end ] --END-- [ RunTime:0.001054s ]

[ 2016-05-10T16:43:02+08:00 ] 192.168.1.138 /jyflapi/index.php?s=Upload/Upload/upload
INFO: [ app_begin ] --START--
INFO: Run Behavior\ReadHtmlCache [ RunTime:0.001068s ]
INFO: [ app_begin ] --END-- [ RunTime:0.001794s ]
NOTIC: [2] call_user_func() expects parameter 1 to be a valid callback, no array or string given C:\wamp\www\jyflapi\ThinkPHP\Library\Think\Upload.class.php 第 167 行.
INFO: [ app_end ] --START--
INFO: Run Behavior\ShowPageTrace [ RunTime:0.001277s ]
INFO: [ app_end ] --END-- [ RunTime:0.001466s ]

[ 2016-05-10T16:44:32+08:00 ] 192.168.1.138 /jyflapi/index.php?s=Users/User/userShow
INFO: [ app_begin ] --START--
INFO: Run Behavior\ReadHtmlCache [ RunTime:0.001230s ]
INFO: [ app_begin ] --END-- [ RunTime:0.002017s ]
SQL: SHOW COLUMNS FROM `ecs_users` [ RunTime:0.004728s ]
SQL: SELECT * FROM `ecs_users` WHERE ( user_id = 1 ) LIMIT 1   [ RunTime:0.000558s ]
INFO: [ app_end ] --START--
INFO: Run Behavior\ShowPageTrace [ RunTime:0.001290s ]
INFO: [ app_end ] --END-- [ RunTime:0.001431s ]

[ 2016-05-10T16:44:45+08:00 ] 192.168.1.138 /jyflapi/index.php?s=Users/User/userShow
INFO: [ app_begin ] --START--
INFO: Run Behavior\ReadHtmlCache [ RunTime:0.001837s ]
INFO: [ app_begin ] --END-- [ RunTime:0.003027s ]
SQL: SHOW COLUMNS FROM `ecs_users` [ RunTime:0.003733s ]
SQL: SELECT * FROM `ecs_users` WHERE ( user_id = 1 ) LIMIT 1   [ RunTime:0.000435s ]
INFO: [ app_end ] --START--
INFO: Run Behavior\ShowPageTrace [ RunTime:0.000968s ]
INFO: [ app_end ] --END-- [ RunTime:0.001075s ]

[ 2016-05-10T16:44:53+08:00 ] 192.168.1.138 /jyflapi/index.php?s=Upload/Upload/upload
INFO: [ app_begin ] --START--
INFO: Run Behavior\ReadHtmlCache [ RunTime:0.001122s ]
INFO: [ app_begin ] --END-- [ RunTime:0.001849s ]
NOTIC: [2] call_user_func() expects parameter 1 to be a valid callback, no array or string given C:\wamp\www\jyflapi\ThinkPHP\Library\Think\Upload.class.php 第 167 行.
INFO: [ app_end ] --START--
INFO: Run Behavior\ShowPageTrace [ RunTime:0.001228s ]
INFO: [ app_end ] --END-- [ RunTime:0.001413s ]

[ 2016-05-10T16:48:59+08:00 ] 192.168.1.127 /jyflapi/index.php?s=Users/User/userShow
INFO: [ app_begin ] --START--
INFO: Run Behavior\ReadHtmlCache [ RunTime:0.001461s ]
INFO: [ app_begin ] --END-- [ RunTime:0.002470s ]
SQL: SHOW COLUMNS FROM `ecs_users` [ RunTime:0.016478s ]
SQL: SELECT * FROM `ecs_users` WHERE ( user_id = 1 ) LIMIT 1   [ RunTime:0.000474s ]
INFO: [ app_end ] --START--
INFO: Run Behavior\ShowPageTrace [ RunTime:0.000970s ]
INFO: [ app_end ] --END-- [ RunTime:0.001088s ]

[ 2016-05-10T16:49:06+08:00 ] 192.168.1.127 /jyflapi/index.php?s=Upload/Upload/upload
INFO: [ app_begin ] --START--
INFO: Run Behavior\ReadHtmlCache [ RunTime:0.000862s ]
INFO: [ app_begin ] --END-- [ RunTime:0.001453s ]
NOTIC: [2] call_user_func() expects parameter 1 to be a valid callback, no array or string given C:\wamp\www\jyflapi\ThinkPHP\Library\Think\Upload.class.php 第 167 行.
INFO: [ app_end ] --START--
INFO: Run Behavior\ShowPageTrace [ RunTime:0.000949s ]
INFO: [ app_end ] --END-- [ RunTime:0.001113s ]

[ 2016-05-10T16:49:08+08:00 ] 192.168.1.127 /jyflapi/index.php?s=Users/User/userUpdate
INFO: [ app_begin ] --START--
INFO: Run Behavior\ReadHtmlCache [ RunTime:0.000958s ]
INFO: [ app_begin ] --END-- [ RunTime:0.001689s ]
SQL: SHOW COLUMNS FROM `ecs_users` [ RunTime:0.004997s ]
SQL: UPDATE `ecs_users` SET `nickname`='小不点',`sex`=2,`birthday`='2016-12-10',`basic`='保密',`xingqu`='休闲娱乐,丽人,',`pic`='http://192.168.1.161/jyflapi/Uploads/2016-05-10/5731a08270240.jpg' WHERE ( user_id=1 ) [ RunTime:0.000513s ]
INFO: [ app_end ] --START--
INFO: Run Behavior\ShowPageTrace [ RunTime:0.001144s ]
INFO: [ app_end ] --END-- [ RunTime:0.001303s ]

[ 2016-05-10T16:49:11+08:00 ] 192.168.1.127 /jyflapi/index.php?s=Users/User/userShow
INFO: [ app_begin ] --START--
INFO: Run Behavior\ReadHtmlCache [ RunTime:0.000946s ]
INFO: [ app_begin ] --END-- [ RunTime:0.001674s ]
SQL: SHOW COLUMNS FROM `ecs_users` [ RunTime:0.004783s ]
SQL: SELECT * FROM `ecs_users` WHERE ( user_id = 1 ) LIMIT 1   [ RunTime:0.000569s ]
INFO: [ app_end ] --START--
INFO: Run Behavior\ShowPageTrace [ RunTime:0.001138s ]
INFO: [ app_end ] --END-- [ RunTime:0.001295s ]

[ 2016-05-10T16:49:17+08:00 ] 192.168.1.127 /jyflapi/index.php?s=Users/User/userUpdate
INFO: [ app_begin ] --START--
INFO: Run Behavior\ReadHtmlCache [ RunTime:0.001058s ]
INFO: [ app_begin ] --END-- [ RunTime:0.001882s ]
SQL: SHOW COLUMNS FROM `ecs_users` [ RunTime:0.005139s ]
SQL: UPDATE `ecs_users` SET `nickname`='小不点',`sex`=2,`birthday`='2016-12-10',`basic`='保密',`xingqu`='酒店,休闲娱乐,丽人,',`pic`='http://192.168.1.161/jyflapi/Uploads/2016-05-10/5731a08270240.jpg' WHERE ( user_id=1 ) [ RunTime:0.000490s ]
INFO: [ app_end ] --START--
INFO: Run Behavior\ShowPageTrace [ RunTime:0.001228s ]
INFO: [ app_end ] --END-- [ RunTime:0.001400s ]

[ 2016-05-10T16:49:21+08:00 ] 192.168.1.127 /jyflapi/index.php?s=Users/User/userShow
INFO: [ app_begin ] --START--
INFO: Run Behavior\ReadHtmlCache [ RunTime:0.001294s ]
INFO: [ app_begin ] --END-- [ RunTime:0.002299s ]
SQL: SHOW COLUMNS FROM `ecs_users` [ RunTime:0.005537s ]
SQL: SELECT * FROM `ecs_users` WHERE ( user_id = 1 ) LIMIT 1   [ RunTime:0.000449s ]
INFO: [ app_end ] --START--
INFO: Run Behavior\ShowPageTrace [ RunTime:0.000888s ]
INFO: [ app_end ] --END-- [ RunTime:0.001005s ]

[ 2016-05-10T16:51:20+08:00 ] 192.168.1.127 /jyflapi/index.php?s=Users/User/userShow
INFO: [ app_begin ] --START--
INFO: Run Behavior\ReadHtmlCache [ RunTime:0.001083s ]
INFO: [ app_begin ] --END-- [ RunTime:0.001899s ]
SQL: SHOW COLUMNS FROM `ecs_users` [ RunTime:0.029565s ]
SQL: SELECT * FROM `ecs_users` WHERE ( user_id = 1 ) LIMIT 1   [ RunTime:0.000472s ]
INFO: [ app_end ] --START--
INFO: Run Behavior\ShowPageTrace [ RunTime:0.000839s ]
INFO: [ app_end ] --END-- [ RunTime:0.000972s ]

[ 2016-05-10T16:51:30+08:00 ] 192.168.1.138 /jyflapi/index.php?s=Users/User/userShow
INFO: [ app_begin ] --START--
INFO: Run Behavior\ReadHtmlCache [ RunTime:0.001155s ]
INFO: [ app_begin ] --END-- [ RunTime:0.001904s ]
SQL: SHOW COLUMNS FROM `ecs_users` [ RunTime:0.037552s ]
SQL: SELECT * FROM `ecs_users` WHERE ( user_id = 1 ) LIMIT 1   [ RunTime:0.000443s ]
INFO: [ app_end ] --START--
INFO: Run Behavior\ShowPageTrace [ RunTime:0.001263s ]
INFO: [ app_end ] --END-- [ RunTime:0.001452s ]

[ 2016-05-10T16:51:37+08:00 ] 192.168.1.138 /jyflapi/index.php?s=Upload/Upload/upload
INFO: [ app_begin ] --START--
INFO: Run Behavior\ReadHtmlCache [ RunTime:0.001206s ]
INFO: [ app_begin ] --END-- [ RunTime:0.002020s ]
NOTIC: [2] call_user_func() expects parameter 1 to be a valid callback, no array or string given C:\wamp\www\jyflapi\ThinkPHP\Library\Think\Upload.class.php 第 167 行.
INFO: [ app_end ] --START--
INFO: Run Behavior\ShowPageTrace [ RunTime:0.001319s ]
INFO: [ app_end ] --END-- [ RunTime:0.001523s ]

[ 2016-05-10T16:54:19+08:00 ] 192.168.1.138 /jyflapi/index.php?s=Users/User/userShow
INFO: [ app_begin ] --START--
INFO: Run Behavior\ReadHtmlCache [ RunTime:0.001104s ]
INFO: [ app_begin ] --END-- [ RunTime:0.001826s ]
SQL: SHOW COLUMNS FROM `ecs_users` [ RunTime:0.004764s ]
SQL: SELECT * FROM `ecs_users` WHERE ( user_id = 1 ) LIMIT 1   [ RunTime:0.000567s ]
INFO: [ app_end ] --START--
INFO: Run Behavior\ShowPageTrace [ RunTime:0.001233s ]
INFO: [ app_end ] --END-- [ RunTime:0.001374s ]

[ 2016-05-10T16:54:28+08:00 ] 192.168.1.138 /jyflapi/index.php?s=Upload/Upload/upload
INFO: [ app_begin ] --START--
INFO: Run Behavior\ReadHtmlCache [ RunTime:0.001567s ]
INFO: [ app_begin ] --END-- [ RunTime:0.002617s ]
NOTIC: [2] call_user_func() expects parameter 1 to be a valid callback, no array or string given C:\wamp\www\jyflapi\ThinkPHP\Library\Think\Upload.class.php 第 167 行.
INFO: [ app_end ] --START--
INFO: Run Behavior\ShowPageTrace [ RunTime:0.001125s ]
INFO: [ app_end ] --END-- [ RunTime:0.001293s ]

[ 2016-05-10T16:55:21+08:00 ] 192.168.1.138 /jyflapi/index.php?s=Users/User/userShow
INFO: [ app_begin ] --START--
INFO: Run Behavior\ReadHtmlCache [ RunTime:0.001090s ]
INFO: [ app_begin ] --END-- [ RunTime:0.001785s ]
SQL: SHOW COLUMNS FROM `ecs_users` [ RunTime:0.004743s ]
SQL: SELECT * FROM `ecs_users` WHERE ( user_id = 1 ) LIMIT 1   [ RunTime:0.000568s ]
INFO: [ app_end ] --START--
INFO: Run Behavior\ShowPageTrace [ RunTime:0.001253s ]
INFO: [ app_end ] --END-- [ RunTime:0.001399s ]

[ 2016-05-10T16:55:32+08:00 ] 192.168.1.138 /jyflapi/index.php?s=Upload/Upload/upload
INFO: [ app_begin ] --START--
INFO: Run Behavior\ReadHtmlCache [ RunTime:0.001795s ]
INFO: [ app_begin ] --END-- [ RunTime:0.002958s ]
NOTIC: [2] call_user_func() expects parameter 1 to be a valid callback, no array or string given C:\wamp\www\jyflapi\ThinkPHP\Library\Think\Upload.class.php 第 167 行.
INFO: [ app_end ] --START--
INFO: Run Behavior\ShowPageTrace [ RunTime:0.000963s ]
INFO: [ app_end ] --END-- [ RunTime:0.001117s ]

[ 2016-05-10T16:58:01+08:00 ] 192.168.1.138 /jyflapi/index.php?s=Users/User/userShow
INFO: [ app_begin ] --START--
INFO: Run Behavior\ReadHtmlCache [ RunTime:0.001587s ]
INFO: [ app_begin ] --END-- [ RunTime:0.002593s ]
SQL: SHOW COLUMNS FROM `ecs_users` [ RunTime:0.003793s ]
SQL: SELECT * FROM `ecs_users` WHERE ( user_id = 1 ) LIMIT 1   [ RunTime:0.000450s ]
INFO: [ app_end ] --START--
INFO: Run Behavior\ShowPageTrace [ RunTime:0.000967s ]
INFO: [ app_end ] --END-- [ RunTime:0.001077s ]

[ 2016-05-10T16:58:06+08:00 ] 192.168.1.138 /jyflapi/index.php?s=Upload/Upload/upload
INFO: [ app_begin ] --START--
INFO: Run Behavior\ReadHtmlCache [ RunTime:0.000799s ]
INFO: [ app_begin ] --END-- [ RunTime:0.001338s ]
NOTIC: [2] call_user_func() expects parameter 1 to be a valid callback, no array or string given C:\wamp\www\jyflapi\ThinkPHP\Library\Think\Upload.class.php 第 167 行.
INFO: [ app_end ] --START--
INFO: Run Behavior\ShowPageTrace [ RunTime:0.000872s ]
INFO: [ app_end ] --END-- [ RunTime:0.001003s ]

[ 2016-05-10T16:58:08+08:00 ] 192.168.1.138 /jyflapi/index.php?s=Users/User/userUpdate
INFO: [ app_begin ] --START--
INFO: Run Behavior\ReadHtmlCache [ RunTime:0.001282s ]
INFO: [ app_begin ] --END-- [ RunTime:0.002094s ]
SQL: SHOW COLUMNS FROM `ecs_users` [ RunTime:0.005358s ]
SQL: UPDATE `ecs_users` SET `nickname`='小不点',`sex`=2,`birthday`='2016-12-10',`basic`='保密',`pic`='http://192.168.1.161/jyflapi/Uploads/2016-05-10/5731a29ecbcbe.jpg' WHERE ( user_id=1 ) [ RunTime:0.000475s ]
INFO: [ app_end ] --START--
INFO: Run Behavior\ShowPageTrace [ RunTime:0.001444s ]
INFO: [ app_end ] --END-- [ RunTime:0.001611s ]

[ 2016-05-10T16:58:11+08:00 ] 192.168.1.138 /jyflapi/index.php?s=Users/User/userShow
INFO: [ app_begin ] --START--
INFO: Run Behavior\ReadHtmlCache [ RunTime:0.001106s ]
INFO: [ app_begin ] --END-- [ RunTime:0.001793s ]
SQL: SHOW COLUMNS FROM `ecs_users` [ RunTime:0.004745s ]
SQL: SELECT * FROM `ecs_users` WHERE ( user_id = 1 ) LIMIT 1   [ RunTime:0.000540s ]
INFO: [ app_end ] --START--
INFO: Run Behavior\ShowPageTrace [ RunTime:0.001201s ]
INFO: [ app_end ] --END-- [ RunTime:0.001342s ]

[ 2016-05-10T16:58:17+08:00 ] 192.168.1.138 /jyflapi/index.php?s=Users/User/userShow
INFO: [ app_begin ] --START--
INFO: Run Behavior\ReadHtmlCache [ RunTime:0.001760s ]
INFO: [ app_begin ] --END-- [ RunTime:0.002878s ]
SQL: SHOW COLUMNS FROM `ecs_users` [ RunTime:0.003715s ]
SQL: SELECT * FROM `ecs_users` WHERE ( user_id = 1 ) LIMIT 1   [ RunTime:0.000430s ]
INFO: [ app_end ] --START--
INFO: Run Behavior\ShowPageTrace [ RunTime:0.000930s ]
INFO: [ app_end ] --END-- [ RunTime:0.001028s ]

[ 2016-05-10T16:58:49+08:00 ] 192.168.1.138 /jyflapi/index.php?s=Users/User/userShow
INFO: [ app_begin ] --START--
INFO: Run Behavior\ReadHtmlCache [ RunTime:0.001262s ]
INFO: [ app_begin ] --END-- [ RunTime:0.002084s ]
SQL: SHOW COLUMNS FROM `ecs_users` [ RunTime:0.005469s ]
SQL: SELECT * FROM `ecs_users` WHERE ( user_id = 1 ) LIMIT 1   [ RunTime:0.000608s ]
INFO: [ app_end ] --START--
INFO: Run Behavior\ShowPageTrace [ RunTime:0.001347s ]
INFO: [ app_end ] --END-- [ RunTime:0.001507s ]

