[ 2016-05-11T09:00:10+08:00 ] 192.168.1.134 /jyflapi/index.php?s=Users/User/userShow
INFO: [ app_begin ] --START--
INFO: Run Behavior\ReadHtmlCache [ RunTime:0.006380s ]
INFO: [ app_begin ] --END-- [ RunTime:0.015765s ]
SQL: SHOW COLUMNS FROM `ecs_users` [ RunTime:0.107331s ]
SQL: SELECT * FROM `ecs_users` WHERE ( user_id = 1 ) LIMIT 1   [ RunTime:0.000421s ]
INFO: [ app_end ] --START--
INFO: Run Behavior\ShowPageTrace [ RunTime:0.022035s ]
INFO: [ app_end ] --END-- [ RunTime:0.022158s ]

[ 2016-05-11T09:00:34+08:00 ] 192.168.1.134 /jyflapi/index.php?s=Upload/Upload/upload
INFO: [ app_begin ] --START--
INFO: Run Behavior\ReadHtmlCache [ RunTime:0.006400s ]
INFO: [ app_begin ] --END-- [ RunTime:0.017783s ]
NOTIC: [2] call_user_func() expects parameter 1 to be a valid callback, no array or string given C:\wamp\www\jyflapi\ThinkPHP\Library\Think\Upload.class.php 第 167 行.
INFO: [ app_end ] --START--
INFO: Run Behavior\ShowPageTrace [ RunTime:0.013855s ]
INFO: [ app_end ] --END-- [ RunTime:0.014011s ]

[ 2016-05-11T09:00:48+08:00 ] 192.168.1.134 /jyflapi/index.php?s=Users/User/userShow
INFO: [ app_begin ] --START--
INFO: Run Behavior\ReadHtmlCache [ RunTime:0.000477s ]
INFO: [ app_begin ] --END-- [ RunTime:0.000871s ]
SQL: SHOW COLUMNS FROM `ecs_users` [ RunTime:0.011463s ]
SQL: SELECT * FROM `ecs_users` WHERE ( user_id = 1 ) LIMIT 1   [ RunTime:0.000405s ]
INFO: [ app_end ] --START--
INFO: Run Behavior\ShowPageTrace [ RunTime:0.000683s ]
INFO: [ app_end ] --END-- [ RunTime:0.000793s ]

[ 2016-05-11T09:01:09+08:00 ] 192.168.1.134 /jyflapi/index.php?s=Upload/Upload/upload
INFO: [ app_begin ] --START--
INFO: Run Behavior\ReadHtmlCache [ RunTime:0.000763s ]
INFO: [ app_begin ] --END-- [ RunTime:0.001288s ]
NOTIC: [2] call_user_func() expects parameter 1 to be a valid callback, no array or string given C:\wamp\www\jyflapi\ThinkPHP\Library\Think\Upload.class.php 第 167 行.
INFO: [ app_end ] --START--
INFO: Run Behavior\ShowPageTrace [ RunTime:0.001094s ]
INFO: [ app_end ] --END-- [ RunTime:0.001225s ]

[ 2016-05-11T09:01:16+08:00 ] 192.168.1.134 /jyflapi/index.php?s=Users/User/userShow
INFO: [ app_begin ] --START--
INFO: Run Behavior\ReadHtmlCache [ RunTime:0.000890s ]
INFO: [ app_begin ] --END-- [ RunTime:0.001621s ]
SQL: SHOW COLUMNS FROM `ecs_users` [ RunTime:0.005165s ]
SQL: SELECT * FROM `ecs_users` WHERE ( user_id = 1 ) LIMIT 1   [ RunTime:0.000454s ]
INFO: [ app_end ] --START--
INFO: Run Behavior\ShowPageTrace [ RunTime:0.000728s ]
INFO: [ app_end ] --END-- [ RunTime:0.000833s ]

[ 2016-05-11T09:02:10+08:00 ] 192.168.1.134 /jyflapi/index.php?s=Users/User/userShow
INFO: [ app_begin ] --START--
INFO: Run Behavior\ReadHtmlCache [ RunTime:0.001459s ]
INFO: [ app_begin ] --END-- [ RunTime:0.002337s ]
SQL: SHOW COLUMNS FROM `ecs_users` [ RunTime:0.006788s ]
SQL: SELECT * FROM `ecs_users` WHERE ( user_id = 1 ) LIMIT 1   [ RunTime:0.000616s ]
INFO: [ app_end ] --START--
INFO: Run Behavior\ShowPageTrace [ RunTime:0.001427s ]
INFO: [ app_end ] --END-- [ RunTime:0.001596s ]

[ 2016-05-11T09:11:40+08:00 ] 192.168.1.134 /jyflapi/index.php?s=Users/User/userShow
INFO: [ app_begin ] --START--
INFO: Run Behavior\ReadHtmlCache [ RunTime:0.006630s ]
INFO: [ app_begin ] --END-- [ RunTime:0.016111s ]
SQL: SHOW COLUMNS FROM `ecs_users` [ RunTime:0.013051s ]
SQL: SELECT * FROM `ecs_users` WHERE ( user_id = 1 ) LIMIT 1   [ RunTime:0.001381s ]
INFO: [ app_end ] --START--
INFO: Run Behavior\ShowPageTrace [ RunTime:0.017161s ]
INFO: [ app_end ] --END-- [ RunTime:0.017541s ]

[ 2016-05-11T09:11:46+08:00 ] 192.168.1.134 /jyflapi/index.php?s=Upload/Upload/upload
INFO: [ app_begin ] --START--
INFO: Run Behavior\ReadHtmlCache [ RunTime:0.001256s ]
INFO: [ app_begin ] --END-- [ RunTime:0.002037s ]
NOTIC: [2] call_user_func() expects parameter 1 to be a valid callback, no array or string given C:\wamp\www\jyflapi\ThinkPHP\Library\Think\Upload.class.php 第 167 行.
INFO: [ app_end ] --START--
INFO: Run Behavior\ShowPageTrace [ RunTime:0.003331s ]
INFO: [ app_end ] --END-- [ RunTime:0.003768s ]

[ 2016-05-11T09:11:58+08:00 ] 192.168.1.134 /jyflapi/index.php?s=Users/User/userUpdate
INFO: [ app_begin ] --START--
INFO: Run Behavior\ReadHtmlCache [ RunTime:0.001625s ]
INFO: [ app_begin ] --END-- [ RunTime:0.002693s ]
SQL: SHOW COLUMNS FROM `ecs_users` [ RunTime:0.005922s ]
SQL: UPDATE `ecs_users` SET `nickname`='小不点',`sex`=2,`birthday`='2016-12-10',`basic`='保密',`pic`='http://192.168.1.161/jyflapi/Uploads/2016-05-11/573286d211163.jpg' WHERE ( user_id=1 ) [ RunTime:0.000449s ]
INFO: [ app_end ] --START--
INFO: Run Behavior\ShowPageTrace [ RunTime:0.001215s ]
INFO: [ app_end ] --END-- [ RunTime:0.001354s ]

[ 2016-05-11T09:16:13+08:00 ] 192.168.1.134 /jyflapi/index.php?s=Users/User/userShow
INFO: [ app_begin ] --START--
INFO: Run Behavior\ReadHtmlCache [ RunTime:0.001151s ]
INFO: [ app_begin ] --END-- [ RunTime:0.001905s ]
SQL: SHOW COLUMNS FROM `ecs_users` [ RunTime:0.006225s ]
SQL: SELECT * FROM `ecs_users` WHERE ( user_id = 1 ) LIMIT 1   [ RunTime:0.000483s ]
INFO: [ app_end ] --START--
INFO: Run Behavior\ShowPageTrace [ RunTime:0.000921s ]
INFO: [ app_end ] --END-- [ RunTime:0.001030s ]

[ 2016-05-11T09:16:19+08:00 ] 192.168.1.134 /jyflapi/index.php?s=Users/User/userUpdate
INFO: [ app_begin ] --START--
INFO: Run Behavior\ReadHtmlCache [ RunTime:0.001125s ]
INFO: [ app_begin ] --END-- [ RunTime:0.001878s ]
SQL: SHOW COLUMNS FROM `ecs_users` [ RunTime:0.005243s ]
SQL: UPDATE `ecs_users` SET `nickname`='小不点',`sex`=2,`birthday`='2016-12-06',`basic`='保密',`pic`='http://192.168.1.161/jyflapi/Uploads/2016-05-11/573286d211163.jpg' WHERE ( user_id=1 ) [ RunTime:0.000518s ]
INFO: [ app_end ] --START--
INFO: Run Behavior\ShowPageTrace [ RunTime:0.001223s ]
INFO: [ app_end ] --END-- [ RunTime:0.001350s ]

[ 2016-05-11T09:16:24+08:00 ] 192.168.1.134 /jyflapi/index.php?s=Users/User/userShow
INFO: [ app_begin ] --START--
INFO: Run Behavior\ReadHtmlCache [ RunTime:0.003763s ]
INFO: [ app_begin ] --END-- [ RunTime:0.004575s ]
SQL: SHOW COLUMNS FROM `ecs_users` [ RunTime:0.003963s ]
SQL: SELECT * FROM `ecs_users` WHERE ( user_id = 1 ) LIMIT 1   [ RunTime:0.000432s ]
INFO: [ app_end ] --START--
INFO: Run Behavior\ShowPageTrace [ RunTime:0.000912s ]
INFO: [ app_end ] --END-- [ RunTime:0.001018s ]

[ 2016-05-11T09:16:58+08:00 ] 192.168.1.134 /jyflapi/index.php?s=Users/User/userShow
INFO: [ app_begin ] --START--
INFO: Run Behavior\ReadHtmlCache [ RunTime:0.000788s ]
INFO: [ app_begin ] --END-- [ RunTime:0.001331s ]
SQL: SHOW COLUMNS FROM `ecs_users` [ RunTime:0.015862s ]
SQL: SELECT * FROM `ecs_users` WHERE ( user_id = 1 ) LIMIT 1   [ RunTime:0.000418s ]
INFO: [ app_end ] --START--
INFO: Run Behavior\ShowPageTrace [ RunTime:0.000895s ]
INFO: [ app_end ] --END-- [ RunTime:0.001010s ]

[ 2016-05-11T09:17:04+08:00 ] 192.168.1.134 /jyflapi/index.php?s=Users/User/userShow
INFO: [ app_begin ] --START--
INFO: Run Behavior\ReadHtmlCache [ RunTime:0.001743s ]
INFO: [ app_begin ] --END-- [ RunTime:0.003149s ]
SQL: SHOW COLUMNS FROM `ecs_users` [ RunTime:0.003786s ]
SQL: SELECT * FROM `ecs_users` WHERE ( user_id = 1 ) LIMIT 1   [ RunTime:0.000425s ]
INFO: [ app_end ] --START--
INFO: Run Behavior\ShowPageTrace [ RunTime:0.000925s ]
INFO: [ app_end ] --END-- [ RunTime:0.001033s ]

[ 2016-05-11T09:18:05+08:00 ] 192.168.1.134 /jyflapi/index.php?s=Users/User/userShow
INFO: [ app_begin ] --START--
INFO: Run Behavior\ReadHtmlCache [ RunTime:0.001231s ]
INFO: [ app_begin ] --END-- [ RunTime:0.002075s ]
SQL: SHOW COLUMNS FROM `ecs_users` [ RunTime:0.004418s ]
SQL: SELECT * FROM `ecs_users` WHERE ( user_id = 1 ) LIMIT 1   [ RunTime:0.000436s ]
INFO: [ app_end ] --START--
INFO: Run Behavior\ShowPageTrace [ RunTime:0.000946s ]
INFO: [ app_end ] --END-- [ RunTime:0.001052s ]

[ 2016-05-11T09:19:14+08:00 ] 192.168.1.134 /jyflapi/index.php?s=Users/User/userShow
INFO: [ app_begin ] --START--
INFO: Run Behavior\ReadHtmlCache [ RunTime:0.001481s ]
INFO: [ app_begin ] --END-- [ RunTime:0.002407s ]
SQL: SHOW COLUMNS FROM `ecs_users` [ RunTime:0.003901s ]
SQL: SELECT * FROM `ecs_users` WHERE ( user_id = 1 ) LIMIT 1   [ RunTime:0.000440s ]
INFO: [ app_end ] --START--
INFO: Run Behavior\ShowPageTrace [ RunTime:0.000931s ]
INFO: [ app_end ] --END-- [ RunTime:0.001039s ]

[ 2016-05-11T09:19:57+08:00 ] 192.168.1.134 /jyflapi/index.php?s=Users/User/userShow
INFO: [ app_begin ] --START--
INFO: Run Behavior\ReadHtmlCache [ RunTime:0.001429s ]
INFO: [ app_begin ] --END-- [ RunTime:0.002355s ]
SQL: SHOW COLUMNS FROM `ecs_users` [ RunTime:0.004001s ]
SQL: SELECT * FROM `ecs_users` WHERE ( user_id = 1 ) LIMIT 1   [ RunTime:0.000442s ]
INFO: [ app_end ] --START--
INFO: Run Behavior\ShowPageTrace [ RunTime:0.000932s ]
INFO: [ app_end ] --END-- [ RunTime:0.001038s ]

[ 2016-05-11T09:20:02+08:00 ] 192.168.1.134 /jyflapi/index.php?s=Users/User/userShow
INFO: [ app_begin ] --START--
INFO: Run Behavior\ReadHtmlCache [ RunTime:0.001139s ]
INFO: [ app_begin ] --END-- [ RunTime:0.001878s ]
SQL: SHOW COLUMNS FROM `ecs_users` [ RunTime:0.003768s ]
SQL: SELECT * FROM `ecs_users` WHERE ( user_id = 1 ) LIMIT 1   [ RunTime:0.000404s ]
INFO: [ app_end ] --START--
INFO: Run Behavior\ShowPageTrace [ RunTime:0.000863s ]
INFO: [ app_end ] --END-- [ RunTime:0.000967s ]

[ 2016-05-11T09:24:20+08:00 ] 192.168.1.134 /jyflapi/index.php?s=Users/User/showAddress
INFO: [ app_begin ] --START--
INFO: Run Behavior\ReadHtmlCache [ RunTime:0.001247s ]
INFO: [ app_begin ] --END-- [ RunTime:0.002099s ]
SQL: SHOW COLUMNS FROM `ecs_user_address` [ RunTime:0.044086s ]
NOTIC: [8] Undefined index: p C:\wamp\www\jyflapi\Application\Users\Controller\UserController.class.php 第 298 行.
SQL: SELECT * FROM `ecs_user_address` WHERE ( user_id=1 )  [ RunTime:0.000714s ]
SQL: SHOW COLUMNS FROM `ecs_region` [ RunTime:0.005814s ]
SQL: SELECT * FROM `ecs_region` WHERE ( region_id=1227 ) LIMIT 1   [ RunTime:0.000521s ]
SQL: SELECT * FROM `ecs_region` WHERE ( region_id=117 ) LIMIT 1   [ RunTime:0.000468s ]
SQL: SELECT * FROM `ecs_region` WHERE ( region_id=1 ) LIMIT 1   [ RunTime:0.000459s ]
SQL: SELECT * FROM `ecs_region` WHERE ( region_id=1186 ) LIMIT 1   [ RunTime:0.000470s ]
SQL: SELECT * FROM `ecs_region` WHERE ( region_id=109 ) LIMIT 1   [ RunTime:0.000451s ]
SQL: SELECT * FROM `ecs_region` WHERE ( region_id=1 ) LIMIT 1   [ RunTime:0.000509s ]
SQL: SELECT * FROM `ecs_region` WHERE ( region_id=1457 ) LIMIT 1   [ RunTime:0.000479s ]
SQL: SELECT * FROM `ecs_region` WHERE ( region_id=124 ) LIMIT 1   [ RunTime:0.000461s ]
SQL: SELECT * FROM `ecs_region` WHERE ( region_id=2 ) LIMIT 1   [ RunTime:0.000428s ]
NOTIC: [8] Undefined variable: show C:\wamp\www\jyflapi\Application\Users\Controller\UserController.class.php 第 318 行.
INFO: [ app_end ] --START--
INFO: Run Behavior\ShowPageTrace [ RunTime:0.001833s ]
INFO: [ app_end ] --END-- [ RunTime:0.002064s ]

[ 2016-05-11T10:04:19+08:00 ] 192.168.1.134 /jyflapi/index.php?s=Users/User/showAddress
INFO: [ app_begin ] --START--
INFO: Run Behavior\ReadHtmlCache [ RunTime:0.001497s ]
INFO: [ app_begin ] --END-- [ RunTime:0.002443s ]
SQL: SHOW COLUMNS FROM `ecs_user_address` [ RunTime:0.029474s ]
NOTIC: [8] Undefined index: p C:\wamp\www\jyflapi\Application\Users\Controller\UserController.class.php 第 298 行.
SQL: SELECT * FROM `ecs_user_address` WHERE ( user_id=1 )  [ RunTime:0.000324s ]
SQL: SHOW COLUMNS FROM `ecs_region` [ RunTime:0.002976s ]
SQL: SELECT * FROM `ecs_region` WHERE ( region_id=1227 ) LIMIT 1   [ RunTime:0.000255s ]
SQL: SELECT * FROM `ecs_region` WHERE ( region_id=117 ) LIMIT 1   [ RunTime:0.000184s ]
SQL: SELECT * FROM `ecs_region` WHERE ( region_id=1 ) LIMIT 1   [ RunTime:0.000197s ]
SQL: SELECT * FROM `ecs_region` WHERE ( region_id=1186 ) LIMIT 1   [ RunTime:0.000226s ]
SQL: SELECT * FROM `ecs_region` WHERE ( region_id=109 ) LIMIT 1   [ RunTime:0.000214s ]
SQL: SELECT * FROM `ecs_region` WHERE ( region_id=1 ) LIMIT 1   [ RunTime:0.000211s ]
SQL: SELECT * FROM `ecs_region` WHERE ( region_id=1457 ) LIMIT 1   [ RunTime:0.000216s ]
SQL: SELECT * FROM `ecs_region` WHERE ( region_id=124 ) LIMIT 1   [ RunTime:0.000212s ]
SQL: SELECT * FROM `ecs_region` WHERE ( region_id=2 ) LIMIT 1   [ RunTime:0.000209s ]
NOTIC: [8] Undefined variable: show C:\wamp\www\jyflapi\Application\Users\Controller\UserController.class.php 第 318 行.
INFO: [ app_end ] --START--
INFO: Run Behavior\ShowPageTrace [ RunTime:0.000929s ]
INFO: [ app_end ] --END-- [ RunTime:0.001028s ]

[ 2016-05-11T10:04:57+08:00 ] 192.168.1.134 /jyflapi/index.php?s=Users/User/showAddress
INFO: [ app_begin ] --START--
INFO: Run Behavior\ReadHtmlCache [ RunTime:0.002053s ]
INFO: [ app_begin ] --END-- [ RunTime:0.003192s ]
SQL: SHOW COLUMNS FROM `ecs_user_address` [ RunTime:0.003341s ]
NOTIC: [8] Undefined index: p C:\wamp\www\jyflapi\Application\Users\Controller\UserController.class.php 第 298 行.
SQL: SELECT * FROM `ecs_user_address` WHERE ( user_id=1 )  [ RunTime:0.000331s ]
SQL: SHOW COLUMNS FROM `ecs_region` [ RunTime:0.002989s ]
SQL: SELECT * FROM `ecs_region` WHERE ( region_id=1227 ) LIMIT 1   [ RunTime:0.000248s ]
SQL: SELECT * FROM `ecs_region` WHERE ( region_id=117 ) LIMIT 1   [ RunTime:0.000205s ]
SQL: SELECT * FROM `ecs_region` WHERE ( region_id=1 ) LIMIT 1   [ RunTime:0.000194s ]
SQL: SELECT * FROM `ecs_region` WHERE ( region_id=1186 ) LIMIT 1   [ RunTime:0.000189s ]
SQL: SELECT * FROM `ecs_region` WHERE ( region_id=109 ) LIMIT 1   [ RunTime:0.000185s ]
SQL: SELECT * FROM `ecs_region` WHERE ( region_id=1 ) LIMIT 1   [ RunTime:0.000186s ]
SQL: SELECT * FROM `ecs_region` WHERE ( region_id=1457 ) LIMIT 1   [ RunTime:0.000183s ]
SQL: SELECT * FROM `ecs_region` WHERE ( region_id=124 ) LIMIT 1   [ RunTime:0.000177s ]
SQL: SELECT * FROM `ecs_region` WHERE ( region_id=2 ) LIMIT 1   [ RunTime:0.000183s ]
NOTIC: [8] Undefined variable: show C:\wamp\www\jyflapi\Application\Users\Controller\UserController.class.php 第 318 行.
INFO: [ app_end ] --START--
INFO: Run Behavior\ShowPageTrace [ RunTime:0.000861s ]
INFO: [ app_end ] --END-- [ RunTime:0.000958s ]

[ 2016-05-11T10:06:34+08:00 ] 192.168.1.134 /jyflapi/index.php?s=Users/User/showAddress
INFO: [ app_begin ] --START--
INFO: Run Behavior\ReadHtmlCache [ RunTime:0.001344s ]
INFO: [ app_begin ] --END-- [ RunTime:0.002212s ]
SQL: SHOW COLUMNS FROM `ecs_user_address` [ RunTime:0.004112s ]
NOTIC: [8] Undefined index: p C:\wamp\www\jyflapi\Application\Users\Controller\UserController.class.php 第 298 行.
SQL: SELECT * FROM `ecs_user_address` WHERE ( user_id=1 )  [ RunTime:0.000316s ]
SQL: SHOW COLUMNS FROM `ecs_region` [ RunTime:0.003001s ]
SQL: SELECT * FROM `ecs_region` WHERE ( region_id=1227 ) LIMIT 1   [ RunTime:0.000248s ]
SQL: SELECT * FROM `ecs_region` WHERE ( region_id=117 ) LIMIT 1   [ RunTime:0.000196s ]
SQL: SELECT * FROM `ecs_region` WHERE ( region_id=1 ) LIMIT 1   [ RunTime:0.000191s ]
SQL: SELECT * FROM `ecs_region` WHERE ( region_id=1186 ) LIMIT 1   [ RunTime:0.000178s ]
SQL: SELECT * FROM `ecs_region` WHERE ( region_id=109 ) LIMIT 1   [ RunTime:0.000181s ]
SQL: SELECT * FROM `ecs_region` WHERE ( region_id=1 ) LIMIT 1   [ RunTime:0.000183s ]
SQL: SELECT * FROM `ecs_region` WHERE ( region_id=1457 ) LIMIT 1   [ RunTime:0.000180s ]
SQL: SELECT * FROM `ecs_region` WHERE ( region_id=124 ) LIMIT 1   [ RunTime:0.000174s ]
SQL: SELECT * FROM `ecs_region` WHERE ( region_id=2 ) LIMIT 1   [ RunTime:0.000178s ]
NOTIC: [8] Undefined variable: show C:\wamp\www\jyflapi\Application\Users\Controller\UserController.class.php 第 318 行.
INFO: [ app_end ] --START--
INFO: Run Behavior\ShowPageTrace [ RunTime:0.000864s ]
INFO: [ app_end ] --END-- [ RunTime:0.000962s ]

[ 2016-05-11T10:13:38+08:00 ] 192.168.1.134 /jyflapi/index.php?s=Users/User/showAddress
INFO: [ app_begin ] --START--
INFO: Run Behavior\ReadHtmlCache [ RunTime:0.001159s ]
INFO: [ app_begin ] --END-- [ RunTime:0.001926s ]
SQL: SHOW COLUMNS FROM `ecs_user_address` [ RunTime:0.004914s ]
NOTIC: [8] Undefined index: p C:\wamp\www\jyflapi\Application\Users\Controller\UserController.class.php 第 298 行.
SQL: SELECT * FROM `ecs_user_address` WHERE ( user_id=1 )  [ RunTime:0.000450s ]
SQL: SHOW COLUMNS FROM `ecs_region` [ RunTime:0.003442s ]
SQL: SELECT * FROM `ecs_region` WHERE ( region_id=1227 ) LIMIT 1   [ RunTime:0.000255s ]
SQL: SELECT * FROM `ecs_region` WHERE ( region_id=117 ) LIMIT 1   [ RunTime:0.000198s ]
SQL: SELECT * FROM `ecs_region` WHERE ( region_id=1 ) LIMIT 1   [ RunTime:0.000189s ]
SQL: SELECT * FROM `ecs_region` WHERE ( region_id=1186 ) LIMIT 1   [ RunTime:0.000179s ]
SQL: SELECT * FROM `ecs_region` WHERE ( region_id=109 ) LIMIT 1   [ RunTime:0.000172s ]
SQL: SELECT * FROM `ecs_region` WHERE ( region_id=1 ) LIMIT 1   [ RunTime:0.000171s ]
SQL: SELECT * FROM `ecs_region` WHERE ( region_id=1457 ) LIMIT 1   [ RunTime:0.000168s ]
SQL: SELECT * FROM `ecs_region` WHERE ( region_id=124 ) LIMIT 1   [ RunTime:0.000172s ]
SQL: SELECT * FROM `ecs_region` WHERE ( region_id=2 ) LIMIT 1   [ RunTime:0.000160s ]
NOTIC: [8] Undefined variable: show C:\wamp\www\jyflapi\Application\Users\Controller\UserController.class.php 第 318 行.
INFO: [ app_end ] --START--
INFO: Run Behavior\ShowPageTrace [ RunTime:0.000845s ]
INFO: [ app_end ] --END-- [ RunTime:0.000943s ]

[ 2016-05-11T10:14:11+08:00 ] 192.168.1.134 /jyflapi/index.php?s=Users/User/showAddress
INFO: [ app_begin ] --START--
INFO: Run Behavior\ReadHtmlCache [ RunTime:0.001196s ]
INFO: [ app_begin ] --END-- [ RunTime:0.001965s ]
SQL: SHOW COLUMNS FROM `ecs_user_address` [ RunTime:0.003533s ]
NOTIC: [8] Undefined index: p C:\wamp\www\jyflapi\Application\Users\Controller\UserController.class.php 第 298 行.
SQL: SELECT * FROM `ecs_user_address` WHERE ( user_id=1 )  [ RunTime:0.000334s ]
SQL: SHOW COLUMNS FROM `ecs_region` [ RunTime:0.003095s ]
SQL: SELECT * FROM `ecs_region` WHERE ( region_id=1227 ) LIMIT 1   [ RunTime:0.000272s ]
SQL: SELECT * FROM `ecs_region` WHERE ( region_id=117 ) LIMIT 1   [ RunTime:0.000230s ]
SQL: SELECT * FROM `ecs_region` WHERE ( region_id=1 ) LIMIT 1   [ RunTime:0.000216s ]
SQL: SELECT * FROM `ecs_region` WHERE ( region_id=1186 ) LIMIT 1   [ RunTime:0.000214s ]
SQL: SELECT * FROM `ecs_region` WHERE ( region_id=109 ) LIMIT 1   [ RunTime:0.000206s ]
SQL: SELECT * FROM `ecs_region` WHERE ( region_id=1 ) LIMIT 1   [ RunTime:0.000213s ]
SQL: SELECT * FROM `ecs_region` WHERE ( region_id=1457 ) LIMIT 1   [ RunTime:0.000209s ]
SQL: SELECT * FROM `ecs_region` WHERE ( region_id=124 ) LIMIT 1   [ RunTime:0.000212s ]
SQL: SELECT * FROM `ecs_region` WHERE ( region_id=2 ) LIMIT 1   [ RunTime:0.000198s ]
NOTIC: [8] Undefined variable: show C:\wamp\www\jyflapi\Application\Users\Controller\UserController.class.php 第 318 行.
INFO: [ app_end ] --START--
INFO: Run Behavior\ShowPageTrace [ RunTime:0.000913s ]
INFO: [ app_end ] --END-- [ RunTime:0.001012s ]

[ 2016-05-11T10:14:54+08:00 ] 192.168.1.134 /jyflapi/index.php?s=Users/User/showAddress
INFO: [ app_begin ] --START--
INFO: Run Behavior\ReadHtmlCache [ RunTime:0.001069s ]
INFO: [ app_begin ] --END-- [ RunTime:0.001804s ]
SQL: SHOW COLUMNS FROM `ecs_user_address` [ RunTime:0.004313s ]
NOTIC: [8] Undefined index: p C:\wamp\www\jyflapi\Application\Users\Controller\UserController.class.php 第 298 行.
SQL: SELECT * FROM `ecs_user_address` WHERE ( user_id=1 )  [ RunTime:0.000421s ]
SQL: SHOW COLUMNS FROM `ecs_region` [ RunTime:0.004147s ]
SQL: SELECT * FROM `ecs_region` WHERE ( region_id=1227 ) LIMIT 1   [ RunTime:0.000366s ]
SQL: SELECT * FROM `ecs_region` WHERE ( region_id=117 ) LIMIT 1   [ RunTime:0.000311s ]
SQL: SELECT * FROM `ecs_region` WHERE ( region_id=1 ) LIMIT 1   [ RunTime:0.000306s ]
SQL: SELECT * FROM `ecs_region` WHERE ( region_id=1186 ) LIMIT 1   [ RunTime:0.000194s ]
SQL: SELECT * FROM `ecs_region` WHERE ( region_id=109 ) LIMIT 1   [ RunTime:0.000167s ]
SQL: SELECT * FROM `ecs_region` WHERE ( region_id=1 ) LIMIT 1   [ RunTime:0.000159s ]
SQL: SELECT * FROM `ecs_region` WHERE ( region_id=1457 ) LIMIT 1   [ RunTime:0.000159s ]
SQL: SELECT * FROM `ecs_region` WHERE ( region_id=124 ) LIMIT 1   [ RunTime:0.000157s ]
SQL: SELECT * FROM `ecs_region` WHERE ( region_id=2 ) LIMIT 1   [ RunTime:0.000160s ]
NOTIC: [8] Undefined variable: show C:\wamp\www\jyflapi\Application\Users\Controller\UserController.class.php 第 318 行.
INFO: [ app_end ] --START--
INFO: Run Behavior\ShowPageTrace [ RunTime:0.000905s ]
INFO: [ app_end ] --END-- [ RunTime:0.001004s ]

[ 2016-05-11T10:21:24+08:00 ] 192.168.1.134 /jyflapi/index.php?s=Users/User/showAddress
INFO: [ app_begin ] --START--
INFO: Run Behavior\ReadHtmlCache [ RunTime:0.001255s ]
INFO: [ app_begin ] --END-- [ RunTime:0.002076s ]
SQL: SHOW COLUMNS FROM `ecs_user_address` [ RunTime:0.005466s ]
NOTIC: [8] Undefined index: p C:\wamp\www\jyflapi\Application\Users\Controller\UserController.class.php 第 298 行.
SQL: SELECT * FROM `ecs_user_address` WHERE ( user_id=1 )  [ RunTime:0.000483s ]
SQL: SHOW COLUMNS FROM `ecs_region` [ RunTime:0.003211s ]
SQL: SELECT * FROM `ecs_region` WHERE ( region_id=1227 ) LIMIT 1   [ RunTime:0.000266s ]
SQL: SELECT * FROM `ecs_region` WHERE ( region_id=117 ) LIMIT 1   [ RunTime:0.000211s ]
SQL: SELECT * FROM `ecs_region` WHERE ( region_id=1 ) LIMIT 1   [ RunTime:0.000209s ]
SQL: SELECT * FROM `ecs_region` WHERE ( region_id=1186 ) LIMIT 1   [ RunTime:0.000203s ]
SQL: SELECT * FROM `ecs_region` WHERE ( region_id=109 ) LIMIT 1   [ RunTime:0.000206s ]
SQL: SELECT * FROM `ecs_region` WHERE ( region_id=1 ) LIMIT 1   [ RunTime:0.000208s ]
SQL: SELECT * FROM `ecs_region` WHERE ( region_id=1457 ) LIMIT 1   [ RunTime:0.000211s ]
SQL: SELECT * FROM `ecs_region` WHERE ( region_id=124 ) LIMIT 1   [ RunTime:0.000198s ]
SQL: SELECT * FROM `ecs_region` WHERE ( region_id=2 ) LIMIT 1   [ RunTime:0.000206s ]
NOTIC: [8] Undefined variable: show C:\wamp\www\jyflapi\Application\Users\Controller\UserController.class.php 第 318 行.
INFO: [ app_end ] --START--
INFO: Run Behavior\ShowPageTrace [ RunTime:0.000880s ]
INFO: [ app_end ] --END-- [ RunTime:0.000978s ]

[ 2016-05-11T10:29:31+08:00 ] 192.168.1.134 /jyflapi/index.php?s=Users/User/showAddress
INFO: [ app_begin ] --START--
INFO: Run Behavior\ReadHtmlCache [ RunTime:0.001265s ]
INFO: [ app_begin ] --END-- [ RunTime:0.002098s ]
SQL: SHOW COLUMNS FROM `ecs_user_address` [ RunTime:0.003415s ]
NOTIC: [8] Undefined index: p C:\wamp\www\jyflapi\Application\Users\Controller\UserController.class.php 第 298 行.
SQL: SELECT * FROM `ecs_user_address` WHERE ( user_id=1 )  [ RunTime:0.000340s ]
SQL: SHOW COLUMNS FROM `ecs_region` [ RunTime:0.003117s ]
SQL: SELECT * FROM `ecs_region` WHERE ( region_id=1227 ) LIMIT 1   [ RunTime:0.000277s ]
SQL: SELECT * FROM `ecs_region` WHERE ( region_id=117 ) LIMIT 1   [ RunTime:0.000237s ]
SQL: SELECT * FROM `ecs_region` WHERE ( region_id=1 ) LIMIT 1   [ RunTime:0.000234s ]
SQL: SELECT * FROM `ecs_region` WHERE ( region_id=1186 ) LIMIT 1   [ RunTime:0.000231s ]
SQL: SELECT * FROM `ecs_region` WHERE ( region_id=109 ) LIMIT 1   [ RunTime:0.000222s ]
SQL: SELECT * FROM `ecs_region` WHERE ( region_id=1 ) LIMIT 1   [ RunTime:0.000223s ]
SQL: SELECT * FROM `ecs_region` WHERE ( region_id=1457 ) LIMIT 1   [ RunTime:0.000255s ]
SQL: SELECT * FROM `ecs_region` WHERE ( region_id=124 ) LIMIT 1   [ RunTime:0.000207s ]
SQL: SELECT * FROM `ecs_region` WHERE ( region_id=2 ) LIMIT 1   [ RunTime:0.000215s ]
NOTIC: [8] Undefined variable: show C:\wamp\www\jyflapi\Application\Users\Controller\UserController.class.php 第 318 行.
INFO: [ app_end ] --START--
INFO: Run Behavior\ShowPageTrace [ RunTime:0.000963s ]
INFO: [ app_end ] --END-- [ RunTime:0.001063s ]

[ 2016-05-11T10:30:20+08:00 ] 192.168.1.134 /jyflapi/index.php?s=Users/User/showAddress
INFO: [ app_begin ] --START--
INFO: Run Behavior\ReadHtmlCache [ RunTime:0.001229s ]
INFO: [ app_begin ] --END-- [ RunTime:0.002073s ]
SQL: SHOW COLUMNS FROM `ecs_user_address` [ RunTime:0.004885s ]
NOTIC: [8] Undefined index: p C:\wamp\www\jyflapi\Application\Users\Controller\UserController.class.php 第 298 行.
SQL: SELECT * FROM `ecs_user_address` WHERE ( user_id=1 )  [ RunTime:0.000456s ]
SQL: SHOW COLUMNS FROM `ecs_region` [ RunTime:0.004620s ]
SQL: SELECT * FROM `ecs_region` WHERE ( region_id=1227 ) LIMIT 1   [ RunTime:0.000290s ]
SQL: SELECT * FROM `ecs_region` WHERE ( region_id=117 ) LIMIT 1   [ RunTime:0.000235s ]
SQL: SELECT * FROM `ecs_region` WHERE ( region_id=1 ) LIMIT 1   [ RunTime:0.000227s ]
SQL: SELECT * FROM `ecs_region` WHERE ( region_id=1186 ) LIMIT 1   [ RunTime:0.000222s ]
SQL: SELECT * FROM `ecs_region` WHERE ( region_id=109 ) LIMIT 1   [ RunTime:0.000214s ]
SQL: SELECT * FROM `ecs_region` WHERE ( region_id=1 ) LIMIT 1   [ RunTime:0.000217s ]
SQL: SELECT * FROM `ecs_region` WHERE ( region_id=1457 ) LIMIT 1   [ RunTime:0.000215s ]
SQL: SELECT * FROM `ecs_region` WHERE ( region_id=124 ) LIMIT 1   [ RunTime:0.000216s ]
SQL: SELECT * FROM `ecs_region` WHERE ( region_id=2 ) LIMIT 1   [ RunTime:0.000201s ]
NOTIC: [8] Undefined variable: show C:\wamp\www\jyflapi\Application\Users\Controller\UserController.class.php 第 318 行.
INFO: [ app_end ] --START--
INFO: Run Behavior\ShowPageTrace [ RunTime:0.000922s ]
INFO: [ app_end ] --END-- [ RunTime:0.001023s ]

[ 2016-05-11T10:32:59+08:00 ] 192.168.1.134 /jyflapi/index.php?s=Users/User/userShow
INFO: [ app_begin ] --START--
INFO: Run Behavior\ReadHtmlCache [ RunTime:0.002877s ]
INFO: [ app_begin ] --END-- [ RunTime:0.004717s ]
SQL: SHOW COLUMNS FROM `ecs_users` [ RunTime:0.005834s ]
SQL: SELECT * FROM `ecs_users` WHERE ( user_id = 1 ) LIMIT 1   [ RunTime:0.000604s ]
INFO: [ app_end ] --START--
INFO: Run Behavior\ShowPageTrace [ RunTime:0.001344s ]
INFO: [ app_end ] --END-- [ RunTime:0.001502s ]

[ 2016-05-11T10:33:04+08:00 ] 192.168.1.134 /jyflapi/index.php?s=Users/User/showAddress
INFO: [ app_begin ] --START--
INFO: Run Behavior\ReadHtmlCache [ RunTime:0.001820s ]
INFO: [ app_begin ] --END-- [ RunTime:0.003006s ]
SQL: SHOW COLUMNS FROM `ecs_user_address` [ RunTime:0.003975s ]
NOTIC: [8] Undefined index: p C:\wamp\www\jyflapi\Application\Users\Controller\UserController.class.php 第 298 行.
SQL: SELECT * FROM `ecs_user_address` WHERE ( user_id=1 )  [ RunTime:0.000328s ]
SQL: SHOW COLUMNS FROM `ecs_region` [ RunTime:0.003302s ]
SQL: SELECT * FROM `ecs_region` WHERE ( region_id=1227 ) LIMIT 1   [ RunTime:0.000274s ]
SQL: SELECT * FROM `ecs_region` WHERE ( region_id=117 ) LIMIT 1   [ RunTime:0.000233s ]
SQL: SELECT * FROM `ecs_region` WHERE ( region_id=1 ) LIMIT 1   [ RunTime:0.000228s ]
SQL: SELECT * FROM `ecs_region` WHERE ( region_id=1186 ) LIMIT 1   [ RunTime:0.000210s ]
SQL: SELECT * FROM `ecs_region` WHERE ( region_id=109 ) LIMIT 1   [ RunTime:0.000217s ]
SQL: SELECT * FROM `ecs_region` WHERE ( region_id=1 ) LIMIT 1   [ RunTime:0.000217s ]
SQL: SELECT * FROM `ecs_region` WHERE ( region_id=1457 ) LIMIT 1   [ RunTime:0.000213s ]
SQL: SELECT * FROM `ecs_region` WHERE ( region_id=124 ) LIMIT 1   [ RunTime:0.000215s ]
SQL: SELECT * FROM `ecs_region` WHERE ( region_id=2 ) LIMIT 1   [ RunTime:0.000201s ]
NOTIC: [8] Undefined variable: show C:\wamp\www\jyflapi\Application\Users\Controller\UserController.class.php 第 318 行.
INFO: [ app_end ] --START--
INFO: Run Behavior\ShowPageTrace [ RunTime:0.000946s ]
INFO: [ app_end ] --END-- [ RunTime:0.001044s ]

[ 2016-05-11T10:33:25+08:00 ] 192.168.1.134 /jyflapi/index.php?s=Users/User/showAddress
INFO: [ app_begin ] --START--
INFO: Run Behavior\ReadHtmlCache [ RunTime:0.001221s ]
INFO: [ app_begin ] --END-- [ RunTime:0.002025s ]
SQL: SHOW COLUMNS FROM `ecs_user_address` [ RunTime:0.004609s ]
NOTIC: [8] Undefined index: p C:\wamp\www\jyflapi\Application\Users\Controller\UserController.class.php 第 298 行.
SQL: SELECT * FROM `ecs_user_address` WHERE ( user_id=1 )  [ RunTime:0.000434s ]
SQL: SHOW COLUMNS FROM `ecs_region` [ RunTime:0.004273s ]
SQL: SELECT * FROM `ecs_region` WHERE ( region_id=1227 ) LIMIT 1   [ RunTime:0.000280s ]
SQL: SELECT * FROM `ecs_region` WHERE ( region_id=117 ) LIMIT 1   [ RunTime:0.000181s ]
SQL: SELECT * FROM `ecs_region` WHERE ( region_id=1 ) LIMIT 1   [ RunTime:0.000174s ]
SQL: SELECT * FROM `ecs_region` WHERE ( region_id=1186 ) LIMIT 1   [ RunTime:0.000172s ]
SQL: SELECT * FROM `ecs_region` WHERE ( region_id=109 ) LIMIT 1   [ RunTime:0.000170s ]
SQL: SELECT * FROM `ecs_region` WHERE ( region_id=1 ) LIMIT 1   [ RunTime:0.000171s ]
SQL: SELECT * FROM `ecs_region` WHERE ( region_id=1457 ) LIMIT 1   [ RunTime:0.000167s ]
SQL: SELECT * FROM `ecs_region` WHERE ( region_id=124 ) LIMIT 1   [ RunTime:0.000162s ]
SQL: SELECT * FROM `ecs_region` WHERE ( region_id=2 ) LIMIT 1   [ RunTime:0.000168s ]
NOTIC: [8] Undefined variable: show C:\wamp\www\jyflapi\Application\Users\Controller\UserController.class.php 第 318 行.
INFO: [ app_end ] --START--
INFO: Run Behavior\ShowPageTrace [ RunTime:0.000893s ]
INFO: [ app_end ] --END-- [ RunTime:0.000991s ]

[ 2016-05-11T10:44:26+08:00 ] 192.168.1.134 /jyflapi/index.php?s=Users/User/showAddress
INFO: [ app_begin ] --START--
INFO: Run Behavior\ReadHtmlCache [ RunTime:0.001000s ]
INFO: [ app_begin ] --END-- [ RunTime:0.001754s ]
SQL: SHOW COLUMNS FROM `ecs_user_address` [ RunTime:0.004706s ]
NOTIC: [8] Undefined index: p C:\wamp\www\jyflapi\Application\Users\Controller\UserController.class.php 第 298 行.
SQL: SELECT * FROM `ecs_user_address` WHERE ( user_id=1 )  [ RunTime:0.000452s ]
SQL: SHOW COLUMNS FROM `ecs_region` [ RunTime:0.004194s ]
SQL: SELECT * FROM `ecs_region` WHERE ( region_id=1227 ) LIMIT 1   [ RunTime:0.000373s ]
SQL: SELECT * FROM `ecs_region` WHERE ( region_id=117 ) LIMIT 1   [ RunTime:0.000307s ]
SQL: SELECT * FROM `ecs_region` WHERE ( region_id=1 ) LIMIT 1   [ RunTime:0.000219s ]
SQL: SELECT * FROM `ecs_region` WHERE ( region_id=1186 ) LIMIT 1   [ RunTime:0.000211s ]
SQL: SELECT * FROM `ecs_region` WHERE ( region_id=109 ) LIMIT 1   [ RunTime:0.000209s ]
SQL: SELECT * FROM `ecs_region` WHERE ( region_id=1 ) LIMIT 1   [ RunTime:0.000211s ]
SQL: SELECT * FROM `ecs_region` WHERE ( region_id=1457 ) LIMIT 1   [ RunTime:0.000236s ]
SQL: SELECT * FROM `ecs_region` WHERE ( region_id=124 ) LIMIT 1   [ RunTime:0.000211s ]
SQL: SELECT * FROM `ecs_region` WHERE ( region_id=2 ) LIMIT 1   [ RunTime:0.000208s ]
NOTIC: [8] Undefined variable: show C:\wamp\www\jyflapi\Application\Users\Controller\UserController.class.php 第 318 行.
INFO: [ app_end ] --START--
INFO: Run Behavior\ShowPageTrace [ RunTime:0.000769s ]
INFO: [ app_end ] --END-- [ RunTime:0.000866s ]

[ 2016-05-11T10:45:12+08:00 ] 192.168.1.134 /jyflapi/index.php?s=Users/User/showAddress
INFO: [ app_begin ] --START--
INFO: Run Behavior\ReadHtmlCache [ RunTime:0.000974s ]
INFO: [ app_begin ] --END-- [ RunTime:0.001735s ]
SQL: SHOW COLUMNS FROM `ecs_user_address` [ RunTime:0.003302s ]
NOTIC: [8] Undefined index: p C:\wamp\www\jyflapi\Application\Users\Controller\UserController.class.php 第 298 行.
SQL: SELECT * FROM `ecs_user_address` WHERE ( user_id=1 )  [ RunTime:0.000292s ]
SQL: SHOW COLUMNS FROM `ecs_region` [ RunTime:0.002882s ]
SQL: SELECT * FROM `ecs_region` WHERE ( region_id=1227 ) LIMIT 1   [ RunTime:0.000223s ]
SQL: SELECT * FROM `ecs_region` WHERE ( region_id=117 ) LIMIT 1   [ RunTime:0.000155s ]
SQL: SELECT * FROM `ecs_region` WHERE ( region_id=1 ) LIMIT 1   [ RunTime:0.000145s ]
SQL: SELECT * FROM `ecs_region` WHERE ( region_id=1186 ) LIMIT 1   [ RunTime:0.000143s ]
SQL: SELECT * FROM `ecs_region` WHERE ( region_id=109 ) LIMIT 1   [ RunTime:0.000135s ]
SQL: SELECT * FROM `ecs_region` WHERE ( region_id=1 ) LIMIT 1   [ RunTime:0.000136s ]
SQL: SELECT * FROM `ecs_region` WHERE ( region_id=1457 ) LIMIT 1   [ RunTime:0.000134s ]
SQL: SELECT * FROM `ecs_region` WHERE ( region_id=124 ) LIMIT 1   [ RunTime:0.000142s ]
SQL: SELECT * FROM `ecs_region` WHERE ( region_id=2 ) LIMIT 1   [ RunTime:0.000135s ]
NOTIC: [8] Undefined variable: show C:\wamp\www\jyflapi\Application\Users\Controller\UserController.class.php 第 318 行.
INFO: [ app_end ] --START--
INFO: Run Behavior\ShowPageTrace [ RunTime:0.000648s ]
INFO: [ app_end ] --END-- [ RunTime:0.000746s ]

[ 2016-05-11T10:48:19+08:00 ] 192.168.1.134 /jyflapi/index.php?s=Users/User/showAddress
INFO: [ app_begin ] --START--
INFO: Run Behavior\ReadHtmlCache [ RunTime:0.001250s ]
INFO: [ app_begin ] --END-- [ RunTime:0.002086s ]
SQL: SHOW COLUMNS FROM `ecs_user_address` [ RunTime:0.005632s ]
NOTIC: [8] Undefined index: p C:\wamp\www\jyflapi\Application\Users\Controller\UserController.class.php 第 298 行.
SQL: SELECT * FROM `ecs_user_address` WHERE ( user_id=1 )  [ RunTime:0.000494s ]
SQL: SHOW COLUMNS FROM `ecs_region` [ RunTime:0.003724s ]
SQL: SELECT * FROM `ecs_region` WHERE ( region_id=1227 ) LIMIT 1   [ RunTime:0.000296s ]
SQL: SELECT * FROM `ecs_region` WHERE ( region_id=117 ) LIMIT 1   [ RunTime:0.000185s ]
SQL: SELECT * FROM `ecs_region` WHERE ( region_id=1 ) LIMIT 1   [ RunTime:0.000201s ]
SQL: SELECT * FROM `ecs_region` WHERE ( region_id=1186 ) LIMIT 1   [ RunTime:0.000221s ]
SQL: SELECT * FROM `ecs_region` WHERE ( region_id=109 ) LIMIT 1   [ RunTime:0.000209s ]
SQL: SELECT * FROM `ecs_region` WHERE ( region_id=1 ) LIMIT 1   [ RunTime:0.000210s ]
SQL: SELECT * FROM `ecs_region` WHERE ( region_id=1457 ) LIMIT 1   [ RunTime:0.000202s ]
SQL: SELECT * FROM `ecs_region` WHERE ( region_id=124 ) LIMIT 1   [ RunTime:0.000210s ]
SQL: SELECT * FROM `ecs_region` WHERE ( region_id=2 ) LIMIT 1   [ RunTime:0.000208s ]
NOTIC: [8] Undefined variable: show C:\wamp\www\jyflapi\Application\Users\Controller\UserController.class.php 第 318 行.
INFO: [ app_end ] --START--
INFO: Run Behavior\ShowPageTrace [ RunTime:0.000916s ]
INFO: [ app_end ] --END-- [ RunTime:0.001013s ]

[ 2016-05-11T10:55:06+08:00 ] 192.168.1.134 /jyflapi/index.php?s=Users/User/delAddress
INFO: [ app_begin ] --START--
INFO: Run Behavior\ReadHtmlCache [ RunTime:0.001449s ]
INFO: [ app_begin ] --END-- [ RunTime:0.002329s ]
NOTIC: [8] Undefined index: address_id C:\wamp\www\jyflapi\Application\Users\Controller\UserController.class.php 第 461 行.
SQL: SHOW COLUMNS FROM `ecs_user_address` [ RunTime:0.004518s ]
SQL: SELECT * FROM `ecs_user_address` WHERE ( address_id= ) LIMIT 1   [ RunTime:0.000181s ]
ERR: 1064:You have an error in your SQL syntax; check the manual that corresponds to your MySQL server version for the right syntax to use near ') LIMIT 1' at line 1
 [ SQL语句 ] : SELECT * FROM `ecs_user_address` WHERE ( address_id= ) LIMIT 1  
INFO: [ app_end ] --START--
INFO: Run Behavior\ShowPageTrace [ RunTime:0.000943s ]
INFO: [ app_end ] --END-- [ RunTime:0.001052s ]

[ 2016-05-11T10:55:37+08:00 ] 192.168.1.134 /jyflapi/index.php?s=Users/User/showAddress
INFO: [ app_begin ] --START--
INFO: Run Behavior\ReadHtmlCache [ RunTime:0.001074s ]
INFO: [ app_begin ] --END-- [ RunTime:0.001802s ]
SQL: SHOW COLUMNS FROM `ecs_user_address` [ RunTime:0.004244s ]
NOTIC: [8] Undefined index: p C:\wamp\www\jyflapi\Application\Users\Controller\UserController.class.php 第 298 行.
SQL: SELECT * FROM `ecs_user_address` WHERE ( user_id=1 )  [ RunTime:0.000334s ]
SQL: SHOW COLUMNS FROM `ecs_region` [ RunTime:0.003041s ]
SQL: SELECT * FROM `ecs_region` WHERE ( region_id=1227 ) LIMIT 1   [ RunTime:0.000273s ]
SQL: SELECT * FROM `ecs_region` WHERE ( region_id=117 ) LIMIT 1   [ RunTime:0.000216s ]
SQL: SELECT * FROM `ecs_region` WHERE ( region_id=1 ) LIMIT 1   [ RunTime:0.000211s ]
SQL: SELECT * FROM `ecs_region` WHERE ( region_id=1186 ) LIMIT 1   [ RunTime:0.000200s ]
SQL: SELECT * FROM `ecs_region` WHERE ( region_id=109 ) LIMIT 1   [ RunTime:0.000209s ]
SQL: SELECT * FROM `ecs_region` WHERE ( region_id=1 ) LIMIT 1   [ RunTime:0.000210s ]
SQL: SELECT * FROM `ecs_region` WHERE ( region_id=1457 ) LIMIT 1   [ RunTime:0.000209s ]
SQL: SELECT * FROM `ecs_region` WHERE ( region_id=124 ) LIMIT 1   [ RunTime:0.000200s ]
SQL: SELECT * FROM `ecs_region` WHERE ( region_id=2 ) LIMIT 1   [ RunTime:0.000208s ]
NOTIC: [8] Undefined variable: show C:\wamp\www\jyflapi\Application\Users\Controller\UserController.class.php 第 318 行.
INFO: [ app_end ] --START--
INFO: Run Behavior\ShowPageTrace [ RunTime:0.000912s ]
INFO: [ app_end ] --END-- [ RunTime:0.001008s ]

[ 2016-05-11T10:55:41+08:00 ] 192.168.1.134 /jyflapi/index.php?s=Users/User/delAddress
INFO: [ app_begin ] --START--
INFO: Run Behavior\ReadHtmlCache [ RunTime:0.001234s ]
INFO: [ app_begin ] --END-- [ RunTime:0.002059s ]
SQL: SHOW COLUMNS FROM `ecs_user_address` [ RunTime:0.004633s ]
SQL: SELECT * FROM `ecs_user_address` WHERE ( address_id=20 ) LIMIT 1   [ RunTime:0.000408s ]
SQL: DELETE FROM `ecs_user_address` WHERE ( address_id=20 ) [ RunTime:0.000417s ]
INFO: [ app_end ] --START--
INFO: Run Behavior\ShowPageTrace [ RunTime:0.001370s ]
INFO: [ app_end ] --END-- [ RunTime:0.001522s ]

[ 2016-05-11T10:55:41+08:00 ] 192.168.1.134 /jyflapi/index.php?s=Users/User/showAddress
INFO: [ app_begin ] --START--
INFO: Run Behavior\ReadHtmlCache [ RunTime:0.000778s ]
INFO: [ app_begin ] --END-- [ RunTime:0.001301s ]
SQL: SHOW COLUMNS FROM `ecs_user_address` [ RunTime:0.003127s ]
NOTIC: [8] Undefined index: p C:\wamp\www\jyflapi\Application\Users\Controller\UserController.class.php 第 298 行.
SQL: SELECT * FROM `ecs_user_address` WHERE ( user_id=1 )  [ RunTime:0.000295s ]
SQL: SHOW COLUMNS FROM `ecs_region` [ RunTime:0.002856s ]
SQL: SELECT * FROM `ecs_region` WHERE ( region_id=1227 ) LIMIT 1   [ RunTime:0.000260s ]
SQL: SELECT * FROM `ecs_region` WHERE ( region_id=117 ) LIMIT 1   [ RunTime:0.000211s ]
SQL: SELECT * FROM `ecs_region` WHERE ( region_id=1 ) LIMIT 1   [ RunTime:0.000211s ]
SQL: SELECT * FROM `ecs_region` WHERE ( region_id=1457 ) LIMIT 1   [ RunTime:0.000196s ]
SQL: SELECT * FROM `ecs_region` WHERE ( region_id=124 ) LIMIT 1   [ RunTime:0.000209s ]
SQL: SELECT * FROM `ecs_region` WHERE ( region_id=2 ) LIMIT 1   [ RunTime:0.000206s ]
NOTIC: [8] Undefined variable: show C:\wamp\www\jyflapi\Application\Users\Controller\UserController.class.php 第 318 行.
INFO: [ app_end ] --START--
INFO: Run Behavior\ShowPageTrace [ RunTime:0.000885s ]
INFO: [ app_end ] --END-- [ RunTime:0.000982s ]

[ 2016-05-11T10:55:55+08:00 ] 192.168.1.134 /jyflapi/index.php?s=Users/User/showAddress
INFO: [ app_begin ] --START--
INFO: Run Behavior\ReadHtmlCache [ RunTime:0.001587s ]
INFO: [ app_begin ] --END-- [ RunTime:0.002596s ]
SQL: SHOW COLUMNS FROM `ecs_user_address` [ RunTime:0.003157s ]
NOTIC: [8] Undefined index: p C:\wamp\www\jyflapi\Application\Users\Controller\UserController.class.php 第 298 行.
SQL: SELECT * FROM `ecs_user_address` WHERE ( user_id=1 )  [ RunTime:0.000306s ]
SQL: SHOW COLUMNS FROM `ecs_region` [ RunTime:0.003116s ]
SQL: SELECT * FROM `ecs_region` WHERE ( region_id=1227 ) LIMIT 1   [ RunTime:0.000267s ]
SQL: SELECT * FROM `ecs_region` WHERE ( region_id=117 ) LIMIT 1   [ RunTime:0.000211s ]
SQL: SELECT * FROM `ecs_region` WHERE ( region_id=1 ) LIMIT 1   [ RunTime:0.000211s ]
SQL: SELECT * FROM `ecs_region` WHERE ( region_id=1457 ) LIMIT 1   [ RunTime:0.000208s ]
SQL: SELECT * FROM `ecs_region` WHERE ( region_id=124 ) LIMIT 1   [ RunTime:0.000211s ]
SQL: SELECT * FROM `ecs_region` WHERE ( region_id=2 ) LIMIT 1   [ RunTime:0.000196s ]
NOTIC: [8] Undefined variable: show C:\wamp\www\jyflapi\Application\Users\Controller\UserController.class.php 第 318 行.
INFO: [ app_end ] --START--
INFO: Run Behavior\ShowPageTrace [ RunTime:0.000915s ]
INFO: [ app_end ] --END-- [ RunTime:0.001014s ]

[ 2016-05-11T11:02:34+08:00 ] 192.168.1.134 /jyflapi/index.php?s=Users/User/showAddress
INFO: [ app_begin ] --START--
INFO: Run Behavior\ReadHtmlCache [ RunTime:0.000915s ]
INFO: [ app_begin ] --END-- [ RunTime:0.001608s ]
SQL: SHOW COLUMNS FROM `ecs_user_address` [ RunTime:0.004215s ]
NOTIC: [8] Undefined index: p C:\wamp\www\jyflapi\Application\Users\Controller\UserController.class.php 第 298 行.
SQL: SELECT * FROM `ecs_user_address` WHERE ( user_id=1 )  [ RunTime:0.000412s ]
SQL: SHOW COLUMNS FROM `ecs_region` [ RunTime:0.015273s ]
SQL: SELECT * FROM `ecs_region` WHERE ( region_id=1227 ) LIMIT 1   [ RunTime:0.000360s ]
SQL: SELECT * FROM `ecs_region` WHERE ( region_id=117 ) LIMIT 1   [ RunTime:0.000313s ]
SQL: SELECT * FROM `ecs_region` WHERE ( region_id=1 ) LIMIT 1   [ RunTime:0.000303s ]
SQL: SELECT * FROM `ecs_region` WHERE ( region_id=1457 ) LIMIT 1   [ RunTime:0.000283s ]
SQL: SELECT * FROM `ecs_region` WHERE ( region_id=124 ) LIMIT 1   [ RunTime:0.000297s ]
SQL: SELECT * FROM `ecs_region` WHERE ( region_id=2 ) LIMIT 1   [ RunTime:0.000318s ]
NOTIC: [8] Undefined variable: show C:\wamp\www\jyflapi\Application\Users\Controller\UserController.class.php 第 318 行.
INFO: [ app_end ] --START--
INFO: Run Behavior\ShowPageTrace [ RunTime:0.001093s ]
INFO: [ app_end ] --END-- [ RunTime:0.001243s ]

[ 2016-05-11T11:02:37+08:00 ] 192.168.1.134 /jyflapi/index.php?s=Users/User/delAddress
INFO: [ app_begin ] --START--
INFO: Run Behavior\ReadHtmlCache [ RunTime:0.000917s ]
INFO: [ app_begin ] --END-- [ RunTime:0.001611s ]
SQL: SHOW COLUMNS FROM `ecs_user_address` [ RunTime:0.019308s ]
SQL: SELECT * FROM `ecs_user_address` WHERE ( address_id=22 ) LIMIT 1   [ RunTime:0.000282s ]
SQL: DELETE FROM `ecs_user_address` WHERE ( address_id=22 ) [ RunTime:0.000247s ]
INFO: [ app_end ] --START--
INFO: Run Behavior\ShowPageTrace [ RunTime:0.000785s ]
INFO: [ app_end ] --END-- [ RunTime:0.000882s ]

[ 2016-05-11T11:02:37+08:00 ] 192.168.1.134 /jyflapi/index.php?s=Users/User/showAddress
INFO: [ app_begin ] --START--
INFO: Run Behavior\ReadHtmlCache [ RunTime:0.000599s ]
INFO: [ app_begin ] --END-- [ RunTime:0.001064s ]
SQL: SHOW COLUMNS FROM `ecs_user_address` [ RunTime:0.003180s ]
NOTIC: [8] Undefined index: p C:\wamp\www\jyflapi\Application\Users\Controller\UserController.class.php 第 298 行.
SQL: SELECT * FROM `ecs_user_address` WHERE ( user_id=1 )  [ RunTime:0.000273s ]
SQL: SHOW COLUMNS FROM `ecs_region` [ RunTime:0.002794s ]
SQL: SELECT * FROM `ecs_region` WHERE ( region_id=1227 ) LIMIT 1   [ RunTime:0.000261s ]
SQL: SELECT * FROM `ecs_region` WHERE ( region_id=117 ) LIMIT 1   [ RunTime:0.000195s ]
SQL: SELECT * FROM `ecs_region` WHERE ( region_id=1 ) LIMIT 1   [ RunTime:0.000195s ]
NOTIC: [8] Undefined variable: show C:\wamp\www\jyflapi\Application\Users\Controller\UserController.class.php 第 318 行.
INFO: [ app_end ] --START--
INFO: Run Behavior\ShowPageTrace [ RunTime:0.000812s ]
INFO: [ app_end ] --END-- [ RunTime:0.000925s ]

[ 2016-05-11T11:08:36+08:00 ] 192.168.1.134 /jyflapi/index.php?s=Users/User/showAddress
INFO: [ app_begin ] --START--
INFO: Run Behavior\ReadHtmlCache [ RunTime:0.001491s ]
INFO: [ app_begin ] --END-- [ RunTime:0.002450s ]
SQL: SHOW COLUMNS FROM `ecs_user_address` [ RunTime:0.003833s ]
NOTIC: [8] Undefined index: p C:\wamp\www\jyflapi\Application\Users\Controller\UserController.class.php 第 298 行.
SQL: SELECT * FROM `ecs_user_address` WHERE ( user_id=1 )  [ RunTime:0.000344s ]
SQL: SHOW COLUMNS FROM `ecs_region` [ RunTime:0.003505s ]
SQL: SELECT * FROM `ecs_region` WHERE ( region_id=1227 ) LIMIT 1   [ RunTime:0.000309s ]
SQL: SELECT * FROM `ecs_region` WHERE ( region_id=117 ) LIMIT 1   [ RunTime:0.000271s ]
SQL: SELECT * FROM `ecs_region` WHERE ( region_id=1 ) LIMIT 1   [ RunTime:0.000258s ]
NOTIC: [8] Undefined variable: show C:\wamp\www\jyflapi\Application\Users\Controller\UserController.class.php 第 318 行.
INFO: [ app_end ] --START--
INFO: Run Behavior\ShowPageTrace [ RunTime:0.001016s ]
INFO: [ app_end ] --END-- [ RunTime:0.001132s ]

[ 2016-05-11T11:14:51+08:00 ] 192.168.1.134 /jyflapi/index.php?s=Users/User/showAddress
INFO: [ app_begin ] --START--
INFO: Run Behavior\ReadHtmlCache [ RunTime:0.001271s ]
INFO: [ app_begin ] --END-- [ RunTime:0.002071s ]
SQL: SHOW COLUMNS FROM `ecs_user_address` [ RunTime:0.004671s ]
NOTIC: [8] Undefined index: p C:\wamp\www\jyflapi\Application\Users\Controller\UserController.class.php 第 298 行.
SQL: SELECT * FROM `ecs_user_address` WHERE ( user_id=1 )  [ RunTime:0.000298s ]
SQL: SHOW COLUMNS FROM `ecs_region` [ RunTime:0.003387s ]
SQL: SELECT * FROM `ecs_region` WHERE ( region_id=1227 ) LIMIT 1   [ RunTime:0.000268s ]
SQL: SELECT * FROM `ecs_region` WHERE ( region_id=117 ) LIMIT 1   [ RunTime:0.000189s ]
SQL: SELECT * FROM `ecs_region` WHERE ( region_id=1 ) LIMIT 1   [ RunTime:0.000169s ]
NOTIC: [8] Undefined variable: show C:\wamp\www\jyflapi\Application\Users\Controller\UserController.class.php 第 318 行.
INFO: [ app_end ] --START--
INFO: Run Behavior\ShowPageTrace [ RunTime:0.000855s ]
INFO: [ app_end ] --END-- [ RunTime:0.000959s ]

[ 2016-05-11T11:16:38+08:00 ] 192.168.1.134 /jyflapi/index.php?s=Users/User/showAddress
INFO: [ app_begin ] --START--
INFO: Run Behavior\ReadHtmlCache [ RunTime:0.001230s ]
INFO: [ app_begin ] --END-- [ RunTime:0.002037s ]
SQL: SHOW COLUMNS FROM `ecs_user_address` [ RunTime:0.005740s ]
NOTIC: [8] Undefined index: p C:\wamp\www\jyflapi\Application\Users\Controller\UserController.class.php 第 298 行.
SQL: SELECT * FROM `ecs_user_address` WHERE ( user_id=1 )  [ RunTime:0.000410s ]
SQL: SHOW COLUMNS FROM `ecs_region` [ RunTime:0.003259s ]
SQL: SELECT * FROM `ecs_region` WHERE ( region_id=1227 ) LIMIT 1   [ RunTime:0.000244s ]
SQL: SELECT * FROM `ecs_region` WHERE ( region_id=117 ) LIMIT 1   [ RunTime:0.000181s ]
SQL: SELECT * FROM `ecs_region` WHERE ( region_id=1 ) LIMIT 1   [ RunTime:0.000171s ]
NOTIC: [8] Undefined variable: show C:\wamp\www\jyflapi\Application\Users\Controller\UserController.class.php 第 318 行.
INFO: [ app_end ] --START--
INFO: Run Behavior\ShowPageTrace [ RunTime:0.000855s ]
INFO: [ app_end ] --END-- [ RunTime:0.000952s ]

[ 2016-05-11T11:18:28+08:00 ] 192.168.1.134 /jyflapi/index.php?s=Users/User/showAddress
INFO: [ app_begin ] --START--
INFO: Run Behavior\ReadHtmlCache [ RunTime:0.001253s ]
INFO: [ app_begin ] --END-- [ RunTime:0.002089s ]
SQL: SHOW COLUMNS FROM `ecs_user_address` [ RunTime:0.004160s ]
NOTIC: [8] Undefined index: p C:\wamp\www\jyflapi\Application\Users\Controller\UserController.class.php 第 298 行.
SQL: SELECT * FROM `ecs_user_address` WHERE ( user_id=1 )  [ RunTime:0.000302s ]
SQL: SHOW COLUMNS FROM `ecs_region` [ RunTime:0.003188s ]
SQL: SELECT * FROM `ecs_region` WHERE ( region_id=1227 ) LIMIT 1   [ RunTime:0.000281s ]
SQL: SELECT * FROM `ecs_region` WHERE ( region_id=117 ) LIMIT 1   [ RunTime:0.000238s ]
SQL: SELECT * FROM `ecs_region` WHERE ( region_id=1 ) LIMIT 1   [ RunTime:0.000225s ]
NOTIC: [8] Undefined variable: show C:\wamp\www\jyflapi\Application\Users\Controller\UserController.class.php 第 318 行.
INFO: [ app_end ] --START--
INFO: Run Behavior\ShowPageTrace [ RunTime:0.000935s ]
INFO: [ app_end ] --END-- [ RunTime:0.001032s ]

[ 2016-05-11T11:19:06+08:00 ] 192.168.1.134 /jyflapi/index.php?s=Users/User/showAddress
INFO: [ app_begin ] --START--
INFO: Run Behavior\ReadHtmlCache [ RunTime:0.001270s ]
INFO: [ app_begin ] --END-- [ RunTime:0.002072s ]
SQL: SHOW COLUMNS FROM `ecs_user_address` [ RunTime:0.004880s ]
NOTIC: [8] Undefined index: p C:\wamp\www\jyflapi\Application\Users\Controller\UserController.class.php 第 298 行.
SQL: SELECT * FROM `ecs_user_address` WHERE ( user_id=1 )  [ RunTime:0.000294s ]
SQL: SHOW COLUMNS FROM `ecs_region` [ RunTime:0.003010s ]
SQL: SELECT * FROM `ecs_region` WHERE ( region_id=1227 ) LIMIT 1   [ RunTime:0.000272s ]
SQL: SELECT * FROM `ecs_region` WHERE ( region_id=117 ) LIMIT 1   [ RunTime:0.000235s ]
SQL: SELECT * FROM `ecs_region` WHERE ( region_id=1 ) LIMIT 1   [ RunTime:0.000225s ]
NOTIC: [8] Undefined variable: show C:\wamp\www\jyflapi\Application\Users\Controller\UserController.class.php 第 318 行.
INFO: [ app_end ] --START--
INFO: Run Behavior\ShowPageTrace [ RunTime:0.000934s ]
INFO: [ app_end ] --END-- [ RunTime:0.001033s ]

[ 2016-05-11T11:23:31+08:00 ] 192.168.1.134 /jyflapi/index.php?s=Users/User/showAddress
INFO: [ app_begin ] --START--
INFO: Run Behavior\ReadHtmlCache [ RunTime:0.001267s ]
INFO: [ app_begin ] --END-- [ RunTime:0.002117s ]
SQL: SHOW COLUMNS FROM `ecs_user_address` [ RunTime:0.003845s ]
NOTIC: [8] Undefined index: p C:\wamp\www\jyflapi\Application\Users\Controller\UserController.class.php 第 298 行.
SQL: SELECT * FROM `ecs_user_address` WHERE ( user_id=1 )  [ RunTime:0.000293s ]
SQL: SHOW COLUMNS FROM `ecs_region` [ RunTime:0.003138s ]
SQL: SELECT * FROM `ecs_region` WHERE ( region_id=1227 ) LIMIT 1   [ RunTime:0.000272s ]
SQL: SELECT * FROM `ecs_region` WHERE ( region_id=117 ) LIMIT 1   [ RunTime:0.000235s ]
SQL: SELECT * FROM `ecs_region` WHERE ( region_id=1 ) LIMIT 1   [ RunTime:0.000224s ]
NOTIC: [8] Undefined variable: show C:\wamp\www\jyflapi\Application\Users\Controller\UserController.class.php 第 318 行.
INFO: [ app_end ] --START--
INFO: Run Behavior\ShowPageTrace [ RunTime:0.000958s ]
INFO: [ app_end ] --END-- [ RunTime:0.001057s ]

[ 2016-05-11T11:25:46+08:00 ] 192.168.1.134 /jyflapi/index.php?s=Users/User/showAddress
INFO: [ app_begin ] --START--
INFO: Run Behavior\ReadHtmlCache [ RunTime:0.001825s ]
INFO: [ app_begin ] --END-- [ RunTime:0.003040s ]
SQL: SHOW COLUMNS FROM `ecs_user_address` [ RunTime:0.003429s ]
NOTIC: [8] Undefined index: p C:\wamp\www\jyflapi\Application\Users\Controller\UserController.class.php 第 298 行.
SQL: SELECT * FROM `ecs_user_address` WHERE ( user_id=1 )  [ RunTime:0.000299s ]
SQL: SHOW COLUMNS FROM `ecs_region` [ RunTime:0.003134s ]
SQL: SELECT * FROM `ecs_region` WHERE ( region_id=1227 ) LIMIT 1   [ RunTime:0.000269s ]
SQL: SELECT * FROM `ecs_region` WHERE ( region_id=117 ) LIMIT 1   [ RunTime:0.000234s ]
SQL: SELECT * FROM `ecs_region` WHERE ( region_id=1 ) LIMIT 1   [ RunTime:0.000212s ]
NOTIC: [8] Undefined variable: show C:\wamp\www\jyflapi\Application\Users\Controller\UserController.class.php 第 318 行.
INFO: [ app_end ] --START--
INFO: Run Behavior\ShowPageTrace [ RunTime:0.000952s ]
INFO: [ app_end ] --END-- [ RunTime:0.001051s ]

[ 2016-05-11T11:26:36+08:00 ] 192.168.1.134 /jyflapi/index.php?s=Users/User/showAddress
INFO: [ app_begin ] --START--
INFO: Run Behavior\ReadHtmlCache [ RunTime:0.001007s ]
INFO: [ app_begin ] --END-- [ RunTime:0.001714s ]
SQL: SHOW COLUMNS FROM `ecs_user_address` [ RunTime:0.003492s ]
NOTIC: [8] Undefined index: p C:\wamp\www\jyflapi\Application\Users\Controller\UserController.class.php 第 298 行.
SQL: SELECT * FROM `ecs_user_address` WHERE ( user_id=1 )  [ RunTime:0.000301s ]
SQL: SHOW COLUMNS FROM `ecs_region` [ RunTime:0.003045s ]
SQL: SELECT * FROM `ecs_region` WHERE ( region_id=1227 ) LIMIT 1   [ RunTime:0.000247s ]
SQL: SELECT * FROM `ecs_region` WHERE ( region_id=117 ) LIMIT 1   [ RunTime:0.000206s ]
SQL: SELECT * FROM `ecs_region` WHERE ( region_id=1 ) LIMIT 1   [ RunTime:0.000195s ]
NOTIC: [8] Undefined variable: show C:\wamp\www\jyflapi\Application\Users\Controller\UserController.class.php 第 318 行.
INFO: [ app_end ] --START--
INFO: Run Behavior\ShowPageTrace [ RunTime:0.000792s ]
INFO: [ app_end ] --END-- [ RunTime:0.000890s ]

[ 2016-05-11T11:28:38+08:00 ] 192.168.1.134 /jyflapi/index.php?s=Users/User/showAddress
INFO: [ app_begin ] --START--
INFO: Run Behavior\ReadHtmlCache [ RunTime:0.001609s ]
INFO: [ app_begin ] --END-- [ RunTime:0.002669s ]
SQL: SHOW COLUMNS FROM `ecs_user_address` [ RunTime:0.003408s ]
NOTIC: [8] Undefined index: p C:\wamp\www\jyflapi\Application\Users\Controller\UserController.class.php 第 298 行.
SQL: SELECT * FROM `ecs_user_address` WHERE ( user_id=1 )  [ RunTime:0.000296s ]
SQL: SHOW COLUMNS FROM `ecs_region` [ RunTime:0.003066s ]
SQL: SELECT * FROM `ecs_region` WHERE ( region_id=1227 ) LIMIT 1   [ RunTime:0.000273s ]
SQL: SELECT * FROM `ecs_region` WHERE ( region_id=117 ) LIMIT 1   [ RunTime:0.000231s ]
SQL: SELECT * FROM `ecs_region` WHERE ( region_id=1 ) LIMIT 1   [ RunTime:0.000222s ]
NOTIC: [8] Undefined variable: show C:\wamp\www\jyflapi\Application\Users\Controller\UserController.class.php 第 318 行.
INFO: [ app_end ] --START--
INFO: Run Behavior\ShowPageTrace [ RunTime:0.000931s ]
INFO: [ app_end ] --END-- [ RunTime:0.001030s ]

[ 2016-05-11T11:28:39+08:00 ] 192.168.1.134 /jyflapi/index.php?s=Users/User/showAddress
INFO: [ app_begin ] --START--
INFO: Run Behavior\ReadHtmlCache [ RunTime:0.001058s ]
INFO: [ app_begin ] --END-- [ RunTime:0.001791s ]
SQL: SHOW COLUMNS FROM `ecs_user_address` [ RunTime:0.003375s ]
NOTIC: [8] Undefined index: p C:\wamp\www\jyflapi\Application\Users\Controller\UserController.class.php 第 298 行.
SQL: SELECT * FROM `ecs_user_address` WHERE ( user_id=1 )  [ RunTime:0.000288s ]
SQL: SHOW COLUMNS FROM `ecs_region` [ RunTime:0.003105s ]
SQL: SELECT * FROM `ecs_region` WHERE ( region_id=1227 ) LIMIT 1   [ RunTime:0.000264s ]
SQL: SELECT * FROM `ecs_region` WHERE ( region_id=117 ) LIMIT 1   [ RunTime:0.000211s ]
SQL: SELECT * FROM `ecs_region` WHERE ( region_id=1 ) LIMIT 1   [ RunTime:0.000197s ]
NOTIC: [8] Undefined variable: show C:\wamp\www\jyflapi\Application\Users\Controller\UserController.class.php 第 318 行.
INFO: [ app_end ] --START--
INFO: Run Behavior\ShowPageTrace [ RunTime:0.000913s ]
INFO: [ app_end ] --END-- [ RunTime:0.001009s ]

[ 2016-05-11T11:28:39+08:00 ] 192.168.1.134 /jyflapi/index.php?s=Users/User/showAddress
INFO: [ app_begin ] --START--
INFO: Run Behavior\ReadHtmlCache [ RunTime:0.001176s ]
INFO: [ app_begin ] --END-- [ RunTime:0.001974s ]
SQL: SHOW COLUMNS FROM `ecs_user_address` [ RunTime:0.004849s ]
NOTIC: [8] Undefined index: p C:\wamp\www\jyflapi\Application\Users\Controller\UserController.class.php 第 298 行.
SQL: SELECT * FROM `ecs_user_address` WHERE ( user_id=1 )  [ RunTime:0.000416s ]
SQL: SHOW COLUMNS FROM `ecs_region` [ RunTime:0.003252s ]
SQL: SELECT * FROM `ecs_region` WHERE ( region_id=1227 ) LIMIT 1   [ RunTime:0.000274s ]
SQL: SELECT * FROM `ecs_region` WHERE ( region_id=117 ) LIMIT 1   [ RunTime:0.000244s ]
SQL: SELECT * FROM `ecs_region` WHERE ( region_id=1 ) LIMIT 1   [ RunTime:0.000223s ]
NOTIC: [8] Undefined variable: show C:\wamp\www\jyflapi\Application\Users\Controller\UserController.class.php 第 318 行.
INFO: [ app_end ] --START--
INFO: Run Behavior\ShowPageTrace [ RunTime:0.000924s ]
INFO: [ app_end ] --END-- [ RunTime:0.001023s ]

[ 2016-05-11T11:28:40+08:00 ] 192.168.1.134 /jyflapi/index.php?s=Users/User/showAddress
INFO: [ app_begin ] --START--
INFO: Run Behavior\ReadHtmlCache [ RunTime:0.002642s ]
INFO: [ app_begin ] --END-- [ RunTime:0.004368s ]
SQL: SHOW COLUMNS FROM `ecs_user_address` [ RunTime:0.004200s ]
NOTIC: [8] Undefined index: p C:\wamp\www\jyflapi\Application\Users\Controller\UserController.class.php 第 298 行.
SQL: SELECT * FROM `ecs_user_address` WHERE ( user_id=1 )  [ RunTime:0.000364s ]
SQL: SHOW COLUMNS FROM `ecs_region` [ RunTime:0.011173s ]
SQL: SELECT * FROM `ecs_region` WHERE ( region_id=1227 ) LIMIT 1   [ RunTime:0.000335s ]
SQL: SELECT * FROM `ecs_region` WHERE ( region_id=117 ) LIMIT 1   [ RunTime:0.000274s ]
SQL: SELECT * FROM `ecs_region` WHERE ( region_id=1 ) LIMIT 1   [ RunTime:0.000254s ]
NOTIC: [8] Undefined variable: show C:\wamp\www\jyflapi\Application\Users\Controller\UserController.class.php 第 318 行.
INFO: [ app_end ] --START--
INFO: Run Behavior\ShowPageTrace [ RunTime:0.001165s ]
INFO: [ app_end ] --END-- [ RunTime:0.001300s ]

[ 2016-05-11T11:28:40+08:00 ] 192.168.1.134 /jyflapi/index.php?s=Users/User/showAddress
INFO: [ app_begin ] --START--
INFO: Run Behavior\ReadHtmlCache [ RunTime:0.001632s ]
INFO: [ app_begin ] --END-- [ RunTime:0.003220s ]
SQL: SHOW COLUMNS FROM `ecs_user_address` [ RunTime:0.004413s ]
NOTIC: [8] Undefined index: p C:\wamp\www\jyflapi\Application\Users\Controller\UserController.class.php 第 298 行.
SQL: SELECT * FROM `ecs_user_address` WHERE ( user_id=1 )  [ RunTime:0.000365s ]
SQL: SHOW COLUMNS FROM `ecs_region` [ RunTime:0.003902s ]
SQL: SELECT * FROM `ecs_region` WHERE ( region_id=1227 ) LIMIT 1   [ RunTime:0.000344s ]
SQL: SELECT * FROM `ecs_region` WHERE ( region_id=117 ) LIMIT 1   [ RunTime:0.000312s ]
SQL: SELECT * FROM `ecs_region` WHERE ( region_id=1 ) LIMIT 1   [ RunTime:0.000298s ]
NOTIC: [8] Undefined variable: show C:\wamp\www\jyflapi\Application\Users\Controller\UserController.class.php 第 318 行.
INFO: [ app_end ] --START--
INFO: Run Behavior\ShowPageTrace [ RunTime:0.001215s ]
INFO: [ app_end ] --END-- [ RunTime:0.001353s ]

[ 2016-05-11T11:28:54+08:00 ] 192.168.1.134 /jyflapi/index.php?s=Users/User/showAddress
INFO: [ app_begin ] --START--
INFO: Run Behavior\ReadHtmlCache [ RunTime:0.002652s ]
INFO: [ app_begin ] --END-- [ RunTime:0.004424s ]
SQL: SHOW COLUMNS FROM `ecs_user_address` [ RunTime:0.005655s ]
NOTIC: [8] Undefined index: p C:\wamp\www\jyflapi\Application\Users\Controller\UserController.class.php 第 298 行.
SQL: SELECT * FROM `ecs_user_address` WHERE ( user_id=1 )  [ RunTime:0.000376s ]
SQL: SHOW COLUMNS FROM `ecs_region` [ RunTime:0.003961s ]
SQL: SELECT * FROM `ecs_region` WHERE ( region_id=1227 ) LIMIT 1   [ RunTime:0.000348s ]
SQL: SELECT * FROM `ecs_region` WHERE ( region_id=117 ) LIMIT 1   [ RunTime:0.000312s ]
SQL: SELECT * FROM `ecs_region` WHERE ( region_id=1 ) LIMIT 1   [ RunTime:0.000299s ]
NOTIC: [8] Undefined variable: show C:\wamp\www\jyflapi\Application\Users\Controller\UserController.class.php 第 318 行.
INFO: [ app_end ] --START--
INFO: Run Behavior\ShowPageTrace [ RunTime:0.001133s ]
INFO: [ app_end ] --END-- [ RunTime:0.001271s ]

[ 2016-05-11T11:30:02+08:00 ] 192.168.1.134 /jyflapi/index.php?s=Users/User/showAddress
INFO: [ app_begin ] --START--
INFO: Run Behavior\ReadHtmlCache [ RunTime:0.001089s ]
INFO: [ app_begin ] --END-- [ RunTime:0.001795s ]
SQL: SHOW COLUMNS FROM `ecs_user_address` [ RunTime:0.004359s ]
NOTIC: [8] Undefined index: p C:\wamp\www\jyflapi\Application\Users\Controller\UserController.class.php 第 298 行.
SQL: SELECT * FROM `ecs_user_address` WHERE ( user_id=1 )  [ RunTime:0.000380s ]
SQL: SHOW COLUMNS FROM `ecs_region` [ RunTime:0.003371s ]
SQL: SELECT * FROM `ecs_region` WHERE ( region_id=1227 ) LIMIT 1   [ RunTime:0.000275s ]
SQL: SELECT * FROM `ecs_region` WHERE ( region_id=117 ) LIMIT 1   [ RunTime:0.000234s ]
SQL: SELECT * FROM `ecs_region` WHERE ( region_id=1 ) LIMIT 1   [ RunTime:0.000228s ]
NOTIC: [8] Undefined variable: show C:\wamp\www\jyflapi\Application\Users\Controller\UserController.class.php 第 318 行.
INFO: [ app_end ] --START--
INFO: Run Behavior\ShowPageTrace [ RunTime:0.000923s ]
INFO: [ app_end ] --END-- [ RunTime:0.001023s ]

[ 2016-05-11T11:31:29+08:00 ] 192.168.1.134 /jyflapi/index.php?s=Users/User/showAddress
INFO: [ app_begin ] --START--
INFO: Run Behavior\ReadHtmlCache [ RunTime:0.001094s ]
INFO: [ app_begin ] --END-- [ RunTime:0.001842s ]
SQL: SHOW COLUMNS FROM `ecs_user_address` [ RunTime:0.004318s ]
NOTIC: [8] Undefined index: p C:\wamp\www\jyflapi\Application\Users\Controller\UserController.class.php 第 298 行.
SQL: SELECT * FROM `ecs_user_address` WHERE ( user_id=1 )  [ RunTime:0.000377s ]
SQL: SHOW COLUMNS FROM `ecs_region` [ RunTime:0.003990s ]
SQL: SELECT * FROM `ecs_region` WHERE ( region_id=1227 ) LIMIT 1   [ RunTime:0.000274s ]
SQL: SELECT * FROM `ecs_region` WHERE ( region_id=117 ) LIMIT 1   [ RunTime:0.000218s ]
SQL: SELECT * FROM `ecs_region` WHERE ( region_id=1 ) LIMIT 1   [ RunTime:0.000214s ]
NOTIC: [8] Undefined variable: show C:\wamp\www\jyflapi\Application\Users\Controller\UserController.class.php 第 318 行.
INFO: [ app_end ] --START--
INFO: Run Behavior\ShowPageTrace [ RunTime:0.000926s ]
INFO: [ app_end ] --END-- [ RunTime:0.001025s ]

[ 2016-05-11T11:32:29+08:00 ] 192.168.1.134 /jyflapi/index.php?s=Users/User/showAddress
INFO: [ app_begin ] --START--
INFO: Run Behavior\ReadHtmlCache [ RunTime:0.001442s ]
INFO: [ app_begin ] --END-- [ RunTime:0.002398s ]
SQL: SHOW COLUMNS FROM `ecs_user_address` [ RunTime:0.003296s ]
NOTIC: [8] Undefined index: p C:\wamp\www\jyflapi\Application\Users\Controller\UserController.class.php 第 298 行.
SQL: SELECT * FROM `ecs_user_address` WHERE ( user_id=1 )  [ RunTime:0.000293s ]
SQL: SHOW COLUMNS FROM `ecs_region` [ RunTime:0.003046s ]
SQL: SELECT * FROM `ecs_region` WHERE ( region_id=1227 ) LIMIT 1   [ RunTime:0.000272s ]
SQL: SELECT * FROM `ecs_region` WHERE ( region_id=117 ) LIMIT 1   [ RunTime:0.000232s ]
SQL: SELECT * FROM `ecs_region` WHERE ( region_id=1 ) LIMIT 1   [ RunTime:0.000223s ]
NOTIC: [8] Undefined variable: show C:\wamp\www\jyflapi\Application\Users\Controller\UserController.class.php 第 318 行.
INFO: [ app_end ] --START--
INFO: Run Behavior\ShowPageTrace [ RunTime:0.000935s ]
INFO: [ app_end ] --END-- [ RunTime:0.001034s ]

[ 2016-05-11T11:33:17+08:00 ] 192.168.1.134 /jyflapi/index.php?s=Users/User/showAddress
INFO: [ app_begin ] --START--
INFO: Run Behavior\ReadHtmlCache [ RunTime:0.001178s ]
INFO: [ app_begin ] --END-- [ RunTime:0.002068s ]
SQL: SHOW COLUMNS FROM `ecs_user_address` [ RunTime:0.003703s ]
NOTIC: [8] Undefined index: p C:\wamp\www\jyflapi\Application\Users\Controller\UserController.class.php 第 298 行.
SQL: SELECT * FROM `ecs_user_address` WHERE ( user_id=1 )  [ RunTime:0.000294s ]
SQL: SHOW COLUMNS FROM `ecs_region` [ RunTime:0.002959s ]
SQL: SELECT * FROM `ecs_region` WHERE ( region_id=1227 ) LIMIT 1   [ RunTime:0.000263s ]
SQL: SELECT * FROM `ecs_region` WHERE ( region_id=117 ) LIMIT 1   [ RunTime:0.000211s ]
SQL: SELECT * FROM `ecs_region` WHERE ( region_id=1 ) LIMIT 1   [ RunTime:0.000208s ]
NOTIC: [8] Undefined variable: show C:\wamp\www\jyflapi\Application\Users\Controller\UserController.class.php 第 318 行.
INFO: [ app_end ] --START--
INFO: Run Behavior\ShowPageTrace [ RunTime:0.000839s ]
INFO: [ app_end ] --END-- [ RunTime:0.000935s ]

[ 2016-05-11T11:33:35+08:00 ] 192.168.1.134 /jyflapi/index.php?s=Users/User/showAddress
INFO: [ app_begin ] --START--
INFO: Run Behavior\ReadHtmlCache [ RunTime:0.001066s ]
INFO: [ app_begin ] --END-- [ RunTime:0.001887s ]
SQL: SHOW COLUMNS FROM `ecs_user_address` [ RunTime:0.004640s ]
NOTIC: [8] Undefined index: p C:\wamp\www\jyflapi\Application\Users\Controller\UserController.class.php 第 298 行.
SQL: SELECT * FROM `ecs_user_address` WHERE ( user_id=1 )  [ RunTime:0.000293s ]
SQL: SHOW COLUMNS FROM `ecs_region` [ RunTime:0.003003s ]
SQL: SELECT * FROM `ecs_region` WHERE ( region_id=1227 ) LIMIT 1   [ RunTime:0.000244s ]
SQL: SELECT * FROM `ecs_region` WHERE ( region_id=117 ) LIMIT 1   [ RunTime:0.000179s ]
SQL: SELECT * FROM `ecs_region` WHERE ( region_id=1 ) LIMIT 1   [ RunTime:0.000170s ]
NOTIC: [8] Undefined variable: show C:\wamp\www\jyflapi\Application\Users\Controller\UserController.class.php 第 318 行.
INFO: [ app_end ] --START--
INFO: Run Behavior\ShowPageTrace [ RunTime:0.000756s ]
INFO: [ app_end ] --END-- [ RunTime:0.000856s ]

[ 2016-05-11T11:34:33+08:00 ] 192.168.1.134 /jyflapi/index.php?s=Users/User/showAddress
INFO: [ app_begin ] --START--
INFO: Run Behavior\ReadHtmlCache [ RunTime:0.001121s ]
INFO: [ app_begin ] --END-- [ RunTime:0.001851s ]
SQL: SHOW COLUMNS FROM `ecs_user_address` [ RunTime:0.004265s ]
NOTIC: [8] Undefined index: p C:\wamp\www\jyflapi\Application\Users\Controller\UserController.class.php 第 298 行.
SQL: SELECT * FROM `ecs_user_address` WHERE ( user_id=1 )  [ RunTime:0.000378s ]
SQL: SHOW COLUMNS FROM `ecs_region` [ RunTime:0.003575s ]
SQL: SELECT * FROM `ecs_region` WHERE ( region_id=1227 ) LIMIT 1   [ RunTime:0.000262s ]
SQL: SELECT * FROM `ecs_region` WHERE ( region_id=117 ) LIMIT 1   [ RunTime:0.000212s ]
SQL: SELECT * FROM `ecs_region` WHERE ( region_id=1 ) LIMIT 1   [ RunTime:0.000207s ]
NOTIC: [8] Undefined variable: show C:\wamp\www\jyflapi\Application\Users\Controller\UserController.class.php 第 318 行.
INFO: [ app_end ] --START--
INFO: Run Behavior\ShowPageTrace [ RunTime:0.000941s ]
INFO: [ app_end ] --END-- [ RunTime:0.001039s ]

[ 2016-05-11T11:35:28+08:00 ] 192.168.1.134 /jyflapi/index.php?s=Users/User/showAddress
INFO: [ app_begin ] --START--
INFO: Run Behavior\ReadHtmlCache [ RunTime:0.001243s ]
INFO: [ app_begin ] --END-- [ RunTime:0.002045s ]
SQL: SHOW COLUMNS FROM `ecs_user_address` [ RunTime:0.003638s ]
NOTIC: [8] Undefined index: p C:\wamp\www\jyflapi\Application\Users\Controller\UserController.class.php 第 298 行.
SQL: SELECT * FROM `ecs_user_address` WHERE ( user_id=1 )  [ RunTime:0.000278s ]
SQL: SHOW COLUMNS FROM `ecs_region` [ RunTime:0.002878s ]
SQL: SELECT * FROM `ecs_region` WHERE ( region_id=1227 ) LIMIT 1   [ RunTime:0.000267s ]
SQL: SELECT * FROM `ecs_region` WHERE ( region_id=117 ) LIMIT 1   [ RunTime:0.000212s ]
SQL: SELECT * FROM `ecs_region` WHERE ( region_id=1 ) LIMIT 1   [ RunTime:0.000208s ]
NOTIC: [8] Undefined variable: show C:\wamp\www\jyflapi\Application\Users\Controller\UserController.class.php 第 318 行.
INFO: [ app_end ] --START--
INFO: Run Behavior\ShowPageTrace [ RunTime:0.000911s ]
INFO: [ app_end ] --END-- [ RunTime:0.001009s ]

[ 2016-05-11T11:36:15+08:00 ] 192.168.1.134 /jyflapi/index.php?s=Users/User/showAddress
INFO: [ app_begin ] --START--
INFO: Run Behavior\ReadHtmlCache [ RunTime:0.001188s ]
INFO: [ app_begin ] --END-- [ RunTime:0.001940s ]
SQL: SHOW COLUMNS FROM `ecs_user_address` [ RunTime:0.004590s ]
NOTIC: [8] Undefined index: p C:\wamp\www\jyflapi\Application\Users\Controller\UserController.class.php 第 298 行.
SQL: SELECT * FROM `ecs_user_address` WHERE ( user_id=1 )  [ RunTime:0.000414s ]
SQL: SHOW COLUMNS FROM `ecs_region` [ RunTime:0.004267s ]
SQL: SELECT * FROM `ecs_region` WHERE ( region_id=1227 ) LIMIT 1   [ RunTime:0.000272s ]
SQL: SELECT * FROM `ecs_region` WHERE ( region_id=117 ) LIMIT 1   [ RunTime:0.000239s ]
SQL: SELECT * FROM `ecs_region` WHERE ( region_id=1 ) LIMIT 1   [ RunTime:0.000222s ]
NOTIC: [8] Undefined variable: show C:\wamp\www\jyflapi\Application\Users\Controller\UserController.class.php 第 318 行.
INFO: [ app_end ] --START--
INFO: Run Behavior\ShowPageTrace [ RunTime:0.000925s ]
INFO: [ app_end ] --END-- [ RunTime:0.001024s ]

[ 2016-05-11T11:37:31+08:00 ] 192.168.1.134 /jyflapi/index.php?s=Users/User/showAddress
INFO: [ app_begin ] --START--
INFO: Run Behavior\ReadHtmlCache [ RunTime:0.001157s ]
INFO: [ app_begin ] --END-- [ RunTime:0.001862s ]
SQL: SHOW COLUMNS FROM `ecs_user_address` [ RunTime:0.004469s ]
NOTIC: [8] Undefined index: p C:\wamp\www\jyflapi\Application\Users\Controller\UserController.class.php 第 298 行.
SQL: SELECT * FROM `ecs_user_address` WHERE ( user_id=1 )  [ RunTime:0.000308s ]
SQL: SHOW COLUMNS FROM `ecs_region` [ RunTime:0.003324s ]
SQL: SELECT * FROM `ecs_region` WHERE ( region_id=1227 ) LIMIT 1   [ RunTime:0.000252s ]
SQL: SELECT * FROM `ecs_region` WHERE ( region_id=117 ) LIMIT 1   [ RunTime:0.000183s ]
SQL: SELECT * FROM `ecs_region` WHERE ( region_id=1 ) LIMIT 1   [ RunTime:0.000164s ]
NOTIC: [8] Undefined variable: show C:\wamp\www\jyflapi\Application\Users\Controller\UserController.class.php 第 318 行.
INFO: [ app_end ] --START--
INFO: Run Behavior\ShowPageTrace [ RunTime:0.000885s ]
INFO: [ app_end ] --END-- [ RunTime:0.000986s ]

[ 2016-05-11T11:38:04+08:00 ] 192.168.1.134 /jyflapi/index.php?s=Users/User/showAddress
INFO: [ app_begin ] --START--
INFO: Run Behavior\ReadHtmlCache [ RunTime:0.001434s ]
INFO: [ app_begin ] --END-- [ RunTime:0.002366s ]
SQL: SHOW COLUMNS FROM `ecs_user_address` [ RunTime:0.003528s ]
NOTIC: [8] Undefined index: p C:\wamp\www\jyflapi\Application\Users\Controller\UserController.class.php 第 298 行.
SQL: SELECT * FROM `ecs_user_address` WHERE ( user_id=1 )  [ RunTime:0.000305s ]
SQL: SHOW COLUMNS FROM `ecs_region` [ RunTime:0.003106s ]
SQL: SELECT * FROM `ecs_region` WHERE ( region_id=1227 ) LIMIT 1   [ RunTime:0.000278s ]
SQL: SELECT * FROM `ecs_region` WHERE ( region_id=117 ) LIMIT 1   [ RunTime:0.000239s ]
SQL: SELECT * FROM `ecs_region` WHERE ( region_id=1 ) LIMIT 1   [ RunTime:0.000226s ]
NOTIC: [8] Undefined variable: show C:\wamp\www\jyflapi\Application\Users\Controller\UserController.class.php 第 318 行.
INFO: [ app_end ] --START--
INFO: Run Behavior\ShowPageTrace [ RunTime:0.000897s ]
INFO: [ app_end ] --END-- [ RunTime:0.000998s ]

[ 2016-05-11T11:38:11+08:00 ] 192.168.1.134 /jyflapi/index.php?s=Users/User/showAddress
INFO: [ app_begin ] --START--
INFO: Run Behavior\ReadHtmlCache [ RunTime:0.001115s ]
INFO: [ app_begin ] --END-- [ RunTime:0.001867s ]
SQL: SHOW COLUMNS FROM `ecs_user_address` [ RunTime:0.004671s ]
NOTIC: [8] Undefined index: p C:\wamp\www\jyflapi\Application\Users\Controller\UserController.class.php 第 298 行.
SQL: SELECT * FROM `ecs_user_address` WHERE ( user_id=1 )  [ RunTime:0.000395s ]
SQL: SHOW COLUMNS FROM `ecs_region` [ RunTime:0.004259s ]
SQL: SELECT * FROM `ecs_region` WHERE ( region_id=1227 ) LIMIT 1   [ RunTime:0.000275s ]
SQL: SELECT * FROM `ecs_region` WHERE ( region_id=117 ) LIMIT 1   [ RunTime:0.000235s ]
SQL: SELECT * FROM `ecs_region` WHERE ( region_id=1 ) LIMIT 1   [ RunTime:0.000222s ]
NOTIC: [8] Undefined variable: show C:\wamp\www\jyflapi\Application\Users\Controller\UserController.class.php 第 318 行.
INFO: [ app_end ] --START--
INFO: Run Behavior\ShowPageTrace [ RunTime:0.000869s ]
INFO: [ app_end ] --END-- [ RunTime:0.000969s ]

[ 2016-05-11T17:39:23+08:00 ] 192.168.1.127 /jyflapi/index.php?s=Users/User/userShow
INFO: [ app_begin ] --START--
INFO: Run Behavior\ReadHtmlCache [ RunTime:0.001288s ]
INFO: [ app_begin ] --END-- [ RunTime:0.002112s ]
NOTIC: [8] Undefined index: user_id C:\wamp\www\jyflapi\Application\Users\Controller\UserController.class.php 第 25 行.
SQL: SHOW COLUMNS FROM `ecs_users` [ RunTime:0.004659s ]
SQL: SELECT * FROM `ecs_users` WHERE ( user_id = %d ) LIMIT 1   [ RunTime:0.000181s ]
ERR: 1064:You have an error in your SQL syntax; check the manual that corresponds to your MySQL server version for the right syntax to use near '%d ) LIMIT 1' at line 1
 [ SQL语句 ] : SELECT * FROM `ecs_users` WHERE ( user_id = %d ) LIMIT 1  
INFO: [ app_end ] --START--
INFO: Run Behavior\ShowPageTrace [ RunTime:0.000977s ]
INFO: [ app_end ] --END-- [ RunTime:0.001077s ]

[ 2016-05-11T17:41:08+08:00 ] 192.168.1.127 /jyflapi/index.php?s=Users/User/userShow
INFO: [ app_begin ] --START--
INFO: Run Behavior\ReadHtmlCache [ RunTime:0.001497s ]
INFO: [ app_begin ] --END-- [ RunTime:0.002599s ]
SQL: SHOW COLUMNS FROM `ecs_users` [ RunTime:0.006144s ]
SQL: SELECT * FROM `ecs_users` WHERE ( user_id = 1 ) LIMIT 1   [ RunTime:0.000485s ]
INFO: [ app_end ] --START--
INFO: Run Behavior\ShowPageTrace [ RunTime:0.000989s ]
INFO: [ app_end ] --END-- [ RunTime:0.001101s ]

[ 2016-05-11T17:41:29+08:00 ] 192.168.1.127 /jyflapi/index.php?s=Users/User/userShow
INFO: [ app_begin ] --START--
INFO: Run Behavior\ReadHtmlCache [ RunTime:0.001111s ]
INFO: [ app_begin ] --END-- [ RunTime:0.001850s ]
SQL: SHOW COLUMNS FROM `ecs_users` [ RunTime:0.015466s ]
SQL: SELECT * FROM `ecs_users` WHERE ( user_id = 1 ) LIMIT 1   [ RunTime:0.000442s ]
INFO: [ app_end ] --START--
INFO: Run Behavior\ShowPageTrace [ RunTime:0.000973s ]
INFO: [ app_end ] --END-- [ RunTime:0.001079s ]

[ 2016-05-11T17:42:00+08:00 ] 192.168.1.127 /jyflapi/index.php?s=Users/User/userShow
INFO: [ app_begin ] --START--
INFO: Run Behavior\ReadHtmlCache [ RunTime:0.001776s ]
INFO: [ app_begin ] --END-- [ RunTime:0.002974s ]
SQL: SHOW COLUMNS FROM `ecs_users` [ RunTime:0.009430s ]
SQL: SELECT * FROM `ecs_users` WHERE ( user_id = 1 ) LIMIT 1   [ RunTime:0.000434s ]
INFO: [ app_end ] --START--
INFO: Run Behavior\ShowPageTrace [ RunTime:0.000946s ]
INFO: [ app_end ] --END-- [ RunTime:0.001052s ]

[ 2016-05-11T17:42:07+08:00 ] 192.168.1.127 /jyflapi/index.php?s=Users/User/showAddress
INFO: [ app_begin ] --START--
INFO: Run Behavior\ReadHtmlCache [ RunTime:0.001129s ]
INFO: [ app_begin ] --END-- [ RunTime:0.001886s ]
SQL: SHOW COLUMNS FROM `ecs_user_address` [ RunTime:0.031697s ]
NOTIC: [8] Undefined index: p C:\wamp\www\jyflapi\Application\Users\Controller\UserController.class.php 第 298 行.
SQL: SELECT * FROM `ecs_user_address` WHERE ( user_id=1 )  [ RunTime:0.000422s ]
SQL: SHOW COLUMNS FROM `ecs_region` [ RunTime:0.007294s ]
SQL: SELECT * FROM `ecs_region` WHERE ( region_id=1227 ) LIMIT 1   [ RunTime:0.000860s ]
SQL: SELECT * FROM `ecs_region` WHERE ( region_id=117 ) LIMIT 1   [ RunTime:0.000802s ]
SQL: SELECT * FROM `ecs_region` WHERE ( region_id=1 ) LIMIT 1   [ RunTime:0.000776s ]
NOTIC: [8] Undefined variable: show C:\wamp\www\jyflapi\Application\Users\Controller\UserController.class.php 第 318 行.
INFO: [ app_end ] --START--
INFO: Run Behavior\ShowPageTrace [ RunTime:0.002999s ]
INFO: [ app_end ] --END-- [ RunTime:0.003366s ]

[ 2016-05-11T17:42:16+08:00 ] 192.168.1.127 /jyflapi/index.php?s=Users/User/userShow
INFO: [ app_begin ] --START--
INFO: Run Behavior\ReadHtmlCache [ RunTime:0.001254s ]
INFO: [ app_begin ] --END-- [ RunTime:0.002093s ]
SQL: SHOW COLUMNS FROM `ecs_users` [ RunTime:0.005603s ]
SQL: SELECT * FROM `ecs_users` WHERE ( user_id = 1 ) LIMIT 1   [ RunTime:0.000745s ]
INFO: [ app_end ] --START--
INFO: Run Behavior\ShowPageTrace [ RunTime:0.001256s ]
INFO: [ app_end ] --END-- [ RunTime:0.001394s ]

[ 2016-05-11T17:43:13+08:00 ] 192.168.1.127 /jyflapi/index.php?s=Users/User/userShow
INFO: [ app_begin ] --START--
INFO: Run Behavior\ReadHtmlCache [ RunTime:0.001077s ]
INFO: [ app_begin ] --END-- [ RunTime:0.001815s ]
NOTIC: [8] Undefined index: user_id C:\wamp\www\jyflapi\Application\Users\Controller\UserController.class.php 第 25 行.
SQL: SHOW COLUMNS FROM `ecs_users` [ RunTime:0.005087s ]
SQL: SELECT * FROM `ecs_users` WHERE ( user_id = %d ) LIMIT 1   [ RunTime:0.000228s ]
ERR: 1064:You have an error in your SQL syntax; check the manual that corresponds to your MySQL server version for the right syntax to use near '%d ) LIMIT 1' at line 1
 [ SQL语句 ] : SELECT * FROM `ecs_users` WHERE ( user_id = %d ) LIMIT 1  
INFO: [ app_end ] --START--
INFO: Run Behavior\ShowPageTrace [ RunTime:0.001059s ]
INFO: [ app_end ] --END-- [ RunTime:0.001177s ]

[ 2016-05-11T17:44:16+08:00 ] 192.168.1.127 /jyflapi/index.php?s=Users/User/userShow
INFO: [ app_begin ] --START--
INFO: Run Behavior\ReadHtmlCache [ RunTime:0.001203s ]
INFO: [ app_begin ] --END-- [ RunTime:0.002009s ]
SQL: SHOW COLUMNS FROM `ecs_users` [ RunTime:0.004011s ]
SQL: SELECT * FROM `ecs_users` WHERE ( user_id = 1 ) LIMIT 1   [ RunTime:0.000441s ]
INFO: [ app_end ] --START--
INFO: Run Behavior\ShowPageTrace [ RunTime:0.000953s ]
INFO: [ app_end ] --END-- [ RunTime:0.001059s ]

[ 2016-05-11T17:48:37+08:00 ] 192.168.1.127 /jyflapi/index.php?s=Users/User/userShow
INFO: [ app_begin ] --START--
INFO: Run Behavior\ReadHtmlCache [ RunTime:0.001002s ]
INFO: [ app_begin ] --END-- [ RunTime:0.001761s ]
SQL: SHOW COLUMNS FROM `ecs_users` [ RunTime:0.005730s ]
SQL: SELECT * FROM `ecs_users` WHERE ( user_id = 1 ) LIMIT 1   [ RunTime:0.000535s ]
INFO: [ app_end ] --START--
INFO: Run Behavior\ShowPageTrace [ RunTime:0.000851s ]
INFO: [ app_end ] --END-- [ RunTime:0.000961s ]

[ 2016-05-11T17:49:25+08:00 ] 192.168.1.127 /jyflapi/index.php?s=Users/User/userShow
INFO: [ app_begin ] --START--
INFO: Run Behavior\ReadHtmlCache [ RunTime:0.001266s ]
INFO: [ app_begin ] --END-- [ RunTime:0.002109s ]
SQL: SHOW COLUMNS FROM `ecs_users` [ RunTime:0.005315s ]
SQL: SELECT * FROM `ecs_users` WHERE ( user_id = 1 ) LIMIT 1   [ RunTime:0.000459s ]
INFO: [ app_end ] --START--
INFO: Run Behavior\ShowPageTrace [ RunTime:0.000977s ]
INFO: [ app_end ] --END-- [ RunTime:0.001083s ]

[ 2016-05-11T17:50:25+08:00 ] 192.168.1.127 /jyflapi/index.php?s=Users/User/userShow
INFO: [ app_begin ] --START--
INFO: Run Behavior\ReadHtmlCache [ RunTime:0.001098s ]
INFO: [ app_begin ] --END-- [ RunTime:0.001831s ]
NOTIC: [8] Undefined index: user_id C:\wamp\www\jyflapi\Application\Users\Controller\UserController.class.php 第 25 行.
SQL: SHOW COLUMNS FROM `ecs_users` [ RunTime:0.005131s ]
SQL: SELECT * FROM `ecs_users` WHERE ( user_id = %d ) LIMIT 1   [ RunTime:0.000225s ]
ERR: 1064:You have an error in your SQL syntax; check the manual that corresponds to your MySQL server version for the right syntax to use near '%d ) LIMIT 1' at line 1
 [ SQL语句 ] : SELECT * FROM `ecs_users` WHERE ( user_id = %d ) LIMIT 1  
INFO: [ app_end ] --START--
INFO: Run Behavior\ShowPageTrace [ RunTime:0.001282s ]
INFO: [ app_end ] --END-- [ RunTime:0.001421s ]

[ 2016-05-11T17:50:54+08:00 ] 192.168.1.127 /jyflapi/index.php?s=Users/User/userShow
INFO: [ app_begin ] --START--
INFO: Run Behavior\ReadHtmlCache [ RunTime:0.001190s ]
INFO: [ app_begin ] --END-- [ RunTime:0.002012s ]
SQL: SHOW COLUMNS FROM `ecs_users` [ RunTime:0.005621s ]
SQL: SELECT * FROM `ecs_users` WHERE ( user_id = 1 ) LIMIT 1   [ RunTime:0.000610s ]
INFO: [ app_end ] --START--
INFO: Run Behavior\ShowPageTrace [ RunTime:0.001346s ]
INFO: [ app_end ] --END-- [ RunTime:0.001510s ]

[ 2016-05-11T17:51:00+08:00 ] 192.168.1.127 /jyflapi/index.php?s=Users/User/userShow
INFO: [ app_begin ] --START--
INFO: Run Behavior\ReadHtmlCache [ RunTime:0.001074s ]
INFO: [ app_begin ] --END-- [ RunTime:0.001809s ]
NOTIC: [8] Undefined index: user_id C:\wamp\www\jyflapi\Application\Users\Controller\UserController.class.php 第 25 行.
SQL: SHOW COLUMNS FROM `ecs_users` [ RunTime:0.005063s ]
SQL: SELECT * FROM `ecs_users` WHERE ( user_id = %d ) LIMIT 1   [ RunTime:0.000220s ]
ERR: 1064:You have an error in your SQL syntax; check the manual that corresponds to your MySQL server version for the right syntax to use near '%d ) LIMIT 1' at line 1
 [ SQL语句 ] : SELECT * FROM `ecs_users` WHERE ( user_id = %d ) LIMIT 1  
INFO: [ app_end ] --START--
INFO: Run Behavior\ShowPageTrace [ RunTime:0.001228s ]
INFO: [ app_end ] --END-- [ RunTime:0.001366s ]

[ 2016-05-11T17:51:05+08:00 ] 192.168.1.127 /jyflapi/index.php?s=Users/User/userShow
INFO: [ app_begin ] --START--
INFO: Run Behavior\ReadHtmlCache [ RunTime:0.001227s ]
INFO: [ app_begin ] --END-- [ RunTime:0.002063s ]
NOTIC: [8] Undefined index: user_id C:\wamp\www\jyflapi\Application\Users\Controller\UserController.class.php 第 25 行.
SQL: SHOW COLUMNS FROM `ecs_users` [ RunTime:0.005175s ]
SQL: SELECT * FROM `ecs_users` WHERE ( user_id = %d ) LIMIT 1   [ RunTime:0.000179s ]
ERR: 1064:You have an error in your SQL syntax; check the manual that corresponds to your MySQL server version for the right syntax to use near '%d ) LIMIT 1' at line 1
 [ SQL语句 ] : SELECT * FROM `ecs_users` WHERE ( user_id = %d ) LIMIT 1  
INFO: [ app_end ] --START--
INFO: Run Behavior\ShowPageTrace [ RunTime:0.000929s ]
INFO: [ app_end ] --END-- [ RunTime:0.001029s ]

[ 2016-05-11T17:51:09+08:00 ] 192.168.1.127 /jyflapi/index.php?s=Users/User/showAddress
INFO: [ app_begin ] --START--
INFO: Run Behavior\ReadHtmlCache [ RunTime:0.001068s ]
INFO: [ app_begin ] --END-- [ RunTime:0.001792s ]
NOTIC: [8] Undefined index: user_id C:\wamp\www\jyflapi\Application\Users\Controller\UserController.class.php 第 296 行.
SQL: SHOW COLUMNS FROM `ecs_user_address` [ RunTime:0.003356s ]
NOTIC: [8] Undefined index: p C:\wamp\www\jyflapi\Application\Users\Controller\UserController.class.php 第 298 行.
SQL: SELECT * FROM `ecs_user_address` WHERE ( user_id= )  [ RunTime:0.000167s ]
ERR: 1064:You have an error in your SQL syntax; check the manual that corresponds to your MySQL server version for the right syntax to use near ')' at line 1
 [ SQL语句 ] : SELECT * FROM `ecs_user_address` WHERE ( user_id= ) 
SQL: SHOW COLUMNS FROM `ecs_region` [ RunTime:0.003120s ]
NOTIC: [2] Invalid argument supplied for foreach() C:\wamp\www\jyflapi\Application\Users\Controller\UserController.class.php 第 303 行.
NOTIC: [8] Undefined variable: show C:\wamp\www\jyflapi\Application\Users\Controller\UserController.class.php 第 318 行.
INFO: [ app_end ] --START--
INFO: Run Behavior\ShowPageTrace [ RunTime:0.000917s ]
INFO: [ app_end ] --END-- [ RunTime:0.001019s ]

[ 2016-05-11T17:51:27+08:00 ] 192.168.1.127 /jyflapi/index.php?s=Users/User/userShow
INFO: [ app_begin ] --START--
INFO: Run Behavior\ReadHtmlCache [ RunTime:0.001645s ]
INFO: [ app_begin ] --END-- [ RunTime:0.002785s ]
NOTIC: [8] Undefined index: user_id C:\wamp\www\jyflapi\Application\Users\Controller\UserController.class.php 第 25 行.
SQL: SHOW COLUMNS FROM `ecs_users` [ RunTime:0.007353s ]
SQL: SELECT * FROM `ecs_users` WHERE ( user_id = %d ) LIMIT 1   [ RunTime:0.000190s ]
ERR: 1064:You have an error in your SQL syntax; check the manual that corresponds to your MySQL server version for the right syntax to use near '%d ) LIMIT 1' at line 1
 [ SQL语句 ] : SELECT * FROM `ecs_users` WHERE ( user_id = %d ) LIMIT 1  
INFO: [ app_end ] --START--
INFO: Run Behavior\ShowPageTrace [ RunTime:0.000975s ]
INFO: [ app_end ] --END-- [ RunTime:0.001078s ]

[ 2016-05-11T17:51:51+08:00 ] 192.168.1.127 /jyflapi/index.php?s=Users/User/userUpdate
INFO: [ app_begin ] --START--
INFO: Run Behavior\ReadHtmlCache [ RunTime:0.001226s ]
INFO: [ app_begin ] --END-- [ RunTime:0.002060s ]
NOTIC: [8] Undefined index: user_id C:\wamp\www\jyflapi\Application\Users\Controller\UserController.class.php 第 44 行.
NOTIC: [8] Undefined index: basic C:\wamp\www\jyflapi\Application\Users\Controller\UserController.class.php 第 48 行.
SQL: SHOW COLUMNS FROM `ecs_users` [ RunTime:0.004558s ]
SQL: UPDATE `ecs_users` SET `nickname`='',`sex`=2,`birthday`='',`basic`=null,`pic`='images/img_login/touxiang_shang.png' WHERE ( user_id= ) [ RunTime:0.000192s ]
ERR: 1064:You have an error in your SQL syntax; check the manual that corresponds to your MySQL server version for the right syntax to use near ')' at line 1
 [ SQL语句 ] : UPDATE `ecs_users` SET `nickname`='',`sex`=2,`birthday`='',`basic`=null,`pic`='images/img_login/touxiang_shang.png' WHERE ( user_id= )
INFO: [ app_end ] --START--
INFO: Run Behavior\ShowPageTrace [ RunTime:0.000917s ]
INFO: [ app_end ] --END-- [ RunTime:0.001017s ]

[ 2016-05-11T17:51:56+08:00 ] 192.168.1.127 /jyflapi/index.php?s=Users/User/userShow
INFO: [ app_begin ] --START--
INFO: Run Behavior\ReadHtmlCache [ RunTime:0.001847s ]
INFO: [ app_begin ] --END-- [ RunTime:0.002989s ]
SQL: SHOW COLUMNS FROM `ecs_users` [ RunTime:0.003972s ]
SQL: SELECT * FROM `ecs_users` WHERE ( user_id = 1 ) LIMIT 1   [ RunTime:0.000436s ]
INFO: [ app_end ] --START--
INFO: Run Behavior\ShowPageTrace [ RunTime:0.000964s ]
INFO: [ app_end ] --END-- [ RunTime:0.001073s ]

[ 2016-05-11T17:52:04+08:00 ] 192.168.1.127 /jyflapi/index.php?s=Users/User/userShow
INFO: [ app_begin ] --START--
INFO: Run Behavior\ReadHtmlCache [ RunTime:0.000813s ]
INFO: [ app_begin ] --END-- [ RunTime:0.001354s ]
NOTIC: [8] Undefined index: user_id C:\wamp\www\jyflapi\Application\Users\Controller\UserController.class.php 第 25 行.
SQL: SHOW COLUMNS FROM `ecs_users` [ RunTime:0.004005s ]
SQL: SELECT * FROM `ecs_users` WHERE ( user_id = %d ) LIMIT 1   [ RunTime:0.000180s ]
ERR: 1064:You have an error in your SQL syntax; check the manual that corresponds to your MySQL server version for the right syntax to use near '%d ) LIMIT 1' at line 1
 [ SQL语句 ] : SELECT * FROM `ecs_users` WHERE ( user_id = %d ) LIMIT 1  
INFO: [ app_end ] --START--
INFO: Run Behavior\ShowPageTrace [ RunTime:0.000961s ]
INFO: [ app_end ] --END-- [ RunTime:0.001060s ]

[ 2016-05-11T17:52:07+08:00 ] 192.168.1.127 /jyflapi/index.php?s=Users/User/userShow
INFO: [ app_begin ] --START--
INFO: Run Behavior\ReadHtmlCache [ RunTime:0.001105s ]
INFO: [ app_begin ] --END-- [ RunTime:0.001809s ]
SQL: SHOW COLUMNS FROM `ecs_users` [ RunTime:0.005115s ]
SQL: SELECT * FROM `ecs_users` WHERE ( user_id = 1 ) LIMIT 1   [ RunTime:0.000564s ]
INFO: [ app_end ] --START--
INFO: Run Behavior\ShowPageTrace [ RunTime:0.001278s ]
INFO: [ app_end ] --END-- [ RunTime:0.001422s ]

[ 2016-05-11T17:53:04+08:00 ] 192.168.1.127 /jyflapi/index.php?s=Users/User/userShow
INFO: [ app_begin ] --START--
INFO: Run Behavior\ReadHtmlCache [ RunTime:0.001422s ]
INFO: [ app_begin ] --END-- [ RunTime:0.002283s ]
NOTIC: [8] Undefined index: user_id C:\wamp\www\jyflapi\Application\Users\Controller\UserController.class.php 第 25 行.
SQL: SHOW COLUMNS FROM `ecs_users` [ RunTime:0.003878s ]
SQL: SELECT * FROM `ecs_users` WHERE ( user_id = %d ) LIMIT 1   [ RunTime:0.000153s ]
ERR: 1064:You have an error in your SQL syntax; check the manual that corresponds to your MySQL server version for the right syntax to use near '%d ) LIMIT 1' at line 1
 [ SQL语句 ] : SELECT * FROM `ecs_users` WHERE ( user_id = %d ) LIMIT 1  
INFO: [ app_end ] --START--
INFO: Run Behavior\ShowPageTrace [ RunTime:0.000838s ]
INFO: [ app_end ] --END-- [ RunTime:0.000937s ]

[ 2016-05-11T17:53:48+08:00 ] 192.168.1.127 /jyflapi/index.php?s=Users/User/showAddress
INFO: [ app_begin ] --START--
INFO: Run Behavior\ReadHtmlCache [ RunTime:0.001085s ]
INFO: [ app_begin ] --END-- [ RunTime:0.001830s ]
SQL: SHOW COLUMNS FROM `ecs_user_address` [ RunTime:0.004205s ]
NOTIC: [8] Undefined index: p C:\wamp\www\jyflapi\Application\Users\Controller\UserController.class.php 第 298 行.
SQL: SELECT * FROM `ecs_user_address` WHERE ( user_id=1 )  [ RunTime:0.000374s ]
SQL: SHOW COLUMNS FROM `ecs_region` [ RunTime:0.003843s ]
SQL: SELECT * FROM `ecs_region` WHERE ( region_id=1227 ) LIMIT 1   [ RunTime:0.000276s ]
SQL: SELECT * FROM `ecs_region` WHERE ( region_id=117 ) LIMIT 1   [ RunTime:0.000235s ]
SQL: SELECT * FROM `ecs_region` WHERE ( region_id=1 ) LIMIT 1   [ RunTime:0.000224s ]
NOTIC: [8] Undefined variable: show C:\wamp\www\jyflapi\Application\Users\Controller\UserController.class.php 第 318 行.
INFO: [ app_end ] --START--
INFO: Run Behavior\ShowPageTrace [ RunTime:0.000895s ]
INFO: [ app_end ] --END-- [ RunTime:0.000994s ]

[ 2016-05-11T17:53:51+08:00 ] 192.168.1.127 /jyflapi/index.php?s=Users/User/userShow
INFO: [ app_begin ] --START--
INFO: Run Behavior\ReadHtmlCache [ RunTime:0.001202s ]
INFO: [ app_begin ] --END-- [ RunTime:0.002024s ]
SQL: SHOW COLUMNS FROM `ecs_users` [ RunTime:0.004953s ]
SQL: SELECT * FROM `ecs_users` WHERE ( user_id = 1 ) LIMIT 1   [ RunTime:0.000434s ]
INFO: [ app_end ] --START--
INFO: Run Behavior\ShowPageTrace [ RunTime:0.000870s ]
INFO: [ app_end ] --END-- [ RunTime:0.000975s ]

[ 2016-05-11T18:03:20+08:00 ] 192.168.1.127 /jyflapi/index.php?s=Users/User/userShow
INFO: [ app_begin ] --START--
INFO: Run Behavior\ReadHtmlCache [ RunTime:0.001084s ]
INFO: [ app_begin ] --END-- [ RunTime:0.001812s ]
NOTIC: [8] Undefined index: user_id C:\wamp\www\jyflapi\Application\Users\Controller\UserController.class.php 第 25 行.
SQL: SHOW COLUMNS FROM `ecs_users` [ RunTime:0.005245s ]
SQL: SELECT * FROM `ecs_users` WHERE ( user_id = %d ) LIMIT 1   [ RunTime:0.000181s ]
ERR: 1064:You have an error in your SQL syntax; check the manual that corresponds to your MySQL server version for the right syntax to use near '%d ) LIMIT 1' at line 1
 [ SQL语句 ] : SELECT * FROM `ecs_users` WHERE ( user_id = %d ) LIMIT 1  
INFO: [ app_end ] --START--
INFO: Run Behavior\ShowPageTrace [ RunTime:0.000874s ]
INFO: [ app_end ] --END-- [ RunTime:0.000978s ]

[ 2016-05-11T18:04:21+08:00 ] 192.168.1.127 /jyflapi/index.php?s=Users/User/userShow
INFO: [ app_begin ] --START--
INFO: Run Behavior\ReadHtmlCache [ RunTime:0.001232s ]
INFO: [ app_begin ] --END-- [ RunTime:0.002028s ]
SQL: SHOW COLUMNS FROM `ecs_users` [ RunTime:0.005078s ]
SQL: SELECT * FROM `ecs_users` WHERE ( user_id = 1 ) LIMIT 1   [ RunTime:0.000447s ]
INFO: [ app_end ] --START--
INFO: Run Behavior\ShowPageTrace [ RunTime:0.000952s ]
INFO: [ app_end ] --END-- [ RunTime:0.001060s ]

[ 2016-05-11T18:04:28+08:00 ] 192.168.1.127 /jyflapi/index.php?s=Upload/Upload/upload
INFO: [ app_begin ] --START--
INFO: Run Behavior\ReadHtmlCache [ RunTime:0.000794s ]
INFO: [ app_begin ] --END-- [ RunTime:0.001638s ]
NOTIC: [2] call_user_func() expects parameter 1 to be a valid callback, no array or string given C:\wamp\www\jyflapi\ThinkPHP\Library\Think\Upload.class.php 第 167 行.
INFO: [ app_end ] --START--
INFO: Run Behavior\ShowPageTrace [ RunTime:0.002337s ]
INFO: [ app_end ] --END-- [ RunTime:0.002673s ]

[ 2016-05-11T18:04:29+08:00 ] 192.168.1.127 /jyflapi/index.php?s=Users/User/userUpdate
INFO: [ app_begin ] --START--
INFO: Run Behavior\ReadHtmlCache [ RunTime:0.001198s ]
INFO: [ app_begin ] --END-- [ RunTime:0.001983s ]
SQL: SHOW COLUMNS FROM `ecs_users` [ RunTime:0.005470s ]
SQL: UPDATE `ecs_users` SET `nickname`='小不点',`sex`=2,`birthday`='2016-12-06',`basic`='保密',`pic`='http://192.168.1.161/jyflapi/Uploads/2016-05-11/573303acdfe32.jpg' WHERE ( user_id=1 ) [ RunTime:0.000441s ]
INFO: [ app_end ] --START--
INFO: Run Behavior\ShowPageTrace [ RunTime:0.001047s ]
INFO: [ app_end ] --END-- [ RunTime:0.001175s ]

[ 2016-05-11T18:04:33+08:00 ] 192.168.1.127 /jyflapi/index.php?s=Users/User/userShow
INFO: [ app_begin ] --START--
INFO: Run Behavior\ReadHtmlCache [ RunTime:0.001213s ]
INFO: [ app_begin ] --END-- [ RunTime:0.002056s ]
SQL: SHOW COLUMNS FROM `ecs_users` [ RunTime:0.005679s ]
SQL: SELECT * FROM `ecs_users` WHERE ( user_id = 1 ) LIMIT 1   [ RunTime:0.000642s ]
INFO: [ app_end ] --START--
INFO: Run Behavior\ShowPageTrace [ RunTime:0.001381s ]
INFO: [ app_end ] --END-- [ RunTime:0.001544s ]

[ 2016-05-11T18:07:12+08:00 ] 192.168.1.127 /jyflapi/index.php?s=Users/User/userShow
INFO: [ app_begin ] --START--
INFO: Run Behavior\ReadHtmlCache [ RunTime:0.001238s ]
INFO: [ app_begin ] --END-- [ RunTime:0.002083s ]
NOTIC: [8] Undefined index: user_id C:\wamp\www\jyflapi\Application\Users\Controller\UserController.class.php 第 25 行.
SQL: SHOW COLUMNS FROM `ecs_users` [ RunTime:0.004992s ]
SQL: SELECT * FROM `ecs_users` WHERE ( user_id = %d ) LIMIT 1   [ RunTime:0.000182s ]
ERR: 1064:You have an error in your SQL syntax; check the manual that corresponds to your MySQL server version for the right syntax to use near '%d ) LIMIT 1' at line 1
 [ SQL语句 ] : SELECT * FROM `ecs_users` WHERE ( user_id = %d ) LIMIT 1  
INFO: [ app_end ] --START--
INFO: Run Behavior\ShowPageTrace [ RunTime:0.000915s ]
INFO: [ app_end ] --END-- [ RunTime:0.001016s ]

[ 2016-05-11T18:07:27+08:00 ] 192.168.1.127 /jyflapi/index.php?s=Users/User/userShow
INFO: [ app_begin ] --START--
INFO: Run Behavior\ReadHtmlCache [ RunTime:0.001142s ]
INFO: [ app_begin ] --END-- [ RunTime:0.001928s ]
SQL: SHOW COLUMNS FROM `ecs_users` [ RunTime:0.004930s ]
SQL: SELECT * FROM `ecs_users` WHERE ( user_id = 1 ) LIMIT 1   [ RunTime:0.000450s ]
INFO: [ app_end ] --START--
INFO: Run Behavior\ShowPageTrace [ RunTime:0.000927s ]
INFO: [ app_end ] --END-- [ RunTime:0.001034s ]

