[ 2016-05-06T17:42:17+08:00 ] 127.0.0.1 /index.php/Users/User/showAddress/
INFO: [ app_begin ] --START--
INFO: Run Behavior\ReadHtmlCache [ RunTime:0.037412s ]
INFO: [ app_begin ] --END-- [ RunTime:0.043803s ]
NOTIC: [2] mysql_connect() [<a href='function.mysql-connect'>function.mysql-connect</a>]: Le hôte '211.100.57.101' n'est pas authorisé à se connecter à ce serveur MySQL E:\wamp\www\hy\jyflapi\ThinkPHP\Library\Think\Db\Driver\Mysql.class.php ç¬¬ 52 è¡Œ.
ERR: Le hôte '211.100.57.101' n'est pas authorisé à se connecter à ce serveur MySQL

[ 2016-05-06T17:44:47+08:00 ] 127.0.0.1 /index.php/Users/User/showAddress/
INFO: [ app_begin ] --START--
INFO: Run Behavior\ReadHtmlCache [ RunTime:0.000675s ]
INFO: [ app_begin ] --END-- [ RunTime:0.001154s ]
SQL: SHOW COLUMNS FROM `ecs_user_address` [ RunTime:0.042571s ]
NOTIC: [8] Undefined index: p E:\wamp\www\hy\jyflapi\Application\Users\Controller\UserController.class.php ç¬¬ 298 è¡Œ.
SQL: SELECT * FROM `ecs_user_address` WHERE ( user_id=10 )  [ RunTime:0.029493s ]
SQL: SHOW COLUMNS FROM `ecs_region` [ RunTime:0.008087s ]
SQL: SELECT * FROM `ecs_region` WHERE ( region_id=0 ) LIMIT 1   [ RunTime:0.006485s ]
SQL: SELECT * FROM `ecs_region` WHERE ( region_id=849 ) LIMIT 1   [ RunTime:0.037951s ]
SQL: SELECT * FROM `ecs_region` WHERE ( region_id=71 ) LIMIT 1   [ RunTime:0.001560s ]
SQL: SELECT * FROM `ecs_region` WHERE ( region_id=0 ) LIMIT 1   [ RunTime:0.000235s ]
SQL: SELECT * FROM `ecs_region` WHERE ( region_id=1510 ) LIMIT 1   [ RunTime:0.011080s ]
SQL: SELECT * FROM `ecs_region` WHERE ( region_id=9 ) LIMIT 1   [ RunTime:0.000721s ]
SQL: SELECT * FROM `ecs_region` WHERE ( region_id=0 ) LIMIT 1   [ RunTime:0.000362s ]
SQL: SELECT * FROM `ecs_region` WHERE ( region_id=232 ) LIMIT 1   [ RunTime:0.004896s ]
SQL: SELECT * FROM `ecs_region` WHERE ( region_id=7 ) LIMIT 1   [ RunTime:0.093956s ]
SQL: SELECT * FROM `ecs_region` WHERE ( region_id=0 ) LIMIT 1   [ RunTime:0.000728s ]
SQL: SELECT * FROM `ecs_region` WHERE ( region_id=109 ) LIMIT 1   [ RunTime:0.000340s ]
SQL: SELECT * FROM `ecs_region` WHERE ( region_id=1 ) LIMIT 1   [ RunTime:0.000159s ]
NOTIC: [8] Undefined variable: show E:\wamp\www\hy\jyflapi\Application\Users\Controller\UserController.class.php ç¬¬ 318 è¡Œ.
INFO: [ app_end ] --START--
INFO: Run Behavior\ShowPageTrace [ RunTime:0.021064s ]
INFO: [ app_end ] --END-- [ RunTime:0.021209s ]

[ 2016-05-06T17:46:51+08:00 ] 127.0.0.1 /index.php/Users/User/showAddress/
INFO: [ app_begin ] --START--
INFO: Run Behavior\ReadHtmlCache [ RunTime:0.000635s ]
INFO: [ app_begin ] --END-- [ RunTime:0.001068s ]
SQL: SHOW COLUMNS FROM `ecs_user_address` [ RunTime:0.008084s ]
NOTIC: [8] Undefined index: p E:\wamp\www\hy\jyflapi\Application\Users\Controller\UserController.class.php ç¬¬ 298 è¡Œ.
SQL: SELECT * FROM `ecs_user_address` WHERE ( user_id=10 )  [ RunTime:0.000548s ]
SQL: SHOW COLUMNS FROM `ecs_region` [ RunTime:0.006132s ]
SQL: SELECT * FROM `ecs_region` WHERE ( region_id=0 ) LIMIT 1   [ RunTime:0.000393s ]
SQL: SELECT * FROM `ecs_region` WHERE ( region_id=849 ) LIMIT 1   [ RunTime:0.001436s ]
SQL: SELECT * FROM `ecs_region` WHERE ( region_id=71 ) LIMIT 1   [ RunTime:0.000321s ]
SQL: SELECT * FROM `ecs_region` WHERE ( region_id=0 ) LIMIT 1   [ RunTime:0.000178s ]
SQL: SELECT * FROM `ecs_region` WHERE ( region_id=1510 ) LIMIT 1   [ RunTime:0.000187s ]
SQL: SELECT * FROM `ecs_region` WHERE ( region_id=9 ) LIMIT 1   [ RunTime:0.000195s ]
SQL: SELECT * FROM `ecs_region` WHERE ( region_id=0 ) LIMIT 1   [ RunTime:0.000187s ]
SQL: SELECT * FROM `ecs_region` WHERE ( region_id=232 ) LIMIT 1   [ RunTime:0.000215s ]
SQL: SELECT * FROM `ecs_region` WHERE ( region_id=7 ) LIMIT 1   [ RunTime:0.000233s ]
SQL: SELECT * FROM `ecs_region` WHERE ( region_id=0 ) LIMIT 1   [ RunTime:0.000221s ]
SQL: SELECT * FROM `ecs_region` WHERE ( region_id=109 ) LIMIT 1   [ RunTime:0.000272s ]
SQL: SELECT * FROM `ecs_region` WHERE ( region_id=1 ) LIMIT 1   [ RunTime:0.000253s ]
NOTIC: [8] Undefined variable: show E:\wamp\www\hy\jyflapi\Application\Users\Controller\UserController.class.php ç¬¬ 318 è¡Œ.
INFO: [ app_end ] --START--
INFO: Run Behavior\ShowPageTrace [ RunTime:0.000984s ]
INFO: [ app_end ] --END-- [ RunTime:0.001566s ]

[ 2016-05-06T17:47:10+08:00 ] 127.0.0.1 /index.php/Users/User/showAddress/
INFO: [ app_begin ] --START--
INFO: Run Behavior\ReadHtmlCache [ RunTime:0.000597s ]
INFO: [ app_begin ] --END-- [ RunTime:0.001059s ]
SQL: SHOW COLUMNS FROM `ecs_user_address` [ RunTime:0.002750s ]
NOTIC: [8] Undefined index: p E:\wamp\www\hy\jyflapi\Application\Users\Controller\UserController.class.php ç¬¬ 298 è¡Œ.
SQL: SELECT * FROM `ecs_user_address` WHERE ( user_id=10 )  [ RunTime:0.000389s ]
SQL: SHOW COLUMNS FROM `ecs_region` [ RunTime:0.002686s ]
SQL: SELECT * FROM `ecs_region` WHERE ( region_id=0 ) LIMIT 1   [ RunTime:0.000255s ]
SQL: SELECT * FROM `ecs_region` WHERE ( region_id=849 ) LIMIT 1   [ RunTime:0.000828s ]
SQL: SELECT * FROM `ecs_region` WHERE ( region_id=71 ) LIMIT 1   [ RunTime:0.000779s ]
SQL: SELECT * FROM `ecs_region` WHERE ( region_id=0 ) LIMIT 1   [ RunTime:0.000798s ]
SQL: SELECT * FROM `ecs_region` WHERE ( region_id=1510 ) LIMIT 1   [ RunTime:0.002247s ]
SQL: SELECT * FROM `ecs_region` WHERE ( region_id=9 ) LIMIT 1   [ RunTime:0.000609s ]
SQL: SELECT * FROM `ecs_region` WHERE ( region_id=0 ) LIMIT 1   [ RunTime:0.000221s ]
SQL: SELECT * FROM `ecs_region` WHERE ( region_id=232 ) LIMIT 1   [ RunTime:0.001192s ]
SQL: SELECT * FROM `ecs_region` WHERE ( region_id=7 ) LIMIT 1   [ RunTime:0.000254s ]
SQL: SELECT * FROM `ecs_region` WHERE ( region_id=0 ) LIMIT 1   [ RunTime:0.000246s ]
SQL: SELECT * FROM `ecs_region` WHERE ( region_id=109 ) LIMIT 1   [ RunTime:0.001122s ]
SQL: SELECT * FROM `ecs_region` WHERE ( region_id=1 ) LIMIT 1   [ RunTime:0.000298s ]
NOTIC: [8] Undefined variable: show E:\wamp\www\hy\jyflapi\Application\Users\Controller\UserController.class.php ç¬¬ 318 è¡Œ.
INFO: [ app_end ] --START--
INFO: Run Behavior\ShowPageTrace [ RunTime:0.000778s ]
INFO: [ app_end ] --END-- [ RunTime:0.000898s ]

[ 2016-05-06T17:54:12+08:00 ] 127.0.0.1 /index.php/Users/User/showAddress/
INFO: [ app_begin ] --START--
INFO: Run Behavior\ReadHtmlCache [ RunTime:0.000925s ]
INFO: [ app_begin ] --END-- [ RunTime:0.001648s ]
SQL: SHOW COLUMNS FROM `ecs_user_address` [ RunTime:0.008370s ]
NOTIC: [8] Undefined index: p E:\wamp\www\hy\jyflapi\Application\Users\Controller\UserController.class.php ç¬¬ 298 è¡Œ.
SQL: SELECT * FROM `ecs_user_address` WHERE ( user_id=10 )  [ RunTime:0.000424s ]
SQL: SHOW COLUMNS FROM `ecs_region` [ RunTime:0.007457s ]
SQL: SELECT * FROM `ecs_region` WHERE ( region_id=0 ) LIMIT 1   [ RunTime:0.000299s ]
SQL: SELECT * FROM `ecs_region` WHERE ( region_id=849 ) LIMIT 1   [ RunTime:0.000279s ]
SQL: SELECT * FROM `ecs_region` WHERE ( region_id=71 ) LIMIT 1   [ RunTime:0.017999s ]
SQL: SELECT * FROM `ecs_region` WHERE ( region_id=0 ) LIMIT 1   [ RunTime:0.002542s ]
SQL: SELECT * FROM `ecs_region` WHERE ( region_id=1510 ) LIMIT 1   [ RunTime:0.000292s ]
SQL: SELECT * FROM `ecs_region` WHERE ( region_id=9 ) LIMIT 1   [ RunTime:0.000204s ]
SQL: SELECT * FROM `ecs_region` WHERE ( region_id=0 ) LIMIT 1   [ RunTime:0.000308s ]
SQL: SELECT * FROM `ecs_region` WHERE ( region_id=232 ) LIMIT 1   [ RunTime:0.000236s ]
SQL: SELECT * FROM `ecs_region` WHERE ( region_id=7 ) LIMIT 1   [ RunTime:0.000370s ]
SQL: SELECT * FROM `ecs_region` WHERE ( region_id=0 ) LIMIT 1   [ RunTime:0.000195s ]
SQL: SELECT * FROM `ecs_region` WHERE ( region_id=109 ) LIMIT 1   [ RunTime:0.001080s ]
SQL: SELECT * FROM `ecs_region` WHERE ( region_id=1 ) LIMIT 1   [ RunTime:0.000488s ]
NOTIC: [8] Undefined variable: show E:\wamp\www\hy\jyflapi\Application\Users\Controller\UserController.class.php ç¬¬ 318 è¡Œ.
INFO: [ app_end ] --START--
INFO: Run Behavior\ShowPageTrace [ RunTime:0.000978s ]
INFO: [ app_end ] --END-- [ RunTime:0.001194s ]

[ 2016-05-06T17:55:13+08:00 ] 127.0.0.1 /index.php/Users/User/showAddress/
INFO: [ app_begin ] --START--
INFO: Run Behavior\ReadHtmlCache [ RunTime:0.000650s ]
INFO: [ app_begin ] --END-- [ RunTime:0.001138s ]
SQL: SHOW COLUMNS FROM `ecs_user_address` [ RunTime:0.002747s ]
NOTIC: [8] Undefined index: p E:\wamp\www\hy\jyflapi\Application\Users\Controller\UserController.class.php ç¬¬ 298 è¡Œ.
SQL: SELECT * FROM `ecs_user_address` WHERE ( user_id=10 )  [ RunTime:0.000368s ]
SQL: SHOW COLUMNS FROM `ecs_region` [ RunTime:0.002606s ]
SQL: SELECT * FROM `ecs_region` WHERE ( region_id=0 ) LIMIT 1   [ RunTime:0.000540s ]
SQL: SELECT * FROM `ecs_region` WHERE ( region_id=849 ) LIMIT 1   [ RunTime:0.000253s ]
SQL: SELECT * FROM `ecs_region` WHERE ( region_id=71 ) LIMIT 1   [ RunTime:0.000243s ]
SQL: SELECT * FROM `ecs_region` WHERE ( region_id=0 ) LIMIT 1   [ RunTime:0.000162s ]
SQL: SELECT * FROM `ecs_region` WHERE ( region_id=1510 ) LIMIT 1   [ RunTime:0.000251s ]
SQL: SELECT * FROM `ecs_region` WHERE ( region_id=9 ) LIMIT 1   [ RunTime:0.000200s ]
SQL: SELECT * FROM `ecs_region` WHERE ( region_id=0 ) LIMIT 1   [ RunTime:0.000459s ]
SQL: SELECT * FROM `ecs_region` WHERE ( region_id=232 ) LIMIT 1   [ RunTime:0.000383s ]
SQL: SELECT * FROM `ecs_region` WHERE ( region_id=7 ) LIMIT 1   [ RunTime:0.000195s ]
SQL: SELECT * FROM `ecs_region` WHERE ( region_id=0 ) LIMIT 1   [ RunTime:0.000197s ]
SQL: SELECT * FROM `ecs_region` WHERE ( region_id=109 ) LIMIT 1   [ RunTime:0.000192s ]
SQL: SELECT * FROM `ecs_region` WHERE ( region_id=1 ) LIMIT 1   [ RunTime:0.000181s ]
NOTIC: [8] Undefined variable: show E:\wamp\www\hy\jyflapi\Application\Users\Controller\UserController.class.php ç¬¬ 318 è¡Œ.
INFO: [ app_end ] --START--
INFO: Run Behavior\ShowPageTrace [ RunTime:0.000948s ]
INFO: [ app_end ] --END-- [ RunTime:0.001091s ]

[ 2016-05-06T17:55:19+08:00 ] 127.0.0.1 /index.php/Users/User/showAddress/
INFO: [ app_begin ] --START--
INFO: Run Behavior\ReadHtmlCache [ RunTime:0.000639s ]
INFO: [ app_begin ] --END-- [ RunTime:0.001075s ]
SQL: SHOW COLUMNS FROM `ecs_user_address` [ RunTime:0.002753s ]
NOTIC: [8] Undefined index: p E:\wamp\www\hy\jyflapi\Application\Users\Controller\UserController.class.php ç¬¬ 298 è¡Œ.
SQL: SELECT * FROM `ecs_user_address` WHERE ( user_id=10 )  [ RunTime:0.000430s ]
SQL: SHOW COLUMNS FROM `ecs_region` [ RunTime:0.002643s ]
SQL: SELECT * FROM `ecs_region` WHERE ( region_id=0 ) LIMIT 1   [ RunTime:0.000428s ]
SQL: SELECT * FROM `ecs_region` WHERE ( region_id=849 ) LIMIT 1   [ RunTime:0.000256s ]
SQL: SELECT * FROM `ecs_region` WHERE ( region_id=71 ) LIMIT 1   [ RunTime:0.000213s ]
SQL: SELECT * FROM `ecs_region` WHERE ( region_id=0 ) LIMIT 1   [ RunTime:0.000240s ]
SQL: SELECT * FROM `ecs_region` WHERE ( region_id=1510 ) LIMIT 1   [ RunTime:0.000211s ]
SQL: SELECT * FROM `ecs_region` WHERE ( region_id=9 ) LIMIT 1   [ RunTime:0.000243s ]
SQL: SELECT * FROM `ecs_region` WHERE ( region_id=0 ) LIMIT 1   [ RunTime:0.000179s ]
SQL: SELECT * FROM `ecs_region` WHERE ( region_id=232 ) LIMIT 1   [ RunTime:0.000277s ]
SQL: SELECT * FROM `ecs_region` WHERE ( region_id=7 ) LIMIT 1   [ RunTime:0.000204s ]
SQL: SELECT * FROM `ecs_region` WHERE ( region_id=0 ) LIMIT 1   [ RunTime:0.000219s ]
SQL: SELECT * FROM `ecs_region` WHERE ( region_id=109 ) LIMIT 1   [ RunTime:0.000201s ]
SQL: SELECT * FROM `ecs_region` WHERE ( region_id=1 ) LIMIT 1   [ RunTime:0.000251s ]
NOTIC: [8] Undefined variable: show E:\wamp\www\hy\jyflapi\Application\Users\Controller\UserController.class.php ç¬¬ 318 è¡Œ.
INFO: [ app_end ] --START--
INFO: Run Behavior\ShowPageTrace [ RunTime:0.000828s ]
INFO: [ app_end ] --END-- [ RunTime:0.000954s ]

[ 2016-05-06T17:55:34+08:00 ] 127.0.0.1 /index.php/Users/User/showAddress/
INFO: [ app_begin ] --START--
INFO: Run Behavior\ReadHtmlCache [ RunTime:0.000645s ]
INFO: [ app_begin ] --END-- [ RunTime:0.001091s ]
SQL: SHOW COLUMNS FROM `ecs_user_address` [ RunTime:0.002749s ]
NOTIC: [8] Undefined index: p E:\wamp\www\hy\jyflapi\Application\Users\Controller\UserController.class.php ç¬¬ 298 è¡Œ.
SQL: SELECT * FROM `ecs_user_address` WHERE ( user_id=10 )  [ RunTime:0.000398s ]
SQL: SHOW COLUMNS FROM `ecs_region` [ RunTime:0.004535s ]
SQL: SELECT * FROM `ecs_region` WHERE ( region_id=0 ) LIMIT 1   [ RunTime:0.000251s ]
SQL: SELECT * FROM `ecs_region` WHERE ( region_id=849 ) LIMIT 1   [ RunTime:0.000275s ]
SQL: SELECT * FROM `ecs_region` WHERE ( region_id=71 ) LIMIT 1   [ RunTime:0.000279s ]
SQL: SELECT * FROM `ecs_region` WHERE ( region_id=0 ) LIMIT 1   [ RunTime:0.000183s ]
SQL: SELECT * FROM `ecs_region` WHERE ( region_id=1510 ) LIMIT 1   [ RunTime:0.000238s ]
SQL: SELECT * FROM `ecs_region` WHERE ( region_id=9 ) LIMIT 1   [ RunTime:0.000343s ]
SQL: SELECT * FROM `ecs_region` WHERE ( region_id=0 ) LIMIT 1   [ RunTime:0.000422s ]
SQL: SELECT * FROM `ecs_region` WHERE ( region_id=232 ) LIMIT 1   [ RunTime:0.000276s ]
SQL: SELECT * FROM `ecs_region` WHERE ( region_id=7 ) LIMIT 1   [ RunTime:0.000193s ]
SQL: SELECT * FROM `ecs_region` WHERE ( region_id=0 ) LIMIT 1   [ RunTime:0.000164s ]
SQL: SELECT * FROM `ecs_region` WHERE ( region_id=109 ) LIMIT 1   [ RunTime:0.000193s ]
SQL: SELECT * FROM `ecs_region` WHERE ( region_id=1 ) LIMIT 1   [ RunTime:0.000212s ]
NOTIC: [8] Undefined variable: show E:\wamp\www\hy\jyflapi\Application\Users\Controller\UserController.class.php ç¬¬ 318 è¡Œ.
INFO: [ app_end ] --START--
INFO: Run Behavior\ShowPageTrace [ RunTime:0.000812s ]
INFO: [ app_end ] --END-- [ RunTime:0.000947s ]

[ 2016-05-06T17:55:50+08:00 ] 127.0.0.1 /index.php/Users/User/showAddress/
INFO: [ app_begin ] --START--
INFO: Run Behavior\ReadHtmlCache [ RunTime:0.001071s ]
INFO: [ app_begin ] --END-- [ RunTime:0.001576s ]
SQL: SHOW COLUMNS FROM `ecs_user_address` [ RunTime:0.004430s ]
NOTIC: [8] Undefined index: p E:\wamp\www\hy\jyflapi\Application\Users\Controller\UserController.class.php ç¬¬ 298 è¡Œ.
SQL: SELECT * FROM `ecs_user_address` WHERE ( user_id=10 )  [ RunTime:0.004997s ]
SQL: SHOW COLUMNS FROM `ecs_region` [ RunTime:0.005799s ]
SQL: SELECT * FROM `ecs_region` WHERE ( region_id=0 ) LIMIT 1   [ RunTime:0.000332s ]
SQL: SELECT * FROM `ecs_region` WHERE ( region_id=849 ) LIMIT 1   [ RunTime:0.001090s ]
SQL: SELECT * FROM `ecs_region` WHERE ( region_id=71 ) LIMIT 1   [ RunTime:0.000779s ]
SQL: SELECT * FROM `ecs_region` WHERE ( region_id=0 ) LIMIT 1   [ RunTime:0.000826s ]
SQL: SELECT * FROM `ecs_region` WHERE ( region_id=1510 ) LIMIT 1   [ RunTime:0.000650s ]
SQL: SELECT * FROM `ecs_region` WHERE ( region_id=9 ) LIMIT 1   [ RunTime:0.000796s ]
SQL: SELECT * FROM `ecs_region` WHERE ( region_id=0 ) LIMIT 1   [ RunTime:0.000892s ]
SQL: SELECT * FROM `ecs_region` WHERE ( region_id=232 ) LIMIT 1   [ RunTime:0.000694s ]
SQL: SELECT * FROM `ecs_region` WHERE ( region_id=7 ) LIMIT 1   [ RunTime:0.000385s ]
SQL: SELECT * FROM `ecs_region` WHERE ( region_id=0 ) LIMIT 1   [ RunTime:0.000146s ]
SQL: SELECT * FROM `ecs_region` WHERE ( region_id=109 ) LIMIT 1   [ RunTime:0.000173s ]
SQL: SELECT * FROM `ecs_region` WHERE ( region_id=1 ) LIMIT 1   [ RunTime:0.000932s ]
NOTIC: [8] Undefined variable: show E:\wamp\www\hy\jyflapi\Application\Users\Controller\UserController.class.php ç¬¬ 318 è¡Œ.
INFO: [ app_end ] --START--
INFO: Run Behavior\ShowPageTrace [ RunTime:0.000907s ]
INFO: [ app_end ] --END-- [ RunTime:0.001035s ]

[ 2016-05-06T17:56:56+08:00 ] 127.0.0.1 /index.php/Users/User/showAddress/
INFO: [ app_begin ] --START--
INFO: Run Behavior\ReadHtmlCache [ RunTime:0.000574s ]
INFO: [ app_begin ] --END-- [ RunTime:0.000984s ]
SQL: SHOW COLUMNS FROM `ecs_user_address` [ RunTime:0.005148s ]
NOTIC: [8] Undefined index: p E:\wamp\www\hy\jyflapi\Application\Users\Controller\UserController.class.php ç¬¬ 298 è¡Œ.
SQL: SELECT * FROM `ecs_user_address` WHERE ( user_id=10 )  [ RunTime:0.000337s ]
SQL: SHOW COLUMNS FROM `ecs_region` [ RunTime:0.006904s ]
SQL: SELECT * FROM `ecs_region` WHERE ( region_id=0 ) LIMIT 1   [ RunTime:0.000841s ]
SQL: SELECT * FROM `ecs_region` WHERE ( region_id=849 ) LIMIT 1   [ RunTime:0.000211s ]
SQL: SELECT * FROM `ecs_region` WHERE ( region_id=71 ) LIMIT 1   [ RunTime:0.000194s ]
SQL: SELECT * FROM `ecs_region` WHERE ( region_id=0 ) LIMIT 1   [ RunTime:0.000168s ]
SQL: SELECT * FROM `ecs_region` WHERE ( region_id=1510 ) LIMIT 1   [ RunTime:0.000206s ]
SQL: SELECT * FROM `ecs_region` WHERE ( region_id=9 ) LIMIT 1   [ RunTime:0.000223s ]
SQL: SELECT * FROM `ecs_region` WHERE ( region_id=0 ) LIMIT 1   [ RunTime:0.000208s ]
SQL: SELECT * FROM `ecs_region` WHERE ( region_id=232 ) LIMIT 1   [ RunTime:0.000236s ]
SQL: SELECT * FROM `ecs_region` WHERE ( region_id=7 ) LIMIT 1   [ RunTime:0.000237s ]
SQL: SELECT * FROM `ecs_region` WHERE ( region_id=0 ) LIMIT 1   [ RunTime:0.000382s ]
SQL: SELECT * FROM `ecs_region` WHERE ( region_id=109 ) LIMIT 1   [ RunTime:0.000246s ]
SQL: SELECT * FROM `ecs_region` WHERE ( region_id=1 ) LIMIT 1   [ RunTime:0.000577s ]
NOTIC: [8] Undefined variable: show E:\wamp\www\hy\jyflapi\Application\Users\Controller\UserController.class.php ç¬¬ 318 è¡Œ.
INFO: [ app_end ] --START--
INFO: Run Behavior\ShowPageTrace [ RunTime:0.000792s ]
INFO: [ app_end ] --END-- [ RunTime:0.000921s ]

[ 2016-05-06T17:56:58+08:00 ] 127.0.0.1 /index.php/Users/User/showAddress/
INFO: [ app_begin ] --START--
INFO: Run Behavior\ReadHtmlCache [ RunTime:0.000559s ]
INFO: [ app_begin ] --END-- [ RunTime:0.000994s ]
SQL: SHOW COLUMNS FROM `ecs_user_address` [ RunTime:0.007299s ]
NOTIC: [8] Undefined index: p E:\wamp\www\hy\jyflapi\Application\Users\Controller\UserController.class.php ç¬¬ 298 è¡Œ.
SQL: SELECT * FROM `ecs_user_address` WHERE ( user_id=10 )  [ RunTime:0.000372s ]
SQL: SHOW COLUMNS FROM `ecs_region` [ RunTime:0.003944s ]
SQL: SELECT * FROM `ecs_region` WHERE ( region_id=0 ) LIMIT 1   [ RunTime:0.000243s ]
SQL: SELECT * FROM `ecs_region` WHERE ( region_id=849 ) LIMIT 1   [ RunTime:0.000222s ]
SQL: SELECT * FROM `ecs_region` WHERE ( region_id=71 ) LIMIT 1   [ RunTime:0.000232s ]
SQL: SELECT * FROM `ecs_region` WHERE ( region_id=0 ) LIMIT 1   [ RunTime:0.000162s ]
SQL: SELECT * FROM `ecs_region` WHERE ( region_id=1510 ) LIMIT 1   [ RunTime:0.000203s ]
SQL: SELECT * FROM `ecs_region` WHERE ( region_id=9 ) LIMIT 1   [ RunTime:0.000212s ]
SQL: SELECT * FROM `ecs_region` WHERE ( region_id=0 ) LIMIT 1   [ RunTime:0.000179s ]
SQL: SELECT * FROM `ecs_region` WHERE ( region_id=232 ) LIMIT 1   [ RunTime:0.000306s ]
SQL: SELECT * FROM `ecs_region` WHERE ( region_id=7 ) LIMIT 1   [ RunTime:0.000324s ]
SQL: SELECT * FROM `ecs_region` WHERE ( region_id=0 ) LIMIT 1   [ RunTime:0.000200s ]
SQL: SELECT * FROM `ecs_region` WHERE ( region_id=109 ) LIMIT 1   [ RunTime:0.000205s ]
SQL: SELECT * FROM `ecs_region` WHERE ( region_id=1 ) LIMIT 1   [ RunTime:0.000189s ]
NOTIC: [8] Undefined variable: show E:\wamp\www\hy\jyflapi\Application\Users\Controller\UserController.class.php ç¬¬ 318 è¡Œ.
INFO: [ app_end ] --START--
INFO: Run Behavior\ShowPageTrace [ RunTime:0.000934s ]
INFO: [ app_end ] --END-- [ RunTime:0.001066s ]

[ 2016-05-06T17:57:12+08:00 ] 127.0.0.1 /index.php/Users/User/showAddress/
INFO: [ app_begin ] --START--
INFO: Run Behavior\ReadHtmlCache [ RunTime:0.000567s ]
INFO: [ app_begin ] --END-- [ RunTime:0.001018s ]
SQL: SHOW COLUMNS FROM `ecs_user_address` [ RunTime:0.002733s ]
NOTIC: [8] Undefined index: p E:\wamp\www\hy\jyflapi\Application\Users\Controller\UserController.class.php ç¬¬ 298 è¡Œ.
SQL: SELECT * FROM `ecs_user_address` WHERE ( user_id=10 )  [ RunTime:0.000381s ]
SQL: SHOW COLUMNS FROM `ecs_region` [ RunTime:0.002717s ]
SQL: SELECT * FROM `ecs_region` WHERE ( region_id=0 ) LIMIT 1   [ RunTime:0.000303s ]
SQL: SELECT * FROM `ecs_region` WHERE ( region_id=849 ) LIMIT 1   [ RunTime:0.000227s ]
SQL: SELECT * FROM `ecs_region` WHERE ( region_id=71 ) LIMIT 1   [ RunTime:0.000208s ]
SQL: SELECT * FROM `ecs_region` WHERE ( region_id=0 ) LIMIT 1   [ RunTime:0.000154s ]
SQL: SELECT * FROM `ecs_region` WHERE ( region_id=1510 ) LIMIT 1   [ RunTime:0.000223s ]
SQL: SELECT * FROM `ecs_region` WHERE ( region_id=9 ) LIMIT 1   [ RunTime:0.000208s ]
SQL: SELECT * FROM `ecs_region` WHERE ( region_id=0 ) LIMIT 1   [ RunTime:0.000145s ]
SQL: SELECT * FROM `ecs_region` WHERE ( region_id=232 ) LIMIT 1   [ RunTime:0.000174s ]
SQL: SELECT * FROM `ecs_region` WHERE ( region_id=7 ) LIMIT 1   [ RunTime:0.000253s ]
SQL: SELECT * FROM `ecs_region` WHERE ( region_id=0 ) LIMIT 1   [ RunTime:0.000198s ]
SQL: SELECT * FROM `ecs_region` WHERE ( region_id=109 ) LIMIT 1   [ RunTime:0.000757s ]
SQL: SELECT * FROM `ecs_region` WHERE ( region_id=1 ) LIMIT 1   [ RunTime:0.000310s ]
NOTIC: [8] Undefined variable: show E:\wamp\www\hy\jyflapi\Application\Users\Controller\UserController.class.php ç¬¬ 318 è¡Œ.
INFO: [ app_end ] --START--
INFO: Run Behavior\ShowPageTrace [ RunTime:0.000776s ]
INFO: [ app_end ] --END-- [ RunTime:0.000904s ]

[ 2016-05-06T17:57:20+08:00 ] 127.0.0.1 /index.php/Users/User/showAddress/
INFO: [ app_begin ] --START--
INFO: Run Behavior\ReadHtmlCache [ RunTime:0.000559s ]
INFO: [ app_begin ] --END-- [ RunTime:0.001009s ]
SQL: SHOW COLUMNS FROM `ecs_user_address` [ RunTime:0.008028s ]
NOTIC: [8] Undefined index: p E:\wamp\www\hy\jyflapi\Application\Users\Controller\UserController.class.php ç¬¬ 298 è¡Œ.
SQL: SELECT * FROM `ecs_user_address` WHERE ( user_id=10 )  [ RunTime:0.000391s ]
SQL: SHOW COLUMNS FROM `ecs_region` [ RunTime:0.004737s ]
SQL: SELECT * FROM `ecs_region` WHERE ( region_id=0 ) LIMIT 1   [ RunTime:0.000270s ]
SQL: SELECT * FROM `ecs_region` WHERE ( region_id=849 ) LIMIT 1   [ RunTime:0.000248s ]
SQL: SELECT * FROM `ecs_region` WHERE ( region_id=71 ) LIMIT 1   [ RunTime:0.000198s ]
SQL: SELECT * FROM `ecs_region` WHERE ( region_id=0 ) LIMIT 1   [ RunTime:0.000207s ]
SQL: SELECT * FROM `ecs_region` WHERE ( region_id=1510 ) LIMIT 1   [ RunTime:0.000206s ]
SQL: SELECT * FROM `ecs_region` WHERE ( region_id=9 ) LIMIT 1   [ RunTime:0.003058s ]
SQL: SELECT * FROM `ecs_region` WHERE ( region_id=0 ) LIMIT 1   [ RunTime:0.000207s ]
SQL: SELECT * FROM `ecs_region` WHERE ( region_id=232 ) LIMIT 1   [ RunTime:0.000199s ]
SQL: SELECT * FROM `ecs_region` WHERE ( region_id=7 ) LIMIT 1   [ RunTime:0.000187s ]
SQL: SELECT * FROM `ecs_region` WHERE ( region_id=0 ) LIMIT 1   [ RunTime:0.000176s ]
SQL: SELECT * FROM `ecs_region` WHERE ( region_id=109 ) LIMIT 1   [ RunTime:0.000177s ]
SQL: SELECT * FROM `ecs_region` WHERE ( region_id=1 ) LIMIT 1   [ RunTime:0.000175s ]
NOTIC: [8] Undefined variable: show E:\wamp\www\hy\jyflapi\Application\Users\Controller\UserController.class.php ç¬¬ 318 è¡Œ.
INFO: [ app_end ] --START--
INFO: Run Behavior\ShowPageTrace [ RunTime:0.000754s ]
INFO: [ app_end ] --END-- [ RunTime:0.000877s ]

[ 2016-05-06T17:59:21+08:00 ] 127.0.0.1 /index.php/Users/User/showAddress/
INFO: [ app_begin ] --START--
INFO: Run Behavior\ReadHtmlCache [ RunTime:0.000942s ]
INFO: [ app_begin ] --END-- [ RunTime:0.001378s ]
SQL: SHOW COLUMNS FROM `ecs_user_address` [ RunTime:0.002793s ]
NOTIC: [8] Undefined index: p E:\wamp\www\hy\jyflapi\Application\Users\Controller\UserController.class.php ç¬¬ 298 è¡Œ.
SQL: SELECT * FROM `ecs_user_address` WHERE ( user_id=10 )  [ RunTime:0.000446s ]
SQL: SHOW COLUMNS FROM `ecs_region` [ RunTime:0.004311s ]
SQL: SELECT * FROM `ecs_region` WHERE ( region_id=0 ) LIMIT 1   [ RunTime:0.000900s ]
SQL: SELECT * FROM `ecs_region` WHERE ( region_id=849 ) LIMIT 1   [ RunTime:0.000303s ]
SQL: SELECT * FROM `ecs_region` WHERE ( region_id=71 ) LIMIT 1   [ RunTime:0.000255s ]
SQL: SELECT * FROM `ecs_region` WHERE ( region_id=0 ) LIMIT 1   [ RunTime:0.000474s ]
SQL: SELECT * FROM `ecs_region` WHERE ( region_id=1510 ) LIMIT 1   [ RunTime:0.000364s ]
SQL: SELECT * FROM `ecs_region` WHERE ( region_id=9 ) LIMIT 1   [ RunTime:0.000499s ]
SQL: SELECT * FROM `ecs_region` WHERE ( region_id=0 ) LIMIT 1   [ RunTime:0.001817s ]
SQL: SELECT * FROM `ecs_region` WHERE ( region_id=232 ) LIMIT 1   [ RunTime:0.000378s ]
SQL: SELECT * FROM `ecs_region` WHERE ( region_id=7 ) LIMIT 1   [ RunTime:0.000182s ]
SQL: SELECT * FROM `ecs_region` WHERE ( region_id=0 ) LIMIT 1   [ RunTime:0.000168s ]
SQL: SELECT * FROM `ecs_region` WHERE ( region_id=109 ) LIMIT 1   [ RunTime:0.000223s ]
SQL: SELECT * FROM `ecs_region` WHERE ( region_id=1 ) LIMIT 1   [ RunTime:0.000196s ]
NOTIC: [8] Undefined variable: show E:\wamp\www\hy\jyflapi\Application\Users\Controller\UserController.class.php ç¬¬ 318 è¡Œ.
INFO: [ app_end ] --START--
INFO: Run Behavior\ShowPageTrace [ RunTime:0.000860s ]
INFO: [ app_end ] --END-- [ RunTime:0.000987s ]

[ 2016-05-06T17:59:33+08:00 ] 127.0.0.1 /index.php/Users/User/showAddress/
INFO: [ app_begin ] --START--
INFO: Run Behavior\ReadHtmlCache [ RunTime:0.000605s ]
INFO: [ app_begin ] --END-- [ RunTime:0.001108s ]
SQL: SHOW COLUMNS FROM `ecs_user_address` [ RunTime:0.005803s ]
NOTIC: [8] Undefined index: p E:\wamp\www\hy\jyflapi\Application\Users\Controller\UserController.class.php ç¬¬ 298 è¡Œ.
SQL: SELECT * FROM `ecs_user_address` WHERE ( user_id=10 )  [ RunTime:0.000355s ]
SQL: SHOW COLUMNS FROM `ecs_region` [ RunTime:0.005852s ]
SQL: SELECT * FROM `ecs_region` WHERE ( region_id=0 ) LIMIT 1   [ RunTime:0.000447s ]
SQL: SELECT * FROM `ecs_region` WHERE ( region_id=849 ) LIMIT 1   [ RunTime:0.000216s ]
SQL: SELECT * FROM `ecs_region` WHERE ( region_id=71 ) LIMIT 1   [ RunTime:0.000183s ]
SQL: SELECT * FROM `ecs_region` WHERE ( region_id=0 ) LIMIT 1   [ RunTime:0.000161s ]
SQL: SELECT * FROM `ecs_region` WHERE ( region_id=1510 ) LIMIT 1   [ RunTime:0.000168s ]
SQL: SELECT * FROM `ecs_region` WHERE ( region_id=9 ) LIMIT 1   [ RunTime:0.000173s ]
SQL: SELECT * FROM `ecs_region` WHERE ( region_id=0 ) LIMIT 1   [ RunTime:0.000145s ]
SQL: SELECT * FROM `ecs_region` WHERE ( region_id=232 ) LIMIT 1   [ RunTime:0.000158s ]
SQL: SELECT * FROM `ecs_region` WHERE ( region_id=7 ) LIMIT 1   [ RunTime:0.000159s ]
SQL: SELECT * FROM `ecs_region` WHERE ( region_id=0 ) LIMIT 1   [ RunTime:0.000138s ]
SQL: SELECT * FROM `ecs_region` WHERE ( region_id=109 ) LIMIT 1   [ RunTime:0.000157s ]
SQL: SELECT * FROM `ecs_region` WHERE ( region_id=1 ) LIMIT 1   [ RunTime:0.000145s ]
NOTIC: [8] Undefined variable: show E:\wamp\www\hy\jyflapi\Application\Users\Controller\UserController.class.php ç¬¬ 318 è¡Œ.
INFO: [ app_end ] --START--
INFO: Run Behavior\ShowPageTrace [ RunTime:0.000754s ]
INFO: [ app_end ] --END-- [ RunTime:0.000876s ]

[ 2016-05-06T17:59:41+08:00 ] 127.0.0.1 /index.php/Users/User/showAddress/
INFO: [ app_begin ] --START--
INFO: Run Behavior\ReadHtmlCache [ RunTime:0.000610s ]
INFO: [ app_begin ] --END-- [ RunTime:0.001721s ]
SQL: SHOW COLUMNS FROM `ecs_user_address` [ RunTime:0.007916s ]
NOTIC: [8] Undefined index: p E:\wamp\www\hy\jyflapi\Application\Users\Controller\UserController.class.php ç¬¬ 298 è¡Œ.
SQL: SELECT * FROM `ecs_user_address` WHERE ( user_id=10 )  [ RunTime:0.000385s ]
SQL: SHOW COLUMNS FROM `ecs_region` [ RunTime:0.004550s ]
SQL: SELECT * FROM `ecs_region` WHERE ( region_id=0 ) LIMIT 1   [ RunTime:0.000264s ]
SQL: SELECT * FROM `ecs_region` WHERE ( region_id=849 ) LIMIT 1   [ RunTime:0.000310s ]
SQL: SELECT * FROM `ecs_region` WHERE ( region_id=71 ) LIMIT 1   [ RunTime:0.000212s ]
SQL: SELECT * FROM `ecs_region` WHERE ( region_id=0 ) LIMIT 1   [ RunTime:0.000186s ]
SQL: SELECT * FROM `ecs_region` WHERE ( region_id=1510 ) LIMIT 1   [ RunTime:0.000207s ]
SQL: SELECT * FROM `ecs_region` WHERE ( region_id=9 ) LIMIT 1   [ RunTime:0.000199s ]
SQL: SELECT * FROM `ecs_region` WHERE ( region_id=0 ) LIMIT 1   [ RunTime:0.000161s ]
SQL: SELECT * FROM `ecs_region` WHERE ( region_id=232 ) LIMIT 1   [ RunTime:0.000547s ]
SQL: SELECT * FROM `ecs_region` WHERE ( region_id=7 ) LIMIT 1   [ RunTime:0.000330s ]
SQL: SELECT * FROM `ecs_region` WHERE ( region_id=0 ) LIMIT 1   [ RunTime:0.000776s ]
SQL: SELECT * FROM `ecs_region` WHERE ( region_id=109 ) LIMIT 1   [ RunTime:0.000220s ]
SQL: SELECT * FROM `ecs_region` WHERE ( region_id=1 ) LIMIT 1   [ RunTime:0.000188s ]
NOTIC: [8] Undefined variable: show E:\wamp\www\hy\jyflapi\Application\Users\Controller\UserController.class.php ç¬¬ 318 è¡Œ.
INFO: [ app_end ] --START--
INFO: Run Behavior\ShowPageTrace [ RunTime:0.000759s ]
INFO: [ app_end ] --END-- [ RunTime:0.000886s ]

[ 2016-05-06T17:59:56+08:00 ] 127.0.0.1 /index.php/Users/User/showAddress/
INFO: [ app_begin ] --START--
INFO: Run Behavior\ReadHtmlCache [ RunTime:0.001778s ]
INFO: [ app_begin ] --END-- [ RunTime:0.002268s ]
SQL: SHOW COLUMNS FROM `ecs_user_address` [ RunTime:0.004116s ]
NOTIC: [8] Undefined index: p E:\wamp\www\hy\jyflapi\Application\Users\Controller\UserController.class.php ç¬¬ 298 è¡Œ.
SQL: SELECT * FROM `ecs_user_address` WHERE ( user_id=10 )  [ RunTime:0.002721s ]
SQL: SHOW COLUMNS FROM `ecs_region` [ RunTime:0.003920s ]
SQL: SELECT * FROM `ecs_region` WHERE ( region_id=0 ) LIMIT 1   [ RunTime:0.002112s ]
SQL: SELECT * FROM `ecs_region` WHERE ( region_id=849 ) LIMIT 1   [ RunTime:0.000324s ]
SQL: SELECT * FROM `ecs_region` WHERE ( region_id=71 ) LIMIT 1   [ RunTime:0.000405s ]
SQL: SELECT * FROM `ecs_region` WHERE ( region_id=0 ) LIMIT 1   [ RunTime:0.000238s ]
SQL: SELECT * FROM `ecs_region` WHERE ( region_id=1510 ) LIMIT 1   [ RunTime:0.000201s ]
SQL: SELECT * FROM `ecs_region` WHERE ( region_id=9 ) LIMIT 1   [ RunTime:0.000177s ]
SQL: SELECT * FROM `ecs_region` WHERE ( region_id=0 ) LIMIT 1   [ RunTime:0.000179s ]
SQL: SELECT * FROM `ecs_region` WHERE ( region_id=232 ) LIMIT 1   [ RunTime:0.000167s ]
SQL: SELECT * FROM `ecs_region` WHERE ( region_id=7 ) LIMIT 1   [ RunTime:0.000169s ]
SQL: SELECT * FROM `ecs_region` WHERE ( region_id=0 ) LIMIT 1   [ RunTime:0.000146s ]
SQL: SELECT * FROM `ecs_region` WHERE ( region_id=109 ) LIMIT 1   [ RunTime:0.000163s ]
SQL: SELECT * FROM `ecs_region` WHERE ( region_id=1 ) LIMIT 1   [ RunTime:0.000161s ]
NOTIC: [8] Undefined variable: show E:\wamp\www\hy\jyflapi\Application\Users\Controller\UserController.class.php ç¬¬ 318 è¡Œ.
INFO: [ app_end ] --START--
INFO: Run Behavior\ShowPageTrace [ RunTime:0.000847s ]
INFO: [ app_end ] --END-- [ RunTime:0.000973s ]

[ 2016-05-06T18:00:36+08:00 ] 127.0.0.1 /index.php/Users/User/showAddress/
INFO: [ app_begin ] --START--
INFO: Run Behavior\ReadHtmlCache [ RunTime:0.001873s ]
INFO: [ app_begin ] --END-- [ RunTime:0.002324s ]
SQL: SHOW COLUMNS FROM `ecs_user_address` [ RunTime:0.003768s ]
NOTIC: [8] Undefined index: p E:\wamp\www\hy\jyflapi\Application\Users\Controller\UserController.class.php ç¬¬ 298 è¡Œ.
SQL: SELECT * FROM `ecs_user_address` WHERE ( user_id=10 )  [ RunTime:0.001500s ]
SQL: SHOW COLUMNS FROM `ecs_region` [ RunTime:0.005649s ]
SQL: SELECT * FROM `ecs_region` WHERE ( region_id=0 ) LIMIT 1   [ RunTime:0.000570s ]
SQL: SELECT * FROM `ecs_region` WHERE ( region_id=849 ) LIMIT 1   [ RunTime:0.001953s ]
SQL: SELECT * FROM `ecs_region` WHERE ( region_id=71 ) LIMIT 1   [ RunTime:0.000535s ]
SQL: SELECT * FROM `ecs_region` WHERE ( region_id=0 ) LIMIT 1   [ RunTime:0.000183s ]
SQL: SELECT * FROM `ecs_region` WHERE ( region_id=1510 ) LIMIT 1   [ RunTime:0.000178s ]
SQL: SELECT * FROM `ecs_region` WHERE ( region_id=9 ) LIMIT 1   [ RunTime:0.000177s ]
SQL: SELECT * FROM `ecs_region` WHERE ( region_id=0 ) LIMIT 1   [ RunTime:0.000152s ]
SQL: SELECT * FROM `ecs_region` WHERE ( region_id=232 ) LIMIT 1   [ RunTime:0.000277s ]
SQL: SELECT * FROM `ecs_region` WHERE ( region_id=7 ) LIMIT 1   [ RunTime:0.000190s ]
SQL: SELECT * FROM `ecs_region` WHERE ( region_id=0 ) LIMIT 1   [ RunTime:0.000143s ]
SQL: SELECT * FROM `ecs_region` WHERE ( region_id=109 ) LIMIT 1   [ RunTime:0.002590s ]
SQL: SELECT * FROM `ecs_region` WHERE ( region_id=1 ) LIMIT 1   [ RunTime:0.000338s ]
NOTIC: [8] Undefined variable: show E:\wamp\www\hy\jyflapi\Application\Users\Controller\UserController.class.php ç¬¬ 318 è¡Œ.
INFO: [ app_end ] --START--
INFO: Run Behavior\ShowPageTrace [ RunTime:0.001058s ]
INFO: [ app_end ] --END-- [ RunTime:0.001187s ]

[ 2016-05-06T18:02:03+08:00 ] 127.0.0.1 /index.php/Users/User/showAddress/
INFO: [ app_begin ] --START--
INFO: Run Behavior\ReadHtmlCache [ RunTime:0.000649s ]
INFO: [ app_begin ] --END-- [ RunTime:0.001100s ]
SQL: SHOW COLUMNS FROM `ecs_user_address` [ RunTime:0.005004s ]
NOTIC: [8] Undefined index: p E:\wamp\www\hy\jyflapi\Application\Users\Controller\UserController.class.php ç¬¬ 298 è¡Œ.
SQL: SELECT * FROM `ecs_user_address` WHERE ( user_id=10 )  [ RunTime:0.000426s ]
SQL: SHOW COLUMNS FROM `ecs_region` [ RunTime:0.004479s ]
SQL: SELECT * FROM `ecs_region` WHERE ( region_id=0 ) LIMIT 1   [ RunTime:0.000389s ]
SQL: SELECT * FROM `ecs_region` WHERE ( region_id=849 ) LIMIT 1   [ RunTime:0.000229s ]
SQL: SELECT * FROM `ecs_region` WHERE ( region_id=71 ) LIMIT 1   [ RunTime:0.000197s ]
SQL: SELECT * FROM `ecs_region` WHERE ( region_id=0 ) LIMIT 1   [ RunTime:0.000940s ]
SQL: SELECT * FROM `ecs_region` WHERE ( region_id=1510 ) LIMIT 1   [ RunTime:0.000480s ]
SQL: SELECT * FROM `ecs_region` WHERE ( region_id=9 ) LIMIT 1   [ RunTime:0.000341s ]
SQL: SELECT * FROM `ecs_region` WHERE ( region_id=0 ) LIMIT 1   [ RunTime:0.003256s ]
SQL: SELECT * FROM `ecs_region` WHERE ( region_id=232 ) LIMIT 1   [ RunTime:0.000313s ]
SQL: SELECT * FROM `ecs_region` WHERE ( region_id=7 ) LIMIT 1   [ RunTime:0.000205s ]
SQL: SELECT * FROM `ecs_region` WHERE ( region_id=0 ) LIMIT 1   [ RunTime:0.000213s ]
SQL: SELECT * FROM `ecs_region` WHERE ( region_id=109 ) LIMIT 1   [ RunTime:0.000320s ]
SQL: SELECT * FROM `ecs_region` WHERE ( region_id=1 ) LIMIT 1   [ RunTime:0.000220s ]
NOTIC: [8] Undefined variable: show E:\wamp\www\hy\jyflapi\Application\Users\Controller\UserController.class.php ç¬¬ 318 è¡Œ.
INFO: [ app_end ] --START--
INFO: Run Behavior\ShowPageTrace [ RunTime:0.000785s ]
INFO: [ app_end ] --END-- [ RunTime:0.000912s ]

[ 2016-05-06T18:03:07+08:00 ] 127.0.0.1 /index.php/Users/User/showAddress/
INFO: [ app_begin ] --START--
INFO: Run Behavior\ReadHtmlCache [ RunTime:0.000606s ]
INFO: [ app_begin ] --END-- [ RunTime:0.001039s ]
SQL: SHOW COLUMNS FROM `ecs_user_address` [ RunTime:0.005167s ]
NOTIC: [8] Undefined index: p E:\wamp\www\hy\jyflapi\Application\Users\Controller\UserController.class.php ç¬¬ 298 è¡Œ.
SQL: SELECT * FROM `ecs_user_address` WHERE ( user_id=10 )  [ RunTime:0.000561s ]
SQL: SHOW COLUMNS FROM `ecs_region` [ RunTime:0.004550s ]
SQL: SELECT * FROM `ecs_region` WHERE ( region_id=0 ) LIMIT 1   [ RunTime:0.000284s ]
SQL: SELECT * FROM `ecs_region` WHERE ( region_id=849 ) LIMIT 1   [ RunTime:0.000214s ]
SQL: SELECT * FROM `ecs_region` WHERE ( region_id=71 ) LIMIT 1   [ RunTime:0.000222s ]
SQL: SELECT * FROM `ecs_region` WHERE ( region_id=0 ) LIMIT 1   [ RunTime:0.000182s ]
SQL: SELECT * FROM `ecs_region` WHERE ( region_id=1510 ) LIMIT 1   [ RunTime:0.000214s ]
SQL: SELECT * FROM `ecs_region` WHERE ( region_id=9 ) LIMIT 1   [ RunTime:0.000190s ]
SQL: SELECT * FROM `ecs_region` WHERE ( region_id=0 ) LIMIT 1   [ RunTime:0.000172s ]
SQL: SELECT * FROM `ecs_region` WHERE ( region_id=232 ) LIMIT 1   [ RunTime:0.000181s ]
SQL: SELECT * FROM `ecs_region` WHERE ( region_id=7 ) LIMIT 1   [ RunTime:0.000193s ]
SQL: SELECT * FROM `ecs_region` WHERE ( region_id=0 ) LIMIT 1   [ RunTime:0.000182s ]
SQL: SELECT * FROM `ecs_region` WHERE ( region_id=109 ) LIMIT 1   [ RunTime:0.000219s ]
SQL: SELECT * FROM `ecs_region` WHERE ( region_id=1 ) LIMIT 1   [ RunTime:0.000552s ]
NOTIC: [8] Undefined variable: show E:\wamp\www\hy\jyflapi\Application\Users\Controller\UserController.class.php ç¬¬ 318 è¡Œ.
INFO: [ app_end ] --START--
INFO: Run Behavior\ShowPageTrace [ RunTime:0.000775s ]
INFO: [ app_end ] --END-- [ RunTime:0.000907s ]

[ 2016-05-06T18:03:28+08:00 ] 127.0.0.1 /index.php/Users/User/showAddress/
INFO: [ app_begin ] --START--
INFO: Run Behavior\ReadHtmlCache [ RunTime:0.000656s ]
INFO: [ app_begin ] --END-- [ RunTime:0.001166s ]
SQL: SHOW COLUMNS FROM `ecs_user_address` [ RunTime:0.005056s ]
NOTIC: [8] Undefined index: p E:\wamp\www\hy\jyflapi\Application\Users\Controller\UserController.class.php ç¬¬ 298 è¡Œ.
SQL: SELECT * FROM `ecs_user_address` WHERE ( user_id=10 )  [ RunTime:0.000360s ]
SQL: SHOW COLUMNS FROM `ecs_region` [ RunTime:0.004551s ]
SQL: SELECT * FROM `ecs_region` WHERE ( region_id=0 ) LIMIT 1   [ RunTime:0.000327s ]
SQL: SELECT * FROM `ecs_region` WHERE ( region_id=849 ) LIMIT 1   [ RunTime:0.000368s ]
SQL: SELECT * FROM `ecs_region` WHERE ( region_id=71 ) LIMIT 1   [ RunTime:0.000362s ]
SQL: SELECT * FROM `ecs_region` WHERE ( region_id=0 ) LIMIT 1   [ RunTime:0.000177s ]
SQL: SELECT * FROM `ecs_region` WHERE ( region_id=1510 ) LIMIT 1   [ RunTime:0.000183s ]
SQL: SELECT * FROM `ecs_region` WHERE ( region_id=9 ) LIMIT 1   [ RunTime:0.000568s ]
SQL: SELECT * FROM `ecs_region` WHERE ( region_id=0 ) LIMIT 1   [ RunTime:0.000266s ]
SQL: SELECT * FROM `ecs_region` WHERE ( region_id=232 ) LIMIT 1   [ RunTime:0.000336s ]
SQL: SELECT * FROM `ecs_region` WHERE ( region_id=7 ) LIMIT 1   [ RunTime:0.000477s ]
SQL: SELECT * FROM `ecs_region` WHERE ( region_id=0 ) LIMIT 1   [ RunTime:0.000205s ]
SQL: SELECT * FROM `ecs_region` WHERE ( region_id=109 ) LIMIT 1   [ RunTime:0.000204s ]
SQL: SELECT * FROM `ecs_region` WHERE ( region_id=1 ) LIMIT 1   [ RunTime:0.000194s ]
NOTIC: [8] Undefined variable: show E:\wamp\www\hy\jyflapi\Application\Users\Controller\UserController.class.php ç¬¬ 318 è¡Œ.
INFO: [ app_end ] --START--
INFO: Run Behavior\ShowPageTrace [ RunTime:0.000812s ]
INFO: [ app_end ] --END-- [ RunTime:0.000935s ]

[ 2016-05-06T18:03:45+08:00 ] 127.0.0.1 /index.php/Users/User/showAddress/
INFO: [ app_begin ] --START--
INFO: Run Behavior\ReadHtmlCache [ RunTime:0.000573s ]
INFO: [ app_begin ] --END-- [ RunTime:0.001041s ]
SQL: SHOW COLUMNS FROM `ecs_user_address` [ RunTime:0.002775s ]
NOTIC: [8] Undefined index: p E:\wamp\www\hy\jyflapi\Application\Users\Controller\UserController.class.php ç¬¬ 298 è¡Œ.
SQL: SELECT * FROM `ecs_user_address` WHERE ( user_id=10 )  [ RunTime:0.000333s ]
SQL: SHOW COLUMNS FROM `ecs_region` [ RunTime:0.003743s ]
SQL: SELECT * FROM `ecs_region` WHERE ( region_id=0 ) LIMIT 1   [ RunTime:0.000408s ]
SQL: SELECT * FROM `ecs_region` WHERE ( region_id=849 ) LIMIT 1   [ RunTime:0.000280s ]
SQL: SELECT * FROM `ecs_region` WHERE ( region_id=71 ) LIMIT 1   [ RunTime:0.000224s ]
SQL: SELECT * FROM `ecs_region` WHERE ( region_id=0 ) LIMIT 1   [ RunTime:0.000820s ]
SQL: SELECT * FROM `ecs_region` WHERE ( region_id=1510 ) LIMIT 1   [ RunTime:0.000294s ]
SQL: SELECT * FROM `ecs_region` WHERE ( region_id=9 ) LIMIT 1   [ RunTime:0.000189s ]
SQL: SELECT * FROM `ecs_region` WHERE ( region_id=0 ) LIMIT 1   [ RunTime:0.000160s ]
SQL: SELECT * FROM `ecs_region` WHERE ( region_id=232 ) LIMIT 1   [ RunTime:0.000192s ]
SQL: SELECT * FROM `ecs_region` WHERE ( region_id=7 ) LIMIT 1   [ RunTime:0.000178s ]
SQL: SELECT * FROM `ecs_region` WHERE ( region_id=0 ) LIMIT 1   [ RunTime:0.000158s ]
SQL: SELECT * FROM `ecs_region` WHERE ( region_id=109 ) LIMIT 1   [ RunTime:0.000182s ]
SQL: SELECT * FROM `ecs_region` WHERE ( region_id=1 ) LIMIT 1   [ RunTime:0.000176s ]
NOTIC: [8] Undefined variable: show E:\wamp\www\hy\jyflapi\Application\Users\Controller\UserController.class.php ç¬¬ 318 è¡Œ.
INFO: [ app_end ] --START--
INFO: Run Behavior\ShowPageTrace [ RunTime:0.000751s ]
INFO: [ app_end ] --END-- [ RunTime:0.000895s ]

[ 2016-05-06T18:04:09+08:00 ] 127.0.0.1 /index.php/Users/User/showAddress/
INFO: [ app_begin ] --START--
INFO: Run Behavior\ReadHtmlCache [ RunTime:0.000568s ]
INFO: [ app_begin ] --END-- [ RunTime:0.001042s ]
SQL: SHOW COLUMNS FROM `ecs_user_address` [ RunTime:0.004623s ]
NOTIC: [8] Undefined index: p E:\wamp\www\hy\jyflapi\Application\Users\Controller\UserController.class.php ç¬¬ 298 è¡Œ.
SQL: SELECT * FROM `ecs_user_address` WHERE ( user_id=10 )  [ RunTime:0.000656s ]
SQL: SHOW COLUMNS FROM `ecs_region` [ RunTime:0.004262s ]
SQL: SELECT * FROM `ecs_region` WHERE ( region_id=0 ) LIMIT 1   [ RunTime:0.000259s ]
SQL: SELECT * FROM `ecs_region` WHERE ( region_id=849 ) LIMIT 1   [ RunTime:0.000209s ]
SQL: SELECT * FROM `ecs_region` WHERE ( region_id=71 ) LIMIT 1   [ RunTime:0.000261s ]
SQL: SELECT * FROM `ecs_region` WHERE ( region_id=0 ) LIMIT 1   [ RunTime:0.000229s ]
SQL: SELECT * FROM `ecs_region` WHERE ( region_id=1510 ) LIMIT 1   [ RunTime:0.000233s ]
SQL: SELECT * FROM `ecs_region` WHERE ( region_id=9 ) LIMIT 1   [ RunTime:0.000210s ]
SQL: SELECT * FROM `ecs_region` WHERE ( region_id=0 ) LIMIT 1   [ RunTime:0.000171s ]
SQL: SELECT * FROM `ecs_region` WHERE ( region_id=232 ) LIMIT 1   [ RunTime:0.000190s ]
SQL: SELECT * FROM `ecs_region` WHERE ( region_id=7 ) LIMIT 1   [ RunTime:0.000195s ]
SQL: SELECT * FROM `ecs_region` WHERE ( region_id=0 ) LIMIT 1   [ RunTime:0.000190s ]
SQL: SELECT * FROM `ecs_region` WHERE ( region_id=109 ) LIMIT 1   [ RunTime:0.000204s ]
SQL: SELECT * FROM `ecs_region` WHERE ( region_id=1 ) LIMIT 1   [ RunTime:0.000603s ]
NOTIC: [8] Undefined variable: show E:\wamp\www\hy\jyflapi\Application\Users\Controller\UserController.class.php ç¬¬ 318 è¡Œ.
INFO: [ app_end ] --START--
INFO: Run Behavior\ShowPageTrace [ RunTime:0.001047s ]
INFO: [ app_end ] --END-- [ RunTime:0.001240s ]

[ 2016-05-06T18:04:45+08:00 ] 127.0.0.1 /index.php/Users/User/showAddress/
INFO: [ app_begin ] --START--
INFO: Run Behavior\ReadHtmlCache [ RunTime:0.000559s ]
INFO: [ app_begin ] --END-- [ RunTime:0.000994s ]
SQL: SHOW COLUMNS FROM `ecs_user_address` [ RunTime:0.003384s ]
NOTIC: [8] Undefined index: p E:\wamp\www\hy\jyflapi\Application\Users\Controller\UserController.class.php ç¬¬ 298 è¡Œ.
SQL: SELECT * FROM `ecs_user_address` WHERE ( user_id=10 )  [ RunTime:0.000363s ]
SQL: SHOW COLUMNS FROM `ecs_region` [ RunTime:0.085074s ]
SQL: SELECT * FROM `ecs_region` WHERE ( region_id=0 ) LIMIT 1   [ RunTime:0.003360s ]
SQL: SELECT * FROM `ecs_region` WHERE ( region_id=849 ) LIMIT 1   [ RunTime:0.000778s ]
SQL: SELECT * FROM `ecs_region` WHERE ( region_id=71 ) LIMIT 1   [ RunTime:0.001340s ]
SQL: SELECT * FROM `ecs_region` WHERE ( region_id=0 ) LIMIT 1   [ RunTime:0.000311s ]
SQL: SELECT * FROM `ecs_region` WHERE ( region_id=1510 ) LIMIT 1   [ RunTime:0.000353s ]
SQL: SELECT * FROM `ecs_region` WHERE ( region_id=9 ) LIMIT 1   [ RunTime:0.000256s ]
SQL: SELECT * FROM `ecs_region` WHERE ( region_id=0 ) LIMIT 1   [ RunTime:0.000161s ]
SQL: SELECT * FROM `ecs_region` WHERE ( region_id=232 ) LIMIT 1   [ RunTime:0.000179s ]
SQL: SELECT * FROM `ecs_region` WHERE ( region_id=7 ) LIMIT 1   [ RunTime:0.000175s ]
SQL: SELECT * FROM `ecs_region` WHERE ( region_id=0 ) LIMIT 1   [ RunTime:0.000155s ]
SQL: SELECT * FROM `ecs_region` WHERE ( region_id=109 ) LIMIT 1   [ RunTime:0.000234s ]
SQL: SELECT * FROM `ecs_region` WHERE ( region_id=1 ) LIMIT 1   [ RunTime:0.000184s ]
NOTIC: [8] Undefined variable: show E:\wamp\www\hy\jyflapi\Application\Users\Controller\UserController.class.php ç¬¬ 318 è¡Œ.
INFO: [ app_end ] --START--
INFO: Run Behavior\ShowPageTrace [ RunTime:0.001231s ]
INFO: [ app_end ] --END-- [ RunTime:0.001366s ]

[ 2016-05-06T18:04:51+08:00 ] 127.0.0.1 /index.php/Users/User/showAddress/
INFO: [ app_begin ] --START--
INFO: Run Behavior\ReadHtmlCache [ RunTime:0.000576s ]
INFO: [ app_begin ] --END-- [ RunTime:0.001038s ]
SQL: SHOW COLUMNS FROM `ecs_user_address` [ RunTime:0.005033s ]
NOTIC: [8] Undefined index: p E:\wamp\www\hy\jyflapi\Application\Users\Controller\UserController.class.php ç¬¬ 298 è¡Œ.
SQL: SELECT * FROM `ecs_user_address` WHERE ( user_id=10 )  [ RunTime:0.000500s ]
SQL: SHOW COLUMNS FROM `ecs_region` [ RunTime:0.004514s ]
SQL: SELECT * FROM `ecs_region` WHERE ( region_id=0 ) LIMIT 1   [ RunTime:0.000256s ]
SQL: SELECT * FROM `ecs_region` WHERE ( region_id=849 ) LIMIT 1   [ RunTime:0.000354s ]
SQL: SELECT * FROM `ecs_region` WHERE ( region_id=71 ) LIMIT 1   [ RunTime:0.000212s ]
SQL: SELECT * FROM `ecs_region` WHERE ( region_id=0 ) LIMIT 1   [ RunTime:0.000172s ]
SQL: SELECT * FROM `ecs_region` WHERE ( region_id=1510 ) LIMIT 1   [ RunTime:0.000190s ]
SQL: SELECT * FROM `ecs_region` WHERE ( region_id=9 ) LIMIT 1   [ RunTime:0.000261s ]
SQL: SELECT * FROM `ecs_region` WHERE ( region_id=0 ) LIMIT 1   [ RunTime:0.000774s ]
SQL: SELECT * FROM `ecs_region` WHERE ( region_id=232 ) LIMIT 1   [ RunTime:0.000491s ]
SQL: SELECT * FROM `ecs_region` WHERE ( region_id=7 ) LIMIT 1   [ RunTime:0.000244s ]
SQL: SELECT * FROM `ecs_region` WHERE ( region_id=0 ) LIMIT 1   [ RunTime:0.000227s ]
SQL: SELECT * FROM `ecs_region` WHERE ( region_id=109 ) LIMIT 1   [ RunTime:0.000981s ]
SQL: SELECT * FROM `ecs_region` WHERE ( region_id=1 ) LIMIT 1   [ RunTime:0.000305s ]
NOTIC: [8] Undefined variable: show E:\wamp\www\hy\jyflapi\Application\Users\Controller\UserController.class.php ç¬¬ 318 è¡Œ.
INFO: [ app_end ] --START--
INFO: Run Behavior\ShowPageTrace [ RunTime:0.000757s ]
INFO: [ app_end ] --END-- [ RunTime:0.000885s ]

[ 2016-05-06T18:05:25+08:00 ] 127.0.0.1 /index.php/Users/User/showAddress/
INFO: [ app_begin ] --START--
INFO: Run Behavior\ReadHtmlCache [ RunTime:0.001370s ]
INFO: [ app_begin ] --END-- [ RunTime:0.002011s ]
SQL: SHOW COLUMNS FROM `ecs_user_address` [ RunTime:0.026584s ]
NOTIC: [8] Undefined index: p E:\wamp\www\hy\jyflapi\Application\Users\Controller\UserController.class.php ç¬¬ 298 è¡Œ.
SQL: SELECT * FROM `ecs_user_address` WHERE ( user_id=10 )  [ RunTime:0.005006s ]
SQL: SHOW COLUMNS FROM `ecs_region` [ RunTime:0.004317s ]
SQL: SELECT * FROM `ecs_region` WHERE ( region_id=0 ) LIMIT 1   [ RunTime:0.000263s ]
SQL: SELECT * FROM `ecs_region` WHERE ( region_id=849 ) LIMIT 1   [ RunTime:0.000247s ]
SQL: SELECT * FROM `ecs_region` WHERE ( region_id=71 ) LIMIT 1   [ RunTime:0.000219s ]
SQL: SELECT * FROM `ecs_region` WHERE ( region_id=0 ) LIMIT 1   [ RunTime:0.000175s ]
SQL: SELECT * FROM `ecs_region` WHERE ( region_id=1510 ) LIMIT 1   [ RunTime:0.000197s ]
SQL: SELECT * FROM `ecs_region` WHERE ( region_id=9 ) LIMIT 1   [ RunTime:0.000197s ]
SQL: SELECT * FROM `ecs_region` WHERE ( region_id=0 ) LIMIT 1   [ RunTime:0.000194s ]
SQL: SELECT * FROM `ecs_region` WHERE ( region_id=232 ) LIMIT 1   [ RunTime:0.000557s ]
SQL: SELECT * FROM `ecs_region` WHERE ( region_id=7 ) LIMIT 1   [ RunTime:0.000209s ]
SQL: SELECT * FROM `ecs_region` WHERE ( region_id=0 ) LIMIT 1   [ RunTime:0.002535s ]
SQL: SELECT * FROM `ecs_region` WHERE ( region_id=109 ) LIMIT 1   [ RunTime:0.001418s ]
SQL: SELECT * FROM `ecs_region` WHERE ( region_id=1 ) LIMIT 1   [ RunTime:0.000197s ]
NOTIC: [8] Undefined variable: show E:\wamp\www\hy\jyflapi\Application\Users\Controller\UserController.class.php ç¬¬ 318 è¡Œ.
INFO: [ app_end ] --START--
INFO: Run Behavior\ShowPageTrace [ RunTime:0.000792s ]
INFO: [ app_end ] --END-- [ RunTime:0.000914s ]

[ 2016-05-06T18:05:49+08:00 ] 127.0.0.1 /index.php/Users/User/showAddress/
INFO: [ app_begin ] --START--
INFO: Run Behavior\ReadHtmlCache [ RunTime:0.000645s ]
INFO: [ app_begin ] --END-- [ RunTime:0.001119s ]
SQL: SHOW COLUMNS FROM `ecs_user_address` [ RunTime:0.005979s ]
NOTIC: [8] Undefined index: p E:\wamp\www\hy\jyflapi\Application\Users\Controller\UserController.class.php ç¬¬ 298 è¡Œ.
SQL: SELECT * FROM `ecs_user_address` WHERE ( user_id=10 )  [ RunTime:0.002440s ]
SQL: SHOW COLUMNS FROM `ecs_region` [ RunTime:0.008282s ]
SQL: SELECT * FROM `ecs_region` WHERE ( region_id=0 ) LIMIT 1   [ RunTime:0.000278s ]
SQL: SELECT * FROM `ecs_region` WHERE ( region_id=849 ) LIMIT 1   [ RunTime:0.000294s ]
SQL: SELECT * FROM `ecs_region` WHERE ( region_id=71 ) LIMIT 1   [ RunTime:0.001422s ]
SQL: SELECT * FROM `ecs_region` WHERE ( region_id=0 ) LIMIT 1   [ RunTime:0.000394s ]
SQL: SELECT * FROM `ecs_region` WHERE ( region_id=1510 ) LIMIT 1   [ RunTime:0.001793s ]
SQL: SELECT * FROM `ecs_region` WHERE ( region_id=9 ) LIMIT 1   [ RunTime:0.000434s ]
SQL: SELECT * FROM `ecs_region` WHERE ( region_id=0 ) LIMIT 1   [ RunTime:0.000327s ]
SQL: SELECT * FROM `ecs_region` WHERE ( region_id=232 ) LIMIT 1   [ RunTime:0.000735s ]
SQL: SELECT * FROM `ecs_region` WHERE ( region_id=7 ) LIMIT 1   [ RunTime:0.000270s ]
SQL: SELECT * FROM `ecs_region` WHERE ( region_id=0 ) LIMIT 1   [ RunTime:0.000146s ]
SQL: SELECT * FROM `ecs_region` WHERE ( region_id=109 ) LIMIT 1   [ RunTime:0.000161s ]
SQL: SELECT * FROM `ecs_region` WHERE ( region_id=1 ) LIMIT 1   [ RunTime:0.000145s ]
NOTIC: [8] Undefined variable: show E:\wamp\www\hy\jyflapi\Application\Users\Controller\UserController.class.php ç¬¬ 318 è¡Œ.
INFO: [ app_end ] --START--
INFO: Run Behavior\ShowPageTrace [ RunTime:0.000835s ]
INFO: [ app_end ] --END-- [ RunTime:0.000958s ]

[ 2016-05-06T18:06:30+08:00 ] 127.0.0.1 /index.php/Users/User/showAddress/
INFO: [ app_begin ] --START--
INFO: Run Behavior\ReadHtmlCache [ RunTime:0.000741s ]
INFO: [ app_begin ] --END-- [ RunTime:0.001183s ]
SQL: SHOW COLUMNS FROM `ecs_user_address` [ RunTime:0.005686s ]
NOTIC: [8] Undefined index: p E:\wamp\www\hy\jyflapi\Application\Users\Controller\UserController.class.php ç¬¬ 298 è¡Œ.
SQL: SELECT * FROM `ecs_user_address` WHERE ( user_id=10 )  [ RunTime:0.000401s ]
SQL: SHOW COLUMNS FROM `ecs_region` [ RunTime:0.003298s ]
SQL: SELECT * FROM `ecs_region` WHERE ( region_id=0 ) LIMIT 1   [ RunTime:0.000255s ]
SQL: SELECT * FROM `ecs_region` WHERE ( region_id=849 ) LIMIT 1   [ RunTime:0.000180s ]
SQL: SELECT * FROM `ecs_region` WHERE ( region_id=71 ) LIMIT 1   [ RunTime:0.000154s ]
SQL: SELECT * FROM `ecs_region` WHERE ( region_id=0 ) LIMIT 1   [ RunTime:0.000144s ]
SQL: SELECT * FROM `ecs_region` WHERE ( region_id=1510 ) LIMIT 1   [ RunTime:0.000150s ]
SQL: SELECT * FROM `ecs_region` WHERE ( region_id=9 ) LIMIT 1   [ RunTime:0.000145s ]
SQL: SELECT * FROM `ecs_region` WHERE ( region_id=0 ) LIMIT 1   [ RunTime:0.000144s ]
SQL: SELECT * FROM `ecs_region` WHERE ( region_id=232 ) LIMIT 1   [ RunTime:0.000179s ]
SQL: SELECT * FROM `ecs_region` WHERE ( region_id=7 ) LIMIT 1   [ RunTime:0.000182s ]
SQL: SELECT * FROM `ecs_region` WHERE ( region_id=0 ) LIMIT 1   [ RunTime:0.001617s ]
SQL: SELECT * FROM `ecs_region` WHERE ( region_id=109 ) LIMIT 1   [ RunTime:0.000660s ]
SQL: SELECT * FROM `ecs_region` WHERE ( region_id=1 ) LIMIT 1   [ RunTime:0.000202s ]
NOTIC: [8] Undefined variable: show E:\wamp\www\hy\jyflapi\Application\Users\Controller\UserController.class.php ç¬¬ 318 è¡Œ.
INFO: [ app_end ] --START--
INFO: Run Behavior\ShowPageTrace [ RunTime:0.000811s ]
INFO: [ app_end ] --END-- [ RunTime:0.000935s ]

