[ 2016-04-27T08:55:13+08:00 ] 127.0.0.1 /index.php/Users/User/smsvrerifyJs/
INFO: [ app_begin ] --START--
INFO: Run Behavior\ReadHtmlCache [ RunTime:0.000636s ]
INFO: [ app_begin ] --END-- [ RunTime:0.001314s ]
NOTIC: [8] Use of undefined constant _USERAGENT_ - assumed '_USERAGENT_' E:\wamp\www\hy\jyflapi\Application\Home\smsvrerifyApi.class.php 第 62 行.
NOTIC: [8] Use of undefined constant _REFERER_ - assumed '_REFERER_' E:\wamp\www\hy\jyflapi\Application\Home\smsvrerifyApi.class.php 第 63 行.
SQL: SHOW COLUMNS FROM `ecs_users` [ RunTime:0.009431s ]
SQL: UPDATE `ecs_users` SET `verify`=820652,`verifytime`=1461718513 WHERE ( user_id=2 ) [ RunTime:0.004641s ]
INFO: [ app_end ] --START--
INFO: Run Behavior\ShowPageTrace [ RunTime:0.000732s ]
INFO: [ app_end ] --END-- [ RunTime:0.000857s ]

[ 2016-04-27T09:09:29+08:00 ] 127.0.0.1 /index.php/Users/User/smsvrerifyJs/
INFO: [ app_begin ] --START--
INFO: Run Behavior\ReadHtmlCache [ RunTime:0.000507s ]
INFO: [ app_begin ] --END-- [ RunTime:0.000916s ]

[ 2016-04-27T09:10:50+08:00 ] 127.0.0.1 /
INFO: [ app_begin ] --START--
INFO: Run Behavior\ReadHtmlCache [ RunTime:0.000418s ]
INFO: [ app_begin ] --END-- [ RunTime:0.000801s ]
INFO: [ view_parse ] --START--
NOTIC: [2] ucfirst() expects parameter 1 to be string, array given E:\wamp\www\hy\jyflapi\ThinkPHP\Library\Think\Storage.class.php 第 36 行.
INFO: Run Behavior\ParseTemplate [ RunTime:0.000743s ]
INFO: [ view_parse ] --END-- [ RunTime:0.000880s ]
INFO: [ view_filter ] --START--
INFO: Run Behavior\WriteHtmlCache [ RunTime:0.004597s ]
INFO: [ view_filter ] --END-- [ RunTime:0.004734s ]
INFO: [ app_end ] --START--
INFO: Run Behavior\ShowPageTrace [ RunTime:0.000963s ]
INFO: [ app_end ] --END-- [ RunTime:0.001136s ]

[ 2016-04-27T09:12:40+08:00 ] 192.168.1.127 /
INFO: [ app_begin ] --START--
INFO: Run Behavior\ReadHtmlCache [ RunTime:0.000968s ]
INFO: [ app_begin ] --END-- [ RunTime:0.001738s ]
INFO: [ view_parse ] --START--
NOTIC: [2] ucfirst() expects parameter 1 to be string, array given E:\wamp\www\hy\jyflapi\ThinkPHP\Library\Think\Storage.class.php 第 36 行.
INFO: Run Behavior\ParseTemplate [ RunTime:0.000456s ]
INFO: [ view_parse ] --END-- [ RunTime:0.000596s ]
INFO: [ view_filter ] --START--
INFO: Run Behavior\WriteHtmlCache [ RunTime:0.000279s ]
INFO: [ view_filter ] --END-- [ RunTime:0.000387s ]
INFO: [ app_end ] --START--
INFO: Run Behavior\ShowPageTrace [ RunTime:0.000576s ]
INFO: [ app_end ] --END-- [ RunTime:0.000692s ]

[ 2016-04-27T09:12:45+08:00 ] 192.168.1.127 /index.php/Users/User/smsvrerifyJs/
INFO: [ app_begin ] --START--
INFO: Run Behavior\ReadHtmlCache [ RunTime:0.000887s ]
INFO: [ app_begin ] --END-- [ RunTime:0.001924s ]

[ 2016-04-27T09:13:19+08:00 ] 192.168.1.127 /index.php/Users/User/smsvrerifyJs/
INFO: [ app_begin ] --START--
INFO: Run Behavior\ReadHtmlCache [ RunTime:0.001581s ]
INFO: [ app_begin ] --END-- [ RunTime:0.002769s ]
SQL: SHOW COLUMNS FROM `ecs_users` [ RunTime:0.023421s ]
SQL: UPDATE `ecs_users` SET `verify`=613863,`verifytime`=1461719598 WHERE ( user_id=2 ) [ RunTime:0.004064s ]
INFO: [ app_end ] --START--
INFO: Run Behavior\ShowPageTrace [ RunTime:0.002137s ]
INFO: [ app_end ] --END-- [ RunTime:0.002560s ]

[ 2016-04-27T09:13:22+08:00 ] 127.0.0.1 /index.php/Users/User/smsvrerifyJs/
INFO: [ app_begin ] --START--
INFO: Run Behavior\ReadHtmlCache [ RunTime:0.000691s ]
INFO: [ app_begin ] --END-- [ RunTime:0.001140s ]
SQL: SHOW COLUMNS FROM `ecs_users` [ RunTime:0.008391s ]
SQL: UPDATE `ecs_users` SET `verify`=291391,`verifytime`=1461719602 WHERE ( user_id=2 ) [ RunTime:0.012937s ]
INFO: [ app_end ] --START--
INFO: Run Behavior\ShowPageTrace [ RunTime:0.000554s ]
INFO: [ app_end ] --END-- [ RunTime:0.000675s ]

[ 2016-04-27T11:14:49+08:00 ] 127.0.0.1 /
INFO: [ app_begin ] --START--
INFO: Run Behavior\ReadHtmlCache [ RunTime:0.000659s ]
INFO: [ app_begin ] --END-- [ RunTime:0.001107s ]
INFO: [ view_parse ] --START--
NOTIC: [2] ucfirst() expects parameter 1 to be string, array given E:\wamp\www\hy\jyflapi\ThinkPHP\Library\Think\Storage.class.php 第 36 行.
INFO: Run Behavior\ParseTemplate [ RunTime:0.000964s ]
INFO: [ view_parse ] --END-- [ RunTime:0.001116s ]
INFO: [ view_filter ] --START--
INFO: Run Behavior\WriteHtmlCache [ RunTime:0.004281s ]
INFO: [ view_filter ] --END-- [ RunTime:0.004404s ]
INFO: [ app_end ] --START--
INFO: Run Behavior\ShowPageTrace [ RunTime:0.000743s ]
INFO: [ app_end ] --END-- [ RunTime:0.000878s ]

[ 2016-04-27T16:12:13+08:00 ] 127.0.0.1 /index.php/Users/User/smsvrerifyJs
INFO: [ app_begin ] --START--
INFO: Run Behavior\ReadHtmlCache [ RunTime:0.001803s ]
INFO: [ app_begin ] --END-- [ RunTime:0.003480s ]
SQL: SHOW COLUMNS FROM `ecs_users` [ RunTime:0.013828s ]
SQL: UPDATE `ecs_users` SET `verify`=408406,`verifytime`=1461744733 WHERE ( user_id=1 ) [ RunTime:0.007250s ]
INFO: [ app_end ] --START--
INFO: Run Behavior\ShowPageTrace [ RunTime:0.001653s ]
INFO: [ app_end ] --END-- [ RunTime:0.001880s ]

[ 2016-04-27T16:15:03+08:00 ] 127.0.0.1 /index.php/Users/User/smsvrerifyJs
INFO: [ app_begin ] --START--
INFO: Run Behavior\ReadHtmlCache [ RunTime:0.000520s ]
INFO: [ app_begin ] --END-- [ RunTime:0.000956s ]
SQL: SHOW COLUMNS FROM `ecs_users` [ RunTime:0.009025s ]
SQL: UPDATE `ecs_users` SET `verify`=937926,`verifytime`=1461744902 WHERE ( user_id=1 ) [ RunTime:0.006675s ]
INFO: [ app_end ] --START--
INFO: Run Behavior\ShowPageTrace [ RunTime:0.001576s ]
INFO: [ app_end ] --END-- [ RunTime:0.001879s ]

[ 2016-04-27T16:28:29+08:00 ] 127.0.0.1 /index.php/Users/User/smsvrerifyJs
INFO: [ app_begin ] --START--
INFO: Run Behavior\ReadHtmlCache [ RunTime:0.000498s ]
INFO: [ app_begin ] --END-- [ RunTime:0.000897s ]
SQL: SHOW COLUMNS FROM `ecs_users` [ RunTime:0.008529s ]
SQL: UPDATE `ecs_users` SET `verify`=532299,`verifytime`=1461745709 WHERE ( user_id=1 ) [ RunTime:0.003676s ]
INFO: [ app_end ] --START--
INFO: Run Behavior\ShowPageTrace [ RunTime:0.000669s ]
INFO: [ app_end ] --END-- [ RunTime:0.000799s ]

[ 2016-04-27T16:28:43+08:00 ] 127.0.0.1 /index.php/Users/User/smsvrerifyJs
INFO: [ app_begin ] --START--
INFO: Run Behavior\ReadHtmlCache [ RunTime:0.000598s ]
INFO: [ app_begin ] --END-- [ RunTime:0.001072s ]
SQL: SHOW COLUMNS FROM `ecs_users` [ RunTime:0.009558s ]
SQL: UPDATE `ecs_users` SET `verify`=455034,`verifytime`=1461745723 WHERE ( user_id=1 ) [ RunTime:0.006250s ]
INFO: [ app_end ] --START--
INFO: Run Behavior\ShowPageTrace [ RunTime:0.001170s ]
INFO: [ app_end ] --END-- [ RunTime:0.001435s ]

[ 2016-04-27T16:35:06+08:00 ] 127.0.0.1 /index.php/Users/User/smsvrerifyJs
INFO: [ app_begin ] --START--
INFO: Run Behavior\ReadHtmlCache [ RunTime:0.000707s ]
INFO: [ app_begin ] --END-- [ RunTime:0.001302s ]
SQL: SHOW COLUMNS FROM `ecs_users` [ RunTime:0.009711s ]
SQL: UPDATE `ecs_users` SET `verify`=740744,`verifytime`=1461746106 WHERE ( user_id=1 ) [ RunTime:0.003978s ]
INFO: [ app_end ] --START--
INFO: Run Behavior\ShowPageTrace [ RunTime:0.002195s ]
INFO: [ app_end ] --END-- [ RunTime:0.002609s ]

[ 2016-04-27T16:42:35+08:00 ] 127.0.0.1 /index.php/Users/User/smsvrerifyJs
INFO: [ app_begin ] --START--
INFO: Run Behavior\ReadHtmlCache [ RunTime:0.000536s ]
INFO: [ app_begin ] --END-- [ RunTime:0.000961s ]
SQL: SHOW COLUMNS FROM `ecs_users` [ RunTime:0.012916s ]
SQL: UPDATE `ecs_users` SET `verify`=201663,`verifytime`=1461746555 WHERE ( user_id=1 ) [ RunTime:0.009285s ]
INFO: [ app_end ] --START--
INFO: Run Behavior\ShowPageTrace [ RunTime:0.000720s ]
INFO: [ app_end ] --END-- [ RunTime:0.000853s ]

[ 2016-04-27T16:43:04+08:00 ] 127.0.0.1 /index.php/Users/User/editphone
INFO: [ app_begin ] --START--
INFO: Run Behavior\ReadHtmlCache [ RunTime:0.000647s ]
INFO: [ app_begin ] --END-- [ RunTime:0.001215s ]
SQL: SHOW COLUMNS FROM `ecs_users` [ RunTime:0.008728s ]
SQL: SELECT * FROM `ecs_users` WHERE ( user_id=1 ) LIMIT 1   [ RunTime:0.005808s ]
SQL: UPDATE `ecs_users` SET `mobile_phone`='18463118969' WHERE ( user_id=1 ) [ RunTime:0.003541s ]
INFO: [ app_end ] --START--
INFO: Run Behavior\ShowPageTrace [ RunTime:0.000546s ]
INFO: [ app_end ] --END-- [ RunTime:0.000665s ]

[ 2016-04-27T17:05:32+08:00 ] 127.0.0.1 /index.php/Users/User/editphone
INFO: [ app_begin ] --START--
INFO: Run Behavior\ReadHtmlCache [ RunTime:0.000659s ]
INFO: [ app_begin ] --END-- [ RunTime:0.001160s ]
SQL: SHOW COLUMNS FROM `ecs_users` [ RunTime:0.010046s ]
SQL: SELECT * FROM `ecs_users` WHERE ( user_id=1 ) LIMIT 1   [ RunTime:0.006312s ]
SQL: UPDATE `ecs_users` SET `mobile_phone`='15011281775' WHERE ( user_id=1 ) [ RunTime:0.004140s ]
INFO: [ app_end ] --START--
INFO: Run Behavior\ShowPageTrace [ RunTime:0.001928s ]
INFO: [ app_end ] --END-- [ RunTime:0.002286s ]

[ 2016-04-27T17:33:03+08:00 ] 127.0.0.1 /index.php/Users/User/editphone
INFO: [ app_begin ] --START--
INFO: Run Behavior\ReadHtmlCache [ RunTime:0.012294s ]
INFO: [ app_begin ] --END-- [ RunTime:0.019156s ]
NOTIC: [8] Undefined index: tel E:\wamp\www\hy\jyflapi\Application\Users\Controller\UserController.class.php 第 156 行.
NOTIC: [8] Undefined index: captcha E:\wamp\www\hy\jyflapi\Application\Users\Controller\UserController.class.php 第 157 行.
SQL: SHOW COLUMNS FROM `ecs_users` [ RunTime:0.296940s ]
SQL: SELECT * FROM `ecs_users` WHERE ( user_id=[object HTMLInputElement] ) LIMIT 1   [ RunTime:0.046812s ]
ERR: 1064:You have an error in your SQL syntax; check the manual that corresponds to your MySQL server version for the right syntax to use near '[object HTMLInputElement] ) LIMIT 1' at line 1
 [ SQL语句 ] : SELECT * FROM `ecs_users` WHERE ( user_id=[object HTMLInputElement] ) LIMIT 1  
INFO: [ app_end ] --START--
INFO: Run Behavior\ShowPageTrace [ RunTime:0.002588s ]
INFO: [ app_end ] --END-- [ RunTime:0.002733s ]

[ 2016-04-27T17:34:19+08:00 ] 127.0.0.1 /index.php/Users/User/editLoginQues
INFO: [ app_begin ] --START--
INFO: Run Behavior\ReadHtmlCache [ RunTime:0.000509s ]
INFO: [ app_begin ] --END-- [ RunTime:0.000921s ]
SQL: SHOW COLUMNS FROM `ecs_users` [ RunTime:0.008941s ]
SQL: UPDATE `ecs_users` SET `answerone`='山东',`answertwo`='济宁',`answerthree`='微山' WHERE ( user_id=[object HTMLInputElement] ) [ RunTime:0.004210s ]
ERR: 1064:You have an error in your SQL syntax; check the manual that corresponds to your MySQL server version for the right syntax to use near '[object HTMLInputElement] )' at line 1
 [ SQL语句 ] : UPDATE `ecs_users` SET `answerone`='山东',`answertwo`='济宁',`answerthree`='微山' WHERE ( user_id=[object HTMLInputElement] )
INFO: [ app_end ] --START--
INFO: Run Behavior\ShowPageTrace [ RunTime:0.002507s ]
INFO: [ app_end ] --END-- [ RunTime:0.002896s ]

[ 2016-04-27T17:35:22+08:00 ] 127.0.0.1 /index.php/Users/User/editLoginQues
INFO: [ app_begin ] --START--
INFO: Run Behavior\ReadHtmlCache [ RunTime:0.001384s ]
INFO: [ app_begin ] --END-- [ RunTime:0.001828s ]
SQL: SHOW COLUMNS FROM `ecs_users` [ RunTime:0.008594s ]

[ 2016-04-27T17:36:24+08:00 ] 127.0.0.1 /index.php/Users/User/editLoginQues
INFO: [ app_begin ] --START--
INFO: Run Behavior\ReadHtmlCache [ RunTime:0.000525s ]
INFO: [ app_begin ] --END-- [ RunTime:0.000925s ]
SQL: SHOW COLUMNS FROM `ecs_users` [ RunTime:0.008769s ]

[ 2016-04-27T17:36:30+08:00 ] 127.0.0.1 /index.php/Users/User/editLoginQues
INFO: [ app_begin ] --START--
INFO: Run Behavior\ReadHtmlCache [ RunTime:0.000768s ]
INFO: [ app_begin ] --END-- [ RunTime:0.001670s ]
SQL: SHOW COLUMNS FROM `ecs_users` [ RunTime:0.008917s ]

[ 2016-04-27T17:40:03+08:00 ] 127.0.0.1 /index.php/Users/User/editLoginQues
INFO: [ app_begin ] --START--
INFO: Run Behavior\ReadHtmlCache [ RunTime:0.000523s ]
INFO: [ app_begin ] --END-- [ RunTime:0.000944s ]
SQL: SHOW COLUMNS FROM `ecs_users` [ RunTime:0.009142s ]
SQL: UPDATE `ecs_users` SET `answerone`='山东',`answertwo`='济宁',`answerthree`='嘉祥' WHERE ( user_id=1 ) [ RunTime:0.003687s ]
INFO: [ app_end ] --START--
INFO: Run Behavior\ShowPageTrace [ RunTime:0.000741s ]
INFO: [ app_end ] --END-- [ RunTime:0.000865s ]

[ 2016-04-27T17:46:32+08:00 ] 127.0.0.1 /index.php/Users/User/smsvrerifyJs
INFO: [ app_begin ] --START--
INFO: Run Behavior\ReadHtmlCache [ RunTime:0.001229s ]
INFO: [ app_begin ] --END-- [ RunTime:0.001816s ]

[ 2016-04-27T17:46:52+08:00 ] 127.0.0.1 /index.php/Users/User/smsvrerifyJs
INFO: [ app_begin ] --START--
INFO: Run Behavior\ReadHtmlCache [ RunTime:0.000503s ]
INFO: [ app_begin ] --END-- [ RunTime:0.000903s ]

[ 2016-04-27T17:47:36+08:00 ] 127.0.0.1 /index.php/Users/User/smsvrerifyJs
INFO: [ app_begin ] --START--
INFO: Run Behavior\ReadHtmlCache [ RunTime:0.000557s ]
INFO: [ app_begin ] --END-- [ RunTime:0.001060s ]

[ 2016-04-27T17:48:24+08:00 ] 127.0.0.1 /index.php/Users/User/editphone
INFO: [ app_begin ] --START--
INFO: Run Behavior\ReadHtmlCache [ RunTime:0.001432s ]
INFO: [ app_begin ] --END-- [ RunTime:0.002879s ]

[ 2016-04-27T17:49:17+08:00 ] 127.0.0.1 /index.php/Users/User/smsvrerifyJs
INFO: [ app_begin ] --START--
INFO: Run Behavior\ReadHtmlCache [ RunTime:0.004046s ]
INFO: [ app_begin ] --END-- [ RunTime:0.004457s ]

[ 2016-04-27T17:49:59+08:00 ] 127.0.0.1 /index.php/Users/User/smsvrerifyJs
INFO: [ app_begin ] --START--
INFO: Run Behavior\ReadHtmlCache [ RunTime:0.000506s ]
INFO: [ app_begin ] --END-- [ RunTime:0.000906s ]

[ 2016-04-27T17:51:00+08:00 ] 127.0.0.1 /index.php/Users/User/smsvrerifyJs
INFO: [ app_begin ] --START--
INFO: Run Behavior\ReadHtmlCache [ RunTime:0.000660s ]
INFO: [ app_begin ] --END-- [ RunTime:0.001201s ]

[ 2016-04-27T17:55:03+08:00 ] 127.0.0.1 /index.php/Users/User/smsvrerifyJs
INFO: [ app_begin ] --START--
INFO: Run Behavior\ReadHtmlCache [ RunTime:0.000530s ]
INFO: [ app_begin ] --END-- [ RunTime:0.001226s ]

[ 2016-04-27T17:55:43+08:00 ] 127.0.0.1 /index.php/Users/User/smsvrerifyJs
INFO: [ app_begin ] --START--
INFO: Run Behavior\ReadHtmlCache [ RunTime:0.000448s ]
INFO: [ app_begin ] --END-- [ RunTime:0.000934s ]

[ 2016-04-27T17:58:26+08:00 ] 127.0.0.1 /index.php/Users/User/smsvrerifyJs
INFO: [ app_begin ] --START--
INFO: Run Behavior\ReadHtmlCache [ RunTime:0.000533s ]
INFO: [ app_begin ] --END-- [ RunTime:0.000953s ]

[ 2016-04-27T18:01:51+08:00 ] 127.0.0.1 /index.php/Users/User/smsvrerifyJs
INFO: [ app_begin ] --START--
INFO: Run Behavior\ReadHtmlCache [ RunTime:0.000532s ]
INFO: [ app_begin ] --END-- [ RunTime:0.001330s ]

[ 2016-04-27T18:03:03+08:00 ] 127.0.0.1 /index.php/Users/User/smsvrerifyJs
INFO: [ app_begin ] --START--
INFO: Run Behavior\ReadHtmlCache [ RunTime:0.000452s ]
INFO: [ app_begin ] --END-- [ RunTime:0.000868s ]

[ 2016-04-27T18:05:54+08:00 ] 127.0.0.1 /index.php/Users/User/smsvrerifyJs
INFO: [ app_begin ] --START--
INFO: Run Behavior\ReadHtmlCache [ RunTime:0.000669s ]
INFO: [ app_begin ] --END-- [ RunTime:0.001212s ]

