[ 2016-05-24T08:56:44+08:00 ] 127.0.0.1 /jyflapi/index.php/Games/Games/gameList.html
INFO: [ app_begin ] --START--
INFO: Run Behavior\ReadHtmlCache [ RunTime:0.000790s ]
INFO: [ app_begin ] --END-- [ RunTime:0.001257s ]
SQL: SHOW COLUMNS FROM `ecs_games` [ RunTime:0.011248s ]
SQL: SHOW COLUMNS FROM `ecs_grade` [ RunTime:0.009275s ]
SQL: SELECT COUNT(*) AS tp_count FROM `ecs_games` LIMIT 1   [ RunTime:0.001034s ]
SQL: SELECT * FROM `ecs_games` LIMIT 0,10   [ RunTime:0.002361s ]
SQL: SELECT `grade_name` FROM `ecs_grade` WHERE ( `id` = 1 ) LIMIT 1   [ RunTime:0.001160s ]
SQL: SELECT `grade_name` FROM `ecs_grade` WHERE ( `id` = 2 ) LIMIT 1   [ RunTime:0.001037s ]
SQL: SELECT `grade_name` FROM `ecs_grade` WHERE ( `id` = 2 ) LIMIT 1   [ RunTime:0.001207s ]
SQL: SELECT `grade_name` FROM `ecs_grade` WHERE ( `id` = 1 ) LIMIT 1   [ RunTime:0.001363s ]
SQL: SELECT `grade_name` FROM `ecs_grade` WHERE ( `id` = 1 ) LIMIT 1   [ RunTime:0.001418s ]
SQL: SELECT `grade_name` FROM `ecs_grade` WHERE ( `id` = 1 ) LIMIT 1   [ RunTime:0.001450s ]
SQL: SELECT `grade_name` FROM `ecs_grade` WHERE ( `id` = 1 ) LIMIT 1   [ RunTime:0.001425s ]
SQL: SELECT `grade_name` FROM `ecs_grade` WHERE ( `id` = 1 ) LIMIT 1   [ RunTime:0.001190s ]
SQL: SELECT `grade_name` FROM `ecs_grade` WHERE ( `id` = 2 ) LIMIT 1   [ RunTime:0.001994s ]
SQL: SELECT `grade_name` FROM `ecs_grade` WHERE ( `id` = 2 ) LIMIT 1   [ RunTime:0.001820s ]
INFO: [ view_parse ] --START--
INFO: [ template_filter ] --START--
INFO: Run Behavior\ContentReplace [ RunTime:0.000106s ]
INFO: [ template_filter ] --END-- [ RunTime:0.000260s ]
NOTIC: [8] Undefined variable: page E:\wamp\www\hy\jyfl\jyflapi\Application\Runtime\Cache\Games\43aab50a8f3b17ce4b8f4bd431d6dbd4.php 第 193 行.
INFO: Run Behavior\ParseTemplate [ RunTime:0.018971s ]
INFO: [ view_parse ] --END-- [ RunTime:0.019120s ]
INFO: [ view_filter ] --START--
INFO: Run Behavior\WriteHtmlCache [ RunTime:0.000406s ]
INFO: [ view_filter ] --END-- [ RunTime:0.000517s ]
INFO: [ app_end ] --START--
INFO: Run Behavior\ShowPageTrace [ RunTime:0.000659s ]
INFO: [ app_end ] --END-- [ RunTime:0.000789s ]

[ 2016-05-24T08:57:01+08:00 ] 127.0.0.1 /jyflapi/index.php/Games/Games/gameEdit/id/2.html
INFO: [ app_begin ] --START--
INFO: Run Behavior\ReadHtmlCache [ RunTime:0.000804s ]
INFO: [ app_begin ] --END-- [ RunTime:0.001967s ]
SQL: SHOW COLUMNS FROM `ecs_games` [ RunTime:0.011426s ]
SQL: SHOW COLUMNS FROM `ecs_grade` [ RunTime:0.008971s ]
SQL: SELECT `id`,`grade_name` FROM `ecs_grade`  [ RunTime:0.001146s ]
SQL: SELECT * FROM `ecs_games` WHERE ( `id` = 2 ) LIMIT 1   [ RunTime:0.001355s ]
INFO: [ view_parse ] --START--
INFO: [ template_filter ] --START--
INFO: Run Behavior\ContentReplace [ RunTime:0.000115s ]
INFO: [ template_filter ] --END-- [ RunTime:0.000302s ]
NOTIC: [8] Undefined variable: page E:\wamp\www\hy\jyfl\jyflapi\Application\Runtime\Cache\Games\ee014967f3e0f179ede4d86d993a978c.php 第 223 行.
INFO: Run Behavior\ParseTemplate [ RunTime:0.033786s ]
INFO: [ view_parse ] --END-- [ RunTime:0.033923s ]
INFO: [ view_filter ] --START--
INFO: Run Behavior\WriteHtmlCache [ RunTime:0.000335s ]
INFO: [ view_filter ] --END-- [ RunTime:0.000444s ]
INFO: [ app_end ] --START--
INFO: Run Behavior\ShowPageTrace [ RunTime:0.000760s ]
INFO: [ app_end ] --END-- [ RunTime:0.000893s ]

[ 2016-05-24T08:57:40+08:00 ] 127.0.0.1 /jyflapi/index.php/Games/Games/gameEdit.html
INFO: [ app_begin ] --START--
INFO: Run Behavior\ReadHtmlCache [ RunTime:0.000423s ]
INFO: [ app_begin ] --END-- [ RunTime:0.000804s ]
SQL: SHOW COLUMNS FROM `ecs_games` [ RunTime:0.006202s ]
SQL: SHOW COLUMNS FROM `ecs_lottery` [ RunTime:0.006412s ]
SQL: DELETE FROM `ecs_lottery` WHERE ( `game_id` = '2' ) [ RunTime:0.001121s ]
INFO: [ view_parse ] --START--
INFO: [ template_filter ] --START--
INFO: Run Behavior\ContentReplace [ RunTime:0.000152s ]
INFO: [ template_filter ] --END-- [ RunTime:0.000513s ]
INFO: Run Behavior\ParseTemplate [ RunTime:0.028801s ]
INFO: [ view_parse ] --END-- [ RunTime:0.029023s ]
INFO: [ view_filter ] --START--
INFO: Run Behavior\WriteHtmlCache [ RunTime:0.000789s ]
INFO: [ view_filter ] --END-- [ RunTime:0.001035s ]

[ 2016-05-24T09:01:16+08:00 ] 127.0.0.1 /jyflapi/index.php/Games/Games/gameEdit.html
INFO: [ app_begin ] --START--
INFO: Run Behavior\ReadHtmlCache [ RunTime:0.000515s ]
INFO: [ app_begin ] --END-- [ RunTime:0.000956s ]
SQL: SHOW COLUMNS FROM `ecs_games` [ RunTime:0.006848s ]
SQL: SHOW COLUMNS FROM `ecs_lottery` [ RunTime:0.032466s ]
SQL: DELETE FROM `ecs_lottery` WHERE ( `game_id` = '2' ) [ RunTime:0.001094s ]
SQL: SHOW COLUMNS FROM `ecs_games` [ RunTime:0.050778s ]
SQL: UPDATE `ecs_games` SET `game_name`='玩游戏',`total`='30',`point`='5',`grade_id`='1',`rules`='     这就是游戏',`status`='1',`buy_status`='0',`create_time`='2016-05-24 09:01:16' WHERE ( `id` = '2' ) [ RunTime:0.001408s ]
SQL: SHOW COLUMNS FROM `ecs_lottery` [ RunTime:0.071771s ]
SQL: INSERT INTO `ecs_lottery` (`game_id`,`num`) VALUES ('2','10000006'),('2','10000028'),('2','10000023'),('2','10000009'),('2','10000025'),('2','10000021'),('2','10000011'),('2','10000022'),('2','10000018'),('2','10000003'),('2','10000007'),('2','10000013'),('2','10000030'),('2','10000010'),('2','10000002'),('2','10000005'),('2','10000019'),('2','10000016'),('2','10000001'),('2','10000029'),('2','10000026'),('2','10000015'),('2','10000027'),('2','10000017'),('2','10000008'),('2','10000014'),('2','10000020'),('2','10000024'),('2','10000004'),('2','10000012') [ RunTime:0.001998s ]

[ 2016-05-24T09:01:16+08:00 ] 127.0.0.1 /jyflapi/index.php/Games/Games/gameList.html
INFO: [ app_begin ] --START--
INFO: Run Behavior\ReadHtmlCache [ RunTime:0.000461s ]
INFO: [ app_begin ] --END-- [ RunTime:0.000897s ]
SQL: SHOW COLUMNS FROM `ecs_games` [ RunTime:0.028087s ]
SQL: SHOW COLUMNS FROM `ecs_grade` [ RunTime:0.009166s ]
SQL: SELECT COUNT(*) AS tp_count FROM `ecs_games` LIMIT 1   [ RunTime:0.001187s ]
SQL: SELECT * FROM `ecs_games` LIMIT 0,10   [ RunTime:0.002015s ]
SQL: SELECT `grade_name` FROM `ecs_grade` WHERE ( `id` = 1 ) LIMIT 1   [ RunTime:0.001090s ]
SQL: SELECT `grade_name` FROM `ecs_grade` WHERE ( `id` = 2 ) LIMIT 1   [ RunTime:0.001117s ]
SQL: SELECT `grade_name` FROM `ecs_grade` WHERE ( `id` = 2 ) LIMIT 1   [ RunTime:0.001363s ]
SQL: SELECT `grade_name` FROM `ecs_grade` WHERE ( `id` = 1 ) LIMIT 1   [ RunTime:0.001311s ]
SQL: SELECT `grade_name` FROM `ecs_grade` WHERE ( `id` = 1 ) LIMIT 1   [ RunTime:0.001267s ]
SQL: SELECT `grade_name` FROM `ecs_grade` WHERE ( `id` = 1 ) LIMIT 1   [ RunTime:0.001371s ]
SQL: SELECT `grade_name` FROM `ecs_grade` WHERE ( `id` = 1 ) LIMIT 1   [ RunTime:0.001352s ]
SQL: SELECT `grade_name` FROM `ecs_grade` WHERE ( `id` = 1 ) LIMIT 1   [ RunTime:0.001603s ]
SQL: SELECT `grade_name` FROM `ecs_grade` WHERE ( `id` = 2 ) LIMIT 1   [ RunTime:0.001026s ]
SQL: SELECT `grade_name` FROM `ecs_grade` WHERE ( `id` = 2 ) LIMIT 1   [ RunTime:0.001209s ]
INFO: [ view_parse ] --START--
INFO: [ template_filter ] --START--
INFO: Run Behavior\ContentReplace [ RunTime:0.000149s ]
INFO: [ template_filter ] --END-- [ RunTime:0.000482s ]
NOTIC: [8] Undefined variable: page E:\wamp\www\hy\jyfl\jyflapi\Application\Runtime\Cache\Games\43aab50a8f3b17ce4b8f4bd431d6dbd4.php 第 193 行.
INFO: Run Behavior\ParseTemplate [ RunTime:0.019077s ]
INFO: [ view_parse ] --END-- [ RunTime:0.019251s ]
INFO: [ view_filter ] --START--
INFO: Run Behavior\WriteHtmlCache [ RunTime:0.000470s ]
INFO: [ view_filter ] --END-- [ RunTime:0.000598s ]
INFO: [ app_end ] --START--
INFO: Run Behavior\ShowPageTrace [ RunTime:0.000687s ]
INFO: [ app_end ] --END-- [ RunTime:0.000818s ]

[ 2016-05-24T09:27:47+08:00 ] 127.0.0.1 /jyflapi/index.php/
INFO: [ app_begin ] --START--
INFO: Run Behavior\ReadHtmlCache [ RunTime:0.000733s ]
INFO: [ app_begin ] --END-- [ RunTime:0.001359s ]
INFO: [ view_parse ] --START--
INFO: [ template_filter ] --START--
INFO: Run Behavior\ContentReplace [ RunTime:0.000088s ]
INFO: [ template_filter ] --END-- [ RunTime:0.000225s ]
INFO: Run Behavior\ParseTemplate [ RunTime:0.008532s ]
INFO: [ view_parse ] --END-- [ RunTime:0.008688s ]
INFO: [ view_filter ] --START--
INFO: Run Behavior\WriteHtmlCache [ RunTime:0.000359s ]
INFO: [ view_filter ] --END-- [ RunTime:0.000512s ]
INFO: [ app_end ] --START--
INFO: Run Behavior\ShowPageTrace [ RunTime:0.000766s ]
INFO: [ app_end ] --END-- [ RunTime:0.000885s ]

[ 2016-05-24T09:29:09+08:00 ] 127.0.0.1 /jyflapi/index.php/
INFO: [ app_begin ] --START--
INFO: Run Behavior\ReadHtmlCache [ RunTime:0.000687s ]
INFO: [ app_begin ] --END-- [ RunTime:0.001141s ]
INFO: [ view_parse ] --START--
INFO: [ template_filter ] --START--
INFO: Run Behavior\ContentReplace [ RunTime:0.000088s ]
INFO: [ template_filter ] --END-- [ RunTime:0.000229s ]
INFO: Run Behavior\ParseTemplate [ RunTime:0.006990s ]
INFO: [ view_parse ] --END-- [ RunTime:0.007164s ]
INFO: [ view_filter ] --START--
INFO: Run Behavior\WriteHtmlCache [ RunTime:0.000345s ]
INFO: [ view_filter ] --END-- [ RunTime:0.000467s ]
INFO: [ app_end ] --START--
INFO: Run Behavior\ShowPageTrace [ RunTime:0.000590s ]
INFO: [ app_end ] --END-- [ RunTime:0.000704s ]

[ 2016-05-24T09:29:22+08:00 ] 127.0.0.1 /jyflapi/index.php/Games/GamesApi/purchase
INFO: [ app_begin ] --START--
INFO: Run Behavior\ReadHtmlCache [ RunTime:0.000660s ]
INFO: [ app_begin ] --END-- [ RunTime:0.001217s ]
SQL: SHOW COLUMNS FROM `ecs_participation` [ RunTime:0.010709s ]
SQL: SELECT COUNT(*) AS tp_count FROM `ecs_participation` WHERE ( `game_id` = '2' ) LIMIT 1   [ RunTime:0.001102s ]
SQL: SHOW COLUMNS FROM `ecs_games` [ RunTime:0.011015s ]
SQL: SELECT `total` FROM `ecs_games` WHERE ( `id` = '2' ) LIMIT 1   [ RunTime:0.001774s ]

[ 2016-05-24T09:29:28+08:00 ] 127.0.0.1 /jyflapi/index.php/Games/GamesApi/purchase
INFO: [ app_begin ] --START--
INFO: Run Behavior\ReadHtmlCache [ RunTime:0.000826s ]
INFO: [ app_begin ] --END-- [ RunTime:0.001523s ]
SQL: SHOW COLUMNS FROM `ecs_participation` [ RunTime:0.009967s ]
SQL: SELECT COUNT(*) AS tp_count FROM `ecs_participation` WHERE ( `game_id` = '2' ) LIMIT 1   [ RunTime:0.001057s ]
SQL: SHOW COLUMNS FROM `ecs_games` [ RunTime:0.010223s ]
SQL: SELECT `total` FROM `ecs_games` WHERE ( `id` = '2' ) LIMIT 1   [ RunTime:0.001077s ]
SQL: SHOW COLUMNS FROM `ecs_participation` [ RunTime:0.010083s ]
SQL: SELECT `lottery_id` FROM `ecs_participation` WHERE ( `game_id` = '2' ) ORDER BY lottery_id desc LIMIT 1   [ RunTime:0.001049s ]
SQL: SHOW COLUMNS FROM `ecs_lottery` [ RunTime:0.013731s ]
SQL: SELECT * FROM `ecs_lottery` WHERE ( `game_id` = '2' ) ORDER BY id asc LIMIT 1   [ RunTime:0.001107s ]
SQL: SHOW COLUMNS FROM `ecs_participation` [ RunTime:0.005273s ]
SQL: INSERT INTO `ecs_participation` (`game_id`,`card_num`,`company_id`,`buy_time`,`lottery_id`,`lottery_num`) VALUES ('2','7110','1','2016-05-24 09:29:27','82','10000006') [ RunTime:0.001080s ]
SQL: SHOW COLUMNS FROM `ecs_lottery` [ RunTime:0.005134s ]
SQL: SELECT * FROM `ecs_lottery` WHERE ( `game_id` = '2' ) ORDER BY id asc LIMIT 1   [ RunTime:0.001181s ]
SQL: SHOW COLUMNS FROM `ecs_participation` [ RunTime:0.005518s ]
SQL: INSERT INTO `ecs_participation` (`game_id`,`card_num`,`company_id`,`buy_time`,`lottery_id`,`lottery_num`) VALUES ('2','7110','1','2016-05-24 09:29:27','82','10000006') [ RunTime:0.001050s ]
SQL: SHOW COLUMNS FROM `ecs_lottery` [ RunTime:0.004984s ]
SQL: SELECT * FROM `ecs_lottery` WHERE ( `game_id` = '2' ) ORDER BY id asc LIMIT 1   [ RunTime:0.001288s ]
SQL: SHOW COLUMNS FROM `ecs_participation` [ RunTime:0.005219s ]
SQL: INSERT INTO `ecs_participation` (`game_id`,`card_num`,`company_id`,`buy_time`,`lottery_id`,`lottery_num`) VALUES ('2','7110','1','2016-05-24 09:29:27','82','10000006') [ RunTime:0.001071s ]
SQL: SHOW COLUMNS FROM `ecs_lottery` [ RunTime:0.005033s ]
SQL: SELECT * FROM `ecs_lottery` WHERE ( `game_id` = '2' ) ORDER BY id asc LIMIT 1   [ RunTime:0.001631s ]
SQL: SHOW COLUMNS FROM `ecs_participation` [ RunTime:0.004982s ]
SQL: INSERT INTO `ecs_participation` (`game_id`,`card_num`,`company_id`,`buy_time`,`lottery_id`,`lottery_num`) VALUES ('2','7110','1','2016-05-24 09:29:27','82','10000006') [ RunTime:0.000970s ]
SQL: SHOW COLUMNS FROM `ecs_lottery` [ RunTime:0.005237s ]
SQL: SELECT * FROM `ecs_lottery` WHERE ( `game_id` = '2' ) ORDER BY id asc LIMIT 1   [ RunTime:0.001060s ]
SQL: SHOW COLUMNS FROM `ecs_participation` [ RunTime:0.005371s ]
SQL: INSERT INTO `ecs_participation` (`game_id`,`card_num`,`company_id`,`buy_time`,`lottery_id`,`lottery_num`) VALUES ('2','7110','1','2016-05-24 09:29:27','82','10000006') [ RunTime:0.000988s ]
SQL: SHOW COLUMNS FROM `ecs_lottery` [ RunTime:0.005255s ]
SQL: SELECT * FROM `ecs_lottery` WHERE ( `game_id` = '2' ) ORDER BY id asc LIMIT 1   [ RunTime:0.000974s ]
SQL: SHOW COLUMNS FROM `ecs_participation` [ RunTime:0.004552s ]
SQL: INSERT INTO `ecs_participation` (`game_id`,`card_num`,`company_id`,`buy_time`,`lottery_id`,`lottery_num`) VALUES ('2','7110','1','2016-05-24 09:29:27','82','10000006') [ RunTime:0.000999s ]
SQL: SHOW COLUMNS FROM `ecs_lottery` [ RunTime:0.003564s ]
SQL: SELECT * FROM `ecs_lottery` WHERE ( `game_id` = '2' ) ORDER BY id asc LIMIT 1   [ RunTime:0.001180s ]
SQL: SHOW COLUMNS FROM `ecs_participation` [ RunTime:0.003565s ]
SQL: INSERT INTO `ecs_participation` (`game_id`,`card_num`,`company_id`,`buy_time`,`lottery_id`,`lottery_num`) VALUES ('2','7110','1','2016-05-24 09:29:27','82','10000006') [ RunTime:0.000923s ]
SQL: SHOW COLUMNS FROM `ecs_lottery` [ RunTime:0.004593s ]
SQL: SELECT * FROM `ecs_lottery` WHERE ( `game_id` = '2' ) ORDER BY id asc LIMIT 1   [ RunTime:0.001073s ]
SQL: SHOW COLUMNS FROM `ecs_participation` [ RunTime:0.003872s ]
SQL: INSERT INTO `ecs_participation` (`game_id`,`card_num`,`company_id`,`buy_time`,`lottery_id`,`lottery_num`) VALUES ('2','7110','1','2016-05-24 09:29:27','82','10000006') [ RunTime:0.000976s ]
SQL: SHOW COLUMNS FROM `ecs_lottery` [ RunTime:0.003555s ]
SQL: SELECT * FROM `ecs_lottery` WHERE ( `game_id` = '2' ) ORDER BY id asc LIMIT 1   [ RunTime:0.000986s ]
SQL: SHOW COLUMNS FROM `ecs_participation` [ RunTime:0.003906s ]
SQL: INSERT INTO `ecs_participation` (`game_id`,`card_num`,`company_id`,`buy_time`,`lottery_id`,`lottery_num`) VALUES ('2','7110','1','2016-05-24 09:29:27','82','10000006') [ RunTime:0.000572s ]
SQL: SHOW COLUMNS FROM `ecs_lottery` [ RunTime:0.003266s ]
SQL: SELECT * FROM `ecs_lottery` WHERE ( `game_id` = '2' ) ORDER BY id asc LIMIT 1   [ RunTime:0.001007s ]
SQL: SHOW COLUMNS FROM `ecs_participation` [ RunTime:0.003773s ]
SQL: INSERT INTO `ecs_participation` (`game_id`,`card_num`,`company_id`,`buy_time`,`lottery_id`,`lottery_num`) VALUES ('2','7110','1','2016-05-24 09:29:27','82','10000006') [ RunTime:0.000996s ]

[ 2016-05-24T09:36:13+08:00 ] 127.0.0.1 /jyflapi/index.php/
INFO: [ app_begin ] --START--
INFO: Run Behavior\ReadHtmlCache [ RunTime:0.000634s ]
INFO: [ app_begin ] --END-- [ RunTime:0.001132s ]
INFO: [ view_parse ] --START--
INFO: [ template_filter ] --START--
INFO: Run Behavior\ContentReplace [ RunTime:0.000087s ]
INFO: [ template_filter ] --END-- [ RunTime:0.000233s ]
INFO: Run Behavior\ParseTemplate [ RunTime:0.007461s ]
INFO: [ view_parse ] --END-- [ RunTime:0.007612s ]
INFO: [ view_filter ] --START--
INFO: Run Behavior\WriteHtmlCache [ RunTime:0.000370s ]
INFO: [ view_filter ] --END-- [ RunTime:0.000493s ]
INFO: [ app_end ] --START--
INFO: Run Behavior\ShowPageTrace [ RunTime:0.000564s ]
INFO: [ app_end ] --END-- [ RunTime:0.000681s ]

[ 2016-05-24T09:36:23+08:00 ] 127.0.0.1 /jyflapi/index.php/Games/GamesApi/purchase
INFO: [ app_begin ] --START--
INFO: Run Behavior\ReadHtmlCache [ RunTime:0.000908s ]
INFO: [ app_begin ] --END-- [ RunTime:0.001590s ]
SQL: SHOW COLUMNS FROM `ecs_participation` [ RunTime:0.010356s ]
SQL: SELECT COUNT(*) AS tp_count FROM `ecs_participation` WHERE ( `game_id` = '2' ) LIMIT 1   [ RunTime:0.001098s ]
SQL: SHOW COLUMNS FROM `ecs_games` [ RunTime:0.034622s ]
SQL: SELECT `total` FROM `ecs_games` WHERE ( `id` = '2' ) LIMIT 1   [ RunTime:0.002583s ]
SQL: SHOW COLUMNS FROM `ecs_participation` [ RunTime:0.009652s ]
SQL: SELECT `lottery_id` FROM `ecs_participation` WHERE ( `game_id` = '2' ) ORDER BY lottery_id desc LIMIT 1   [ RunTime:0.001163s ]
SQL: SHOW COLUMNS FROM `ecs_lottery` [ RunTime:0.009309s ]
SQL: SELECT * FROM `ecs_lottery` WHERE ( `game_id` = '2' ) AND ( `id` > '82' ) ORDER BY id asc LIMIT 1   [ RunTime:0.001236s ]
SQL: SHOW COLUMNS FROM `ecs_participation` [ RunTime:0.009435s ]
SQL: INSERT INTO `ecs_participation` (`game_id`,`card_num`,`company_id`,`buy_time`,`lottery_id`,`lottery_num`) VALUES ('2','7110','1','2016-05-24 09:36:23','83','10000028') [ RunTime:0.001148s ]
SQL: SHOW COLUMNS FROM `ecs_participation` [ RunTime:0.009414s ]
SQL: SELECT `lottery_id` FROM `ecs_participation` WHERE ( `game_id` = '2' ) ORDER BY lottery_id desc LIMIT 1   [ RunTime:0.001174s ]
SQL: SHOW COLUMNS FROM `ecs_lottery` [ RunTime:0.005124s ]
SQL: SELECT * FROM `ecs_lottery` WHERE ( `game_id` = '2' ) AND ( `id` > '83' ) ORDER BY id asc LIMIT 1   [ RunTime:0.001154s ]
SQL: SHOW COLUMNS FROM `ecs_participation` [ RunTime:0.006409s ]
SQL: INSERT INTO `ecs_participation` (`game_id`,`card_num`,`company_id`,`buy_time`,`lottery_id`,`lottery_num`) VALUES ('2','7110','1','2016-05-24 09:36:23','84','10000023') [ RunTime:0.001100s ]
SQL: SHOW COLUMNS FROM `ecs_participation` [ RunTime:0.005224s ]
SQL: SELECT `lottery_id` FROM `ecs_participation` WHERE ( `game_id` = '2' ) ORDER BY lottery_id desc LIMIT 1   [ RunTime:0.001134s ]
SQL: SHOW COLUMNS FROM `ecs_lottery` [ RunTime:0.005227s ]
SQL: SELECT * FROM `ecs_lottery` WHERE ( `game_id` = '2' ) AND ( `id` > '84' ) ORDER BY id asc LIMIT 1   [ RunTime:0.001170s ]
SQL: SHOW COLUMNS FROM `ecs_participation` [ RunTime:0.005482s ]
SQL: INSERT INTO `ecs_participation` (`game_id`,`card_num`,`company_id`,`buy_time`,`lottery_id`,`lottery_num`) VALUES ('2','7110','1','2016-05-24 09:36:23','85','10000009') [ RunTime:0.001149s ]
SQL: SHOW COLUMNS FROM `ecs_participation` [ RunTime:0.005519s ]
SQL: SELECT `lottery_id` FROM `ecs_participation` WHERE ( `game_id` = '2' ) ORDER BY lottery_id desc LIMIT 1   [ RunTime:0.001128s ]
SQL: SHOW COLUMNS FROM `ecs_lottery` [ RunTime:0.005182s ]
SQL: SELECT * FROM `ecs_lottery` WHERE ( `game_id` = '2' ) AND ( `id` > '85' ) ORDER BY id asc LIMIT 1   [ RunTime:0.001185s ]
SQL: SHOW COLUMNS FROM `ecs_participation` [ RunTime:0.005505s ]
SQL: INSERT INTO `ecs_participation` (`game_id`,`card_num`,`company_id`,`buy_time`,`lottery_id`,`lottery_num`) VALUES ('2','7110','1','2016-05-24 09:36:23','86','10000025') [ RunTime:0.001173s ]
SQL: SHOW COLUMNS FROM `ecs_participation` [ RunTime:0.005313s ]
SQL: SELECT `lottery_id` FROM `ecs_participation` WHERE ( `game_id` = '2' ) ORDER BY lottery_id desc LIMIT 1   [ RunTime:0.001164s ]
SQL: SHOW COLUMNS FROM `ecs_lottery` [ RunTime:0.005289s ]
SQL: SELECT * FROM `ecs_lottery` WHERE ( `game_id` = '2' ) AND ( `id` > '86' ) ORDER BY id asc LIMIT 1   [ RunTime:0.001110s ]
SQL: SHOW COLUMNS FROM `ecs_participation` [ RunTime:0.005359s ]
SQL: INSERT INTO `ecs_participation` (`game_id`,`card_num`,`company_id`,`buy_time`,`lottery_id`,`lottery_num`) VALUES ('2','7110','1','2016-05-24 09:36:23','87','10000021') [ RunTime:0.001092s ]
SQL: SHOW COLUMNS FROM `ecs_participation` [ RunTime:0.005820s ]
SQL: SELECT `lottery_id` FROM `ecs_participation` WHERE ( `game_id` = '2' ) ORDER BY lottery_id desc LIMIT 1   [ RunTime:0.001117s ]
SQL: SHOW COLUMNS FROM `ecs_lottery` [ RunTime:0.005107s ]
SQL: SELECT * FROM `ecs_lottery` WHERE ( `game_id` = '2' ) AND ( `id` > '87' ) ORDER BY id asc LIMIT 1   [ RunTime:0.001075s ]
SQL: SHOW COLUMNS FROM `ecs_participation` [ RunTime:0.005379s ]
SQL: INSERT INTO `ecs_participation` (`game_id`,`card_num`,`company_id`,`buy_time`,`lottery_id`,`lottery_num`) VALUES ('2','7110','1','2016-05-24 09:36:23','88','10000011') [ RunTime:0.001063s ]
SQL: SHOW COLUMNS FROM `ecs_participation` [ RunTime:0.005130s ]
SQL: SELECT `lottery_id` FROM `ecs_participation` WHERE ( `game_id` = '2' ) ORDER BY lottery_id desc LIMIT 1   [ RunTime:0.001092s ]
SQL: SHOW COLUMNS FROM `ecs_lottery` [ RunTime:0.003768s ]
SQL: SELECT * FROM `ecs_lottery` WHERE ( `game_id` = '2' ) AND ( `id` > '88' ) ORDER BY id asc LIMIT 1   [ RunTime:0.001025s ]
SQL: SHOW COLUMNS FROM `ecs_participation` [ RunTime:0.004027s ]
SQL: INSERT INTO `ecs_participation` (`game_id`,`card_num`,`company_id`,`buy_time`,`lottery_id`,`lottery_num`) VALUES ('2','7110','1','2016-05-24 09:36:23','89','10000022') [ RunTime:0.001084s ]
SQL: SHOW COLUMNS FROM `ecs_participation` [ RunTime:0.003708s ]
SQL: SELECT `lottery_id` FROM `ecs_participation` WHERE ( `game_id` = '2' ) ORDER BY lottery_id desc LIMIT 1   [ RunTime:0.001111s ]
SQL: SHOW COLUMNS FROM `ecs_lottery` [ RunTime:0.003661s ]
SQL: SELECT * FROM `ecs_lottery` WHERE ( `game_id` = '2' ) AND ( `id` > '89' ) ORDER BY id asc LIMIT 1   [ RunTime:0.001216s ]
SQL: SHOW COLUMNS FROM `ecs_participation` [ RunTime:0.003786s ]
SQL: INSERT INTO `ecs_participation` (`game_id`,`card_num`,`company_id`,`buy_time`,`lottery_id`,`lottery_num`) VALUES ('2','7110','1','2016-05-24 09:36:23','90','10000018') [ RunTime:0.001400s ]
SQL: SHOW COLUMNS FROM `ecs_participation` [ RunTime:0.003980s ]
SQL: SELECT `lottery_id` FROM `ecs_participation` WHERE ( `game_id` = '2' ) ORDER BY lottery_id desc LIMIT 1   [ RunTime:0.001072s ]
SQL: SHOW COLUMNS FROM `ecs_lottery` [ RunTime:0.003613s ]
SQL: SELECT * FROM `ecs_lottery` WHERE ( `game_id` = '2' ) AND ( `id` > '90' ) ORDER BY id asc LIMIT 1   [ RunTime:0.001174s ]
SQL: SHOW COLUMNS FROM `ecs_participation` [ RunTime:0.003733s ]
SQL: INSERT INTO `ecs_participation` (`game_id`,`card_num`,`company_id`,`buy_time`,`lottery_id`,`lottery_num`) VALUES ('2','7110','1','2016-05-24 09:36:23','91','10000003') [ RunTime:0.001041s ]
SQL: SHOW COLUMNS FROM `ecs_participation` [ RunTime:0.003930s ]
SQL: SELECT `lottery_id` FROM `ecs_participation` WHERE ( `game_id` = '2' ) ORDER BY lottery_id desc LIMIT 1   [ RunTime:0.001011s ]
SQL: SHOW COLUMNS FROM `ecs_lottery` [ RunTime:0.004141s ]
SQL: SELECT * FROM `ecs_lottery` WHERE ( `game_id` = '2' ) AND ( `id` > '91' ) ORDER BY id asc LIMIT 1   [ RunTime:0.001111s ]
SQL: SHOW COLUMNS FROM `ecs_participation` [ RunTime:0.003679s ]
SQL: INSERT INTO `ecs_participation` (`game_id`,`card_num`,`company_id`,`buy_time`,`lottery_id`,`lottery_num`) VALUES ('2','7110','1','2016-05-24 09:36:23','92','10000007') [ RunTime:0.001076s ]

[ 2016-05-24T09:37:48+08:00 ] 127.0.0.1 /jyflapi/index.php/
INFO: [ app_begin ] --START--
INFO: Run Behavior\ReadHtmlCache [ RunTime:0.000421s ]
INFO: [ app_begin ] --END-- [ RunTime:0.000809s ]
INFO: [ view_parse ] --START--
INFO: [ template_filter ] --START--
INFO: Run Behavior\ContentReplace [ RunTime:0.000103s ]
INFO: [ template_filter ] --END-- [ RunTime:0.000323s ]
INFO: Run Behavior\ParseTemplate [ RunTime:0.007936s ]
INFO: [ view_parse ] --END-- [ RunTime:0.008081s ]
INFO: [ view_filter ] --START--
INFO: Run Behavior\WriteHtmlCache [ RunTime:0.000349s ]
INFO: [ view_filter ] --END-- [ RunTime:0.000512s ]
INFO: [ app_end ] --START--
INFO: Run Behavior\ShowPageTrace [ RunTime:0.000560s ]
INFO: [ app_end ] --END-- [ RunTime:0.000677s ]

[ 2016-05-24T09:37:55+08:00 ] 127.0.0.1 /jyflapi/index.php/Games/GamesApi/purchase
INFO: [ app_begin ] --START--
INFO: Run Behavior\ReadHtmlCache [ RunTime:0.000736s ]
INFO: [ app_begin ] --END-- [ RunTime:0.001357s ]
SQL: SHOW COLUMNS FROM `ecs_participation` [ RunTime:0.010425s ]
SQL: SELECT COUNT(*) AS tp_count FROM `ecs_participation` WHERE ( `game_id` = '2' ) LIMIT 1   [ RunTime:0.001174s ]
SQL: SHOW COLUMNS FROM `ecs_games` [ RunTime:0.009992s ]
SQL: SELECT `total` FROM `ecs_games` WHERE ( `id` = '2' ) LIMIT 1   [ RunTime:0.001055s ]
SQL: SHOW COLUMNS FROM `ecs_participation` [ RunTime:0.010001s ]
SQL: SELECT `lottery_id` FROM `ecs_participation` WHERE ( `game_id` = '2' ) ORDER BY lottery_id desc LIMIT 1   [ RunTime:0.001105s ]
SQL: SHOW COLUMNS FROM `ecs_lottery` [ RunTime:0.009423s ]
SQL: SELECT * FROM `ecs_lottery` WHERE ( `game_id` = '2' ) AND ( `id` > 0 ) ORDER BY id asc LIMIT 1   [ RunTime:0.001363s ]
SQL: SHOW COLUMNS FROM `ecs_participation` [ RunTime:0.009872s ]
SQL: INSERT INTO `ecs_participation` (`game_id`,`card_num`,`company_id`,`buy_time`,`lottery_id`,`lottery_num`) VALUES ('2','7110','1','2016-05-24 09:37:55','82','10000006') [ RunTime:0.001700s ]
SQL: SHOW COLUMNS FROM `ecs_participation` [ RunTime:0.005181s ]
SQL: SELECT `lottery_id` FROM `ecs_participation` WHERE ( `game_id` = '2' ) ORDER BY lottery_id desc LIMIT 1   [ RunTime:0.000752s ]
SQL: SHOW COLUMNS FROM `ecs_lottery` [ RunTime:0.005470s ]
SQL: SELECT * FROM `ecs_lottery` WHERE ( `game_id` = '2' ) AND ( `id` > '82' ) ORDER BY id asc LIMIT 1   [ RunTime:0.001186s ]
SQL: SHOW COLUMNS FROM `ecs_participation` [ RunTime:0.005324s ]
SQL: INSERT INTO `ecs_participation` (`game_id`,`card_num`,`company_id`,`buy_time`,`lottery_id`,`lottery_num`) VALUES ('2','7110','1','2016-05-24 09:37:55','83','10000028') [ RunTime:0.001096s ]
SQL: SHOW COLUMNS FROM `ecs_participation` [ RunTime:0.005294s ]
SQL: SELECT `lottery_id` FROM `ecs_participation` WHERE ( `game_id` = '2' ) ORDER BY lottery_id desc LIMIT 1   [ RunTime:0.001166s ]
SQL: SHOW COLUMNS FROM `ecs_lottery` [ RunTime:0.003826s ]
SQL: SELECT * FROM `ecs_lottery` WHERE ( `game_id` = '2' ) AND ( `id` > '83' ) ORDER BY id asc LIMIT 1   [ RunTime:0.001215s ]
SQL: SHOW COLUMNS FROM `ecs_participation` [ RunTime:0.003809s ]
SQL: INSERT INTO `ecs_participation` (`game_id`,`card_num`,`company_id`,`buy_time`,`lottery_id`,`lottery_num`) VALUES ('2','7110','1','2016-05-24 09:37:55','84','10000023') [ RunTime:0.001086s ]
SQL: SHOW COLUMNS FROM `ecs_participation` [ RunTime:0.003887s ]
SQL: SELECT `lottery_id` FROM `ecs_participation` WHERE ( `game_id` = '2' ) ORDER BY lottery_id desc LIMIT 1   [ RunTime:0.001130s ]
SQL: SHOW COLUMNS FROM `ecs_lottery` [ RunTime:0.003683s ]
SQL: SELECT * FROM `ecs_lottery` WHERE ( `game_id` = '2' ) AND ( `id` > '84' ) ORDER BY id asc LIMIT 1   [ RunTime:0.001200s ]
SQL: SHOW COLUMNS FROM `ecs_participation` [ RunTime:0.003950s ]
SQL: INSERT INTO `ecs_participation` (`game_id`,`card_num`,`company_id`,`buy_time`,`lottery_id`,`lottery_num`) VALUES ('2','7110','1','2016-05-24 09:37:55','85','10000009') [ RunTime:0.001105s ]
SQL: SHOW COLUMNS FROM `ecs_participation` [ RunTime:0.003891s ]
SQL: SELECT `lottery_id` FROM `ecs_participation` WHERE ( `game_id` = '2' ) ORDER BY lottery_id desc LIMIT 1   [ RunTime:0.001184s ]
SQL: SHOW COLUMNS FROM `ecs_lottery` [ RunTime:0.003942s ]
SQL: SELECT * FROM `ecs_lottery` WHERE ( `game_id` = '2' ) AND ( `id` > '85' ) ORDER BY id asc LIMIT 1   [ RunTime:0.001317s ]
SQL: SHOW COLUMNS FROM `ecs_participation` [ RunTime:0.003796s ]
SQL: INSERT INTO `ecs_participation` (`game_id`,`card_num`,`company_id`,`buy_time`,`lottery_id`,`lottery_num`) VALUES ('2','7110','1','2016-05-24 09:37:55','86','10000025') [ RunTime:0.001040s ]
SQL: SHOW COLUMNS FROM `ecs_participation` [ RunTime:0.003806s ]
SQL: SELECT `lottery_id` FROM `ecs_participation` WHERE ( `game_id` = '2' ) ORDER BY lottery_id desc LIMIT 1   [ RunTime:0.001152s ]
SQL: SHOW COLUMNS FROM `ecs_lottery` [ RunTime:0.003736s ]
SQL: SELECT * FROM `ecs_lottery` WHERE ( `game_id` = '2' ) AND ( `id` > '86' ) ORDER BY id asc LIMIT 1   [ RunTime:0.001210s ]
SQL: SHOW COLUMNS FROM `ecs_participation` [ RunTime:0.003822s ]
SQL: INSERT INTO `ecs_participation` (`game_id`,`card_num`,`company_id`,`buy_time`,`lottery_id`,`lottery_num`) VALUES ('2','7110','1','2016-05-24 09:37:55','87','10000021') [ RunTime:0.001427s ]
SQL: SHOW COLUMNS FROM `ecs_participation` [ RunTime:0.003884s ]
SQL: SELECT `lottery_id` FROM `ecs_participation` WHERE ( `game_id` = '2' ) ORDER BY lottery_id desc LIMIT 1   [ RunTime:0.001392s ]
SQL: SHOW COLUMNS FROM `ecs_lottery` [ RunTime:0.003710s ]
SQL: SELECT * FROM `ecs_lottery` WHERE ( `game_id` = '2' ) AND ( `id` > '87' ) ORDER BY id asc LIMIT 1   [ RunTime:0.001202s ]
SQL: SHOW COLUMNS FROM `ecs_participation` [ RunTime:0.003814s ]
SQL: INSERT INTO `ecs_participation` (`game_id`,`card_num`,`company_id`,`buy_time`,`lottery_id`,`lottery_num`) VALUES ('2','7110','1','2016-05-24 09:37:55','88','10000011') [ RunTime:0.001123s ]
SQL: SHOW COLUMNS FROM `ecs_participation` [ RunTime:0.003960s ]
SQL: SELECT `lottery_id` FROM `ecs_participation` WHERE ( `game_id` = '2' ) ORDER BY lottery_id desc LIMIT 1   [ RunTime:0.001269s ]
SQL: SHOW COLUMNS FROM `ecs_lottery` [ RunTime:0.003647s ]
SQL: SELECT * FROM `ecs_lottery` WHERE ( `game_id` = '2' ) AND ( `id` > '88' ) ORDER BY id asc LIMIT 1   [ RunTime:0.001175s ]
SQL: SHOW COLUMNS FROM `ecs_participation` [ RunTime:0.003903s ]
SQL: INSERT INTO `ecs_participation` (`game_id`,`card_num`,`company_id`,`buy_time`,`lottery_id`,`lottery_num`) VALUES ('2','7110','1','2016-05-24 09:37:55','89','10000022') [ RunTime:0.001025s ]
SQL: SHOW COLUMNS FROM `ecs_participation` [ RunTime:0.004078s ]
SQL: SELECT `lottery_id` FROM `ecs_participation` WHERE ( `game_id` = '2' ) ORDER BY lottery_id desc LIMIT 1   [ RunTime:0.001245s ]
SQL: SHOW COLUMNS FROM `ecs_lottery` [ RunTime:0.003740s ]
SQL: SELECT * FROM `ecs_lottery` WHERE ( `game_id` = '2' ) AND ( `id` > '89' ) ORDER BY id asc LIMIT 1   [ RunTime:0.001147s ]
SQL: SHOW COLUMNS FROM `ecs_participation` [ RunTime:0.006156s ]
SQL: INSERT INTO `ecs_participation` (`game_id`,`card_num`,`company_id`,`buy_time`,`lottery_id`,`lottery_num`) VALUES ('2','7110','1','2016-05-24 09:37:55','90','10000018') [ RunTime:0.001246s ]
SQL: SHOW COLUMNS FROM `ecs_participation` [ RunTime:0.003897s ]
SQL: SELECT `lottery_id` FROM `ecs_participation` WHERE ( `game_id` = '2' ) ORDER BY lottery_id desc LIMIT 1   [ RunTime:0.001423s ]
SQL: SHOW COLUMNS FROM `ecs_lottery` [ RunTime:0.003679s ]
SQL: SELECT * FROM `ecs_lottery` WHERE ( `game_id` = '2' ) AND ( `id` > '90' ) ORDER BY id asc LIMIT 1   [ RunTime:0.001215s ]
SQL: SHOW COLUMNS FROM `ecs_participation` [ RunTime:0.003766s ]
SQL: INSERT INTO `ecs_participation` (`game_id`,`card_num`,`company_id`,`buy_time`,`lottery_id`,`lottery_num`) VALUES ('2','7110','1','2016-05-24 09:37:55','91','10000003') [ RunTime:0.001039s ]

[ 2016-05-24T09:38:22+08:00 ] 127.0.0.1 /jyflapi/index.php/Games/GamesApi/purchase
INFO: [ app_begin ] --START--
INFO: Run Behavior\ReadHtmlCache [ RunTime:0.001157s ]
INFO: [ app_begin ] --END-- [ RunTime:0.001764s ]
SQL: SHOW COLUMNS FROM `ecs_participation` [ RunTime:0.010037s ]
SQL: SELECT COUNT(*) AS tp_count FROM `ecs_participation` WHERE ( `game_id` = '2' ) LIMIT 1   [ RunTime:0.001047s ]
SQL: SHOW COLUMNS FROM `ecs_games` [ RunTime:0.009691s ]
SQL: SELECT `total` FROM `ecs_games` WHERE ( `id` = '2' ) LIMIT 1   [ RunTime:0.001143s ]

[ 2016-05-24T09:38:58+08:00 ] 127.0.0.1 /jyflapi/index.php/Games/GamesApi/purchase
INFO: [ app_begin ] --START--
INFO: Run Behavior\ReadHtmlCache [ RunTime:0.000495s ]
INFO: [ app_begin ] --END-- [ RunTime:0.000869s ]
SQL: SHOW COLUMNS FROM `ecs_participation` [ RunTime:0.010159s ]
SQL: SELECT COUNT(*) AS tp_count FROM `ecs_participation` WHERE ( `game_id` = '2' ) LIMIT 1   [ RunTime:0.001053s ]
SQL: SHOW COLUMNS FROM `ecs_games` [ RunTime:0.010094s ]
SQL: SELECT `total` FROM `ecs_games` WHERE ( `id` = '2' ) LIMIT 1   [ RunTime:0.001099s ]
SQL: SHOW COLUMNS FROM `ecs_participation` [ RunTime:0.034946s ]
SQL: SELECT `lottery_id` FROM `ecs_participation` WHERE ( `game_id` = '2' ) ORDER BY lottery_id desc LIMIT 1   [ RunTime:0.001113s ]
SQL: SHOW COLUMNS FROM `ecs_lottery` [ RunTime:0.006274s ]
SQL: SELECT * FROM `ecs_lottery` WHERE ( `game_id` = '2' ) AND ( `id` > '91' ) ORDER BY id asc LIMIT 1   [ RunTime:0.001089s ]
SQL: SHOW COLUMNS FROM `ecs_participation` [ RunTime:0.006287s ]
SQL: INSERT INTO `ecs_participation` (`game_id`,`card_num`,`company_id`,`buy_time`,`lottery_id`,`lottery_num`) VALUES ('2','7110','1','2016-05-24 09:38:57','92','10000007') [ RunTime:0.001262s ]
SQL: SHOW COLUMNS FROM `ecs_participation` [ RunTime:0.006158s ]
SQL: SELECT `lottery_id` FROM `ecs_participation` WHERE ( `game_id` = '2' ) ORDER BY lottery_id desc LIMIT 1   [ RunTime:0.001157s ]
SQL: SHOW COLUMNS FROM `ecs_lottery` [ RunTime:0.006117s ]
SQL: SELECT * FROM `ecs_lottery` WHERE ( `game_id` = '2' ) AND ( `id` > '92' ) ORDER BY id asc LIMIT 1   [ RunTime:0.001121s ]
SQL: SHOW COLUMNS FROM `ecs_participation` [ RunTime:0.004288s ]
SQL: INSERT INTO `ecs_participation` (`game_id`,`card_num`,`company_id`,`buy_time`,`lottery_id`,`lottery_num`) VALUES ('2','7110','1','2016-05-24 09:38:57','93','10000013') [ RunTime:0.001065s ]
SQL: SHOW COLUMNS FROM `ecs_participation` [ RunTime:0.004025s ]
SQL: SELECT `lottery_id` FROM `ecs_participation` WHERE ( `game_id` = '2' ) ORDER BY lottery_id desc LIMIT 1   [ RunTime:0.001067s ]
SQL: SHOW COLUMNS FROM `ecs_lottery` [ RunTime:0.004019s ]
SQL: SELECT * FROM `ecs_lottery` WHERE ( `game_id` = '2' ) AND ( `id` > '93' ) ORDER BY id asc LIMIT 1   [ RunTime:0.001112s ]
SQL: SHOW COLUMNS FROM `ecs_participation` [ RunTime:0.004111s ]
SQL: INSERT INTO `ecs_participation` (`game_id`,`card_num`,`company_id`,`buy_time`,`lottery_id`,`lottery_num`) VALUES ('2','7110','1','2016-05-24 09:38:57','94','10000030') [ RunTime:0.000947s ]
SQL: SHOW COLUMNS FROM `ecs_participation` [ RunTime:0.004480s ]
SQL: SELECT `lottery_id` FROM `ecs_participation` WHERE ( `game_id` = '2' ) ORDER BY lottery_id desc LIMIT 1   [ RunTime:0.001020s ]
SQL: SHOW COLUMNS FROM `ecs_lottery` [ RunTime:0.004146s ]
SQL: SELECT * FROM `ecs_lottery` WHERE ( `game_id` = '2' ) AND ( `id` > '94' ) ORDER BY id asc LIMIT 1   [ RunTime:0.001010s ]
SQL: SHOW COLUMNS FROM `ecs_participation` [ RunTime:0.004262s ]
SQL: INSERT INTO `ecs_participation` (`game_id`,`card_num`,`company_id`,`buy_time`,`lottery_id`,`lottery_num`) VALUES ('2','7110','1','2016-05-24 09:38:57','95','10000010') [ RunTime:0.000994s ]
SQL: SHOW COLUMNS FROM `ecs_participation` [ RunTime:0.004363s ]
SQL: SELECT `lottery_id` FROM `ecs_participation` WHERE ( `game_id` = '2' ) ORDER BY lottery_id desc LIMIT 1   [ RunTime:0.001000s ]
SQL: SHOW COLUMNS FROM `ecs_lottery` [ RunTime:0.004360s ]
SQL: SELECT * FROM `ecs_lottery` WHERE ( `game_id` = '2' ) AND ( `id` > '95' ) ORDER BY id asc LIMIT 1   [ RunTime:0.001018s ]
SQL: SHOW COLUMNS FROM `ecs_participation` [ RunTime:0.004111s ]
SQL: INSERT INTO `ecs_participation` (`game_id`,`card_num`,`company_id`,`buy_time`,`lottery_id`,`lottery_num`) VALUES ('2','7110','1','2016-05-24 09:38:57','96','10000002') [ RunTime:0.001019s ]
SQL: SHOW COLUMNS FROM `ecs_participation` [ RunTime:0.003556s ]
SQL: SELECT `lottery_id` FROM `ecs_participation` WHERE ( `game_id` = '2' ) ORDER BY lottery_id desc LIMIT 1   [ RunTime:0.001056s ]
SQL: SHOW COLUMNS FROM `ecs_lottery` [ RunTime:0.003603s ]
SQL: SELECT * FROM `ecs_lottery` WHERE ( `game_id` = '2' ) AND ( `id` > '96' ) ORDER BY id asc LIMIT 1   [ RunTime:0.000991s ]
SQL: SHOW COLUMNS FROM `ecs_participation` [ RunTime:0.004044s ]
SQL: INSERT INTO `ecs_participation` (`game_id`,`card_num`,`company_id`,`buy_time`,`lottery_id`,`lottery_num`) VALUES ('2','7110','1','2016-05-24 09:38:57','97','10000005') [ RunTime:0.000999s ]
SQL: SHOW COLUMNS FROM `ecs_participation` [ RunTime:0.003422s ]
SQL: SELECT `lottery_id` FROM `ecs_participation` WHERE ( `game_id` = '2' ) ORDER BY lottery_id desc LIMIT 1   [ RunTime:0.001020s ]
SQL: SHOW COLUMNS FROM `ecs_lottery` [ RunTime:0.003243s ]
SQL: SELECT * FROM `ecs_lottery` WHERE ( `game_id` = '2' ) AND ( `id` > '97' ) ORDER BY id asc LIMIT 1   [ RunTime:0.001005s ]
SQL: SHOW COLUMNS FROM `ecs_participation` [ RunTime:0.003865s ]
SQL: INSERT INTO `ecs_participation` (`game_id`,`card_num`,`company_id`,`buy_time`,`lottery_id`,`lottery_num`) VALUES ('2','7110','1','2016-05-24 09:38:57','98','10000019') [ RunTime:0.001354s ]
SQL: SHOW COLUMNS FROM `ecs_participation` [ RunTime:0.003577s ]
SQL: SELECT `lottery_id` FROM `ecs_participation` WHERE ( `game_id` = '2' ) ORDER BY lottery_id desc LIMIT 1   [ RunTime:0.001141s ]
SQL: SHOW COLUMNS FROM `ecs_lottery` [ RunTime:0.003190s ]
SQL: SELECT * FROM `ecs_lottery` WHERE ( `game_id` = '2' ) AND ( `id` > '98' ) ORDER BY id asc LIMIT 1   [ RunTime:0.001011s ]
SQL: SHOW COLUMNS FROM `ecs_participation` [ RunTime:0.003451s ]
SQL: INSERT INTO `ecs_participation` (`game_id`,`card_num`,`company_id`,`buy_time`,`lottery_id`,`lottery_num`) VALUES ('2','7110','1','2016-05-24 09:38:57','99','10000016') [ RunTime:0.001020s ]
SQL: SHOW COLUMNS FROM `ecs_participation` [ RunTime:0.004180s ]
SQL: SELECT `lottery_id` FROM `ecs_participation` WHERE ( `game_id` = '2' ) ORDER BY lottery_id desc LIMIT 1   [ RunTime:0.001017s ]
SQL: SHOW COLUMNS FROM `ecs_lottery` [ RunTime:0.003629s ]
SQL: SELECT * FROM `ecs_lottery` WHERE ( `game_id` = '2' ) AND ( `id` > '99' ) ORDER BY id asc LIMIT 1   [ RunTime:0.001035s ]
SQL: SHOW COLUMNS FROM `ecs_participation` [ RunTime:0.003451s ]
SQL: INSERT INTO `ecs_participation` (`game_id`,`card_num`,`company_id`,`buy_time`,`lottery_id`,`lottery_num`) VALUES ('2','7110','1','2016-05-24 09:38:57','100','10000001') [ RunTime:0.000969s ]
SQL: SHOW COLUMNS FROM `ecs_participation` [ RunTime:0.003551s ]
SQL: SELECT `lottery_id` FROM `ecs_participation` WHERE ( `game_id` = '2' ) ORDER BY lottery_id desc LIMIT 1   [ RunTime:0.001003s ]
SQL: SHOW COLUMNS FROM `ecs_lottery` [ RunTime:0.003473s ]
SQL: SELECT * FROM `ecs_lottery` WHERE ( `game_id` = '2' ) AND ( `id` > '100' ) ORDER BY id asc LIMIT 1   [ RunTime:0.001002s ]
SQL: SHOW COLUMNS FROM `ecs_participation` [ RunTime:0.003400s ]
SQL: INSERT INTO `ecs_participation` (`game_id`,`card_num`,`company_id`,`buy_time`,`lottery_id`,`lottery_num`) VALUES ('2','7110','1','2016-05-24 09:38:57','101','10000029') [ RunTime:0.001003s ]
SQL: SHOW COLUMNS FROM `ecs_participation` [ RunTime:0.003386s ]
SQL: SELECT `lottery_id` FROM `ecs_participation` WHERE ( `game_id` = '2' ) ORDER BY lottery_id desc LIMIT 1   [ RunTime:0.000960s ]
SQL: SHOW COLUMNS FROM `ecs_lottery` [ RunTime:0.003430s ]
SQL: SELECT * FROM `ecs_lottery` WHERE ( `game_id` = '2' ) AND ( `id` > '101' ) ORDER BY id asc LIMIT 1   [ RunTime:0.001007s ]
SQL: SHOW COLUMNS FROM `ecs_participation` [ RunTime:0.003437s ]
SQL: INSERT INTO `ecs_participation` (`game_id`,`card_num`,`company_id`,`buy_time`,`lottery_id`,`lottery_num`) VALUES ('2','7110','1','2016-05-24 09:38:57','102','10000026') [ RunTime:0.000978s ]
SQL: SHOW COLUMNS FROM `ecs_participation` [ RunTime:0.003469s ]
SQL: SELECT `lottery_id` FROM `ecs_participation` WHERE ( `game_id` = '2' ) ORDER BY lottery_id desc LIMIT 1   [ RunTime:0.001011s ]
SQL: SHOW COLUMNS FROM `ecs_lottery` [ RunTime:0.003534s ]
SQL: SELECT * FROM `ecs_lottery` WHERE ( `game_id` = '2' ) AND ( `id` > '102' ) ORDER BY id asc LIMIT 1   [ RunTime:0.001016s ]
SQL: SHOW COLUMNS FROM `ecs_participation` [ RunTime:0.003990s ]
SQL: INSERT INTO `ecs_participation` (`game_id`,`card_num`,`company_id`,`buy_time`,`lottery_id`,`lottery_num`) VALUES ('2','7110','1','2016-05-24 09:38:57','103','10000015') [ RunTime:0.000969s ]
SQL: SHOW COLUMNS FROM `ecs_participation` [ RunTime:0.003524s ]
SQL: SELECT `lottery_id` FROM `ecs_participation` WHERE ( `game_id` = '2' ) ORDER BY lottery_id desc LIMIT 1   [ RunTime:0.001063s ]
SQL: SHOW COLUMNS FROM `ecs_lottery` [ RunTime:0.003154s ]
SQL: SELECT * FROM `ecs_lottery` WHERE ( `game_id` = '2' ) AND ( `id` > '103' ) ORDER BY id asc LIMIT 1   [ RunTime:0.001046s ]
SQL: SHOW COLUMNS FROM `ecs_participation` [ RunTime:0.003314s ]
SQL: INSERT INTO `ecs_participation` (`game_id`,`card_num`,`company_id`,`buy_time`,`lottery_id`,`lottery_num`) VALUES ('2','7110','1','2016-05-24 09:38:57','104','10000027') [ RunTime:0.000954s ]
SQL: SHOW COLUMNS FROM `ecs_participation` [ RunTime:0.003629s ]
SQL: SELECT `lottery_id` FROM `ecs_participation` WHERE ( `game_id` = '2' ) ORDER BY lottery_id desc LIMIT 1   [ RunTime:0.001018s ]
SQL: SHOW COLUMNS FROM `ecs_lottery` [ RunTime:0.003315s ]
SQL: SELECT * FROM `ecs_lottery` WHERE ( `game_id` = '2' ) AND ( `id` > '104' ) ORDER BY id asc LIMIT 1   [ RunTime:0.001020s ]
SQL: SHOW COLUMNS FROM `ecs_participation` [ RunTime:0.003474s ]
SQL: INSERT INTO `ecs_participation` (`game_id`,`card_num`,`company_id`,`buy_time`,`lottery_id`,`lottery_num`) VALUES ('2','7110','1','2016-05-24 09:38:57','105','10000017') [ RunTime:0.000949s ]
SQL: SHOW COLUMNS FROM `ecs_participation` [ RunTime:0.003955s ]
SQL: SELECT `lottery_id` FROM `ecs_participation` WHERE ( `game_id` = '2' ) ORDER BY lottery_id desc LIMIT 1   [ RunTime:0.000996s ]
SQL: SHOW COLUMNS FROM `ecs_lottery` [ RunTime:0.003784s ]
SQL: SELECT * FROM `ecs_lottery` WHERE ( `game_id` = '2' ) AND ( `id` > '105' ) ORDER BY id asc LIMIT 1   [ RunTime:0.001014s ]
SQL: SHOW COLUMNS FROM `ecs_participation` [ RunTime:0.003429s ]
SQL: INSERT INTO `ecs_participation` (`game_id`,`card_num`,`company_id`,`buy_time`,`lottery_id`,`lottery_num`) VALUES ('2','7110','1','2016-05-24 09:38:57','106','10000008') [ RunTime:0.000920s ]
SQL: SHOW COLUMNS FROM `ecs_participation` [ RunTime:0.003451s ]
SQL: SELECT `lottery_id` FROM `ecs_participation` WHERE ( `game_id` = '2' ) ORDER BY lottery_id desc LIMIT 1   [ RunTime:0.001033s ]
SQL: SHOW COLUMNS FROM `ecs_lottery` [ RunTime:0.003226s ]
SQL: SELECT * FROM `ecs_lottery` WHERE ( `game_id` = '2' ) AND ( `id` > '106' ) ORDER BY id asc LIMIT 1   [ RunTime:0.000975s ]
SQL: SHOW COLUMNS FROM `ecs_participation` [ RunTime:0.003564s ]
SQL: INSERT INTO `ecs_participation` (`game_id`,`card_num`,`company_id`,`buy_time`,`lottery_id`,`lottery_num`) VALUES ('2','7110','1','2016-05-24 09:38:57','107','10000014') [ RunTime:0.001006s ]
SQL: SHOW COLUMNS FROM `ecs_participation` [ RunTime:0.003513s ]
SQL: SELECT `lottery_id` FROM `ecs_participation` WHERE ( `game_id` = '2' ) ORDER BY lottery_id desc LIMIT 1   [ RunTime:0.001010s ]
SQL: SHOW COLUMNS FROM `ecs_lottery` [ RunTime:0.003331s ]
SQL: SELECT * FROM `ecs_lottery` WHERE ( `game_id` = '2' ) AND ( `id` > '107' ) ORDER BY id asc LIMIT 1   [ RunTime:0.001032s ]
SQL: SHOW COLUMNS FROM `ecs_participation` [ RunTime:0.003344s ]
SQL: INSERT INTO `ecs_participation` (`game_id`,`card_num`,`company_id`,`buy_time`,`lottery_id`,`lottery_num`) VALUES ('2','7110','1','2016-05-24 09:38:57','108','10000020') [ RunTime:0.001004s ]
SQL: SHOW COLUMNS FROM `ecs_participation` [ RunTime:0.003423s ]
SQL: SELECT `lottery_id` FROM `ecs_participation` WHERE ( `game_id` = '2' ) ORDER BY lottery_id desc LIMIT 1   [ RunTime:0.001016s ]
SQL: SHOW COLUMNS FROM `ecs_lottery` [ RunTime:0.003302s ]
SQL: SELECT * FROM `ecs_lottery` WHERE ( `game_id` = '2' ) AND ( `id` > '108' ) ORDER BY id asc LIMIT 1   [ RunTime:0.000970s ]
SQL: SHOW COLUMNS FROM `ecs_participation` [ RunTime:0.003576s ]
SQL: INSERT INTO `ecs_participation` (`game_id`,`card_num`,`company_id`,`buy_time`,`lottery_id`,`lottery_num`) VALUES ('2','7110','1','2016-05-24 09:38:57','109','10000024') [ RunTime:0.000970s ]
SQL: SHOW COLUMNS FROM `ecs_participation` [ RunTime:0.004062s ]
SQL: SELECT `lottery_id` FROM `ecs_participation` WHERE ( `game_id` = '2' ) ORDER BY lottery_id desc LIMIT 1   [ RunTime:0.000631s ]
SQL: SHOW COLUMNS FROM `ecs_lottery` [ RunTime:0.003630s ]
SQL: SELECT * FROM `ecs_lottery` WHERE ( `game_id` = '2' ) AND ( `id` > '109' ) ORDER BY id asc LIMIT 1   [ RunTime:0.001008s ]
SQL: SHOW COLUMNS FROM `ecs_participation` [ RunTime:0.003481s ]
SQL: INSERT INTO `ecs_participation` (`game_id`,`card_num`,`company_id`,`buy_time`,`lottery_id`,`lottery_num`) VALUES ('2','7110','1','2016-05-24 09:38:57','110','10000004') [ RunTime:0.000962s ]
SQL: SHOW COLUMNS FROM `ecs_participation` [ RunTime:0.003429s ]
SQL: SELECT `lottery_id` FROM `ecs_participation` WHERE ( `game_id` = '2' ) ORDER BY lottery_id desc LIMIT 1   [ RunTime:0.001004s ]
SQL: SHOW COLUMNS FROM `ecs_lottery` [ RunTime:0.003244s ]
SQL: SELECT * FROM `ecs_lottery` WHERE ( `game_id` = '2' ) AND ( `id` > '110' ) ORDER BY id asc LIMIT 1   [ RunTime:0.001017s ]
SQL: SHOW COLUMNS FROM `ecs_participation` [ RunTime:0.003557s ]
SQL: INSERT INTO `ecs_participation` (`game_id`,`card_num`,`company_id`,`buy_time`,`lottery_id`,`lottery_num`) VALUES ('2','7110','1','2016-05-24 09:38:57','111','10000012') [ RunTime:0.000963s ]

