array (
  0 => '2016',
  1 => '05',
  2 => '23',
)array (
  'productNo' => '7641250',
  'status' => '1',
  'prices' => 
  array (
    'price' => 
    array (
      0 => 
      array (
        'date' => '2016-05-23',
        'marketPrice' => '50.0',
        'salePrice' => '30',
        'SettlementPrice' => '30',
        'remainNum' => '999',
        'startNum' => '1',
      ),
      1 => 
      array (
        'date' => '2016-05-24',
        'marketPrice' => '50.0',
        'salePrice' => '30',
        'SettlementPrice' => '30',
        'remainNum' => '999',
        'startNum' => '1',
      ),
      2 => 
      array (
        'date' => '2016-05-25',
        'marketPrice' => '50.0',
        'salePrice' => '30',
        'SettlementPrice' => '30',
        'remainNum' => '999',
        'startNum' => '1',
      ),
      3 => 
      array (
        'date' => '2016-05-26',
        'marketPrice' => '50.0',
        'salePrice' => '30',
        'SettlementPrice' => '30',
        'remainNum' => '999',
        'startNum' => '1',
      ),
      4 => 
      array (
        'date' => '2016-05-27',
        'marketPrice' => '50.0',
        'salePrice' => '30',
        'SettlementPrice' => '30',
        'remainNum' => '999',
        'startNum' => '1',
      ),
      5 => 
      array (
        'date' => '2016-05-28',
        'marketPrice' => '50.0',
        'salePrice' => '30',
        'SettlementPrice' => '30',
        'remainNum' => '999',
        'startNum' => '1',
      ),
      6 => 
      array (
        'date' => '2016-05-29',
        'marketPrice' => '50.0',
        'salePrice' => '30',
        'SettlementPrice' => '30',
        'remainNum' => '999',
        'startNum' => '1',
      ),
      7 => 
      array (
        'date' => '2016-05-30',
        'marketPrice' => '50.0',
        'salePrice' => '30',
        'SettlementPrice' => '30',
        'remainNum' => '999',
        'startNum' => '1',
      ),
      8 => 
      array (
        'date' => '2016-05-31',
        'marketPrice' => '50.0',
        'salePrice' => '30',
        'SettlementPrice' => '30',
        'remainNum' => '999',
        'startNum' => '1',
      ),
      9 => 
      array (
        0 => 
        array (
          'date' => '2016-05-23',
          'marketPrice' => '50.0',
          'salePrice' => '30',
          'SettlementPrice' => '30',
          'remainNum' => '999',
          'startNum' => '1',
        ),
        1 => 
        array (
          'date' => '2016-05-24',
          'marketPrice' => '50.0',
          'salePrice' => '30',
          'SettlementPrice' => '30',
          'remainNum' => '999',
          'startNum' => '1',
        ),
        2 => 
        array (
          'date' => '2016-05-25',
          'marketPrice' => '50.0',
          'salePrice' => '30',
          'SettlementPrice' => '30',
          'remainNum' => '999',
          'startNum' => '1',
        ),
        3 => 
        array (
          'date' => '2016-05-26',
          'marketPrice' => '50.0',
          'salePrice' => '30',
          'SettlementPrice' => '30',
          'remainNum' => '999',
          'startNum' => '1',
        ),
        4 => 
        array (
          'date' => '2016-05-27',
          'marketPrice' => '50.0',
          'salePrice' => '30',
          'SettlementPrice' => '30',
          'remainNum' => '999',
          'startNum' => '1',
        ),
        5 => 
        array (
          'date' => '2016-05-28',
          'marketPrice' => '50.0',
          'salePrice' => '30',
          'SettlementPrice' => '30',
          'remainNum' => '999',
          'startNum' => '1',
        ),
        6 => 
        array (
          'date' => '2016-05-29',
          'marketPrice' => '50.0',
          'salePrice' => '30',
          'SettlementPrice' => '30',
          'remainNum' => '999',
          'startNum' => '1',
        ),
        7 => 
        array (
          'date' => '2016-05-30',
          'marketPrice' => '50.0',
          'salePrice' => '30',
          'SettlementPrice' => '30',
          'remainNum' => '999',
          'startNum' => '1',
        ),
        8 => 
        array (
          'date' => '2016-05-31',
          'marketPrice' => '50.0',
          'salePrice' => '30',
          'SettlementPrice' => '30',
          'remainNum' => '999',
          'startNum' => '1',
        ),
      ),
    ),
  ),
)array (
  0 => '2016',
  1 => '05',
  2 => '23',
)array (
  'productNo' => '7390455',
  'status' => '1',
  'prices' => 
  array (
    'price' => 
    array (
      0 => 
      array (
        'date' => '2016-05-23',
        'marketPrice' => '50.0',
        'salePrice' => '35',
        'SettlementPrice' => '35',
        'remainNum' => '999',
        'startNum' => '1',
      ),
      1 => 
      array (
        'date' => '2016-05-24',
        'marketPrice' => '50.0',
        'salePrice' => '35',
        'SettlementPrice' => '35',
        'remainNum' => '999',
        'startNum' => '1',
      ),
      2 => 
      array (
        'date' => '2016-05-25',
        'marketPrice' => '50.0',
        'salePrice' => '35',
        'SettlementPrice' => '35',
        'remainNum' => '999',
        'startNum' => '1',
      ),
      3 => 
      array (
        'date' => '2016-05-26',
        'marketPrice' => '50.0',
        'salePrice' => '35',
        'SettlementPrice' => '35',
        'remainNum' => '999',
        'startNum' => '1',
      ),
      4 => 
      array (
        'date' => '2016-05-27',
        'marketPrice' => '50.0',
        'salePrice' => '35',
        'SettlementPrice' => '35',
        'remainNum' => '999',
        'startNum' => '1',
      ),
      5 => 
      array (
        'date' => '2016-05-28',
        'marketPrice' => '50.0',
        'salePrice' => '35',
        'SettlementPrice' => '35',
        'remainNum' => '999',
        'startNum' => '1',
      ),
      6 => 
      array (
        'date' => '2016-05-29',
        'marketPrice' => '50.0',
        'salePrice' => '35',
        'SettlementPrice' => '35',
        'remainNum' => '999',
        'startNum' => '1',
      ),
      7 => 
      array (
        'date' => '2016-05-30',
        'marketPrice' => '50.0',
        'salePrice' => '35',
        'SettlementPrice' => '35',
        'remainNum' => '999',
        'startNum' => '1',
      ),
      8 => 
      array (
        'date' => '2016-05-31',
        'marketPrice' => '50.0',
        'salePrice' => '35',
        'SettlementPrice' => '35',
        'remainNum' => '999',
        'startNum' => '1',
      ),
      9 => 
      array (
        0 => 
        array (
          'date' => '2016-05-23',
          'marketPrice' => '50.0',
          'salePrice' => '35',
          'SettlementPrice' => '35',
          'remainNum' => '999',
          'startNum' => '1',
        ),
        1 => 
        array (
          'date' => '2016-05-24',
          'marketPrice' => '50.0',
          'salePrice' => '35',
          'SettlementPrice' => '35',
          'remainNum' => '999',
          'startNum' => '1',
        ),
        2 => 
        array (
          'date' => '2016-05-25',
          'marketPrice' => '50.0',
          'salePrice' => '35',
          'SettlementPrice' => '35',
          'remainNum' => '999',
          'startNum' => '1',
        ),
        3 => 
        array (
          'date' => '2016-05-26',
          'marketPrice' => '50.0',
          'salePrice' => '35',
          'SettlementPrice' => '35',
          'remainNum' => '999',
          'startNum' => '1',
        ),
        4 => 
        array (
          'date' => '2016-05-27',
          'marketPrice' => '50.0',
          'salePrice' => '35',
          'SettlementPrice' => '35',
          'remainNum' => '999',
          'startNum' => '1',
        ),
        5 => 
        array (
          'date' => '2016-05-28',
          'marketPrice' => '50.0',
          'salePrice' => '35',
          'SettlementPrice' => '35',
          'remainNum' => '999',
          'startNum' => '1',
        ),
        6 => 
        array (
          'date' => '2016-05-29',
          'marketPrice' => '50.0',
          'salePrice' => '35',
          'SettlementPrice' => '35',
          'remainNum' => '999',
          'startNum' => '1',
        ),
        7 => 
        array (
          'date' => '2016-05-30',
          'marketPrice' => '50.0',
          'salePrice' => '35',
          'SettlementPrice' => '35',
          'remainNum' => '999',
          'startNum' => '1',
        ),
        8 => 
        array (
          'date' => '2016-05-31',
          'marketPrice' => '50.0',
          'salePrice' => '35',
          'SettlementPrice' => '35',
          'remainNum' => '999',
          'startNum' => '1',
        ),
      ),
    ),
  ),
)array (
  0 => '2016',
  1 => '05',
  2 => '23',
)array (
  'productNo' => '7390455',
  'status' => '1',
  'prices' => 
  array (
    'price' => 
    array (
      0 => 
      array (
        'date' => '2016-05-23',
        'marketPrice' => '50.0',
        'salePrice' => '35',
        'SettlementPrice' => '35',
        'remainNum' => '999',
        'startNum' => '1',
      ),
      1 => 
      array (
        'date' => '2016-05-24',
        'marketPrice' => '50.0',
        'salePrice' => '35',
        'SettlementPrice' => '35',
        'remainNum' => '999',
        'startNum' => '1',
      ),
      2 => 
      array (
        'date' => '2016-05-25',
        'marketPrice' => '50.0',
        'salePrice' => '35',
        'SettlementPrice' => '35',
        'remainNum' => '999',
        'startNum' => '1',
      ),
      3 => 
      array (
        'date' => '2016-05-26',
        'marketPrice' => '50.0',
        'salePrice' => '35',
        'SettlementPrice' => '35',
        'remainNum' => '999',
        'startNum' => '1',
      ),
      4 => 
      array (
        'date' => '2016-05-27',
        'marketPrice' => '50.0',
        'salePrice' => '35',
        'SettlementPrice' => '35',
        'remainNum' => '999',
        'startNum' => '1',
      ),
      5 => 
      array (
        'date' => '2016-05-28',
        'marketPrice' => '50.0',
        'salePrice' => '35',
        'SettlementPrice' => '35',
        'remainNum' => '999',
        'startNum' => '1',
      ),
      6 => 
      array (
        'date' => '2016-05-29',
        'marketPrice' => '50.0',
        'salePrice' => '35',
        'SettlementPrice' => '35',
        'remainNum' => '999',
        'startNum' => '1',
      ),
      7 => 
      array (
        'date' => '2016-05-30',
        'marketPrice' => '50.0',
        'salePrice' => '35',
        'SettlementPrice' => '35',
        'remainNum' => '999',
        'startNum' => '1',
      ),
      8 => 
      array (
        'date' => '2016-05-31',
        'marketPrice' => '50.0',
        'salePrice' => '35',
        'SettlementPrice' => '35',
        'remainNum' => '999',
        'startNum' => '1',
      ),
      9 => 
      array (
        0 => 
        array (
          'date' => '2016-05-23',
          'marketPrice' => '50.0',
          'salePrice' => '35',
          'SettlementPrice' => '35',
          'remainNum' => '999',
          'startNum' => '1',
        ),
        1 => 
        array (
          'date' => '2016-05-24',
          'marketPrice' => '50.0',
          'salePrice' => '35',
          'SettlementPrice' => '35',
          'remainNum' => '999',
          'startNum' => '1',
        ),
        2 => 
        array (
          'date' => '2016-05-25',
          'marketPrice' => '50.0',
          'salePrice' => '35',
          'SettlementPrice' => '35',
          'remainNum' => '999',
          'startNum' => '1',
        ),
        3 => 
        array (
          'date' => '2016-05-26',
          'marketPrice' => '50.0',
          'salePrice' => '35',
          'SettlementPrice' => '35',
          'remainNum' => '999',
          'startNum' => '1',
        ),
        4 => 
        array (
          'date' => '2016-05-27',
          'marketPrice' => '50.0',
          'salePrice' => '35',
          'SettlementPrice' => '35',
          'remainNum' => '999',
          'startNum' => '1',
        ),
        5 => 
        array (
          'date' => '2016-05-28',
          'marketPrice' => '50.0',
          'salePrice' => '35',
          'SettlementPrice' => '35',
          'remainNum' => '999',
          'startNum' => '1',
        ),
        6 => 
        array (
          'date' => '2016-05-29',
          'marketPrice' => '50.0',
          'salePrice' => '35',
          'SettlementPrice' => '35',
          'remainNum' => '999',
          'startNum' => '1',
        ),
        7 => 
        array (
          'date' => '2016-05-30',
          'marketPrice' => '50.0',
          'salePrice' => '35',
          'SettlementPrice' => '35',
          'remainNum' => '999',
          'startNum' => '1',
        ),
        8 => 
        array (
          'date' => '2016-05-31',
          'marketPrice' => '50.0',
          'salePrice' => '35',
          'SettlementPrice' => '35',
          'remainNum' => '999',
          'startNum' => '1',
        ),
      ),
    ),
  ),
)array (
  0 => '2016',
  1 => '05',
  2 => '23',
)array (
  'productNo' => '7390455',
  'status' => '1',
  'prices' => 
  array (
    'price' => 
    array (
      0 => 
      array (
        'date' => '2016-05-23',
        'marketPrice' => '50.0',
        'salePrice' => '35',
        'SettlementPrice' => '35',
        'remainNum' => '999',
        'startNum' => '1',
      ),
      1 => 
      array (
        'date' => '2016-05-24',
        'marketPrice' => '50.0',
        'salePrice' => '35',
        'SettlementPrice' => '35',
        'remainNum' => '999',
        'startNum' => '1',
      ),
      2 => 
      array (
        'date' => '2016-05-25',
        'marketPrice' => '50.0',
        'salePrice' => '35',
        'SettlementPrice' => '35',
        'remainNum' => '999',
        'startNum' => '1',
      ),
      3 => 
      array (
        'date' => '2016-05-26',
        'marketPrice' => '50.0',
        'salePrice' => '35',
        'SettlementPrice' => '35',
        'remainNum' => '999',
        'startNum' => '1',
      ),
      4 => 
      array (
        'date' => '2016-05-27',
        'marketPrice' => '50.0',
        'salePrice' => '35',
        'SettlementPrice' => '35',
        'remainNum' => '999',
        'startNum' => '1',
      ),
      5 => 
      array (
        'date' => '2016-05-28',
        'marketPrice' => '50.0',
        'salePrice' => '35',
        'SettlementPrice' => '35',
        'remainNum' => '999',
        'startNum' => '1',
      ),
      6 => 
      array (
        'date' => '2016-05-29',
        'marketPrice' => '50.0',
        'salePrice' => '35',
        'SettlementPrice' => '35',
        'remainNum' => '999',
        'startNum' => '1',
      ),
      7 => 
      array (
        'date' => '2016-05-30',
        'marketPrice' => '50.0',
        'salePrice' => '35',
        'SettlementPrice' => '35',
        'remainNum' => '999',
        'startNum' => '1',
      ),
      8 => 
      array (
        'date' => '2016-05-31',
        'marketPrice' => '50.0',
        'salePrice' => '35',
        'SettlementPrice' => '35',
        'remainNum' => '999',
        'startNum' => '1',
      ),
      9 => 
      array (
        0 => 
        array (
          'date' => '2016-05-23',
          'marketPrice' => '50.0',
          'salePrice' => '35',
          'SettlementPrice' => '35',
          'remainNum' => '999',
          'startNum' => '1',
        ),
        1 => 
        array (
          'date' => '2016-05-24',
          'marketPrice' => '50.0',
          'salePrice' => '35',
          'SettlementPrice' => '35',
          'remainNum' => '999',
          'startNum' => '1',
        ),
        2 => 
        array (
          'date' => '2016-05-25',
          'marketPrice' => '50.0',
          'salePrice' => '35',
          'SettlementPrice' => '35',
          'remainNum' => '999',
          'startNum' => '1',
        ),
        3 => 
        array (
          'date' => '2016-05-26',
          'marketPrice' => '50.0',
          'salePrice' => '35',
          'SettlementPrice' => '35',
          'remainNum' => '999',
          'startNum' => '1',
        ),
        4 => 
        array (
          'date' => '2016-05-27',
          'marketPrice' => '50.0',
          'salePrice' => '35',
          'SettlementPrice' => '35',
          'remainNum' => '999',
          'startNum' => '1',
        ),
        5 => 
        array (
          'date' => '2016-05-28',
          'marketPrice' => '50.0',
          'salePrice' => '35',
          'SettlementPrice' => '35',
          'remainNum' => '999',
          'startNum' => '1',
        ),
        6 => 
        array (
          'date' => '2016-05-29',
          'marketPrice' => '50.0',
          'salePrice' => '35',
          'SettlementPrice' => '35',
          'remainNum' => '999',
          'startNum' => '1',
        ),
        7 => 
        array (
          'date' => '2016-05-30',
          'marketPrice' => '50.0',
          'salePrice' => '35',
          'SettlementPrice' => '35',
          'remainNum' => '999',
          'startNum' => '1',
        ),
        8 => 
        array (
          'date' => '2016-05-31',
          'marketPrice' => '50.0',
          'salePrice' => '35',
          'SettlementPrice' => '35',
          'remainNum' => '999',
          'startNum' => '1',
        ),
      ),
    ),
  ),
)array (
  0 => '2016',
  1 => '05',
  2 => '23',
)array (
  'productNo' => '7983839',
  'status' => '1',
  'prices' => 
  array (
    'price' => 
    array (
      0 => 
      array (
        'date' => '2016-05-23',
        'marketPrice' => '40.0',
        'salePrice' => '39',
        'SettlementPrice' => '39',
        'remainNum' => '999',
        'startNum' => '1',
      ),
      1 => 
      array (
        'date' => '2016-05-24',
        'marketPrice' => '40.0',
        'salePrice' => '39',
        'SettlementPrice' => '39',
        'remainNum' => '999',
        'startNum' => '1',
      ),
      2 => 
      array (
        'date' => '2016-05-25',
        'marketPrice' => '40.0',
        'salePrice' => '39',
        'SettlementPrice' => '39',
        'remainNum' => '999',
        'startNum' => '1',
      ),
      3 => 
      array (
        'date' => '2016-05-26',
        'marketPrice' => '40.0',
        'salePrice' => '39',
        'SettlementPrice' => '39',
        'remainNum' => '999',
        'startNum' => '1',
      ),
      4 => 
      array (
        'date' => '2016-05-27',
        'marketPrice' => '40.0',
        'salePrice' => '39',
        'SettlementPrice' => '39',
        'remainNum' => '999',
        'startNum' => '1',
      ),
      5 => 
      array (
        'date' => '2016-05-28',
        'marketPrice' => '40.0',
        'salePrice' => '39',
        'SettlementPrice' => '39',
        'remainNum' => '999',
        'startNum' => '1',
      ),
      6 => 
      array (
        'date' => '2016-05-29',
        'marketPrice' => '40.0',
        'salePrice' => '39',
        'SettlementPrice' => '39',
        'remainNum' => '999',
        'startNum' => '1',
      ),
      7 => 
      array (
        'date' => '2016-05-30',
        'marketPrice' => '40.0',
        'salePrice' => '39',
        'SettlementPrice' => '39',
        'remainNum' => '999',
        'startNum' => '1',
      ),
      8 => 
      array (
        'date' => '2016-05-31',
        'marketPrice' => '40.0',
        'salePrice' => '39',
        'SettlementPrice' => '39',
        'remainNum' => '999',
        'startNum' => '1',
      ),
      9 => 
      array (
        0 => 
        array (
          'date' => '2016-05-23',
          'marketPrice' => '40.0',
          'salePrice' => '39',
          'SettlementPrice' => '39',
          'remainNum' => '999',
          'startNum' => '1',
        ),
        1 => 
        array (
          'date' => '2016-05-24',
          'marketPrice' => '40.0',
          'salePrice' => '39',
          'SettlementPrice' => '39',
          'remainNum' => '999',
          'startNum' => '1',
        ),
        2 => 
        array (
          'date' => '2016-05-25',
          'marketPrice' => '40.0',
          'salePrice' => '39',
          'SettlementPrice' => '39',
          'remainNum' => '999',
          'startNum' => '1',
        ),
        3 => 
        array (
          'date' => '2016-05-26',
          'marketPrice' => '40.0',
          'salePrice' => '39',
          'SettlementPrice' => '39',
          'remainNum' => '999',
          'startNum' => '1',
        ),
        4 => 
        array (
          'date' => '2016-05-27',
          'marketPrice' => '40.0',
          'salePrice' => '39',
          'SettlementPrice' => '39',
          'remainNum' => '999',
          'startNum' => '1',
        ),
        5 => 
        array (
          'date' => '2016-05-28',
          'marketPrice' => '40.0',
          'salePrice' => '39',
          'SettlementPrice' => '39',
          'remainNum' => '999',
          'startNum' => '1',
        ),
        6 => 
        array (
          'date' => '2016-05-29',
          'marketPrice' => '40.0',
          'salePrice' => '39',
          'SettlementPrice' => '39',
          'remainNum' => '999',
          'startNum' => '1',
        ),
        7 => 
        array (
          'date' => '2016-05-30',
          'marketPrice' => '40.0',
          'salePrice' => '39',
          'SettlementPrice' => '39',
          'remainNum' => '999',
          'startNum' => '1',
        ),
        8 => 
        array (
          'date' => '2016-05-31',
          'marketPrice' => '40.0',
          'salePrice' => '39',
          'SettlementPrice' => '39',
          'remainNum' => '999',
          'startNum' => '1',
        ),
      ),
    ),
  ),
)array (
  0 => '2016',
  1 => '05',
  2 => '23',
)array (
  'productNo' => '7983839',
  'status' => '1',
  'prices' => 
  array (
    'price' => 
    array (
      0 => 
      array (
        'date' => '2016-05-23',
        'marketPrice' => '40.0',
        'salePrice' => '39',
        'SettlementPrice' => '39',
        'remainNum' => '999',
        'startNum' => '1',
      ),
      1 => 
      array (
        'date' => '2016-05-24',
        'marketPrice' => '40.0',
        'salePrice' => '39',
        'SettlementPrice' => '39',
        'remainNum' => '999',
        'startNum' => '1',
      ),
      2 => 
      array (
        'date' => '2016-05-25',
        'marketPrice' => '40.0',
        'salePrice' => '39',
        'SettlementPrice' => '39',
        'remainNum' => '999',
        'startNum' => '1',
      ),
      3 => 
      array (
        'date' => '2016-05-26',
        'marketPrice' => '40.0',
        'salePrice' => '39',
        'SettlementPrice' => '39',
        'remainNum' => '999',
        'startNum' => '1',
      ),
      4 => 
      array (
        'date' => '2016-05-27',
        'marketPrice' => '40.0',
        'salePrice' => '39',
        'SettlementPrice' => '39',
        'remainNum' => '999',
        'startNum' => '1',
      ),
      5 => 
      array (
        'date' => '2016-05-28',
        'marketPrice' => '40.0',
        'salePrice' => '39',
        'SettlementPrice' => '39',
        'remainNum' => '999',
        'startNum' => '1',
      ),
      6 => 
      array (
        'date' => '2016-05-29',
        'marketPrice' => '40.0',
        'salePrice' => '39',
        'SettlementPrice' => '39',
        'remainNum' => '999',
        'startNum' => '1',
      ),
      7 => 
      array (
        'date' => '2016-05-30',
        'marketPrice' => '40.0',
        'salePrice' => '39',
        'SettlementPrice' => '39',
        'remainNum' => '999',
        'startNum' => '1',
      ),
      8 => 
      array (
        'date' => '2016-05-31',
        'marketPrice' => '40.0',
        'salePrice' => '39',
        'SettlementPrice' => '39',
        'remainNum' => '999',
        'startNum' => '1',
      ),
      9 => 
      array (
        0 => 
        array (
          'date' => '2016-05-23',
          'marketPrice' => '40.0',
          'salePrice' => '39',
          'SettlementPrice' => '39',
          'remainNum' => '999',
          'startNum' => '1',
        ),
        1 => 
        array (
          'date' => '2016-05-24',
          'marketPrice' => '40.0',
          'salePrice' => '39',
          'SettlementPrice' => '39',
          'remainNum' => '999',
          'startNum' => '1',
        ),
        2 => 
        array (
          'date' => '2016-05-25',
          'marketPrice' => '40.0',
          'salePrice' => '39',
          'SettlementPrice' => '39',
          'remainNum' => '999',
          'startNum' => '1',
        ),
        3 => 
        array (
          'date' => '2016-05-26',
          'marketPrice' => '40.0',
          'salePrice' => '39',
          'SettlementPrice' => '39',
          'remainNum' => '999',
          'startNum' => '1',
        ),
        4 => 
        array (
          'date' => '2016-05-27',
          'marketPrice' => '40.0',
          'salePrice' => '39',
          'SettlementPrice' => '39',
          'remainNum' => '999',
          'startNum' => '1',
        ),
        5 => 
        array (
          'date' => '2016-05-28',
          'marketPrice' => '40.0',
          'salePrice' => '39',
          'SettlementPrice' => '39',
          'remainNum' => '999',
          'startNum' => '1',
        ),
        6 => 
        array (
          'date' => '2016-05-29',
          'marketPrice' => '40.0',
          'salePrice' => '39',
          'SettlementPrice' => '39',
          'remainNum' => '999',
          'startNum' => '1',
        ),
        7 => 
        array (
          'date' => '2016-05-30',
          'marketPrice' => '40.0',
          'salePrice' => '39',
          'SettlementPrice' => '39',
          'remainNum' => '999',
          'startNum' => '1',
        ),
        8 => 
        array (
          'date' => '2016-05-31',
          'marketPrice' => '40.0',
          'salePrice' => '39',
          'SettlementPrice' => '39',
          'remainNum' => '999',
          'startNum' => '1',
        ),
      ),
    ),
  ),
)array (
  0 => '2016',
  1 => '05',
  2 => '23',
)array (
  'productNo' => '7983839',
  'status' => '1',
  'prices' => 
  array (
    'price' => 
    array (
      0 => 
      array (
        'date' => '2016-05-23',
        'marketPrice' => '40.0',
        'salePrice' => '39',
        'SettlementPrice' => '39',
        'remainNum' => '999',
        'startNum' => '1',
      ),
      1 => 
      array (
        'date' => '2016-05-24',
        'marketPrice' => '40.0',
        'salePrice' => '39',
        'SettlementPrice' => '39',
        'remainNum' => '999',
        'startNum' => '1',
      ),
      2 => 
      array (
        'date' => '2016-05-25',
        'marketPrice' => '40.0',
        'salePrice' => '39',
        'SettlementPrice' => '39',
        'remainNum' => '999',
        'startNum' => '1',
      ),
      3 => 
      array (
        'date' => '2016-05-26',
        'marketPrice' => '40.0',
        'salePrice' => '39',
        'SettlementPrice' => '39',
        'remainNum' => '999',
        'startNum' => '1',
      ),
      4 => 
      array (
        'date' => '2016-05-27',
        'marketPrice' => '40.0',
        'salePrice' => '39',
        'SettlementPrice' => '39',
        'remainNum' => '999',
        'startNum' => '1',
      ),
      5 => 
      array (
        'date' => '2016-05-28',
        'marketPrice' => '40.0',
        'salePrice' => '39',
        'SettlementPrice' => '39',
        'remainNum' => '999',
        'startNum' => '1',
      ),
      6 => 
      array (
        'date' => '2016-05-29',
        'marketPrice' => '40.0',
        'salePrice' => '39',
        'SettlementPrice' => '39',
        'remainNum' => '999',
        'startNum' => '1',
      ),
      7 => 
      array (
        'date' => '2016-05-30',
        'marketPrice' => '40.0',
        'salePrice' => '39',
        'SettlementPrice' => '39',
        'remainNum' => '999',
        'startNum' => '1',
      ),
      8 => 
      array (
        'date' => '2016-05-31',
        'marketPrice' => '40.0',
        'salePrice' => '39',
        'SettlementPrice' => '39',
        'remainNum' => '999',
        'startNum' => '1',
      ),
      9 => 
      array (
        0 => 
        array (
          'date' => '2016-05-23',
          'marketPrice' => '40.0',
          'salePrice' => '39',
          'SettlementPrice' => '39',
          'remainNum' => '999',
          'startNum' => '1',
        ),
        1 => 
        array (
          'date' => '2016-05-24',
          'marketPrice' => '40.0',
          'salePrice' => '39',
          'SettlementPrice' => '39',
          'remainNum' => '999',
          'startNum' => '1',
        ),
        2 => 
        array (
          'date' => '2016-05-25',
          'marketPrice' => '40.0',
          'salePrice' => '39',
          'SettlementPrice' => '39',
          'remainNum' => '999',
          'startNum' => '1',
        ),
        3 => 
        array (
          'date' => '2016-05-26',
          'marketPrice' => '40.0',
          'salePrice' => '39',
          'SettlementPrice' => '39',
          'remainNum' => '999',
          'startNum' => '1',
        ),
        4 => 
        array (
          'date' => '2016-05-27',
          'marketPrice' => '40.0',
          'salePrice' => '39',
          'SettlementPrice' => '39',
          'remainNum' => '999',
          'startNum' => '1',
        ),
        5 => 
        array (
          'date' => '2016-05-28',
          'marketPrice' => '40.0',
          'salePrice' => '39',
          'SettlementPrice' => '39',
          'remainNum' => '999',
          'startNum' => '1',
        ),
        6 => 
        array (
          'date' => '2016-05-29',
          'marketPrice' => '40.0',
          'salePrice' => '39',
          'SettlementPrice' => '39',
          'remainNum' => '999',
          'startNum' => '1',
        ),
        7 => 
        array (
          'date' => '2016-05-30',
          'marketPrice' => '40.0',
          'salePrice' => '39',
          'SettlementPrice' => '39',
          'remainNum' => '999',
          'startNum' => '1',
        ),
        8 => 
        array (
          'date' => '2016-05-31',
          'marketPrice' => '40.0',
          'salePrice' => '39',
          'SettlementPrice' => '39',
          'remainNum' => '999',
          'startNum' => '1',
        ),
      ),
    ),
  ),
)array (
  0 => '2016',
  1 => '05',
  2 => '23',
)array (
  'productNo' => '7983839',
  'status' => '1',
  'prices' => 
  array (
    'price' => 
    array (
      0 => 
      array (
        'date' => '2016-05-23',
        'marketPrice' => '40.0',
        'salePrice' => '39',
        'SettlementPrice' => '39',
        'remainNum' => '999',
        'startNum' => '1',
      ),
      1 => 
      array (
        'date' => '2016-05-24',
        'marketPrice' => '40.0',
        'salePrice' => '39',
        'SettlementPrice' => '39',
        'remainNum' => '999',
        'startNum' => '1',
      ),
      2 => 
      array (
        'date' => '2016-05-25',
        'marketPrice' => '40.0',
        'salePrice' => '39',
        'SettlementPrice' => '39',
        'remainNum' => '999',
        'startNum' => '1',
      ),
      3 => 
      array (
        'date' => '2016-05-26',
        'marketPrice' => '40.0',
        'salePrice' => '39',
        'SettlementPrice' => '39',
        'remainNum' => '999',
        'startNum' => '1',
      ),
      4 => 
      array (
        'date' => '2016-05-27',
        'marketPrice' => '40.0',
        'salePrice' => '39',
        'SettlementPrice' => '39',
        'remainNum' => '999',
        'startNum' => '1',
      ),
      5 => 
      array (
        'date' => '2016-05-28',
        'marketPrice' => '40.0',
        'salePrice' => '39',
        'SettlementPrice' => '39',
        'remainNum' => '999',
        'startNum' => '1',
      ),
      6 => 
      array (
        'date' => '2016-05-29',
        'marketPrice' => '40.0',
        'salePrice' => '39',
        'SettlementPrice' => '39',
        'remainNum' => '999',
        'startNum' => '1',
      ),
      7 => 
      array (
        'date' => '2016-05-30',
        'marketPrice' => '40.0',
        'salePrice' => '39',
        'SettlementPrice' => '39',
        'remainNum' => '999',
        'startNum' => '1',
      ),
      8 => 
      array (
        'date' => '2016-05-31',
        'marketPrice' => '40.0',
        'salePrice' => '39',
        'SettlementPrice' => '39',
        'remainNum' => '999',
        'startNum' => '1',
      ),
      9 => 
      array (
        0 => 
        array (
          'date' => '2016-05-23',
          'marketPrice' => '40.0',
          'salePrice' => '39',
          'SettlementPrice' => '39',
          'remainNum' => '999',
          'startNum' => '1',
        ),
        1 => 
        array (
          'date' => '2016-05-24',
          'marketPrice' => '40.0',
          'salePrice' => '39',
          'SettlementPrice' => '39',
          'remainNum' => '999',
          'startNum' => '1',
        ),
        2 => 
        array (
          'date' => '2016-05-25',
          'marketPrice' => '40.0',
          'salePrice' => '39',
          'SettlementPrice' => '39',
          'remainNum' => '999',
          'startNum' => '1',
        ),
        3 => 
        array (
          'date' => '2016-05-26',
          'marketPrice' => '40.0',
          'salePrice' => '39',
          'SettlementPrice' => '39',
          'remainNum' => '999',
          'startNum' => '1',
        ),
        4 => 
        array (
          'date' => '2016-05-27',
          'marketPrice' => '40.0',
          'salePrice' => '39',
          'SettlementPrice' => '39',
          'remainNum' => '999',
          'startNum' => '1',
        ),
        5 => 
        array (
          'date' => '2016-05-28',
          'marketPrice' => '40.0',
          'salePrice' => '39',
          'SettlementPrice' => '39',
          'remainNum' => '999',
          'startNum' => '1',
        ),
        6 => 
        array (
          'date' => '2016-05-29',
          'marketPrice' => '40.0',
          'salePrice' => '39',
          'SettlementPrice' => '39',
          'remainNum' => '999',
          'startNum' => '1',
        ),
        7 => 
        array (
          'date' => '2016-05-30',
          'marketPrice' => '40.0',
          'salePrice' => '39',
          'SettlementPrice' => '39',
          'remainNum' => '999',
          'startNum' => '1',
        ),
        8 => 
        array (
          'date' => '2016-05-31',
          'marketPrice' => '40.0',
          'salePrice' => '39',
          'SettlementPrice' => '39',
          'remainNum' => '999',
          'startNum' => '1',
        ),
      ),
    ),
  ),
)array (
  0 => '2016',
  1 => '05',
  2 => '23',
)array (
  'productNo' => '7983839',
  'status' => '1',
  'prices' => 
  array (
    'price' => 
    array (
      0 => 
      array (
        'date' => '2016-05-23',
        'marketPrice' => '40.0',
        'salePrice' => '39',
        'SettlementPrice' => '39',
        'remainNum' => '999',
        'startNum' => '1',
      ),
      1 => 
      array (
        'date' => '2016-05-24',
        'marketPrice' => '40.0',
        'salePrice' => '39',
        'SettlementPrice' => '39',
        'remainNum' => '999',
        'startNum' => '1',
      ),
      2 => 
      array (
        'date' => '2016-05-25',
        'marketPrice' => '40.0',
        'salePrice' => '39',
        'SettlementPrice' => '39',
        'remainNum' => '999',
        'startNum' => '1',
      ),
      3 => 
      array (
        'date' => '2016-05-26',
        'marketPrice' => '40.0',
        'salePrice' => '39',
        'SettlementPrice' => '39',
        'remainNum' => '999',
        'startNum' => '1',
      ),
      4 => 
      array (
        'date' => '2016-05-27',
        'marketPrice' => '40.0',
        'salePrice' => '39',
        'SettlementPrice' => '39',
        'remainNum' => '999',
        'startNum' => '1',
      ),
      5 => 
      array (
        'date' => '2016-05-28',
        'marketPrice' => '40.0',
        'salePrice' => '39',
        'SettlementPrice' => '39',
        'remainNum' => '999',
        'startNum' => '1',
      ),
      6 => 
      array (
        'date' => '2016-05-29',
        'marketPrice' => '40.0',
        'salePrice' => '39',
        'SettlementPrice' => '39',
        'remainNum' => '999',
        'startNum' => '1',
      ),
      7 => 
      array (
        'date' => '2016-05-30',
        'marketPrice' => '40.0',
        'salePrice' => '39',
        'SettlementPrice' => '39',
        'remainNum' => '999',
        'startNum' => '1',
      ),
      8 => 
      array (
        'date' => '2016-05-31',
        'marketPrice' => '40.0',
        'salePrice' => '39',
        'SettlementPrice' => '39',
        'remainNum' => '999',
        'startNum' => '1',
      ),
      9 => 
      array (
        0 => 
        array (
          'date' => '2016-05-23',
          'marketPrice' => '40.0',
          'salePrice' => '39',
          'SettlementPrice' => '39',
          'remainNum' => '999',
          'startNum' => '1',
        ),
        1 => 
        array (
          'date' => '2016-05-24',
          'marketPrice' => '40.0',
          'salePrice' => '39',
          'SettlementPrice' => '39',
          'remainNum' => '999',
          'startNum' => '1',
        ),
        2 => 
        array (
          'date' => '2016-05-25',
          'marketPrice' => '40.0',
          'salePrice' => '39',
          'SettlementPrice' => '39',
          'remainNum' => '999',
          'startNum' => '1',
        ),
        3 => 
        array (
          'date' => '2016-05-26',
          'marketPrice' => '40.0',
          'salePrice' => '39',
          'SettlementPrice' => '39',
          'remainNum' => '999',
          'startNum' => '1',
        ),
        4 => 
        array (
          'date' => '2016-05-27',
          'marketPrice' => '40.0',
          'salePrice' => '39',
          'SettlementPrice' => '39',
          'remainNum' => '999',
          'startNum' => '1',
        ),
        5 => 
        array (
          'date' => '2016-05-28',
          'marketPrice' => '40.0',
          'salePrice' => '39',
          'SettlementPrice' => '39',
          'remainNum' => '999',
          'startNum' => '1',
        ),
        6 => 
        array (
          'date' => '2016-05-29',
          'marketPrice' => '40.0',
          'salePrice' => '39',
          'SettlementPrice' => '39',
          'remainNum' => '999',
          'startNum' => '1',
        ),
        7 => 
        array (
          'date' => '2016-05-30',
          'marketPrice' => '40.0',
          'salePrice' => '39',
          'SettlementPrice' => '39',
          'remainNum' => '999',
          'startNum' => '1',
        ),
        8 => 
        array (
          'date' => '2016-05-31',
          'marketPrice' => '40.0',
          'salePrice' => '39',
          'SettlementPrice' => '39',
          'remainNum' => '999',
          'startNum' => '1',
        ),
      ),
    ),
  ),
)array (
  0 => '2016',
  1 => '05',
  2 => '23',
)array (
  'productNo' => '7983839',
  'status' => '1',
  'prices' => 
  array (
    'price' => 
    array (
      0 => 
      array (
        'date' => '2016-05-23',
        'marketPrice' => '40.0',
        'salePrice' => '39',
        'SettlementPrice' => '39',
        'remainNum' => '999',
        'startNum' => '1',
      ),
      1 => 
      array (
        'date' => '2016-05-24',
        'marketPrice' => '40.0',
        'salePrice' => '39',
        'SettlementPrice' => '39',
        'remainNum' => '999',
        'startNum' => '1',
      ),
      2 => 
      array (
        'date' => '2016-05-25',
        'marketPrice' => '40.0',
        'salePrice' => '39',
        'SettlementPrice' => '39',
        'remainNum' => '999',
        'startNum' => '1',
      ),
      3 => 
      array (
        'date' => '2016-05-26',
        'marketPrice' => '40.0',
        'salePrice' => '39',
        'SettlementPrice' => '39',
        'remainNum' => '999',
        'startNum' => '1',
      ),
      4 => 
      array (
        'date' => '2016-05-27',
        'marketPrice' => '40.0',
        'salePrice' => '39',
        'SettlementPrice' => '39',
        'remainNum' => '999',
        'startNum' => '1',
      ),
      5 => 
      array (
        'date' => '2016-05-28',
        'marketPrice' => '40.0',
        'salePrice' => '39',
        'SettlementPrice' => '39',
        'remainNum' => '999',
        'startNum' => '1',
      ),
      6 => 
      array (
        'date' => '2016-05-29',
        'marketPrice' => '40.0',
        'salePrice' => '39',
        'SettlementPrice' => '39',
        'remainNum' => '999',
        'startNum' => '1',
      ),
      7 => 
      array (
        'date' => '2016-05-30',
        'marketPrice' => '40.0',
        'salePrice' => '39',
        'SettlementPrice' => '39',
        'remainNum' => '999',
        'startNum' => '1',
      ),
      8 => 
      array (
        'date' => '2016-05-31',
        'marketPrice' => '40.0',
        'salePrice' => '39',
        'SettlementPrice' => '39',
        'remainNum' => '999',
        'startNum' => '1',
      ),
      9 => 
      array (
        0 => 
        array (
          'date' => '2016-05-23',
          'marketPrice' => '40.0',
          'salePrice' => '39',
          'SettlementPrice' => '39',
          'remainNum' => '999',
          'startNum' => '1',
        ),
        1 => 
        array (
          'date' => '2016-05-24',
          'marketPrice' => '40.0',
          'salePrice' => '39',
          'SettlementPrice' => '39',
          'remainNum' => '999',
          'startNum' => '1',
        ),
        2 => 
        array (
          'date' => '2016-05-25',
          'marketPrice' => '40.0',
          'salePrice' => '39',
          'SettlementPrice' => '39',
          'remainNum' => '999',
          'startNum' => '1',
        ),
        3 => 
        array (
          'date' => '2016-05-26',
          'marketPrice' => '40.0',
          'salePrice' => '39',
          'SettlementPrice' => '39',
          'remainNum' => '999',
          'startNum' => '1',
        ),
        4 => 
        array (
          'date' => '2016-05-27',
          'marketPrice' => '40.0',
          'salePrice' => '39',
          'SettlementPrice' => '39',
          'remainNum' => '999',
          'startNum' => '1',
        ),
        5 => 
        array (
          'date' => '2016-05-28',
          'marketPrice' => '40.0',
          'salePrice' => '39',
          'SettlementPrice' => '39',
          'remainNum' => '999',
          'startNum' => '1',
        ),
        6 => 
        array (
          'date' => '2016-05-29',
          'marketPrice' => '40.0',
          'salePrice' => '39',
          'SettlementPrice' => '39',
          'remainNum' => '999',
          'startNum' => '1',
        ),
        7 => 
        array (
          'date' => '2016-05-30',
          'marketPrice' => '40.0',
          'salePrice' => '39',
          'SettlementPrice' => '39',
          'remainNum' => '999',
          'startNum' => '1',
        ),
        8 => 
        array (
          'date' => '2016-05-31',
          'marketPrice' => '40.0',
          'salePrice' => '39',
          'SettlementPrice' => '39',
          'remainNum' => '999',
          'startNum' => '1',
        ),
      ),
    ),
  ),
)