array (
  0 => 
  array (
    'id' => '30',
    'gongyingshang_id' => '43',
    'jiage' => '0',
    'yanse' => '#7FFFAA',
    'dianshu' => '69',
    'cityid' => '1',
    'isTime' => '1',
    'shipping_start' => '0',
    'shipping_end' => '0',
    'shipping_waiting' => '0',
    'shipping_booking' => '0',
    'zuobiao' => 
    array (
      0 => 
      array (
        'id' => '761',
        'lng' => '116.550959',
        'lat' => '39.914776',
        'peisongmap_id' => '30',
      ),
      1 => 
      array (
        'id' => '762',
        'lng' => '116.553833',
        'lat' => '39.898836',
        'peisongmap_id' => '30',
      ),
      2 => 
      array (
        'id' => '763',
        'lng' => '116.555271',
        'lat' => '39.889315',
        'peisongmap_id' => '30',
      ),
      3 => 
      array (
        'id' => '764',
        'lng' => '116.555414',
        'lat' => '39.884664',
        'peisongmap_id' => '30',
      ),
      4 => 
      array (
        'id' => '765',
        'lng' => '116.554983',
        'lat' => '39.875141',
        'peisongmap_id' => '30',
      ),
      5 => 
      array (
        'id' => '766',
        'lng' => '116.554696',
        'lat' => '39.869382',
        'peisongmap_id' => '30',
      ),
      6 => 
      array (
        'id' => '767',
        'lng' => '116.556133',
        'lat' => '39.859967',
        'peisongmap_id' => '30',
      ),
      7 => 
      array (
        'id' => '768',
        'lng' => '116.555127',
        'lat' => '39.855979',
        'peisongmap_id' => '30',
      ),
      8 => 
      array (
        'id' => '769',
        'lng' => '116.551821',
        'lat' => '39.852655',
        'peisongmap_id' => '30',
      ),
      9 => 
      array (
        'id' => '770',
        'lng' => '116.519626',
        'lat' => '39.829387',
        'peisongmap_id' => '30',
      ),
      10 => 
      array (
        'id' => '771',
        'lng' => '116.507409',
        'lat' => '39.8244',
        'peisongmap_id' => '30',
      ),
      11 => 
      array (
        'id' => '772',
        'lng' => '116.489874',
        'lat' => '39.817528',
        'peisongmap_id' => '30',
      ),
      12 => 
      array (
        'id' => '773',
        'lng' => '116.487287',
        'lat' => '39.816198',
        'peisongmap_id' => '30',
      ),
      13 => 
      array (
        'id' => '774',
        'lng' => '116.469033',
        'lat' => '39.798017',
        'peisongmap_id' => '30',
      ),
      14 => 
      array (
        'id' => '775',
        'lng' => '116.464721',
        'lat' => '39.796576',
        'peisongmap_id' => '30',
      ),
      15 => 
      array (
        'id' => '776',
        'lng' => '116.447905',
        'lat' => '39.796465',
        'peisongmap_id' => '30',
      ),
      16 => 
      array (
        'id' => '777',
        'lng' => '116.44',
        'lat' => '39.794026',
        'peisongmap_id' => '30',
      ),
      17 => 
      array (
        'id' => '778',
        'lng' => '116.435976',
        'lat' => '39.79081',
        'peisongmap_id' => '30',
      ),
      18 => 
      array (
        'id' => '779',
        'lng' => '116.432957',
        'lat' => '39.786264',
        'peisongmap_id' => '30',
      ),
      19 => 
      array (
        'id' => '780',
        'lng' => '116.428358',
        'lat' => '39.776394',
        'peisongmap_id' => '30',
      ),
      20 => 
      array (
        'id' => '781',
        'lng' => '116.421747',
        'lat' => '39.771847',
        'peisongmap_id' => '30',
      ),
      21 => 
      array (
        'id' => '782',
        'lng' => '116.390126',
        'lat' => '39.764304',
        'peisongmap_id' => '30',
      ),
      22 => 
      array (
        'id' => '783',
        'lng' => '116.385527',
        'lat' => '39.765081',
        'peisongmap_id' => '30',
      ),
      23 => 
      array (
        'id' => '784',
        'lng' => '116.383083',
        'lat' => '39.767188',
        'peisongmap_id' => '30',
      ),
      24 => 
      array (
        'id' => '785',
        'lng' => '116.37949',
        'lat' => '39.780054',
        'peisongmap_id' => '30',
      ),
      25 => 
      array (
        'id' => '786',
        'lng' => '116.375178',
        'lat' => '39.782826',
        'peisongmap_id' => '30',
      ),
      26 => 
      array (
        'id' => '787',
        'lng' => '116.336659',
        'lat' => '39.785044',
        'peisongmap_id' => '30',
      ),
      27 => 
      array (
        'id' => '788',
        'lng' => '116.314381',
        'lat' => '39.788038',
        'peisongmap_id' => '30',
      ),
      28 => 
      array (
        'id' => '789',
        'lng' => '116.308488',
        'lat' => '39.786708',
        'peisongmap_id' => '30',
      ),
      29 => 
      array (
        'id' => '790',
        'lng' => '116.295409',
        'lat' => '39.780497',
        'peisongmap_id' => '30',
      ),
      30 => 
      array (
        'id' => '791',
        'lng' => '116.288222',
        'lat' => '39.780054',
        'peisongmap_id' => '30',
      ),
      31 => 
      array (
        'id' => '792',
        'lng' => '116.281467',
        'lat' => '39.783159',
        'peisongmap_id' => '30',
      ),
      32 => 
      array (
        'id' => '793',
        'lng' => '116.279311',
        'lat' => '39.786153',
        'peisongmap_id' => '30',
      ),
      33 => 
      array (
        'id' => '794',
        'lng' => '116.272556',
        'lat' => '39.804004',
        'peisongmap_id' => '30',
      ),
      34 => 
      array (
        'id' => '795',
        'lng' => '116.271406',
        'lat' => '39.814092',
        'peisongmap_id' => '30',
      ),
      35 => 
      array (
        'id' => '796',
        'lng' => '116.254446',
        'lat' => '39.835593',
        'peisongmap_id' => '30',
      ),
      36 => 
      array (
        'id' => '797',
        'lng' => '116.243954',
        'lat' => '39.839139',
        'peisongmap_id' => '30',
      ),
      37 => 
      array (
        'id' => '798',
        'lng' => '116.228719',
        'lat' => '39.85465',
        'peisongmap_id' => '30',
      ),
      38 => 
      array (
        'id' => '799',
        'lng' => '116.226419',
        'lat' => '39.863068',
        'peisongmap_id' => '30',
      ),
      39 => 
      array (
        'id' => '800',
        'lng' => '116.215639',
        'lat' => '39.879127',
        'peisongmap_id' => '30',
      ),
      40 => 
      array (
        'id' => '801',
        'lng' => '116.214633',
        'lat' => '39.883335',
        'peisongmap_id' => '30',
      ),
      41 => 
      array (
        'id' => '802',
        'lng' => '116.215208',
        'lat' => '39.88854',
        'peisongmap_id' => '30',
      ),
      42 => 
      array (
        'id' => '803',
        'lng' => '116.217939',
        'lat' => '39.895958',
        'peisongmap_id' => '30',
      ),
      43 => 
      array (
        'id' => '804',
        'lng' => '116.217939',
        'lat' => '39.919536',
        'peisongmap_id' => '30',
      ),
      44 => 
      array (
        'id' => '805',
        'lng' => '116.219089',
        'lat' => '39.930602',
        'peisongmap_id' => '30',
      ),
      45 => 
      array (
        'id' => '806',
        'lng' => '116.218658',
        'lat' => '39.948083',
        'peisongmap_id' => '30',
      ),
      46 => 
      array (
        'id' => '807',
        'lng' => '116.222682',
        'lat' => '39.956933',
        'peisongmap_id' => '30',
      ),
      47 => 
      array (
        'id' => '808',
        'lng' => '116.227856',
        'lat' => '39.987898',
        'peisongmap_id' => '30',
      ),
      48 => 
      array (
        'id' => '809',
        'lng' => '116.228719',
        'lat' => '39.9984',
        'peisongmap_id' => '30',
      ),
      49 => 
      array (
        'id' => '810',
        'lng' => '116.234755',
        'lat' => '40.001827',
        'peisongmap_id' => '30',
      ),
      50 => 
      array (
        'id' => '811',
        'lng' => '116.242804',
        'lat' => '40.003485',
        'peisongmap_id' => '30',
      ),
      51 => 
      array (
        'id' => '812',
        'lng' => '116.256027',
        'lat' => '40.008128',
        'peisongmap_id' => '30',
      ),
      52 => 
      array (
        'id' => '813',
        'lng' => '116.273706',
        'lat' => '40.010117',
        'peisongmap_id' => '30',
      ),
      53 => 
      array (
        'id' => '814',
        'lng' => '116.281323',
        'lat' => '40.017854',
        'peisongmap_id' => '30',
      ),
      54 => 
      array (
        'id' => '815',
        'lng' => '116.30662',
        'lat' => '40.021169',
        'peisongmap_id' => '30',
      ),
      55 => 
      array (
        'id' => '816',
        'lng' => '116.312944',
        'lat' => '40.022495',
        'peisongmap_id' => '30',
      ),
      56 => 
      array (
        'id' => '817',
        'lng' => '116.323723',
        'lat' => '40.024153',
        'peisongmap_id' => '30',
      ),
      57 => 
      array (
        'id' => '818',
        'lng' => '116.342121',
        'lat' => '40.028462',
        'peisongmap_id' => '30',
      ),
      58 => 
      array (
        'id' => '819',
        'lng' => '116.426202',
        'lat' => '40.028352',
        'peisongmap_id' => '30',
      ),
      59 => 
      array (
        'id' => '820',
        'lng' => '116.442444',
        'lat' => '40.027468',
        'peisongmap_id' => '30',
      ),
      60 => 
      array (
        'id' => '821',
        'lng' => '116.466734',
        'lat' => '40.020837',
        'peisongmap_id' => '30',
      ),
      61 => 
      array (
        'id' => '822',
        'lng' => '116.485275',
        'lat' => '40.020948',
        'peisongmap_id' => '30',
      ),
      62 => 
      array (
        'id' => '823',
        'lng' => '116.493898',
        'lat' => '40.017854',
        'peisongmap_id' => '30',
      ),
      63 => 
      array (
        'id' => '824',
        'lng' => '116.518332',
        'lat' => '39.99221',
        'peisongmap_id' => '30',
      ),
      64 => 
      array (
        'id' => '825',
        'lng' => '116.532562',
        'lat' => '39.97297',
        'peisongmap_id' => '30',
      ),
      65 => 
      array (
        'id' => '826',
        'lng' => '116.537736',
        'lat' => '39.960141',
        'peisongmap_id' => '30',
      ),
      66 => 
      array (
        'id' => '827',
        'lng' => '116.547222',
        'lat' => '39.949079',
        'peisongmap_id' => '30',
      ),
      67 => 
      array (
        'id' => '828',
        'lng' => '116.548947',
        'lat' => '39.943437',
        'peisongmap_id' => '30',
      ),
      68 => 
      array (
        'id' => '829',
        'lng' => '116.55139',
        'lat' => '39.914776',
        'peisongmap_id' => '30',
      ),
    ),
  ),
)array (
  0 => 
  array (
    'id' => '30',
    'gongyingshang_id' => '43',
    'jiage' => '0',
    'yanse' => '#7FFFAA',
    'dianshu' => '69',
    'cityid' => '1',
    'isTime' => '1',
    'shipping_start' => '0',
    'shipping_end' => '0',
    'shipping_waiting' => '0',
    'shipping_booking' => '0',
    'zuobiao' => 
    array (
      0 => 
      array (
        'id' => '761',
        'lng' => '116.550959',
        'lat' => '39.914776',
        'peisongmap_id' => '30',
      ),
      1 => 
      array (
        'id' => '762',
        'lng' => '116.553833',
        'lat' => '39.898836',
        'peisongmap_id' => '30',
      ),
      2 => 
      array (
        'id' => '763',
        'lng' => '116.555271',
        'lat' => '39.889315',
        'peisongmap_id' => '30',
      ),
      3 => 
      array (
        'id' => '764',
        'lng' => '116.555414',
        'lat' => '39.884664',
        'peisongmap_id' => '30',
      ),
      4 => 
      array (
        'id' => '765',
        'lng' => '116.554983',
        'lat' => '39.875141',
        'peisongmap_id' => '30',
      ),
      5 => 
      array (
        'id' => '766',
        'lng' => '116.554696',
        'lat' => '39.869382',
        'peisongmap_id' => '30',
      ),
      6 => 
      array (
        'id' => '767',
        'lng' => '116.556133',
        'lat' => '39.859967',
        'peisongmap_id' => '30',
      ),
      7 => 
      array (
        'id' => '768',
        'lng' => '116.555127',
        'lat' => '39.855979',
        'peisongmap_id' => '30',
      ),
      8 => 
      array (
        'id' => '769',
        'lng' => '116.551821',
        'lat' => '39.852655',
        'peisongmap_id' => '30',
      ),
      9 => 
      array (
        'id' => '770',
        'lng' => '116.519626',
        'lat' => '39.829387',
        'peisongmap_id' => '30',
      ),
      10 => 
      array (
        'id' => '771',
        'lng' => '116.507409',
        'lat' => '39.8244',
        'peisongmap_id' => '30',
      ),
      11 => 
      array (
        'id' => '772',
        'lng' => '116.489874',
        'lat' => '39.817528',
        'peisongmap_id' => '30',
      ),
      12 => 
      array (
        'id' => '773',
        'lng' => '116.487287',
        'lat' => '39.816198',
        'peisongmap_id' => '30',
      ),
      13 => 
      array (
        'id' => '774',
        'lng' => '116.469033',
        'lat' => '39.798017',
        'peisongmap_id' => '30',
      ),
      14 => 
      array (
        'id' => '775',
        'lng' => '116.464721',
        'lat' => '39.796576',
        'peisongmap_id' => '30',
      ),
      15 => 
      array (
        'id' => '776',
        'lng' => '116.447905',
        'lat' => '39.796465',
        'peisongmap_id' => '30',
      ),
      16 => 
      array (
        'id' => '777',
        'lng' => '116.44',
        'lat' => '39.794026',
        'peisongmap_id' => '30',
      ),
      17 => 
      array (
        'id' => '778',
        'lng' => '116.435976',
        'lat' => '39.79081',
        'peisongmap_id' => '30',
      ),
      18 => 
      array (
        'id' => '779',
        'lng' => '116.432957',
        'lat' => '39.786264',
        'peisongmap_id' => '30',
      ),
      19 => 
      array (
        'id' => '780',
        'lng' => '116.428358',
        'lat' => '39.776394',
        'peisongmap_id' => '30',
      ),
      20 => 
      array (
        'id' => '781',
        'lng' => '116.421747',
        'lat' => '39.771847',
        'peisongmap_id' => '30',
      ),
      21 => 
      array (
        'id' => '782',
        'lng' => '116.390126',
        'lat' => '39.764304',
        'peisongmap_id' => '30',
      ),
      22 => 
      array (
        'id' => '783',
        'lng' => '116.385527',
        'lat' => '39.765081',
        'peisongmap_id' => '30',
      ),
      23 => 
      array (
        'id' => '784',
        'lng' => '116.383083',
        'lat' => '39.767188',
        'peisongmap_id' => '30',
      ),
      24 => 
      array (
        'id' => '785',
        'lng' => '116.37949',
        'lat' => '39.780054',
        'peisongmap_id' => '30',
      ),
      25 => 
      array (
        'id' => '786',
        'lng' => '116.375178',
        'lat' => '39.782826',
        'peisongmap_id' => '30',
      ),
      26 => 
      array (
        'id' => '787',
        'lng' => '116.336659',
        'lat' => '39.785044',
        'peisongmap_id' => '30',
      ),
      27 => 
      array (
        'id' => '788',
        'lng' => '116.314381',
        'lat' => '39.788038',
        'peisongmap_id' => '30',
      ),
      28 => 
      array (
        'id' => '789',
        'lng' => '116.308488',
        'lat' => '39.786708',
        'peisongmap_id' => '30',
      ),
      29 => 
      array (
        'id' => '790',
        'lng' => '116.295409',
        'lat' => '39.780497',
        'peisongmap_id' => '30',
      ),
      30 => 
      array (
        'id' => '791',
        'lng' => '116.288222',
        'lat' => '39.780054',
        'peisongmap_id' => '30',
      ),
      31 => 
      array (
        'id' => '792',
        'lng' => '116.281467',
        'lat' => '39.783159',
        'peisongmap_id' => '30',
      ),
      32 => 
      array (
        'id' => '793',
        'lng' => '116.279311',
        'lat' => '39.786153',
        'peisongmap_id' => '30',
      ),
      33 => 
      array (
        'id' => '794',
        'lng' => '116.272556',
        'lat' => '39.804004',
        'peisongmap_id' => '30',
      ),
      34 => 
      array (
        'id' => '795',
        'lng' => '116.271406',
        'lat' => '39.814092',
        'peisongmap_id' => '30',
      ),
      35 => 
      array (
        'id' => '796',
        'lng' => '116.254446',
        'lat' => '39.835593',
        'peisongmap_id' => '30',
      ),
      36 => 
      array (
        'id' => '797',
        'lng' => '116.243954',
        'lat' => '39.839139',
        'peisongmap_id' => '30',
      ),
      37 => 
      array (
        'id' => '798',
        'lng' => '116.228719',
        'lat' => '39.85465',
        'peisongmap_id' => '30',
      ),
      38 => 
      array (
        'id' => '799',
        'lng' => '116.226419',
        'lat' => '39.863068',
        'peisongmap_id' => '30',
      ),
      39 => 
      array (
        'id' => '800',
        'lng' => '116.215639',
        'lat' => '39.879127',
        'peisongmap_id' => '30',
      ),
      40 => 
      array (
        'id' => '801',
        'lng' => '116.214633',
        'lat' => '39.883335',
        'peisongmap_id' => '30',
      ),
      41 => 
      array (
        'id' => '802',
        'lng' => '116.215208',
        'lat' => '39.88854',
        'peisongmap_id' => '30',
      ),
      42 => 
      array (
        'id' => '803',
        'lng' => '116.217939',
        'lat' => '39.895958',
        'peisongmap_id' => '30',
      ),
      43 => 
      array (
        'id' => '804',
        'lng' => '116.217939',
        'lat' => '39.919536',
        'peisongmap_id' => '30',
      ),
      44 => 
      array (
        'id' => '805',
        'lng' => '116.219089',
        'lat' => '39.930602',
        'peisongmap_id' => '30',
      ),
      45 => 
      array (
        'id' => '806',
        'lng' => '116.218658',
        'lat' => '39.948083',
        'peisongmap_id' => '30',
      ),
      46 => 
      array (
        'id' => '807',
        'lng' => '116.222682',
        'lat' => '39.956933',
        'peisongmap_id' => '30',
      ),
      47 => 
      array (
        'id' => '808',
        'lng' => '116.227856',
        'lat' => '39.987898',
        'peisongmap_id' => '30',
      ),
      48 => 
      array (
        'id' => '809',
        'lng' => '116.228719',
        'lat' => '39.9984',
        'peisongmap_id' => '30',
      ),
      49 => 
      array (
        'id' => '810',
        'lng' => '116.234755',
        'lat' => '40.001827',
        'peisongmap_id' => '30',
      ),
      50 => 
      array (
        'id' => '811',
        'lng' => '116.242804',
        'lat' => '40.003485',
        'peisongmap_id' => '30',
      ),
      51 => 
      array (
        'id' => '812',
        'lng' => '116.256027',
        'lat' => '40.008128',
        'peisongmap_id' => '30',
      ),
      52 => 
      array (
        'id' => '813',
        'lng' => '116.273706',
        'lat' => '40.010117',
        'peisongmap_id' => '30',
      ),
      53 => 
      array (
        'id' => '814',
        'lng' => '116.281323',
        'lat' => '40.017854',
        'peisongmap_id' => '30',
      ),
      54 => 
      array (
        'id' => '815',
        'lng' => '116.30662',
        'lat' => '40.021169',
        'peisongmap_id' => '30',
      ),
      55 => 
      array (
        'id' => '816',
        'lng' => '116.312944',
        'lat' => '40.022495',
        'peisongmap_id' => '30',
      ),
      56 => 
      array (
        'id' => '817',
        'lng' => '116.323723',
        'lat' => '40.024153',
        'peisongmap_id' => '30',
      ),
      57 => 
      array (
        'id' => '818',
        'lng' => '116.342121',
        'lat' => '40.028462',
        'peisongmap_id' => '30',
      ),
      58 => 
      array (
        'id' => '819',
        'lng' => '116.426202',
        'lat' => '40.028352',
        'peisongmap_id' => '30',
      ),
      59 => 
      array (
        'id' => '820',
        'lng' => '116.442444',
        'lat' => '40.027468',
        'peisongmap_id' => '30',
      ),
      60 => 
      array (
        'id' => '821',
        'lng' => '116.466734',
        'lat' => '40.020837',
        'peisongmap_id' => '30',
      ),
      61 => 
      array (
        'id' => '822',
        'lng' => '116.485275',
        'lat' => '40.020948',
        'peisongmap_id' => '30',
      ),
      62 => 
      array (
        'id' => '823',
        'lng' => '116.493898',
        'lat' => '40.017854',
        'peisongmap_id' => '30',
      ),
      63 => 
      array (
        'id' => '824',
        'lng' => '116.518332',
        'lat' => '39.99221',
        'peisongmap_id' => '30',
      ),
      64 => 
      array (
        'id' => '825',
        'lng' => '116.532562',
        'lat' => '39.97297',
        'peisongmap_id' => '30',
      ),
      65 => 
      array (
        'id' => '826',
        'lng' => '116.537736',
        'lat' => '39.960141',
        'peisongmap_id' => '30',
      ),
      66 => 
      array (
        'id' => '827',
        'lng' => '116.547222',
        'lat' => '39.949079',
        'peisongmap_id' => '30',
      ),
      67 => 
      array (
        'id' => '828',
        'lng' => '116.548947',
        'lat' => '39.943437',
        'peisongmap_id' => '30',
      ),
      68 => 
      array (
        'id' => '829',
        'lng' => '116.55139',
        'lat' => '39.914776',
        'peisongmap_id' => '30',
      ),
    ),
  ),
)array (
  0 => 
  array (
    'id' => '113',
    'gongyingshang_id' => '43',
    'jiage' => '0',
    'yanse' => '#00BFFF',
    'dianshu' => '61',
    'cityid' => '1',
    'isTime' => '2',
    'shipping_start' => '11:30',
    'shipping_end' => '19:00',
    'shipping_waiting' => '1',
    'shipping_booking' => '24',
    'zuobiao' => NULL,
  ),
)array (
  0 => 
  array (
    'id' => '113',
    'gongyingshang_id' => '43',
    'jiage' => '0',
    'yanse' => '#00BFFF',
    'dianshu' => '61',
    'cityid' => '1',
    'isTime' => '2',
    'shipping_start' => '11:30',
    'shipping_end' => '19:00',
    'shipping_waiting' => '1',
    'shipping_booking' => '24',
    'zuobiao' => NULL,
  ),
)