<font color="green">[2015-12-02 09:28:27]正在执行echo 'a' >> test.txt[a.crontab:3]</font>
<font color="green">[2015-12-02 09:28:27]正在执行echo 'aca' >> test.txt[a.crontab:4]</font>
<font color="green">[2015-12-02 10:02:23]正在执行echo 'a' >> test.txt[a.crontab:3]</font>
<font color="green">[2015-12-02 10:02:23]正在执行echo 'aca' >> test.txt[a.crontab:4]</font>
<font color="green">[2015-12-02 10:03:00]正在执行echo 'a' >> test.txt[a.crontab:3]</font>
<font color="green">[2015-12-02 10:03:00]正在执行echo 'aca' >> test.txt[a.crontab:4]</font>
<font color="green">[2015-12-02 10:04:00]正在执行echo 'a' >> test.txt[a.crontab:3]</font>
<font color="green">[2015-12-02 10:04:00]正在执行echo 'aca' >> test.txt[a.crontab:4]</font>
<font color="green">[2015-12-02 10:05:00]正在执行echo 'a' >> test.txt[a.crontab:3]</font>
<font color="green">[2015-12-02 10:05:00]正在执行echo 'aca' >> test.txt[a.crontab:4]</font>
<font color="green">[2015-12-02 10:05:52]正在执行echo 'acacd' >> test.txt[a.crontab:3]</font>
<font color="green">[2015-12-02 10:06:00]正在执行echo 'acacd' >> test.txt[a.crontab:3]</font>
<font color="green">[2015-12-02 10:07:00]正在执行echo 'acacd' >> test.txt[a.crontab:3]</font>
<font color="green">[2015-12-02 10:08:00]正在执行echo 'acacd' >> test.txt[a.crontab:3]</font>
<font color="green">[2015-12-02 10:09:00]正在执行echo 'acacd' >> test.txt[a.crontab:3]</font>
<font color="green">[2015-12-02 10:09:39]正在执行echo 'acac3333' >> test.txt[a.crontab:3]</font>
<font color="green">[2015-12-02 10:09:55]正在执行echo 'acac33334444' >> test.txt[a.crontab:3]</font>
<font color="green">[2015-12-02 10:10:00]正在执行echo 'acac33334444' >> test.txt[a.crontab:3]</font>
<font color="green">[2015-12-02 10:11:00]正在执行echo 'acac33334444' >> test.txt[a.crontab:3]</font>
<font color="green">[2015-12-02 10:12:00]正在执行echo 'acac33334444' >> test.txt[a.crontab:3]</font>
<font color="green">[2015-12-02 10:13:00]正在执行echo 'acac33334444' >> test.txt[a.crontab:3]</font>
<font color="green">[2015-12-02 10:14:00]正在执行echo 'acac33334444' >> test.txt[a.crontab:3]</font>
<font color="green">[2015-12-02 10:15:00]正在执行echo 'acac33334444' >> test.txt[a.crontab:3]</font>
<font color="green">[2015-12-02 10:16:00]正在执行echo 'acac33334444' >> test.txt[a.crontab:3]</font>
<font color="green">[2015-12-02 10:17:00]正在执行echo 'acac33334444' >> test.txt[a.crontab:3]</font>
<font color="green">[2015-12-02 10:18:00]正在执行echo 'acac33334444' >> test.txt[a.crontab:3]</font>
<font color="green">[2015-12-02 10:19:00]正在执行echo 'acac33334444' >> test.txt[a.crontab:3]</font>
<font color="green">[2015-12-02 10:20:00]正在执行echo 'acac33334444' >> test.txt[a.crontab:3]</font>
<font color="green">[2015-12-02 10:21:00]正在执行echo 'acac33334444' >> test.txt[a.crontab:3]</font>
<font color="green">[2015-12-02 10:22:00]正在执行echo 'acac33334444' >> test.txt[a.crontab:3]</font>
<font color="green">[2015-12-02 11:02:46]正在执行echo 'acac33334444' a.php[a.crontab:3]</font>
<font color="green">[2015-12-02 11:03:00]正在执行echo 'acac33334444' a.php[a.crontab:3]</font>
<font color="green">[2015-12-02 11:03:24]正在执行a.php[a.crontab:3]</font>
<font color="green">[2015-12-02 11:04:00]正在执行a.php[a.crontab:3]</font>
<font color="green">[2015-12-02 11:05:00]正在执行a.php[a.crontab:3]</font>
<font color="green">[2015-12-02 11:06:00]正在执行a.php[a.crontab:3]</font>
<font color="green">[2015-12-02 11:07:00]正在执行a.php[a.crontab:3]</font>
<font color="green">[2015-12-02 11:08:00]正在执行a.php[a.crontab:3]</font>
<font color="green">[2015-12-02 11:09:00]正在执行a.php[a.crontab:2]</font>
<font color="green">[2015-12-02 11:09:56]正在执行F:\wamp\bin\php\php5.3.10\php a.php[a.crontab:2]</font>
<font color="green">[2015-12-02 11:10:00]正在执行F:\wamp\bin\php\php5.3.10\php a.php[a.crontab:2]</font>
<font color="green">[2015-12-02 11:11:00]正在执行F:\wamp\bin\php\php5.3.10\php a.php[a.crontab:2]</font>
<font color="green">[2015-12-02 11:12:00]正在执行F:\wamp\bin\php\php5.3.10\php a.php[a.crontab:2]</font>
<font color="green">[2015-12-02 11:13:00]正在执行F:\wamp\bin\php\php5.3.10\php a.php[a.crontab:2]</font>
<font color="green">[2015-12-02 11:14:00]正在执行F:\wamp\bin\php\php5.3.10\php a.php[a.crontab:2]</font>
<font color="green">[2015-12-02 11:15:00]正在执行F:\wamp\bin\php\php5.3.10\php a.php[a.crontab:2]</font>
<font color="green">[2015-12-02 11:16:00]正在执行F:\wamp\bin\php\php5.3.10\php a.php[a.crontab:2]</font>
<font color="green">[2015-12-02 11:17:00]正在执行F:\wamp\bin\php\php5.3.10\php a.php[a.crontab:2]</font>
<font color="green">[2015-12-02 16:50:23]正在执行F:\wamp\bin\php\php5.3.10\php a.php[a.crontab:2]</font>
<font color="green">[2015-12-02 16:56:44]正在执行F:\wamp\bin\php\php5.3.10\php a.php[a.crontab:2]</font>
<font color="green">[2015-12-02 17:18:29]正在执行echo 'bbbbb' >> test.txt[a.crontab:2]</font>
<font color="green">[2015-12-02 17:19:00]正在执行echo 'bbbbb' >> test.txt[a.crontab:2]</font>
<font color="green">[2015-12-02 17:21:47]正在执行F:\wamp\bin\php\php5.3.10\php a.php[a.crontab:2]</font>
<font color="green">[2015-12-02 17:22:00]正在执行F:\wamp\bin\php\php5.3.10\php a.php[a.crontab:2]</font>
<font color="green">[2015-12-02 17:23:00]正在执行F:\wamp\bin\php\php5.3.10\php a.php[a.crontab:2]</font>
<font color="green">[2015-12-02 17:24:00]正在执行F:\wamp\bin\php\php5.3.10\php a.php[a.crontab:2]</font>
<font color="green">[2015-12-02 17:25:00]正在执行F:\wamp\bin\php\php5.3.10\php a.php[a.crontab:2]</font>
<font color="green">[2015-12-02 17:26:00]正在执行F:\wamp\bin\php\php5.3.10\php a.php[a.crontab:2]</font>
<font color="green">[2015-12-02 17:26:24]正在执行F:\wamp\bin\php\php5.3.10\php a.php[a.crontab:2]</font>
<font color="green">[2015-12-02 17:26:24]正在执行echo 'aaa' >> test.txt[a.crontab:3]</font>
<font color="green">[2015-12-02 17:27:00]正在执行F:\wamp\bin\php\php5.3.10\php a.php[a.crontab:2]</font>
<font color="green">[2015-12-02 17:27:00]正在执行echo 'aaa' >> test.txt[a.crontab:3]</font>
<font color="green">[2015-12-02 17:28:00]正在执行F:\wamp\bin\php\php5.3.10\php a.php[a.crontab:2]</font>
<font color="green">[2015-12-02 17:28:00]正在执行echo 'aaa' >> test.txt[a.crontab:3]</font>
<font color="green">[2015-12-02 17:29:00]正在执行F:\wamp\bin\php\php5.3.10\php a.php[a.crontab:2]</font>
<font color="green">[2015-12-02 17:29:00]正在执行echo 'aaa' >> test.txt[a.crontab:3]</font>
<font color="green">[2015-12-02 17:30:00]正在执行F:\wamp\bin\php\php5.3.10\php a.php[a.crontab:2]</font>
<font color="green">[2015-12-02 17:30:00]正在执行echo 'aaa' >> test.txt[a.crontab:3]</font>
<font color="green">[2015-12-02 17:31:00]正在执行F:\wamp\bin\php\php5.3.10\php a.php[a.crontab:2]</font>
<font color="green">[2015-12-02 17:31:00]正在执行echo 'aaa' >> test.txt[a.crontab:3]</font>
<font color="green">[2015-12-02 17:32:00]正在执行F:\wamp\bin\php\php5.3.10\php a.php[a.crontab:2]</font>
<font color="green">[2015-12-02 17:32:00]正在执行echo 'aaa' >> test.txt[a.crontab:3]</font>
<font color="green">[2015-12-02 17:33:00]正在执行F:\wamp\bin\php\php5.3.10\php a.php[a.crontab:2]</font>
<font color="green">[2015-12-02 17:33:00]正在执行echo 'aaa' >> test.txt[a.crontab:3]</font>
<font color="green">[2015-12-02 17:34:00]正在执行F:\wamp\bin\php\php5.3.10\php a.php[a.crontab:2]</font>
<font color="green">[2015-12-02 17:34:00]正在执行echo 'aaa' >> test.txt[a.crontab:3]</font>
<font color="green">[2015-12-02 17:35:00]正在执行F:\wamp\bin\php\php5.3.10\php a.php[a.crontab:2]</font>
<font color="green">[2015-12-02 17:35:00]正在执行echo 'aaa' >> test.txt[a.crontab:3]</font>
<font color="green">[2015-12-02 17:36:00]正在执行F:\wamp\bin\php\php5.3.10\php a.php[a.crontab:2]</font>
<font color="green">[2015-12-02 17:36:00]正在执行echo 'aaa' >> test.txt[a.crontab:3]</font>
<font color="green">[2015-12-02 17:37:00]正在执行F:\wamp\bin\php\php5.3.10\php a.php[a.crontab:2]</font>
<font color="green">[2015-12-02 17:37:00]正在执行echo 'aaa' >> test.txt[a.crontab:3]</font>
<font color="green">[2015-12-02 17:38:00]正在执行F:\wamp\bin\php\php5.3.10\php a.php[a.crontab:2]</font>
<font color="green">[2015-12-02 17:38:00]正在执行echo 'aaa' >> test.txt[a.crontab:3]</font>
<font color="green">[2015-12-02 17:39:00]正在执行F:\wamp\bin\php\php5.3.10\php a.php[a.crontab:2]</font>
<font color="green">[2015-12-02 17:39:00]正在执行echo 'aaa' >> test.txt[a.crontab:3]</font>
<font color="green">[2015-12-02 17:40:00]正在执行F:\wamp\bin\php\php5.3.10\php a.php[a.crontab:2]</font>
<font color="green">[2015-12-02 17:40:00]正在执行echo 'aaa' >> test.txt[a.crontab:3]</font>
<font color="green">[2015-12-02 17:41:00]正在执行F:\wamp\bin\php\php5.3.10\php a.php[a.crontab:2]</font>
<font color="green">[2015-12-02 17:41:00]正在执行echo 'aaa' >> test.txt[a.crontab:3]</font>
<font color="green">[2015-12-02 17:42:00]正在执行F:\wamp\bin\php\php5.3.10\php a.php[a.crontab:2]</font>
<font color="green">[2015-12-02 17:42:00]正在执行echo 'aaa' >> test.txt[a.crontab:3]</font>
<font color="green">[2015-12-02 17:43:00]正在执行F:\wamp\bin\php\php5.3.10\php a.php[a.crontab:2]</font>
<font color="green">[2015-12-02 17:43:00]正在执行echo 'aaa' >> test.txt[a.crontab:3]</font>
<font color="green">[2015-12-02 17:44:00]正在执行F:\wamp\bin\php\php5.3.10\php a.php[a.crontab:2]</font>
<font color="green">[2015-12-02 17:44:00]正在执行echo 'aaa' >> test.txt[a.crontab:3]</font>
<font color="green">[2015-12-02 17:45:00]正在执行F:\wamp\bin\php\php5.3.10\php a.php[a.crontab:2]</font>
<font color="green">[2015-12-02 17:45:00]正在执行echo 'aaa' >> test.txt[a.crontab:3]</font>
<font color="green">[2015-12-02 17:46:00]正在执行F:\wamp\bin\php\php5.3.10\php a.php[a.crontab:2]</font>
<font color="green">[2015-12-02 17:46:00]正在执行echo 'aaa' >> test.txt[a.crontab:3]</font>
<font color="green">[2015-12-02 17:47:00]正在执行F:\wamp\bin\php\php5.3.10\php a.php[a.crontab:2]</font>
<font color="green">[2015-12-02 17:47:00]正在执行echo 'aaa' >> test.txt[a.crontab:3]</font>
<font color="green">[2015-12-02 17:48:00]正在执行F:\wamp\bin\php\php5.3.10\php a.php[a.crontab:2]</font>
<font color="green">[2015-12-02 17:48:00]正在执行echo 'aaa' >> test.txt[a.crontab:3]</font>
<font color="green">[2015-12-02 17:49:00]正在执行F:\wamp\bin\php\php5.3.10\php a.php[a.crontab:2]</font>
<font color="green">[2015-12-02 17:49:00]正在执行echo 'aaa' >> test.txt[a.crontab:3]</font>
<font color="green">[2015-12-02 17:50:00]正在执行F:\wamp\bin\php\php5.3.10\php a.php[a.crontab:2]</font>
<font color="green">[2015-12-02 17:50:00]正在执行echo 'aaa' >> test.txt[a.crontab:3]</font>
<font color="green">[2015-12-02 17:51:00]正在执行F:\wamp\bin\php\php5.3.10\php a.php[a.crontab:2]</font>
<font color="green">[2015-12-02 17:51:00]正在执行echo 'aaa' >> test.txt[a.crontab:3]</font>
<font color="green">[2015-12-02 17:52:00]正在执行F:\wamp\bin\php\php5.3.10\php a.php[a.crontab:2]</font>
<font color="green">[2015-12-02 17:52:00]正在执行echo 'aaa' >> test.txt[a.crontab:3]</font>
<font color="green">[2015-12-02 17:53:00]正在执行F:\wamp\bin\php\php5.3.10\php a.php[a.crontab:2]</font>
<font color="green">[2015-12-02 17:53:00]正在执行echo 'aaa' >> test.txt[a.crontab:3]</font>
<font color="green">[2015-12-02 17:54:00]正在执行F:\wamp\bin\php\php5.3.10\php a.php[a.crontab:2]</font>
<font color="green">[2015-12-02 17:54:00]正在执行echo 'aaa' >> test.txt[a.crontab:3]</font>
<font color="green">[2015-12-02 17:55:00]正在执行F:\wamp\bin\php\php5.3.10\php a.php[a.crontab:2]</font>
<font color="green">[2015-12-02 17:55:00]正在执行echo 'aaa' >> test.txt[a.crontab:3]</font>
<font color="green">[2015-12-02 17:56:00]正在执行F:\wamp\bin\php\php5.3.10\php a.php[a.crontab:2]</font>
<font color="green">[2015-12-02 17:56:00]正在执行echo 'aaa' >> test.txt[a.crontab:3]</font>
<font color="green">[2015-12-02 17:57:00]正在执行F:\wamp\bin\php\php5.3.10\php a.php[a.crontab:2]</font>
<font color="green">[2015-12-02 17:57:00]正在执行echo 'aaa' >> test.txt[a.crontab:3]</font>
<font color="green">[2015-12-02 17:58:00]正在执行F:\wamp\bin\php\php5.3.10\php a.php[a.crontab:2]</font>
<font color="green">[2015-12-02 17:58:00]正在执行echo 'aaa' >> test.txt[a.crontab:3]</font>
<font color="green">[2015-12-02 17:59:00]正在执行F:\wamp\bin\php\php5.3.10\php a.php[a.crontab:2]</font>
<font color="green">[2015-12-02 17:59:00]正在执行echo 'aaa' >> test.txt[a.crontab:3]</font>
<font color="green">[2015-12-02 18:00:00]正在执行F:\wamp\bin\php\php5.3.10\php a.php[a.crontab:2]</font>
<font color="green">[2015-12-02 18:00:00]正在执行echo 'aaa' >> test.txt[a.crontab:3]</font>
<font color="green">[2015-12-02 18:01:00]正在执行F:\wamp\bin\php\php5.3.10\php a.php[a.crontab:2]</font>
<font color="green">[2015-12-02 18:01:00]正在执行echo 'aaa' >> test.txt[a.crontab:3]</font>
<font color="green">[2015-12-02 18:02:00]正在执行F:\wamp\bin\php\php5.3.10\php a.php[a.crontab:2]</font>
<font color="green">[2015-12-02 18:02:00]正在执行echo 'aaa' >> test.txt[a.crontab:3]</font>
<font color="green">[2015-12-02 18:03:00]正在执行F:\wamp\bin\php\php5.3.10\php a.php[a.crontab:2]</font>
<font color="green">[2015-12-02 18:03:00]正在执行echo 'aaa' >> test.txt[a.crontab:3]</font>
<font color="green">[2015-12-02 18:04:00]正在执行F:\wamp\bin\php\php5.3.10\php a.php[a.crontab:2]</font>
<font color="green">[2015-12-02 18:04:00]正在执行echo 'aaa' >> test.txt[a.crontab:3]</font>
<font color="green">[2015-12-02 18:05:00]正在执行F:\wamp\bin\php\php5.3.10\php a.php[a.crontab:2]</font>
<font color="green">[2015-12-02 18:05:00]正在执行echo 'aaa' >> test.txt[a.crontab:3]</font>
