<font color="green">[2015-12-03 09:22:56]正在执行F:\wamp\bin\php\php5.3.10\php a.php[a.crontab:2]</font>
<font color="green">[2015-12-03 09:22:56]正在执行echo 'aaa' >> test.txt[a.crontab:3]</font>
<font color="green">[2015-12-03 09:23:00]正在执行F:\wamp\bin\php\php5.3.10\php a.php[a.crontab:2]</font>
<font color="green">[2015-12-03 09:23:00]正在执行echo 'aaa' >> test.txt[a.crontab:3]</font>
[2015-12-03 09:32:27]<font color="green">b.crontab定时任务已启动</font>[F:\wamp\www\myweb\crontab000000\Applications\Crontab\Modules\start_task.php:41]
<font color="green">[2015-12-03 09:33:30]正在执行F:\wamp\bin\php\php5.3.10\php a.php[a.crontab:2]</font>
<font color="green">[2015-12-03 09:33:30]正在执行echo 'aaa' >> test.txt[a.crontab:3]</font>
<font color="green">[2015-12-03 09:33:30]正在执行echo 'aaa' >> test.txt[b.crontab:2]</font>
<font color="green">[2015-12-03 09:35:29]正在执行F:\wamp\bin\php\php5.3.10\php a.php[a.crontab:2]</font>
<font color="green">[2015-12-03 09:35:30]正在执行echo 'aaa' >> test.txt[a.crontab:3]</font>
<font color="green">[2015-12-03 09:35:30]正在执行echo 'aaa' >> test.txt[b.crontab:2]</font>
<font color="green">[2015-12-03 09:36:00]正在执行F:\wamp\bin\php\php5.3.10\php a.php[a.crontab:2]</font>
<font color="green">[2015-12-03 09:36:00]正在执行echo 'aaa' >> test.txt[a.crontab:3]</font>
<font color="green">[2015-12-03 09:36:00]正在执行echo 'aaa' >> test.txt[b.crontab:2]</font>
<font color="green">[2015-12-03 09:36:59]正在执行echo 'bbbbb' >> test.txt[b.crontab:2]</font>
<font color="green">[2015-12-03 09:37:00]正在执行F:\wamp\bin\php\php5.3.10\php a.php[a.crontab:2]</font>
<font color="green">[2015-12-03 09:37:00]正在执行echo 'aaa' >> test.txt[a.crontab:3]</font>
<font color="green">[2015-12-03 09:37:00]正在执行echo 'bbbbb' >> test.txt[b.crontab:2]</font>
<font color="green">[2015-12-03 09:38:00]正在执行F:\wamp\bin\php\php5.3.10\php a.php[a.crontab:2]</font>
<font color="green">[2015-12-03 09:38:00]正在执行echo 'aaa' >> test.txt[a.crontab:3]</font>
<font color="green">[2015-12-03 09:38:00]正在执行echo 'bbbbb' >> test.txt[b.crontab:2]</font>
<font color="green">[2015-12-03 09:39:00]正在执行F:\wamp\bin\php\php5.3.10\php a.php[a.crontab:2]</font>
<font color="green">[2015-12-03 09:39:00]正在执行echo 'aaa' >> test.txt[a.crontab:3]</font>
<font color="green">[2015-12-03 09:39:00]正在执行echo 'bbbbb' >> test.txt[b.crontab:2]</font>
<font color="green">[2015-12-03 09:40:00]正在执行F:\wamp\bin\php\php5.3.10\php a.php[a.crontab:2]</font>
<font color="green">[2015-12-03 09:40:00]正在执行echo 'aaa' >> test.txt[a.crontab:3]</font>
<font color="green">[2015-12-03 09:40:00]正在执行echo 'bbbbb' >> test.txt[b.crontab:2]</font>
<font color="green">[2015-12-03 09:41:00]正在执行F:\wamp\bin\php\php5.3.10\php a.php[a.crontab:2]</font>
<font color="green">[2015-12-03 09:41:00]正在执行echo 'aaa' >> test.txt[a.crontab:3]</font>
<font color="green">[2015-12-03 09:41:00]正在执行echo 'bbbbb' >> test.txt[b.crontab:2]</font>
<font color="green">[2015-12-03 09:42:00]正在执行F:\wamp\bin\php\php5.3.10\php a.php[a.crontab:2]</font>
<font color="green">[2015-12-03 09:42:00]正在执行echo 'aaa' >> test.txt[a.crontab:3]</font>
<font color="green">[2015-12-03 09:42:00]正在执行echo 'bbbbb' >> test.txt[b.crontab:2]</font>
<font color="green">[2015-12-03 09:43:00]正在执行F:\wamp\bin\php\php5.3.10\php a.php[a.crontab:2]</font>
<font color="green">[2015-12-03 09:43:00]正在执行echo 'aaa' >> test.txt[a.crontab:3]</font>
<font color="green">[2015-12-03 09:43:00]正在执行echo 'bbbbb' >> test.txt[b.crontab:2]</font>
<font color="green">[2015-12-03 09:44:00]正在执行F:\wamp\bin\php\php5.3.10\php a.php[a.crontab:2]</font>
<font color="green">[2015-12-03 09:44:00]正在执行echo 'aaa' >> test.txt[a.crontab:3]</font>
<font color="green">[2015-12-03 09:44:00]正在执行echo 'bbbbb' >> test.txt[b.crontab:2]</font>
<font color="green">[2015-12-03 09:45:00]正在执行F:\wamp\bin\php\php5.3.10\php a.php[a.crontab:2]</font>
<font color="green">[2015-12-03 09:45:00]正在执行echo 'aaa' >> test.txt[a.crontab:3]</font>
<font color="green">[2015-12-03 09:45:01]正在执行echo 'bbbbb' >> test.txt[b.crontab:2]</font>
<font color="green">[2015-12-03 09:46:00]正在执行F:\wamp\bin\php\php5.3.10\php a.php[a.crontab:2]</font>
<font color="green">[2015-12-03 09:46:00]正在执行echo 'aaa' >> test.txt[a.crontab:3]</font>
<font color="green">[2015-12-03 09:46:00]正在执行echo 'bbbbb' >> test.txt[b.crontab:2]</font>
<font color="green">[2015-12-03 09:47:00]正在执行F:\wamp\bin\php\php5.3.10\php a.php[a.crontab:2]</font>
<font color="green">[2015-12-03 09:47:00]正在执行echo 'aaa' >> test.txt[a.crontab:3]</font>
<font color="green">[2015-12-03 09:47:00]正在执行echo 'bbbbb' >> test.txt[b.crontab:2]</font>
<font color="green">[2015-12-03 09:48:00]正在执行F:\wamp\bin\php\php5.3.10\php a.php[a.crontab:2]</font>
<font color="green">[2015-12-03 09:48:00]正在执行echo 'aaa' >> test.txt[a.crontab:3]</font>
<font color="green">[2015-12-03 09:48:00]正在执行echo 'bbbbb' >> test.txt[b.crontab:2]</font>
<font color="green">[2015-12-03 09:49:00]正在执行F:\wamp\bin\php\php5.3.10\php a.php[a.crontab:2]</font>
<font color="green">[2015-12-03 09:49:00]正在执行echo 'aaa' >> test.txt[a.crontab:3]</font>
<font color="green">[2015-12-03 09:49:00]正在执行echo 'bbbbb' >> test.txt[b.crontab:2]</font>
<font color="green">[2015-12-03 09:50:00]正在执行F:\wamp\bin\php\php5.3.10\php a.php[a.crontab:2]</font>
<font color="green">[2015-12-03 09:50:00]正在执行echo 'aaa' >> test.txt[a.crontab:3]</font>
<font color="green">[2015-12-03 09:50:00]正在执行echo 'bbbbb' >> test.txt[b.crontab:2]</font>
<font color="green">[2015-12-03 09:51:00]正在执行F:\wamp\bin\php\php5.3.10\php a.php[a.crontab:2]</font>
<font color="green">[2015-12-03 09:51:00]正在执行echo 'aaa' >> test.txt[a.crontab:3]</font>
<font color="green">[2015-12-03 09:51:00]正在执行echo 'bbbbb' >> test.txt[b.crontab:2]</font>
<font color="green">[2015-12-03 09:52:00]正在执行F:\wamp\bin\php\php5.3.10\php a.php[a.crontab:2]</font>
<font color="green">[2015-12-03 09:52:00]正在执行echo 'aaa' >> test.txt[a.crontab:3]</font>
<font color="green">[2015-12-03 09:52:00]正在执行echo 'bbbbb' >> test.txt[b.crontab:2]</font>
<font color="green">[2015-12-03 09:53:00]正在执行F:\wamp\bin\php\php5.3.10\php a.php[a.crontab:2]</font>
<font color="green">[2015-12-03 09:53:01]正在执行echo 'aaa' >> test.txt[a.crontab:3]</font>
<font color="green">[2015-12-03 09:53:01]正在执行echo 'bbbbb' >> test.txt[b.crontab:2]</font>
<font color="green">[2015-12-03 09:54:00]正在执行F:\wamp\bin\php\php5.3.10\php a.php[a.crontab:2]</font>
<font color="green">[2015-12-03 09:54:00]正在执行echo 'aaa' >> test.txt[a.crontab:3]</font>
<font color="green">[2015-12-03 09:54:00]正在执行echo 'bbbbb' >> test.txt[b.crontab:2]</font>
<font color="green">[2015-12-03 09:55:00]正在执行F:\wamp\bin\php\php5.3.10\php a.php[a.crontab:2]</font>
<font color="green">[2015-12-03 09:55:00]正在执行echo 'aaa' >> test.txt[a.crontab:3]</font>
<font color="green">[2015-12-03 09:55:00]正在执行echo 'bbbbb' >> test.txt[b.crontab:2]</font>
<font color="green">[2015-12-03 09:56:00]正在执行F:\wamp\bin\php\php5.3.10\php a.php[a.crontab:2]</font>
<font color="green">[2015-12-03 09:56:00]正在执行echo 'aaa' >> test.txt[a.crontab:3]</font>
<font color="green">[2015-12-03 09:56:00]正在执行echo 'bbbbb' >> test.txt[b.crontab:2]</font>
<font color="green">[2015-12-03 09:57:00]正在执行F:\wamp\bin\php\php5.3.10\php a.php[a.crontab:2]</font>
<font color="green">[2015-12-03 09:57:00]正在执行echo 'aaa' >> test.txt[a.crontab:3]</font>
<font color="green">[2015-12-03 09:57:00]正在执行echo 'bbbbb' >> test.txt[b.crontab:2]</font>
<font color="green">[2015-12-03 09:58:00]正在执行F:\wamp\bin\php\php5.3.10\php a.php[a.crontab:2]</font>
<font color="green">[2015-12-03 09:58:00]正在执行echo 'aaa' >> test.txt[a.crontab:3]</font>
<font color="green">[2015-12-03 09:58:00]正在执行echo 'bbbbb' >> test.txt[b.crontab:2]</font>
<font color="green">[2015-12-03 09:59:00]正在执行F:\wamp\bin\php\php5.3.10\php a.php[a.crontab:2]</font>
<font color="green">[2015-12-03 09:59:00]正在执行echo 'aaa' >> test.txt[a.crontab:3]</font>
<font color="green">[2015-12-03 09:59:00]正在执行echo 'bbbbb' >> test.txt[b.crontab:2]</font>
<font color="green">[2015-12-03 10:00:00]正在执行F:\wamp\bin\php\php5.3.10\php a.php[a.crontab:2]</font>
<font color="green">[2015-12-03 10:00:00]正在执行echo 'aaa' >> test.txt[a.crontab:3]</font>
<font color="green">[2015-12-03 10:00:00]正在执行echo 'bbbbb' >> test.txt[b.crontab:2]</font>
<font color="green">[2015-12-03 10:01:00]正在执行F:\wamp\bin\php\php5.3.10\php a.php[a.crontab:2]</font>
<font color="green">[2015-12-03 10:01:00]正在执行echo 'aaa' >> test.txt[a.crontab:3]</font>
<font color="green">[2015-12-03 10:01:01]正在执行echo 'bbbbb' >> test.txt[b.crontab:2]</font>
<font color="green">[2015-12-03 10:02:00]正在执行F:\wamp\bin\php\php5.3.10\php a.php[a.crontab:2]</font>
<font color="green">[2015-12-03 10:02:00]正在执行echo 'aaa' >> test.txt[a.crontab:3]</font>
<font color="green">[2015-12-03 10:02:00]正在执行echo 'bbbbb' >> test.txt[b.crontab:2]</font>
<font color="green">[2015-12-03 10:03:00]正在执行F:\wamp\bin\php\php5.3.10\php a.php[a.crontab:2]</font>
<font color="green">[2015-12-03 10:03:00]正在执行echo 'aaa' >> test.txt[a.crontab:3]</font>
<font color="green">[2015-12-03 10:03:00]正在执行echo 'bbbbb' >> test.txt[b.crontab:2]</font>
<font color="green">[2015-12-03 10:04:00]正在执行F:\wamp\bin\php\php5.3.10\php a.php[a.crontab:2]</font>
<font color="green">[2015-12-03 10:04:00]正在执行echo 'aaa' >> test.txt[a.crontab:3]</font>
<font color="green">[2015-12-03 10:04:00]正在执行echo 'bbbbb' >> test.txt[b.crontab:2]</font>
<font color="green">[2015-12-03 10:05:00]正在执行F:\wamp\bin\php\php5.3.10\php a.php[a.crontab:2]</font>
<font color="green">[2015-12-03 10:05:00]正在执行echo 'aaa' >> test.txt[a.crontab:3]</font>
<font color="green">[2015-12-03 10:05:00]正在执行echo 'bbbbb' >> test.txt[b.crontab:2]</font>
<font color="green">[2015-12-03 10:06:00]正在执行F:\wamp\bin\php\php5.3.10\php a.php[a.crontab:2]</font>
<font color="green">[2015-12-03 10:06:00]正在执行echo 'aaa' >> test.txt[a.crontab:3]</font>
<font color="green">[2015-12-03 10:06:00]正在执行echo 'bbbbb' >> test.txt[b.crontab:2]</font>
<font color="green">[2015-12-03 10:07:00]正在执行F:\wamp\bin\php\php5.3.10\php a.php[a.crontab:2]</font>
<font color="green">[2015-12-03 10:07:00]正在执行echo 'aaa' >> test.txt[a.crontab:3]</font>
<font color="green">[2015-12-03 10:07:00]正在执行echo 'bbbbb' >> test.txt[b.crontab:2]</font>
<font color="green">[2015-12-03 10:12:05]正在执行F:\wamp\bin\php\php5.3.10\php a.php[a.crontab:2]</font>
<font color="green">[2015-12-03 10:12:06]正在执行echo 'aaa' >> test.txt[a.crontab:3]</font>
<font color="green">[2015-12-03 10:12:06]正在执行echo 'bbbbb' >> test.txt[b.crontab:2]</font>
<font color="green">[2015-12-03 10:13:00]正在执行F:\wamp\bin\php\php5.3.10\php a.php[a.crontab:2]</font>
<font color="green">[2015-12-03 10:13:00]正在执行echo 'aaa' >> test.txt[a.crontab:3]</font>
<font color="green">[2015-12-03 10:13:01]正在执行echo 'bbbbb' >> test.txt[b.crontab:2]</font>
<font color="green">[2015-12-03 10:14:00]正在执行F:\wamp\bin\php\php5.3.10\php a.php[a.crontab:2]</font>
<font color="green">[2015-12-03 10:14:00]正在执行echo 'aaa' >> test.txt[a.crontab:3]</font>
<font color="green">[2015-12-03 10:14:00]正在执行echo 'bbbbb' >> test.txt[b.crontab:2]</font>
<font color="green">[2015-12-03 10:15:00]正在执行F:\wamp\bin\php\php5.3.10\php a.php[a.crontab:2]</font>
<font color="green">[2015-12-03 10:15:00]正在执行echo 'aaa' >> test.txt[a.crontab:3]</font>
<font color="green">[2015-12-03 10:15:00]正在执行echo 'bbbbb' >> test.txt[b.crontab:2]</font>
<font color="green">[2015-12-03 10:16:00]正在执行F:\wamp\bin\php\php5.3.10\php a.php[a.crontab:2]</font>
<font color="green">[2015-12-03 10:16:00]正在执行echo 'aaa' >> test.txt[a.crontab:3]</font>
<font color="green">[2015-12-03 10:16:06]正在执行echo 'bbbbb' >> test.txt[b.crontab:2]</font>
<font color="green">[2015-12-03 10:17:00]正在执行F:\wamp\bin\php\php5.3.10\php a.php[a.crontab:2]</font>
<font color="green">[2015-12-03 10:17:00]正在执行echo 'aaa' >> test.txt[a.crontab:3]</font>
<font color="green">[2015-12-03 10:17:00]正在执行echo 'bbbbb' >> test.txt[b.crontab:2]</font>
<font color="green">[2015-12-03 10:18:00]正在执行F:\wamp\bin\php\php5.3.10\php a.php[a.crontab:2]</font>
<font color="green">[2015-12-03 10:18:00]正在执行echo 'aaa' >> test.txt[a.crontab:3]</font>
<font color="green">[2015-12-03 10:18:00]正在执行echo 'bbbbb' >> test.txt[b.crontab:2]</font>
<font color="green">[2015-12-03 10:19:00]正在执行F:\wamp\bin\php\php5.3.10\php a.php[a.crontab:2]</font>
<font color="green">[2015-12-03 10:19:00]正在执行echo 'aaa' >> test.txt[a.crontab:3]</font>
<font color="green">[2015-12-03 10:19:00]正在执行echo 'bbbbb' >> test.txt[b.crontab:2]</font>
<font color="green">[2015-12-03 10:20:00]正在执行F:\wamp\bin\php\php5.3.10\php a.php[a.crontab:2]</font>
<font color="green">[2015-12-03 10:20:00]正在执行echo 'aaa' >> test.txt[a.crontab:3]</font>
<font color="green">[2015-12-03 10:20:00]正在执行echo 'bbbbb' >> test.txt[b.crontab:2]</font>
<font color="green">[2015-12-03 10:21:00]正在执行F:\wamp\bin\php\php5.3.10\php a.php[a.crontab:2]</font>
<font color="green">[2015-12-03 10:21:00]正在执行echo 'aaa' >> test.txt[a.crontab:3]</font>
<font color="green">[2015-12-03 10:21:01]正在执行echo 'bbbbb' >> test.txt[b.crontab:2]</font>
<font color="green">[2015-12-03 10:22:00]正在执行F:\wamp\bin\php\php5.3.10\php a.php[a.crontab:2]</font>
<font color="green">[2015-12-03 10:22:00]正在执行echo 'aaa' >> test.txt[a.crontab:3]</font>
<font color="green">[2015-12-03 10:22:00]正在执行echo 'bbbbb' >> test.txt[b.crontab:2]</font>
<font color="green">[2015-12-03 10:23:00]正在执行F:\wamp\bin\php\php5.3.10\php a.php[a.crontab:2]</font>
<font color="green">[2015-12-03 10:23:00]正在执行echo 'aaa' >> test.txt[a.crontab:3]</font>
<font color="green">[2015-12-03 10:23:00]正在执行echo 'bbbbb' >> test.txt[b.crontab:2]</font>
<font color="green">[2015-12-03 10:24:00]正在执行F:\wamp\bin\php\php5.3.10\php a.php[a.crontab:2]</font>
<font color="green">[2015-12-03 10:24:00]正在执行echo 'aaa' >> test.txt[a.crontab:3]</font>
<font color="green">[2015-12-03 10:24:00]正在执行echo 'bbbbb' >> test.txt[b.crontab:2]</font>
<font color="green">[2015-12-03 10:24:53]正在执行F:\wamp\bin\php\php5.3.10\php a.php[a.crontab:2]</font>
<font color="green">[2015-12-03 10:24:53]正在执行echo 'aaa' >> test.txt[a.crontab:3]</font>
<font color="green">[2015-12-03 10:25:00]正在执行F:\wamp\bin\php\php5.3.10\php a.php[a.crontab:2]</font>
<font color="green">[2015-12-03 10:25:00]正在执行echo 'aaa' >> test.txt[a.crontab:3]</font>
<font color="green">[2015-12-03 10:25:07]正在执行echo 'bbbbb' >> test.txt[b.crontab:2]</font>
<font color="green">[2015-12-03 10:33:41]正在执行F:\wamp\bin\php\php5.3.10\php a.php[a.crontab:2]</font>
<font color="green">[2015-12-03 10:33:41]正在执行echo 'aaa' >> test.txt[a.crontab:3]</font>
<font color="green">[2015-12-03 10:34:09]正在执行F:\wamp\bin\php\php5.3.10\php a.php[a.crontab:2]</font>
<font color="green">[2015-12-03 10:34:09]正在执行echo 'aaa' >> test.txt[a.crontab:3]</font>
<font color="green">[2015-12-03 10:46:08]正在执行F:\wamp\bin\php\php5.3.10\php a.php[a.crontab:2]</font>
<font color="green">[2015-12-03 10:46:08]正在执行echo 'aaa' >> test.txt[a.crontab:3]</font>
<font color="green">[2015-12-03 11:18:00]正在执行F:\wamp\bin\php\php5.3.10\php a.php[a.crontab:2]</font>
<font color="green">[2015-12-03 11:18:00]正在执行echo 'aaa' >> test.txt[a.crontab:3]</font>
<font color="green">[2015-12-03 11:18:00]正在执行echo 'bbbbb' >> test.txt[b.crontab:2]</font>
<font color="green">[2015-12-03 11:19:25]正在执行F:\wamp\bin\php\php5.3.10\php Crontab/komovie/index.php[komovie.crontab:2]</font>
<font color="green">[2015-12-03 11:20:00]正在执行F:\wamp\bin\php\php5.3.10\php Crontab/komovie/index.php[komovie.crontab:2]</font>
<font color="green">[2015-12-03 11:20:14]正在执行F:\wamp\bin\php\php5.3.10\php Crontab/komovie/index.php[komovie.crontab:2]</font>
<font color="green">[2015-12-03 11:33:55]正在执行F:\wamp\bin\php\php5.3.10\php Crontab/komovie/index.php[komovie.crontab:2]</font>
<font color="green">[2015-12-03 11:34:00]正在执行F:\wamp\bin\php\php5.3.10\php Crontab/komovie/index.php[komovie.crontab:2]</font>
<font color="green">[2015-12-03 11:35:00]正在执行F:\wamp\bin\php\php5.3.10\php Crontab/komovie/index.php[komovie.crontab:2]</font>
<font color="green">[2015-12-03 11:46:27]正在执行F:\wamp\bin\php\php5.3.10\php Crontab/komovie/index.php[komovie.crontab:2]</font>
<font color="green">[2015-12-03 11:47:00]正在执行F:\wamp\bin\php\php5.3.10\php Crontab/komovie/index.php[komovie.crontab:2]</font>
<font color="green">[2015-12-03 11:48:00]正在执行F:\wamp\bin\php\php5.3.10\php Crontab/komovie/index.php[komovie.crontab:2]</font>
<font color="green">[2015-12-03 11:49:00]正在执行F:\wamp\bin\php\php5.3.10\php Crontab/komovie/index.php[komovie.crontab:2]</font>
<font color="green">[2015-12-03 11:50:00]正在执行F:\wamp\bin\php\php5.3.10\php Crontab/komovie/index.php[komovie.crontab:2]</font>
<font color="green">[2015-12-03 11:51:00]正在执行F:\wamp\bin\php\php5.3.10\php Crontab/komovie/index.php[komovie.crontab:2]</font>
<font color="green">[2015-12-03 11:52:00]正在执行F:\wamp\bin\php\php5.3.10\php Crontab/komovie/index.php[komovie.crontab:2]</font>
<font color="green">[2015-12-03 11:53:00]正在执行F:\wamp\bin\php\php5.3.10\php Crontab/komovie/index.php[komovie.crontab:2]</font>
<font color="green">[2015-12-03 11:54:00]正在执行F:\wamp\bin\php\php5.3.10\php Crontab/komovie/index.php[komovie.crontab:2]</font>
<font color="green">[2015-12-03 11:55:00]正在执行F:\wamp\bin\php\php5.3.10\php Crontab/komovie/index.php[komovie.crontab:2]</font>
<font color="green">[2015-12-03 11:56:00]正在执行F:\wamp\bin\php\php5.3.10\php Crontab/komovie/index.php[komovie.crontab:2]</font>
<font color="green">[2015-12-03 11:57:00]正在执行F:\wamp\bin\php\php5.3.10\php Crontab/komovie/index.php[komovie.crontab:2]</font>
<font color="green">[2015-12-03 12:07:56]正在执行F:\wamp\bin\php\php5.3.10\php Crontab/komovie/index.php[komovie.crontab:2]</font>
<font color="green">[2015-12-03 12:08:00]正在执行F:\wamp\bin\php\php5.3.10\php Crontab/komovie/index.php[komovie.crontab:2]</font>
<font color="green">[2015-12-03 12:09:00]正在执行F:\wamp\bin\php\php5.3.10\php Crontab/komovie/index.php[komovie.crontab:2]</font>
<font color="green">[2015-12-03 12:10:00]正在执行F:\wamp\bin\php\php5.3.10\php Crontab/komovie/index.php[komovie.crontab:2]</font>
<font color="green">[2015-12-03 12:11:00]正在执行F:\wamp\bin\php\php5.3.10\php Crontab/komovie/index.php[komovie.crontab:2]</font>
<font color="green">[2015-12-03 12:12:00]正在执行F:\wamp\bin\php\php5.3.10\php Crontab/komovie/index.php[komovie.crontab:2]</font>
<font color="green">[2015-12-03 12:13:00]正在执行F:\wamp\bin\php\php5.3.10\php Crontab/komovie/index.php[komovie.crontab:2]</font>
<font color="green">[2015-12-03 12:14:12]正在执行F:\wamp\bin\php\php5.3.10\php Crontab/komovie/index.php[komovie.crontab:2]</font>
<font color="green">[2015-12-03 12:15:00]正在执行F:\wamp\bin\php\php5.3.10\php Crontab/komovie/index.php[komovie.crontab:2]</font>
<font color="green">[2015-12-03 12:16:00]正在执行F:\wamp\bin\php\php5.3.10\php Crontab/komovie/index.php[komovie.crontab:2]</font>
<font color="green">[2015-12-03 12:17:13]正在执行F:\wamp\bin\php\php5.3.10\php Crontab/komovie/index.php[komovie.crontab:2]</font>
<font color="green">[2015-12-03 13:55:00]正在执行F:\wamp\bin\php\php5.3.10\php Crontab/komovie/index.php[komovie.crontab:2]</font>
<font color="green">[2015-12-03 14:55:00]正在执行F:\wamp\bin\php\php5.3.10\php Crontab/komovie/index.php[komovie.crontab:2]</font>
