array (
  0 => '2016',
  1 => '08',
  2 => '03',
)array (
  'status' => '0',
  'msg' => 'IP不在白名单内，请联系自我游',
  'prices' => 
  array (
    'price' => 
    array (
      0 => NULL,
    ),
  ),
)array (
  0 => '2016',
  1 => '08',
  2 => '03',
)array (
  'status' => '0',
  'msg' => 'IP不在白名单内，请联系自我游',
  'prices' => 
  array (
    'price' => 
    array (
      0 => NULL,
    ),
  ),
)array (
  0 => '2016',
  1 => '08',
  2 => '03',
)array (
  'status' => '0',
  'msg' => 'IP不在白名单内，请联系自我游',
  'prices' => 
  array (
    'price' => 
    array (
      0 => NULL,
    ),
  ),
)array (
  0 => '2016',
  1 => '08',
  2 => '03',
)array (
  'status' => '0',
  'msg' => 'IP不在白名单内，请联系自我游',
  'prices' => 
  array (
    'price' => 
    array (
      0 => NULL,
    ),
  ),
)array (
  0 => '2016',
  1 => '08',
  2 => '03',
)array (
  'status' => '0',
  'msg' => 'IP不在白名单内，请联系自我游',
  'prices' => 
  array (
    'price' => 
    array (
      0 => NULL,
    ),
  ),
)