array (
)array (
)array (
)array (
)array (
)array (
)array (
)array (
)array (
)array (
)array (
)array (
)array (
)array (
)array (
)array (
  0 => '24407',
  1 => '24409',
  2 => '24414',
  3 => 'S_1759877',
)array (
  0 => '17546',
  1 => '17548',
  2 => '17553',
  3 => 'S_1257374',
)array (
  0 => '17546',
  1 => '17548',
  2 => '17553',
  3 => 'S_1257374',
)array (
  0 => '17546',
  1 => '17548',
  2 => '17553',
  3 => 'S_1257374',
)array (
  0 => '17546',
  1 => '17548',
  2 => '17553',
  3 => 'S_1257374',
)array (
  0 => 'S_1823619',
  1 => '24823',
  2 => '24825',
  3 => '24830',
)array (
  0 => 'S_1823619',
  1 => '24823',
  2 => '24825',
  3 => '24830',
)array (
  0 => 'S_1263742',
  1 => '17834',
  2 => '17836',
  3 => '17841',
)array (
  0 => 'S_1263742',
  1 => '17834',
  2 => '17836',
  3 => '17841',
)array (
  0 => 'S_1263742',
  1 => '17834',
  2 => '17836',
  3 => '17841',
)array (
  0 => 'S_1263742',
  1 => '17834',
  2 => '17836',
  3 => '17841',
)array (
  0 => 'S_1227772',
  1 => '16494',
  2 => '16496',
  3 => '16502',
)array (
  0 => 'S_1227772',
  1 => '16494',
  2 => '16496',
  3 => '16502',
)array (
  0 => 'S_1227772',
  1 => '16494',
  2 => '16496',
  3 => '16502',
)array (
  0 => 'S_1227772',
  1 => '16494',
  2 => '16496',
  3 => '16502',
)